Determining if the pthread_create exist failed with the following output:
Change Dir: /xavier_ssd/TrekBot/TrekBot2_WS/build/tf2_py/CMakeFiles/CMakeTmp

Run Build Command:"/usr/bin/make" "cmTC_98e63/fast"
/usr/bin/make -f CMakeFiles/cmTC_98e63.dir/build.make CMakeFiles/cmTC_98e63.dir/build
make[1]: Entering directory '/xavier_ssd/TrekBot/TrekBot2_WS/build/tf2_py/CMakeFiles/CMakeTmp'
Building C object CMakeFiles/cmTC_98e63.dir/CheckSymbolExists.c.o
/usr/bin/cc    -o CMakeFiles/cmTC_98e63.dir/CheckSymbolExists.c.o   -c /xavier_ssd/TrekBot/TrekBot2_WS/build/tf2_py/CMakeFiles/CMakeTmp/CheckSymbolExists.c
Linking C executable cmTC_98e63
/usr/bin/cmake -E cmake_link_script CMakeFiles/cmTC_98e63.dir/link.txt --verbose=1
/usr/bin/cc      -rdynamic CMakeFiles/cmTC_98e63.dir/CheckSymbolExists.c.o  -o cmTC_98e63 
CMakeFiles/cmTC_98e63.dir/CheckSymbolExists.c.o: In function `main':
CheckSymbolExists.c:(.text+0x14): undefined reference to `pthread_create'
CheckSymbolExists.c:(.text+0x18): undefined reference to `pthread_create'
collect2: error: ld returned 1 exit status
CMakeFiles/cmTC_98e63.dir/build.make:97: recipe for target 'cmTC_98e63' failed
make[1]: *** [cmTC_98e63] Error 1
make[1]: Leaving directory '/xavier_ssd/TrekBot/TrekBot2_WS/build/tf2_py/CMakeFiles/CMakeTmp'
Makefile:126: recipe for target 'cmTC_98e63/fast' failed
make: *** [cmTC_98e63/fast] Error 2

File /xavier_ssd/TrekBot/TrekBot2_WS/build/tf2_py/CMakeFiles/CMakeTmp/CheckSymbolExists.c:
/* */
#include <pthread.h>

int main(int argc, char** argv)
{
  (void)argv;
#ifndef pthread_create
  return ((int*)(&pthread_create))[argc];
#else
  (void)argc;
  return 0;
#endif
}

Determining if the function pthread_create exists in the pthreads failed with the following output:
Change Dir: /xavier_ssd/TrekBot/TrekBot2_WS/build/tf2_py/CMakeFiles/CMakeTmp

Run Build Command:"/usr/bin/make" "cmTC_9f84e/fast"
/usr/bin/make -f CMakeFiles/cmTC_9f84e.dir/build.make CMakeFiles/cmTC_9f84e.dir/build
make[1]: Entering directory '/xavier_ssd/TrekBot/TrekBot2_WS/build/tf2_py/CMakeFiles/CMakeTmp'
Building C object CMakeFiles/cmTC_9f84e.dir/CheckFunctionExists.c.o
/usr/bin/cc   -DCHECK_FUNCTION_EXISTS=pthread_create   -o CMakeFiles/cmTC_9f84e.dir/CheckFunctionExists.c.o   -c /usr/share/cmake-3.10/Modules/CheckFunctionExists.c
Linking C executable cmTC_9f84e
/usr/bin/cmake -E cmake_link_script CMakeFiles/cmTC_9f84e.dir/link.txt --verbose=1
/usr/bin/cc  -DCHECK_FUNCTION_EXISTS=pthread_create    -rdynamic CMakeFiles/cmTC_9f84e.dir/CheckFunctionExists.c.o  -o cmTC_9f84e -lpthreads 
/usr/bin/ld: cannot find -lpthreads
collect2: error: ld returned 1 exit status
CMakeFiles/cmTC_9f84e.dir/build.make:97: recipe for target 'cmTC_9f84e' failed
make[1]: *** [cmTC_9f84e] Error 1
make[1]: Leaving directory '/xavier_ssd/TrekBot/TrekBot2_WS/build/tf2_py/CMakeFiles/CMakeTmp'
Makefile:126: recipe for target 'cmTC_9f84e/fast' failed
make: *** [cmTC_9f84e/fast] Error 2


