Determining if the pthread_create exist failed with the following output:
Change Dir: /xavier_ssd/TrekBot/TrekBot2_WS/build/voxblox_rviz_plugin/CMakeFiles/CMakeTmp

Run Build Command:"/usr/bin/make" "cmTC_ed630/fast"
/usr/bin/make -f CMakeFiles/cmTC_ed630.dir/build.make CMakeFiles/cmTC_ed630.dir/build
make[1]: Entering directory '/xavier_ssd/TrekBot/TrekBot2_WS/build/voxblox_rviz_plugin/CMakeFiles/CMakeTmp'
Building C object CMakeFiles/cmTC_ed630.dir/CheckSymbolExists.c.o
/usr/bin/cc    -o CMakeFiles/cmTC_ed630.dir/CheckSymbolExists.c.o   -c /xavier_ssd/TrekBot/TrekBot2_WS/build/voxblox_rviz_plugin/CMakeFiles/CMakeTmp/CheckSymbolExists.c
Linking C executable cmTC_ed630
/usr/bin/cmake -E cmake_link_script CMakeFiles/cmTC_ed630.dir/link.txt --verbose=1
/usr/bin/cc      -rdynamic CMakeFiles/cmTC_ed630.dir/CheckSymbolExists.c.o  -o cmTC_ed630 
CMakeFiles/cmTC_ed630.dir/CheckSymbolExists.c.o: In function `main':
CheckSymbolExists.c:(.text+0x14): undefined reference to `pthread_create'
CheckSymbolExists.c:(.text+0x18): undefined reference to `pthread_create'
collect2: error: ld returned 1 exit status
CMakeFiles/cmTC_ed630.dir/build.make:97: recipe for target 'cmTC_ed630' failed
make[1]: *** [cmTC_ed630] Error 1
make[1]: Leaving directory '/xavier_ssd/TrekBot/TrekBot2_WS/build/voxblox_rviz_plugin/CMakeFiles/CMakeTmp'
Makefile:126: recipe for target 'cmTC_ed630/fast' failed
make: *** [cmTC_ed630/fast] Error 2

File /xavier_ssd/TrekBot/TrekBot2_WS/build/voxblox_rviz_plugin/CMakeFiles/CMakeTmp/CheckSymbolExists.c:
/* */
#include <pthread.h>

int main(int argc, char** argv)
{
  (void)argv;
#ifndef pthread_create
  return ((int*)(&pthread_create))[argc];
#else
  (void)argc;
  return 0;
#endif
}

Determining if the function pthread_create exists in the pthreads failed with the following output:
Change Dir: /xavier_ssd/TrekBot/TrekBot2_WS/build/voxblox_rviz_plugin/CMakeFiles/CMakeTmp

Run Build Command:"/usr/bin/make" "cmTC_3f4a1/fast"
/usr/bin/make -f CMakeFiles/cmTC_3f4a1.dir/build.make CMakeFiles/cmTC_3f4a1.dir/build
make[1]: Entering directory '/xavier_ssd/TrekBot/TrekBot2_WS/build/voxblox_rviz_plugin/CMakeFiles/CMakeTmp'
Building C object CMakeFiles/cmTC_3f4a1.dir/CheckFunctionExists.c.o
/usr/bin/cc   -DCHECK_FUNCTION_EXISTS=pthread_create   -o CMakeFiles/cmTC_3f4a1.dir/CheckFunctionExists.c.o   -c /usr/share/cmake-3.10/Modules/CheckFunctionExists.c
Linking C executable cmTC_3f4a1
/usr/bin/cmake -E cmake_link_script CMakeFiles/cmTC_3f4a1.dir/link.txt --verbose=1
/usr/bin/cc  -DCHECK_FUNCTION_EXISTS=pthread_create    -rdynamic CMakeFiles/cmTC_3f4a1.dir/CheckFunctionExists.c.o  -o cmTC_3f4a1 -lpthreads 
/usr/bin/ld: cannot find -lpthreads
collect2: error: ld returned 1 exit status
CMakeFiles/cmTC_3f4a1.dir/build.make:97: recipe for target 'cmTC_3f4a1' failed
make[1]: *** [cmTC_3f4a1] Error 1
make[1]: Leaving directory '/xavier_ssd/TrekBot/TrekBot2_WS/build/voxblox_rviz_plugin/CMakeFiles/CMakeTmp'
Makefile:126: recipe for target 'cmTC_3f4a1/fast' failed
make: *** [cmTC_3f4a1/fast] Error 2


