Determining if the pthread_create exist failed with the following output:
Change Dir: /xavier_ssd/TrekBot/TrekBot2_WS/build/costmap_2d/CMakeFiles/CMakeTmp

Run Build Command:"/usr/bin/make" "cmTC_d6c5b/fast"
/usr/bin/make -f CMakeFiles/cmTC_d6c5b.dir/build.make CMakeFiles/cmTC_d6c5b.dir/build
make[1]: Entering directory '/xavier_ssd/TrekBot/TrekBot2_WS/build/costmap_2d/CMakeFiles/CMakeTmp'
Building C object CMakeFiles/cmTC_d6c5b.dir/CheckSymbolExists.c.o
/usr/bin/cc    -o CMakeFiles/cmTC_d6c5b.dir/CheckSymbolExists.c.o   -c /xavier_ssd/TrekBot/TrekBot2_WS/build/costmap_2d/CMakeFiles/CMakeTmp/CheckSymbolExists.c
Linking C executable cmTC_d6c5b
/usr/bin/cmake -E cmake_link_script CMakeFiles/cmTC_d6c5b.dir/link.txt --verbose=1
/usr/bin/cc      -rdynamic CMakeFiles/cmTC_d6c5b.dir/CheckSymbolExists.c.o  -o cmTC_d6c5b 
CMakeFiles/cmTC_d6c5b.dir/CheckSymbolExists.c.o: In function `main':
CheckSymbolExists.c:(.text+0x14): undefined reference to `pthread_create'
CheckSymbolExists.c:(.text+0x18): undefined reference to `pthread_create'
collect2: error: ld returned 1 exit status
CMakeFiles/cmTC_d6c5b.dir/build.make:97: recipe for target 'cmTC_d6c5b' failed
make[1]: *** [cmTC_d6c5b] Error 1
make[1]: Leaving directory '/xavier_ssd/TrekBot/TrekBot2_WS/build/costmap_2d/CMakeFiles/CMakeTmp'
Makefile:126: recipe for target 'cmTC_d6c5b/fast' failed
make: *** [cmTC_d6c5b/fast] Error 2

File /xavier_ssd/TrekBot/TrekBot2_WS/build/costmap_2d/CMakeFiles/CMakeTmp/CheckSymbolExists.c:
/* */
#include <pthread.h>

int main(int argc, char** argv)
{
  (void)argv;
#ifndef pthread_create
  return ((int*)(&pthread_create))[argc];
#else
  (void)argc;
  return 0;
#endif
}

Determining if the function pthread_create exists in the pthreads failed with the following output:
Change Dir: /xavier_ssd/TrekBot/TrekBot2_WS/build/costmap_2d/CMakeFiles/CMakeTmp

Run Build Command:"/usr/bin/make" "cmTC_72a51/fast"
/usr/bin/make -f CMakeFiles/cmTC_72a51.dir/build.make CMakeFiles/cmTC_72a51.dir/build
make[1]: Entering directory '/xavier_ssd/TrekBot/TrekBot2_WS/build/costmap_2d/CMakeFiles/CMakeTmp'
Building C object CMakeFiles/cmTC_72a51.dir/CheckFunctionExists.c.o
/usr/bin/cc   -DCHECK_FUNCTION_EXISTS=pthread_create   -o CMakeFiles/cmTC_72a51.dir/CheckFunctionExists.c.o   -c /usr/share/cmake-3.10/Modules/CheckFunctionExists.c
Linking C executable cmTC_72a51
/usr/bin/cmake -E cmake_link_script CMakeFiles/cmTC_72a51.dir/link.txt --verbose=1
/usr/bin/cc  -DCHECK_FUNCTION_EXISTS=pthread_create    -rdynamic CMakeFiles/cmTC_72a51.dir/CheckFunctionExists.c.o  -o cmTC_72a51 -lpthreads 
/usr/bin/ld: cannot find -lpthreads
collect2: error: ld returned 1 exit status
CMakeFiles/cmTC_72a51.dir/build.make:97: recipe for target 'cmTC_72a51' failed
make[1]: *** [cmTC_72a51] Error 1
make[1]: Leaving directory '/xavier_ssd/TrekBot/TrekBot2_WS/build/costmap_2d/CMakeFiles/CMakeTmp'
Makefile:126: recipe for target 'cmTC_72a51/fast' failed
make: *** [cmTC_72a51/fast] Error 2


