[35m[1mScanning dependencies of target _geographic_msgs_generate_messages_check_deps_GeographicMapChanges[0m
[35m[1mScanning dependencies of target _geographic_msgs_generate_messages_check_deps_RouteSegment[0m
[35m[1mScanning dependencies of target _geographic_msgs_generate_messages_check_deps_WayPoint[0m
[  0%] Built target _geographic_msgs_generate_messages_check_deps_RouteSegment
[  0%] Built target _geographic_msgs_generate_messages_check_deps_GeographicMapChanges
[  0%] Built target _geographic_msgs_generate_messages_check_deps_WayPoint
[35m[1mScanning dependencies of target std_msgs_generate_messages_py[0m
[35m[1mScanning dependencies of target _geographic_msgs_generate_messages_check_deps_GeoPoseStamped[0m
[35m[1mScanning dependencies of target _geographic_msgs_generate_messages_check_deps_GeoPose[0m
[  0%] Built target std_msgs_generate_messages_py
[35m[1mScanning dependencies of target _geographic_msgs_generate_messages_check_deps_RoutePath[0m
[  0%] Built target _geographic_msgs_generate_messages_check_deps_GeoPoseStamped
[  0%] Built target _geographic_msgs_generate_messages_check_deps_GeoPose
[35m[1mScanning dependencies of target geometry_msgs_generate_messages_py[0m
[35m[1mScanning dependencies of target _geographic_msgs_generate_messages_check_deps_UpdateGeographicMap[0m
[35m[1mScanning dependencies of target uuid_msgs_generate_messages_py[0m
[  0%] Built target geometry_msgs_generate_messages_py
[  0%] Built target _geographic_msgs_generate_messages_check_deps_RoutePath
[  0%] Built target uuid_msgs_generate_messages_py
[35m[1mScanning dependencies of target _geographic_msgs_generate_messages_check_deps_GeoPoint[0m
[35m[1mScanning dependencies of target _geographic_msgs_generate_messages_check_deps_GeoPath[0m
[35m[1mScanning dependencies of target _geographic_msgs_generate_messages_check_deps_GetGeographicMap[0m
[  0%] Built target _geographic_msgs_generate_messages_check_deps_UpdateGeographicMap
[35m[1mScanning dependencies of target _geographic_msgs_generate_messages_check_deps_MapFeature[0m
[  0%] Built target _geographic_msgs_generate_messages_check_deps_GeoPoint
[  0%] Built target _geographic_msgs_generate_messages_check_deps_GeoPath
[  0%] Built target _geographic_msgs_generate_messages_check_deps_GetGeographicMap
[35m[1mScanning dependencies of target _geographic_msgs_generate_messages_check_deps_RouteNetwork[0m
[35m[1mScanning dependencies of target _geographic_msgs_generate_messages_check_deps_GetGeoPath[0m
[35m[1mScanning dependencies of target _geographic_msgs_generate_messages_check_deps_GetRoutePlan[0m
[  0%] Built target _geographic_msgs_generate_messages_check_deps_MapFeature
[35m[1mScanning dependencies of target _geographic_msgs_generate_messages_check_deps_GeoPointStamped[0m
[  0%] Built target _geographic_msgs_generate_messages_check_deps_RouteNetwork
[  0%] Built target _geographic_msgs_generate_messages_check_deps_GetGeoPath
[  0%] Built target _geographic_msgs_generate_messages_check_deps_GetRoutePlan
[35m[1mScanning dependencies of target _geographic_msgs_generate_messages_check_deps_BoundingBox[0m
[35m[1mScanning dependencies of target _geographic_msgs_generate_messages_check_deps_KeyValue[0m
[35m[1mScanning dependencies of target _geographic_msgs_generate_messages_check_deps_GeographicMap[0m
[  0%] Built target _geographic_msgs_generate_messages_check_deps_GeoPointStamped
[35m[1mScanning dependencies of target std_msgs_generate_messages_nodejs[0m
[35m[1mScanning dependencies of target uuid_msgs_generate_messages_nodejs[0m
[  0%] Built target _geographic_msgs_generate_messages_check_deps_BoundingBox
[  0%] Built target std_msgs_generate_messages_nodejs
[  0%] Built target uuid_msgs_generate_messages_nodejs
[  0%] Built target _geographic_msgs_generate_messages_check_deps_GeographicMap
[  0%] Built target _geographic_msgs_generate_messages_check_deps_KeyValue
[35m[1mScanning dependencies of target geometry_msgs_generate_messages_nodejs[0m
[35m[1mScanning dependencies of target std_msgs_generate_messages_lisp[0m
[35m[1mScanning dependencies of target uuid_msgs_generate_messages_lisp[0m
[35m[1mScanning dependencies of target geometry_msgs_generate_messages_lisp[0m
[35m[1mScanning dependencies of target std_msgs_generate_messages_eus[0m
[  0%] Built target geometry_msgs_generate_messages_nodejs
[  0%] Built target std_msgs_generate_messages_lisp
[  0%] Built target uuid_msgs_generate_messages_lisp
[  0%] Built target geometry_msgs_generate_messages_lisp
[  0%] Built target std_msgs_generate_messages_eus
[35m[1mScanning dependencies of target uuid_msgs_generate_messages_eus[0m
[35m[1mScanning dependencies of target geometry_msgs_generate_messages_eus[0m
[35m[1mScanning dependencies of target uuid_msgs_generate_messages_cpp[0m
[35m[1mScanning dependencies of target geometry_msgs_generate_messages_cpp[0m
[35m[1mScanning dependencies of target std_msgs_generate_messages_cpp[0m
[  0%] Built target uuid_msgs_generate_messages_eus
[  0%] Built target geometry_msgs_generate_messages_eus
[  0%] Built target uuid_msgs_generate_messages_cpp
[  0%] Built target geometry_msgs_generate_messages_cpp
[35m[1mScanning dependencies of target geographic_msgs_generate_messages_py[0m
[  0%] Built target std_msgs_generate_messages_cpp
[35m[1mScanning dependencies of target geographic_msgs_generate_messages_nodejs[0m
[35m[1mScanning dependencies of target geographic_msgs_generate_messages_lisp[0m
[35m[1mScanning dependencies of target geographic_msgs_generate_messages_eus[0m
[  1%] [34m[1mGenerating Python from MSG geographic_msgs/GeoPoint[0m
[  2%] [34m[1mGenerating Javascript code from geographic_msgs/GeoPoint.msg[0m
[35m[1mScanning dependencies of target geographic_msgs_generate_messages_cpp[0m
[  3%] [34m[1mGenerating Lisp code from geographic_msgs/GeoPoint.msg[0m
[  4%] [34m[1mGenerating EusLisp code from geographic_msgs/GeoPoint.msg[0m
[  4%] [34m[1mGenerating C++ code from geographic_msgs/GeoPoint.msg[0m
[  5%] [34m[1mGenerating Javascript code from geographic_msgs/GeoPoseStamped.msg[0m
[  6%] [34m[1mGenerating Lisp code from geographic_msgs/GeoPoseStamped.msg[0m
[  7%] [34m[1mGenerating EusLisp code from geographic_msgs/GeoPoseStamped.msg[0m
[ 10%] [34m[1mGenerating Python from MSG geographic_msgs/GeoPoseStamped[0m
[ 10%] [34m[1mGenerating Javascript code from geographic_msgs/KeyValue.msg[0m
[ 11%] [34m[1mGenerating Lisp code from geographic_msgs/KeyValue.msg[0m
[ 12%] [34m[1mGenerating C++ code from geographic_msgs/GeoPoseStamped.msg[0m
[ 13%] [34m[1mGenerating Lisp code from geographic_msgs/MapFeature.msg[0m
[ 14%] [34m[1mGenerating Javascript code from geographic_msgs/MapFeature.msg[0m
[ 15%] [34m[1mGenerating EusLisp code from geographic_msgs/KeyValue.msg[0m
[ 17%] [34m[1mGenerating Python from MSG geographic_msgs/KeyValue[0m
[ 17%] [34m[1mGenerating Javascript code from geographic_msgs/GeoPath.msg[0m
[ 19%] [34m[1mGenerating Lisp code from geographic_msgs/GeoPath.msg[0m
[ 20%] [34m[1mGenerating EusLisp code from geographic_msgs/MapFeature.msg[0m
[ 21%] [34m[1mGenerating Lisp code from geographic_msgs/GeoPointStamped.msg[0m
[ 22%] [34m[1mGenerating Javascript code from geographic_msgs/GeoPointStamped.msg[0m
[ 23%] [34m[1mGenerating C++ code from geographic_msgs/KeyValue.msg[0m
[ 24%] [34m[1mGenerating C++ code from geographic_msgs/MapFeature.msg[0m
[ 25%] [34m[1mGenerating Python from MSG geographic_msgs/MapFeature[0m
[ 26%] [34m[1mGenerating Lisp code from geographic_msgs/RoutePath.msg[0m
[ 28%] [34m[1mGenerating Javascript code from geographic_msgs/RoutePath.msg[0m
[ 29%] [34m[1mGenerating EusLisp code from geographic_msgs/GeoPath.msg[0m
[ 30%] [34m[1mGenerating Lisp code from geographic_msgs/BoundingBox.msg[0m
[ 31%] [34m[1mGenerating Javascript code from geographic_msgs/BoundingBox.msg[0m
[ 32%] [34m[1mGenerating Python from MSG geographic_msgs/GeoPath[0m
[ 32%] [34m[1mGenerating Python from MSG geographic_msgs/GeoPointStamped[0m
[ 33%] [34m[1mGenerating C++ code from geographic_msgs/GeoPath.msg[0m
[ 34%] [34m[1mGenerating EusLisp code from geographic_msgs/GeoPointStamped.msg[0m
[ 35%] [34m[1mGenerating Lisp code from geographic_msgs/RouteSegment.msg[0m
[ 37%] [34m[1mGenerating C++ code from geographic_msgs/GeoPointStamped.msg[0m
[ 38%] [34m[1mGenerating Javascript code from geographic_msgs/RouteSegment.msg[0m
[ 39%] [34m[1mGenerating Lisp code from geographic_msgs/GeoPose.msg[0m
[ 40%] [34m[1mGenerating Javascript code from geographic_msgs/GeoPose.msg[0m
[ 41%] [34m[1mGenerating EusLisp code from geographic_msgs/RoutePath.msg[0m
[ 42%] [34m[1mGenerating EusLisp code from geographic_msgs/BoundingBox.msg[0m
[ 43%] [34m[1mGenerating Python from MSG geographic_msgs/RoutePath[0m
[ 44%] [34m[1mGenerating Lisp code from geographic_msgs/RouteNetwork.msg[0m
[ 47%] [34m[1mGenerating Javascript code from geographic_msgs/RouteNetwork.msg[0m
[ 46%] [34m[1mGenerating C++ code from geographic_msgs/RoutePath.msg[0m
[ 48%] [34m[1mGenerating C++ code from geographic_msgs/BoundingBox.msg[0m
[ 48%] [34m[1mGenerating EusLisp code from geographic_msgs/RouteSegment.msg[0m
[ 49%] [34m[1mGenerating EusLisp code from geographic_msgs/GeoPose.msg[0m
[ 50%] [34m[1mGenerating Lisp code from geographic_msgs/WayPoint.msg[0m
[ 51%] [34m[1mGenerating Javascript code from geographic_msgs/WayPoint.msg[0m
[ 52%] [34m[1mGenerating Python from MSG geographic_msgs/BoundingBox[0m
[ 53%] [34m[1mGenerating Lisp code from geographic_msgs/GeographicMapChanges.msg[0m
[ 55%] [34m[1mGenerating Javascript code from geographic_msgs/GeographicMapChanges.msg[0m
[ 56%] [34m[1mGenerating EusLisp code from geographic_msgs/RouteNetwork.msg[0m
[ 57%] [34m[1mGenerating EusLisp code from geographic_msgs/WayPoint.msg[0m
[ 58%] [34m[1mGenerating C++ code from geographic_msgs/RouteSegment.msg[0m
[ 59%] [34m[1mGenerating Lisp code from geographic_msgs/GeographicMap.msg[0m
[ 60%] [34m[1mGenerating Javascript code from geographic_msgs/GeographicMap.msg[0m
[ 61%] [34m[1mGenerating C++ code from geographic_msgs/GeoPose.msg[0m
[ 62%] [34m[1mGenerating Python from MSG geographic_msgs/RouteSegment[0m
[ 64%] [34m[1mGenerating Lisp code from geographic_msgs/UpdateGeographicMap.srv[0m
[ 65%] [34m[1mGenerating EusLisp code from geographic_msgs/GeographicMapChanges.msg[0m
[ 65%] [34m[1mGenerating Lisp code from geographic_msgs/GetGeographicMap.srv[0m
[ 66%] [34m[1mGenerating Javascript code from geographic_msgs/UpdateGeographicMap.srv[0m
[ 67%] [34m[1mGenerating Lisp code from geographic_msgs/GetGeoPath.srv[0m
[ 68%] [34m[1mGenerating C++ code from geographic_msgs/RouteNetwork.msg[0m
[ 69%] [34m[1mGenerating Lisp code from geographic_msgs/GetRoutePlan.srv[0m
[ 70%] [34m[1mGenerating Javascript code from geographic_msgs/GetGeographicMap.srv[0m
[ 71%] [34m[1mGenerating EusLisp code from geographic_msgs/GeographicMap.msg[0m
[ 73%] [34m[1mGenerating C++ code from geographic_msgs/WayPoint.msg[0m
[ 74%] [34m[1mGenerating Python from MSG geographic_msgs/GeoPose[0m
[ 75%] [34m[1mGenerating C++ code from geographic_msgs/GeographicMapChanges.msg[0m
[ 75%] Built target geographic_msgs_generate_messages_lisp
[ 76%] [34m[1mGenerating Javascript code from geographic_msgs/GetGeoPath.srv[0m
[ 77%] [34m[1mGenerating Javascript code from geographic_msgs/GetRoutePlan.srv[0m
[ 78%] [34m[1mGenerating EusLisp code from geographic_msgs/UpdateGeographicMap.srv[0m
[ 79%] [34m[1mGenerating EusLisp code from geographic_msgs/GetGeographicMap.srv[0m
[ 80%] [34m[1mGenerating C++ code from geographic_msgs/GeographicMap.msg[0m
[ 80%] Built target geographic_msgs_generate_messages_nodejs
[ 82%] [34m[1mGenerating EusLisp code from geographic_msgs/GetGeoPath.srv[0m
[ 83%] [34m[1mGenerating C++ code from geographic_msgs/UpdateGeographicMap.srv[0m
[ 84%] [34m[1mGenerating Python from MSG geographic_msgs/RouteNetwork[0m
[ 85%] [34m[1mGenerating C++ code from geographic_msgs/GetGeographicMap.srv[0m
[ 86%] [34m[1mGenerating C++ code from geographic_msgs/GetGeoPath.srv[0m
[ 87%] [34m[1mGenerating C++ code from geographic_msgs/GetRoutePlan.srv[0m
[ 88%] [34m[1mGenerating EusLisp code from geographic_msgs/GetRoutePlan.srv[0m
[ 89%] [34m[1mGenerating EusLisp manifest code for geographic_msgs[0m
[ 91%] [34m[1mGenerating Python from MSG geographic_msgs/WayPoint[0m
[ 92%] [34m[1mGenerating Python from MSG geographic_msgs/GeographicMapChanges[0m
[ 93%] [34m[1mGenerating Python from MSG geographic_msgs/GeographicMap[0m
[ 94%] [34m[1mGenerating Python code from SRV geographic_msgs/UpdateGeographicMap[0m
[ 95%] [34m[1mGenerating Python code from SRV geographic_msgs/GetGeographicMap[0m
[ 96%] [34m[1mGenerating Python code from SRV geographic_msgs/GetGeoPath[0m
[ 96%] Built target geographic_msgs_generate_messages_cpp
[ 97%] [34m[1mGenerating Python code from SRV geographic_msgs/GetRoutePlan[0m
[ 98%] [34m[1mGenerating Python msg __init__.py for geographic_msgs[0m
[100%] [34m[1mGenerating Python srv __init__.py for geographic_msgs[0m
[100%] Built target geographic_msgs_generate_messages_py
[100%] Built target geographic_msgs_generate_messages_eus
[35m[1mScanning dependencies of target geographic_msgs_generate_messages[0m
[100%] Built target geographic_msgs_generate_messages
