Linked: (/xavier_ssd/TrekBot/TrekBot2_WS/devel/.private/geographic_msgs/share/gennodejs/ros/geographic_msgs/_index.js, /xavier_ssd/TrekBot/TrekBot2_WS/devel/share/gennodejs/ros/geographic_msgs/_index.js)
Linked: (/xavier_ssd/TrekBot/TrekBot2_WS/devel/.private/geographic_msgs/share/gennodejs/ros/geographic_msgs/msg/KeyValue.js, /xavier_ssd/TrekBot/TrekBot2_WS/devel/share/gennodejs/ros/geographic_msgs/msg/KeyValue.js)
Linked: (/xavier_ssd/TrekBot/TrekBot2_WS/devel/.private/geographic_msgs/share/gennodejs/ros/geographic_msgs/msg/RouteNetwork.js, /xavier_ssd/TrekBot/TrekBot2_WS/devel/share/gennodejs/ros/geographic_msgs/msg/RouteNetwork.js)
Linked: (/xavier_ssd/TrekBot/TrekBot2_WS/devel/.private/geographic_msgs/share/gennodejs/ros/geographic_msgs/msg/GeoPointStamped.js, /xavier_ssd/TrekBot/TrekBot2_WS/devel/share/gennodejs/ros/geographic_msgs/msg/GeoPointStamped.js)
Linked: (/xavier_ssd/TrekBot/TrekBot2_WS/devel/.private/geographic_msgs/share/gennodejs/ros/geographic_msgs/msg/MapFeature.js, /xavier_ssd/TrekBot/TrekBot2_WS/devel/share/gennodejs/ros/geographic_msgs/msg/MapFeature.js)
Linked: (/xavier_ssd/TrekBot/TrekBot2_WS/devel/.private/geographic_msgs/share/gennodejs/ros/geographic_msgs/msg/GeoPath.js, /xavier_ssd/TrekBot/TrekBot2_WS/devel/share/gennodejs/ros/geographic_msgs/msg/GeoPath.js)
Linked: (/xavier_ssd/TrekBot/TrekBot2_WS/devel/.private/geographic_msgs/share/gennodejs/ros/geographic_msgs/msg/RoutePath.js, /xavier_ssd/TrekBot/TrekBot2_WS/devel/share/gennodejs/ros/geographic_msgs/msg/RoutePath.js)
Linked: (/xavier_ssd/TrekBot/TrekBot2_WS/devel/.private/geographic_msgs/share/gennodejs/ros/geographic_msgs/msg/GeographicMap.js, /xavier_ssd/TrekBot/TrekBot2_WS/devel/share/gennodejs/ros/geographic_msgs/msg/GeographicMap.js)
Linked: (/xavier_ssd/TrekBot/TrekBot2_WS/devel/.private/geographic_msgs/share/gennodejs/ros/geographic_msgs/msg/RouteSegment.js, /xavier_ssd/TrekBot/TrekBot2_WS/devel/share/gennodejs/ros/geographic_msgs/msg/RouteSegment.js)
Linked: (/xavier_ssd/TrekBot/TrekBot2_WS/devel/.private/geographic_msgs/share/gennodejs/ros/geographic_msgs/msg/_index.js, /xavier_ssd/TrekBot/TrekBot2_WS/devel/share/gennodejs/ros/geographic_msgs/msg/_index.js)
Linked: (/xavier_ssd/TrekBot/TrekBot2_WS/devel/.private/geographic_msgs/share/gennodejs/ros/geographic_msgs/msg/GeoPose.js, /xavier_ssd/TrekBot/TrekBot2_WS/devel/share/gennodejs/ros/geographic_msgs/msg/GeoPose.js)
Linked: (/xavier_ssd/TrekBot/TrekBot2_WS/devel/.private/geographic_msgs/share/gennodejs/ros/geographic_msgs/msg/GeoPoseStamped.js, /xavier_ssd/TrekBot/TrekBot2_WS/devel/share/gennodejs/ros/geographic_msgs/msg/GeoPoseStamped.js)
Linked: (/xavier_ssd/TrekBot/TrekBot2_WS/devel/.private/geographic_msgs/share/gennodejs/ros/geographic_msgs/msg/GeographicMapChanges.js, /xavier_ssd/TrekBot/TrekBot2_WS/devel/share/gennodejs/ros/geographic_msgs/msg/GeographicMapChanges.js)
Linked: (/xavier_ssd/TrekBot/TrekBot2_WS/devel/.private/geographic_msgs/share/gennodejs/ros/geographic_msgs/msg/WayPoint.js, /xavier_ssd/TrekBot/TrekBot2_WS/devel/share/gennodejs/ros/geographic_msgs/msg/WayPoint.js)
Linked: (/xavier_ssd/TrekBot/TrekBot2_WS/devel/.private/geographic_msgs/share/gennodejs/ros/geographic_msgs/msg/BoundingBox.js, /xavier_ssd/TrekBot/TrekBot2_WS/devel/share/gennodejs/ros/geographic_msgs/msg/BoundingBox.js)
Linked: (/xavier_ssd/TrekBot/TrekBot2_WS/devel/.private/geographic_msgs/share/gennodejs/ros/geographic_msgs/msg/GeoPoint.js, /xavier_ssd/TrekBot/TrekBot2_WS/devel/share/gennodejs/ros/geographic_msgs/msg/GeoPoint.js)
Linked: (/xavier_ssd/TrekBot/TrekBot2_WS/devel/.private/geographic_msgs/share/gennodejs/ros/geographic_msgs/srv/GetGeoPath.js, /xavier_ssd/TrekBot/TrekBot2_WS/devel/share/gennodejs/ros/geographic_msgs/srv/GetGeoPath.js)
Linked: (/xavier_ssd/TrekBot/TrekBot2_WS/devel/.private/geographic_msgs/share/gennodejs/ros/geographic_msgs/srv/UpdateGeographicMap.js, /xavier_ssd/TrekBot/TrekBot2_WS/devel/share/gennodejs/ros/geographic_msgs/srv/UpdateGeographicMap.js)
Linked: (/xavier_ssd/TrekBot/TrekBot2_WS/devel/.private/geographic_msgs/share/gennodejs/ros/geographic_msgs/srv/_index.js, /xavier_ssd/TrekBot/TrekBot2_WS/devel/share/gennodejs/ros/geographic_msgs/srv/_index.js)
Linked: (/xavier_ssd/TrekBot/TrekBot2_WS/devel/.private/geographic_msgs/share/gennodejs/ros/geographic_msgs/srv/GetGeographicMap.js, /xavier_ssd/TrekBot/TrekBot2_WS/devel/share/gennodejs/ros/geographic_msgs/srv/GetGeographicMap.js)
Linked: (/xavier_ssd/TrekBot/TrekBot2_WS/devel/.private/geographic_msgs/share/gennodejs/ros/geographic_msgs/srv/GetRoutePlan.js, /xavier_ssd/TrekBot/TrekBot2_WS/devel/share/gennodejs/ros/geographic_msgs/srv/GetRoutePlan.js)
Linked: (/xavier_ssd/TrekBot/TrekBot2_WS/devel/.private/geographic_msgs/share/common-lisp/ros/geographic_msgs/msg/_package_RouteNetwork.lisp, /xavier_ssd/TrekBot/TrekBot2_WS/devel/share/common-lisp/ros/geographic_msgs/msg/_package_RouteNetwork.lisp)
Linked: (/xavier_ssd/TrekBot/TrekBot2_WS/devel/.private/geographic_msgs/share/common-lisp/ros/geographic_msgs/msg/_package_RouteSegment.lisp, /xavier_ssd/TrekBot/TrekBot2_WS/devel/share/common-lisp/ros/geographic_msgs/msg/_package_RouteSegment.lisp)
Linked: (/xavier_ssd/TrekBot/TrekBot2_WS/devel/.private/geographic_msgs/share/common-lisp/ros/geographic_msgs/msg/_package_BoundingBox.lisp, /xavier_ssd/TrekBot/TrekBot2_WS/devel/share/common-lisp/ros/geographic_msgs/msg/_package_BoundingBox.lisp)
Linked: (/xavier_ssd/TrekBot/TrekBot2_WS/devel/.private/geographic_msgs/share/common-lisp/ros/geographic_msgs/msg/_package_GeoPose.lisp, /xavier_ssd/TrekBot/TrekBot2_WS/devel/share/common-lisp/ros/geographic_msgs/msg/_package_GeoPose.lisp)
Linked: (/xavier_ssd/TrekBot/TrekBot2_WS/devel/.private/geographic_msgs/share/common-lisp/ros/geographic_msgs/msg/_package_KeyValue.lisp, /xavier_ssd/TrekBot/TrekBot2_WS/devel/share/common-lisp/ros/geographic_msgs/msg/_package_KeyValue.lisp)
Linked: (/xavier_ssd/TrekBot/TrekBot2_WS/devel/.private/geographic_msgs/share/common-lisp/ros/geographic_msgs/msg/GeoPoseStamped.lisp, /xavier_ssd/TrekBot/TrekBot2_WS/devel/share/common-lisp/ros/geographic_msgs/msg/GeoPoseStamped.lisp)
Linked: (/xavier_ssd/TrekBot/TrekBot2_WS/devel/.private/geographic_msgs/share/common-lisp/ros/geographic_msgs/msg/geographic_msgs-msg.asd, /xavier_ssd/TrekBot/TrekBot2_WS/devel/share/common-lisp/ros/geographic_msgs/msg/geographic_msgs-msg.asd)
Linked: (/xavier_ssd/TrekBot/TrekBot2_WS/devel/.private/geographic_msgs/share/common-lisp/ros/geographic_msgs/msg/_package_GeoPointStamped.lisp, /xavier_ssd/TrekBot/TrekBot2_WS/devel/share/common-lisp/ros/geographic_msgs/msg/_package_GeoPointStamped.lisp)
Linked: (/xavier_ssd/TrekBot/TrekBot2_WS/devel/.private/geographic_msgs/share/common-lisp/ros/geographic_msgs/msg/_package_GeoPath.lisp, /xavier_ssd/TrekBot/TrekBot2_WS/devel/share/common-lisp/ros/geographic_msgs/msg/_package_GeoPath.lisp)
Linked: (/xavier_ssd/TrekBot/TrekBot2_WS/devel/.private/geographic_msgs/share/common-lisp/ros/geographic_msgs/msg/_package_GeoPoint.lisp, /xavier_ssd/TrekBot/TrekBot2_WS/devel/share/common-lisp/ros/geographic_msgs/msg/_package_GeoPoint.lisp)
Linked: (/xavier_ssd/TrekBot/TrekBot2_WS/devel/.private/geographic_msgs/share/common-lisp/ros/geographic_msgs/msg/GeographicMap.lisp, /xavier_ssd/TrekBot/TrekBot2_WS/devel/share/common-lisp/ros/geographic_msgs/msg/GeographicMap.lisp)
Linked: (/xavier_ssd/TrekBot/TrekBot2_WS/devel/.private/geographic_msgs/share/common-lisp/ros/geographic_msgs/msg/_package_MapFeature.lisp, /xavier_ssd/TrekBot/TrekBot2_WS/devel/share/common-lisp/ros/geographic_msgs/msg/_package_MapFeature.lisp)
Linked: (/xavier_ssd/TrekBot/TrekBot2_WS/devel/.private/geographic_msgs/share/common-lisp/ros/geographic_msgs/msg/RouteSegment.lisp, /xavier_ssd/TrekBot/TrekBot2_WS/devel/share/common-lisp/ros/geographic_msgs/msg/RouteSegment.lisp)
Linked: (/xavier_ssd/TrekBot/TrekBot2_WS/devel/.private/geographic_msgs/share/common-lisp/ros/geographic_msgs/msg/RouteNetwork.lisp, /xavier_ssd/TrekBot/TrekBot2_WS/devel/share/common-lisp/ros/geographic_msgs/msg/RouteNetwork.lisp)
Linked: (/xavier_ssd/TrekBot/TrekBot2_WS/devel/.private/geographic_msgs/share/common-lisp/ros/geographic_msgs/msg/_package_GeoPoseStamped.lisp, /xavier_ssd/TrekBot/TrekBot2_WS/devel/share/common-lisp/ros/geographic_msgs/msg/_package_GeoPoseStamped.lisp)
Linked: (/xavier_ssd/TrekBot/TrekBot2_WS/devel/.private/geographic_msgs/share/common-lisp/ros/geographic_msgs/msg/_package_RoutePath.lisp, /xavier_ssd/TrekBot/TrekBot2_WS/devel/share/common-lisp/ros/geographic_msgs/msg/_package_RoutePath.lisp)
Linked: (/xavier_ssd/TrekBot/TrekBot2_WS/devel/.private/geographic_msgs/share/common-lisp/ros/geographic_msgs/msg/_package_WayPoint.lisp, /xavier_ssd/TrekBot/TrekBot2_WS/devel/share/common-lisp/ros/geographic_msgs/msg/_package_WayPoint.lisp)
Linked: (/xavier_ssd/TrekBot/TrekBot2_WS/devel/.private/geographic_msgs/share/common-lisp/ros/geographic_msgs/msg/GeoPoint.lisp, /xavier_ssd/TrekBot/TrekBot2_WS/devel/share/common-lisp/ros/geographic_msgs/msg/GeoPoint.lisp)
Linked: (/xavier_ssd/TrekBot/TrekBot2_WS/devel/.private/geographic_msgs/share/common-lisp/ros/geographic_msgs/msg/BoundingBox.lisp, /xavier_ssd/TrekBot/TrekBot2_WS/devel/share/common-lisp/ros/geographic_msgs/msg/BoundingBox.lisp)
Linked: (/xavier_ssd/TrekBot/TrekBot2_WS/devel/.private/geographic_msgs/share/common-lisp/ros/geographic_msgs/msg/_package.lisp, /xavier_ssd/TrekBot/TrekBot2_WS/devel/share/common-lisp/ros/geographic_msgs/msg/_package.lisp)
Linked: (/xavier_ssd/TrekBot/TrekBot2_WS/devel/.private/geographic_msgs/share/common-lisp/ros/geographic_msgs/msg/KeyValue.lisp, /xavier_ssd/TrekBot/TrekBot2_WS/devel/share/common-lisp/ros/geographic_msgs/msg/KeyValue.lisp)
Linked: (/xavier_ssd/TrekBot/TrekBot2_WS/devel/.private/geographic_msgs/share/common-lisp/ros/geographic_msgs/msg/GeoPointStamped.lisp, /xavier_ssd/TrekBot/TrekBot2_WS/devel/share/common-lisp/ros/geographic_msgs/msg/GeoPointStamped.lisp)
Linked: (/xavier_ssd/TrekBot/TrekBot2_WS/devel/.private/geographic_msgs/share/common-lisp/ros/geographic_msgs/msg/GeoPath.lisp, /xavier_ssd/TrekBot/TrekBot2_WS/devel/share/common-lisp/ros/geographic_msgs/msg/GeoPath.lisp)
Linked: (/xavier_ssd/TrekBot/TrekBot2_WS/devel/.private/geographic_msgs/share/common-lisp/ros/geographic_msgs/msg/_package_GeographicMapChanges.lisp, /xavier_ssd/TrekBot/TrekBot2_WS/devel/share/common-lisp/ros/geographic_msgs/msg/_package_GeographicMapChanges.lisp)
Linked: (/xavier_ssd/TrekBot/TrekBot2_WS/devel/.private/geographic_msgs/share/common-lisp/ros/geographic_msgs/msg/GeographicMapChanges.lisp, /xavier_ssd/TrekBot/TrekBot2_WS/devel/share/common-lisp/ros/geographic_msgs/msg/GeographicMapChanges.lisp)
Linked: (/xavier_ssd/TrekBot/TrekBot2_WS/devel/.private/geographic_msgs/share/common-lisp/ros/geographic_msgs/msg/MapFeature.lisp, /xavier_ssd/TrekBot/TrekBot2_WS/devel/share/common-lisp/ros/geographic_msgs/msg/MapFeature.lisp)
Linked: (/xavier_ssd/TrekBot/TrekBot2_WS/devel/.private/geographic_msgs/share/common-lisp/ros/geographic_msgs/msg/GeoPose.lisp, /xavier_ssd/TrekBot/TrekBot2_WS/devel/share/common-lisp/ros/geographic_msgs/msg/GeoPose.lisp)
Linked: (/xavier_ssd/TrekBot/TrekBot2_WS/devel/.private/geographic_msgs/share/common-lisp/ros/geographic_msgs/msg/WayPoint.lisp, /xavier_ssd/TrekBot/TrekBot2_WS/devel/share/common-lisp/ros/geographic_msgs/msg/WayPoint.lisp)
Linked: (/xavier_ssd/TrekBot/TrekBot2_WS/devel/.private/geographic_msgs/share/common-lisp/ros/geographic_msgs/msg/_package_GeographicMap.lisp, /xavier_ssd/TrekBot/TrekBot2_WS/devel/share/common-lisp/ros/geographic_msgs/msg/_package_GeographicMap.lisp)
Linked: (/xavier_ssd/TrekBot/TrekBot2_WS/devel/.private/geographic_msgs/share/common-lisp/ros/geographic_msgs/msg/RoutePath.lisp, /xavier_ssd/TrekBot/TrekBot2_WS/devel/share/common-lisp/ros/geographic_msgs/msg/RoutePath.lisp)
Linked: (/xavier_ssd/TrekBot/TrekBot2_WS/devel/.private/geographic_msgs/share/common-lisp/ros/geographic_msgs/srv/_package_GetGeographicMap.lisp, /xavier_ssd/TrekBot/TrekBot2_WS/devel/share/common-lisp/ros/geographic_msgs/srv/_package_GetGeographicMap.lisp)
Linked: (/xavier_ssd/TrekBot/TrekBot2_WS/devel/.private/geographic_msgs/share/common-lisp/ros/geographic_msgs/srv/geographic_msgs-srv.asd, /xavier_ssd/TrekBot/TrekBot2_WS/devel/share/common-lisp/ros/geographic_msgs/srv/geographic_msgs-srv.asd)
Linked: (/xavier_ssd/TrekBot/TrekBot2_WS/devel/.private/geographic_msgs/share/common-lisp/ros/geographic_msgs/srv/_package_UpdateGeographicMap.lisp, /xavier_ssd/TrekBot/TrekBot2_WS/devel/share/common-lisp/ros/geographic_msgs/srv/_package_UpdateGeographicMap.lisp)
Linked: (/xavier_ssd/TrekBot/TrekBot2_WS/devel/.private/geographic_msgs/share/common-lisp/ros/geographic_msgs/srv/_package_GetGeoPath.lisp, /xavier_ssd/TrekBot/TrekBot2_WS/devel/share/common-lisp/ros/geographic_msgs/srv/_package_GetGeoPath.lisp)
Linked: (/xavier_ssd/TrekBot/TrekBot2_WS/devel/.private/geographic_msgs/share/common-lisp/ros/geographic_msgs/srv/_package.lisp, /xavier_ssd/TrekBot/TrekBot2_WS/devel/share/common-lisp/ros/geographic_msgs/srv/_package.lisp)
Linked: (/xavier_ssd/TrekBot/TrekBot2_WS/devel/.private/geographic_msgs/share/common-lisp/ros/geographic_msgs/srv/_package_GetRoutePlan.lisp, /xavier_ssd/TrekBot/TrekBot2_WS/devel/share/common-lisp/ros/geographic_msgs/srv/_package_GetRoutePlan.lisp)
Linked: (/xavier_ssd/TrekBot/TrekBot2_WS/devel/.private/geographic_msgs/share/common-lisp/ros/geographic_msgs/srv/GetRoutePlan.lisp, /xavier_ssd/TrekBot/TrekBot2_WS/devel/share/common-lisp/ros/geographic_msgs/srv/GetRoutePlan.lisp)
Linked: (/xavier_ssd/TrekBot/TrekBot2_WS/devel/.private/geographic_msgs/share/common-lisp/ros/geographic_msgs/srv/GetGeoPath.lisp, /xavier_ssd/TrekBot/TrekBot2_WS/devel/share/common-lisp/ros/geographic_msgs/srv/GetGeoPath.lisp)
Linked: (/xavier_ssd/TrekBot/TrekBot2_WS/devel/.private/geographic_msgs/share/common-lisp/ros/geographic_msgs/srv/GetGeographicMap.lisp, /xavier_ssd/TrekBot/TrekBot2_WS/devel/share/common-lisp/ros/geographic_msgs/srv/GetGeographicMap.lisp)
Linked: (/xavier_ssd/TrekBot/TrekBot2_WS/devel/.private/geographic_msgs/share/common-lisp/ros/geographic_msgs/srv/UpdateGeographicMap.lisp, /xavier_ssd/TrekBot/TrekBot2_WS/devel/share/common-lisp/ros/geographic_msgs/srv/UpdateGeographicMap.lisp)
Linked: (/xavier_ssd/TrekBot/TrekBot2_WS/devel/.private/geographic_msgs/share/geographic_msgs/cmake/geographic_msgsConfig-version.cmake, /xavier_ssd/TrekBot/TrekBot2_WS/devel/share/geographic_msgs/cmake/geographic_msgsConfig-version.cmake)
Linked: (/xavier_ssd/TrekBot/TrekBot2_WS/devel/.private/geographic_msgs/share/geographic_msgs/cmake/geographic_msgsConfig.cmake, /xavier_ssd/TrekBot/TrekBot2_WS/devel/share/geographic_msgs/cmake/geographic_msgsConfig.cmake)
Linked: (/xavier_ssd/TrekBot/TrekBot2_WS/devel/.private/geographic_msgs/share/geographic_msgs/cmake/geographic_msgs-msg-extras.cmake, /xavier_ssd/TrekBot/TrekBot2_WS/devel/share/geographic_msgs/cmake/geographic_msgs-msg-extras.cmake)
Linked: (/xavier_ssd/TrekBot/TrekBot2_WS/devel/.private/geographic_msgs/share/geographic_msgs/cmake/geographic_msgs-msg-paths.cmake, /xavier_ssd/TrekBot/TrekBot2_WS/devel/share/geographic_msgs/cmake/geographic_msgs-msg-paths.cmake)
Linked: (/xavier_ssd/TrekBot/TrekBot2_WS/devel/.private/geographic_msgs/share/roseus/ros/geographic_msgs/manifest.l, /xavier_ssd/TrekBot/TrekBot2_WS/devel/share/roseus/ros/geographic_msgs/manifest.l)
Linked: (/xavier_ssd/TrekBot/TrekBot2_WS/devel/.private/geographic_msgs/share/roseus/ros/geographic_msgs/msg/WayPoint.l, /xavier_ssd/TrekBot/TrekBot2_WS/devel/share/roseus/ros/geographic_msgs/msg/WayPoint.l)
Linked: (/xavier_ssd/TrekBot/TrekBot2_WS/devel/.private/geographic_msgs/share/roseus/ros/geographic_msgs/msg/MapFeature.l, /xavier_ssd/TrekBot/TrekBot2_WS/devel/share/roseus/ros/geographic_msgs/msg/MapFeature.l)
Linked: (/xavier_ssd/TrekBot/TrekBot2_WS/devel/.private/geographic_msgs/share/roseus/ros/geographic_msgs/msg/RouteNetwork.l, /xavier_ssd/TrekBot/TrekBot2_WS/devel/share/roseus/ros/geographic_msgs/msg/RouteNetwork.l)
Linked: (/xavier_ssd/TrekBot/TrekBot2_WS/devel/.private/geographic_msgs/share/roseus/ros/geographic_msgs/msg/GeoPointStamped.l, /xavier_ssd/TrekBot/TrekBot2_WS/devel/share/roseus/ros/geographic_msgs/msg/GeoPointStamped.l)
Linked: (/xavier_ssd/TrekBot/TrekBot2_WS/devel/.private/geographic_msgs/share/roseus/ros/geographic_msgs/msg/GeographicMapChanges.l, /xavier_ssd/TrekBot/TrekBot2_WS/devel/share/roseus/ros/geographic_msgs/msg/GeographicMapChanges.l)
Linked: (/xavier_ssd/TrekBot/TrekBot2_WS/devel/.private/geographic_msgs/share/roseus/ros/geographic_msgs/msg/GeoPose.l, /xavier_ssd/TrekBot/TrekBot2_WS/devel/share/roseus/ros/geographic_msgs/msg/GeoPose.l)
Linked: (/xavier_ssd/TrekBot/TrekBot2_WS/devel/.private/geographic_msgs/share/roseus/ros/geographic_msgs/msg/GeographicMap.l, /xavier_ssd/TrekBot/TrekBot2_WS/devel/share/roseus/ros/geographic_msgs/msg/GeographicMap.l)
Linked: (/xavier_ssd/TrekBot/TrekBot2_WS/devel/.private/geographic_msgs/share/roseus/ros/geographic_msgs/msg/KeyValue.l, /xavier_ssd/TrekBot/TrekBot2_WS/devel/share/roseus/ros/geographic_msgs/msg/KeyValue.l)
Linked: (/xavier_ssd/TrekBot/TrekBot2_WS/devel/.private/geographic_msgs/share/roseus/ros/geographic_msgs/msg/RouteSegment.l, /xavier_ssd/TrekBot/TrekBot2_WS/devel/share/roseus/ros/geographic_msgs/msg/RouteSegment.l)
Linked: (/xavier_ssd/TrekBot/TrekBot2_WS/devel/.private/geographic_msgs/share/roseus/ros/geographic_msgs/msg/BoundingBox.l, /xavier_ssd/TrekBot/TrekBot2_WS/devel/share/roseus/ros/geographic_msgs/msg/BoundingBox.l)
Linked: (/xavier_ssd/TrekBot/TrekBot2_WS/devel/.private/geographic_msgs/share/roseus/ros/geographic_msgs/msg/RoutePath.l, /xavier_ssd/TrekBot/TrekBot2_WS/devel/share/roseus/ros/geographic_msgs/msg/RoutePath.l)
Linked: (/xavier_ssd/TrekBot/TrekBot2_WS/devel/.private/geographic_msgs/share/roseus/ros/geographic_msgs/msg/GeoPoseStamped.l, /xavier_ssd/TrekBot/TrekBot2_WS/devel/share/roseus/ros/geographic_msgs/msg/GeoPoseStamped.l)
Linked: (/xavier_ssd/TrekBot/TrekBot2_WS/devel/.private/geographic_msgs/share/roseus/ros/geographic_msgs/msg/GeoPath.l, /xavier_ssd/TrekBot/TrekBot2_WS/devel/share/roseus/ros/geographic_msgs/msg/GeoPath.l)
Linked: (/xavier_ssd/TrekBot/TrekBot2_WS/devel/.private/geographic_msgs/share/roseus/ros/geographic_msgs/msg/GeoPoint.l, /xavier_ssd/TrekBot/TrekBot2_WS/devel/share/roseus/ros/geographic_msgs/msg/GeoPoint.l)
Linked: (/xavier_ssd/TrekBot/TrekBot2_WS/devel/.private/geographic_msgs/share/roseus/ros/geographic_msgs/srv/UpdateGeographicMap.l, /xavier_ssd/TrekBot/TrekBot2_WS/devel/share/roseus/ros/geographic_msgs/srv/UpdateGeographicMap.l)
Linked: (/xavier_ssd/TrekBot/TrekBot2_WS/devel/.private/geographic_msgs/share/roseus/ros/geographic_msgs/srv/GetGeoPath.l, /xavier_ssd/TrekBot/TrekBot2_WS/devel/share/roseus/ros/geographic_msgs/srv/GetGeoPath.l)
Linked: (/xavier_ssd/TrekBot/TrekBot2_WS/devel/.private/geographic_msgs/share/roseus/ros/geographic_msgs/srv/GetRoutePlan.l, /xavier_ssd/TrekBot/TrekBot2_WS/devel/share/roseus/ros/geographic_msgs/srv/GetRoutePlan.l)
Linked: (/xavier_ssd/TrekBot/TrekBot2_WS/devel/.private/geographic_msgs/share/roseus/ros/geographic_msgs/srv/GetGeographicMap.l, /xavier_ssd/TrekBot/TrekBot2_WS/devel/share/roseus/ros/geographic_msgs/srv/GetGeographicMap.l)
Linked: (/xavier_ssd/TrekBot/TrekBot2_WS/devel/.private/geographic_msgs/lib/python2.7/dist-packages/geographic_msgs/__init__.py, /xavier_ssd/TrekBot/TrekBot2_WS/devel/lib/python2.7/dist-packages/geographic_msgs/__init__.py)
Linked: (/xavier_ssd/TrekBot/TrekBot2_WS/devel/.private/geographic_msgs/lib/python2.7/dist-packages/geographic_msgs/msg/_GeoPoseStamped.py, /xavier_ssd/TrekBot/TrekBot2_WS/devel/lib/python2.7/dist-packages/geographic_msgs/msg/_GeoPoseStamped.py)
Linked: (/xavier_ssd/TrekBot/TrekBot2_WS/devel/.private/geographic_msgs/lib/python2.7/dist-packages/geographic_msgs/msg/_GeoPointStamped.py, /xavier_ssd/TrekBot/TrekBot2_WS/devel/lib/python2.7/dist-packages/geographic_msgs/msg/_GeoPointStamped.py)
Linked: (/xavier_ssd/TrekBot/TrekBot2_WS/devel/.private/geographic_msgs/lib/python2.7/dist-packages/geographic_msgs/msg/__init__.py, /xavier_ssd/TrekBot/TrekBot2_WS/devel/lib/python2.7/dist-packages/geographic_msgs/msg/__init__.py)
Linked: (/xavier_ssd/TrekBot/TrekBot2_WS/devel/.private/geographic_msgs/lib/python2.7/dist-packages/geographic_msgs/msg/_KeyValue.py, /xavier_ssd/TrekBot/TrekBot2_WS/devel/lib/python2.7/dist-packages/geographic_msgs/msg/_KeyValue.py)
Linked: (/xavier_ssd/TrekBot/TrekBot2_WS/devel/.private/geographic_msgs/lib/python2.7/dist-packages/geographic_msgs/msg/_RoutePath.py, /xavier_ssd/TrekBot/TrekBot2_WS/devel/lib/python2.7/dist-packages/geographic_msgs/msg/_RoutePath.py)
Linked: (/xavier_ssd/TrekBot/TrekBot2_WS/devel/.private/geographic_msgs/lib/python2.7/dist-packages/geographic_msgs/msg/_GeographicMapChanges.py, /xavier_ssd/TrekBot/TrekBot2_WS/devel/lib/python2.7/dist-packages/geographic_msgs/msg/_GeographicMapChanges.py)
Linked: (/xavier_ssd/TrekBot/TrekBot2_WS/devel/.private/geographic_msgs/lib/python2.7/dist-packages/geographic_msgs/msg/_RouteSegment.py, /xavier_ssd/TrekBot/TrekBot2_WS/devel/lib/python2.7/dist-packages/geographic_msgs/msg/_RouteSegment.py)
Linked: (/xavier_ssd/TrekBot/TrekBot2_WS/devel/.private/geographic_msgs/lib/python2.7/dist-packages/geographic_msgs/msg/_GeoPath.py, /xavier_ssd/TrekBot/TrekBot2_WS/devel/lib/python2.7/dist-packages/geographic_msgs/msg/_GeoPath.py)
Linked: (/xavier_ssd/TrekBot/TrekBot2_WS/devel/.private/geographic_msgs/lib/python2.7/dist-packages/geographic_msgs/msg/_BoundingBox.py, /xavier_ssd/TrekBot/TrekBot2_WS/devel/lib/python2.7/dist-packages/geographic_msgs/msg/_BoundingBox.py)
Linked: (/xavier_ssd/TrekBot/TrekBot2_WS/devel/.private/geographic_msgs/lib/python2.7/dist-packages/geographic_msgs/msg/_GeoPose.py, /xavier_ssd/TrekBot/TrekBot2_WS/devel/lib/python2.7/dist-packages/geographic_msgs/msg/_GeoPose.py)
Linked: (/xavier_ssd/TrekBot/TrekBot2_WS/devel/.private/geographic_msgs/lib/python2.7/dist-packages/geographic_msgs/msg/_RouteNetwork.py, /xavier_ssd/TrekBot/TrekBot2_WS/devel/lib/python2.7/dist-packages/geographic_msgs/msg/_RouteNetwork.py)
Linked: (/xavier_ssd/TrekBot/TrekBot2_WS/devel/.private/geographic_msgs/lib/python2.7/dist-packages/geographic_msgs/msg/_GeoPoint.py, /xavier_ssd/TrekBot/TrekBot2_WS/devel/lib/python2.7/dist-packages/geographic_msgs/msg/_GeoPoint.py)
Linked: (/xavier_ssd/TrekBot/TrekBot2_WS/devel/.private/geographic_msgs/lib/python2.7/dist-packages/geographic_msgs/msg/_GeographicMap.py, /xavier_ssd/TrekBot/TrekBot2_WS/devel/lib/python2.7/dist-packages/geographic_msgs/msg/_GeographicMap.py)
Linked: (/xavier_ssd/TrekBot/TrekBot2_WS/devel/.private/geographic_msgs/lib/python2.7/dist-packages/geographic_msgs/msg/_MapFeature.py, /xavier_ssd/TrekBot/TrekBot2_WS/devel/lib/python2.7/dist-packages/geographic_msgs/msg/_MapFeature.py)
Linked: (/xavier_ssd/TrekBot/TrekBot2_WS/devel/.private/geographic_msgs/lib/python2.7/dist-packages/geographic_msgs/msg/_WayPoint.py, /xavier_ssd/TrekBot/TrekBot2_WS/devel/lib/python2.7/dist-packages/geographic_msgs/msg/_WayPoint.py)
Linked: (/xavier_ssd/TrekBot/TrekBot2_WS/devel/.private/geographic_msgs/lib/python2.7/dist-packages/geographic_msgs/srv/_GetGeographicMap.py, /xavier_ssd/TrekBot/TrekBot2_WS/devel/lib/python2.7/dist-packages/geographic_msgs/srv/_GetGeographicMap.py)
Linked: (/xavier_ssd/TrekBot/TrekBot2_WS/devel/.private/geographic_msgs/lib/python2.7/dist-packages/geographic_msgs/srv/__init__.py, /xavier_ssd/TrekBot/TrekBot2_WS/devel/lib/python2.7/dist-packages/geographic_msgs/srv/__init__.py)
Linked: (/xavier_ssd/TrekBot/TrekBot2_WS/devel/.private/geographic_msgs/lib/python2.7/dist-packages/geographic_msgs/srv/_GetRoutePlan.py, /xavier_ssd/TrekBot/TrekBot2_WS/devel/lib/python2.7/dist-packages/geographic_msgs/srv/_GetRoutePlan.py)
Linked: (/xavier_ssd/TrekBot/TrekBot2_WS/devel/.private/geographic_msgs/lib/python2.7/dist-packages/geographic_msgs/srv/_GetGeoPath.py, /xavier_ssd/TrekBot/TrekBot2_WS/devel/lib/python2.7/dist-packages/geographic_msgs/srv/_GetGeoPath.py)
Linked: (/xavier_ssd/TrekBot/TrekBot2_WS/devel/.private/geographic_msgs/lib/python2.7/dist-packages/geographic_msgs/srv/_UpdateGeographicMap.py, /xavier_ssd/TrekBot/TrekBot2_WS/devel/lib/python2.7/dist-packages/geographic_msgs/srv/_UpdateGeographicMap.py)
Linked: (/xavier_ssd/TrekBot/TrekBot2_WS/devel/.private/geographic_msgs/lib/pkgconfig/geographic_msgs.pc, /xavier_ssd/TrekBot/TrekBot2_WS/devel/lib/pkgconfig/geographic_msgs.pc)
Linked: (/xavier_ssd/TrekBot/TrekBot2_WS/devel/.private/geographic_msgs/include/geographic_msgs/GetGeographicMapRequest.h, /xavier_ssd/TrekBot/TrekBot2_WS/devel/include/geographic_msgs/GetGeographicMapRequest.h)
Linked: (/xavier_ssd/TrekBot/TrekBot2_WS/devel/.private/geographic_msgs/include/geographic_msgs/GeoPoseStamped.h, /xavier_ssd/TrekBot/TrekBot2_WS/devel/include/geographic_msgs/GeoPoseStamped.h)
Linked: (/xavier_ssd/TrekBot/TrekBot2_WS/devel/.private/geographic_msgs/include/geographic_msgs/GetRoutePlan.h, /xavier_ssd/TrekBot/TrekBot2_WS/devel/include/geographic_msgs/GetRoutePlan.h)
Linked: (/xavier_ssd/TrekBot/TrekBot2_WS/devel/.private/geographic_msgs/include/geographic_msgs/RoutePath.h, /xavier_ssd/TrekBot/TrekBot2_WS/devel/include/geographic_msgs/RoutePath.h)
Linked: (/xavier_ssd/TrekBot/TrekBot2_WS/devel/.private/geographic_msgs/include/geographic_msgs/UpdateGeographicMapResponse.h, /xavier_ssd/TrekBot/TrekBot2_WS/devel/include/geographic_msgs/UpdateGeographicMapResponse.h)
Linked: (/xavier_ssd/TrekBot/TrekBot2_WS/devel/.private/geographic_msgs/include/geographic_msgs/GetGeoPathRequest.h, /xavier_ssd/TrekBot/TrekBot2_WS/devel/include/geographic_msgs/GetGeoPathRequest.h)
Linked: (/xavier_ssd/TrekBot/TrekBot2_WS/devel/.private/geographic_msgs/include/geographic_msgs/GetGeographicMap.h, /xavier_ssd/TrekBot/TrekBot2_WS/devel/include/geographic_msgs/GetGeographicMap.h)
Linked: (/xavier_ssd/TrekBot/TrekBot2_WS/devel/.private/geographic_msgs/include/geographic_msgs/MapFeature.h, /xavier_ssd/TrekBot/TrekBot2_WS/devel/include/geographic_msgs/MapFeature.h)
Linked: (/xavier_ssd/TrekBot/TrekBot2_WS/devel/.private/geographic_msgs/include/geographic_msgs/WayPoint.h, /xavier_ssd/TrekBot/TrekBot2_WS/devel/include/geographic_msgs/WayPoint.h)
Linked: (/xavier_ssd/TrekBot/TrekBot2_WS/devel/.private/geographic_msgs/include/geographic_msgs/GeoPoint.h, /xavier_ssd/TrekBot/TrekBot2_WS/devel/include/geographic_msgs/GeoPoint.h)
Linked: (/xavier_ssd/TrekBot/TrekBot2_WS/devel/.private/geographic_msgs/include/geographic_msgs/GetRoutePlanRequest.h, /xavier_ssd/TrekBot/TrekBot2_WS/devel/include/geographic_msgs/GetRoutePlanRequest.h)
Linked: (/xavier_ssd/TrekBot/TrekBot2_WS/devel/.private/geographic_msgs/include/geographic_msgs/UpdateGeographicMapRequest.h, /xavier_ssd/TrekBot/TrekBot2_WS/devel/include/geographic_msgs/UpdateGeographicMapRequest.h)
Linked: (/xavier_ssd/TrekBot/TrekBot2_WS/devel/.private/geographic_msgs/include/geographic_msgs/GeoPose.h, /xavier_ssd/TrekBot/TrekBot2_WS/devel/include/geographic_msgs/GeoPose.h)
Linked: (/xavier_ssd/TrekBot/TrekBot2_WS/devel/.private/geographic_msgs/include/geographic_msgs/GetRoutePlanResponse.h, /xavier_ssd/TrekBot/TrekBot2_WS/devel/include/geographic_msgs/GetRoutePlanResponse.h)
Linked: (/xavier_ssd/TrekBot/TrekBot2_WS/devel/.private/geographic_msgs/include/geographic_msgs/GeographicMapChanges.h, /xavier_ssd/TrekBot/TrekBot2_WS/devel/include/geographic_msgs/GeographicMapChanges.h)
Linked: (/xavier_ssd/TrekBot/TrekBot2_WS/devel/.private/geographic_msgs/include/geographic_msgs/GetGeographicMapResponse.h, /xavier_ssd/TrekBot/TrekBot2_WS/devel/include/geographic_msgs/GetGeographicMapResponse.h)
Linked: (/xavier_ssd/TrekBot/TrekBot2_WS/devel/.private/geographic_msgs/include/geographic_msgs/BoundingBox.h, /xavier_ssd/TrekBot/TrekBot2_WS/devel/include/geographic_msgs/BoundingBox.h)
Linked: (/xavier_ssd/TrekBot/TrekBot2_WS/devel/.private/geographic_msgs/include/geographic_msgs/KeyValue.h, /xavier_ssd/TrekBot/TrekBot2_WS/devel/include/geographic_msgs/KeyValue.h)
Linked: (/xavier_ssd/TrekBot/TrekBot2_WS/devel/.private/geographic_msgs/include/geographic_msgs/RouteNetwork.h, /xavier_ssd/TrekBot/TrekBot2_WS/devel/include/geographic_msgs/RouteNetwork.h)
Linked: (/xavier_ssd/TrekBot/TrekBot2_WS/devel/.private/geographic_msgs/include/geographic_msgs/GeoPath.h, /xavier_ssd/TrekBot/TrekBot2_WS/devel/include/geographic_msgs/GeoPath.h)
Linked: (/xavier_ssd/TrekBot/TrekBot2_WS/devel/.private/geographic_msgs/include/geographic_msgs/GetGeoPath.h, /xavier_ssd/TrekBot/TrekBot2_WS/devel/include/geographic_msgs/GetGeoPath.h)
Linked: (/xavier_ssd/TrekBot/TrekBot2_WS/devel/.private/geographic_msgs/include/geographic_msgs/GetGeoPathResponse.h, /xavier_ssd/TrekBot/TrekBot2_WS/devel/include/geographic_msgs/GetGeoPathResponse.h)
Linked: (/xavier_ssd/TrekBot/TrekBot2_WS/devel/.private/geographic_msgs/include/geographic_msgs/GeographicMap.h, /xavier_ssd/TrekBot/TrekBot2_WS/devel/include/geographic_msgs/GeographicMap.h)
Linked: (/xavier_ssd/TrekBot/TrekBot2_WS/devel/.private/geographic_msgs/include/geographic_msgs/GeoPointStamped.h, /xavier_ssd/TrekBot/TrekBot2_WS/devel/include/geographic_msgs/GeoPointStamped.h)
Linked: (/xavier_ssd/TrekBot/TrekBot2_WS/devel/.private/geographic_msgs/include/geographic_msgs/UpdateGeographicMap.h, /xavier_ssd/TrekBot/TrekBot2_WS/devel/include/geographic_msgs/UpdateGeographicMap.h)
Linked: (/xavier_ssd/TrekBot/TrekBot2_WS/devel/.private/geographic_msgs/include/geographic_msgs/RouteSegment.h, /xavier_ssd/TrekBot/TrekBot2_WS/devel/include/geographic_msgs/RouteSegment.h)
