Linked: (/xavier_ssd/TrekBot/TrekBot2_WS/devel/.private/zed_wrapper/share/gennodejs/ros/zed_wrapper/_index.js, /xavier_ssd/TrekBot/TrekBot2_WS/devel/share/gennodejs/ros/zed_wrapper/_index.js)
Linked: (/xavier_ssd/TrekBot/TrekBot2_WS/devel/.private/zed_wrapper/share/gennodejs/ros/zed_wrapper/srv/reset_tracking.js, /xavier_ssd/TrekBot/TrekBot2_WS/devel/share/gennodejs/ros/zed_wrapper/srv/reset_tracking.js)
Linked: (/xavier_ssd/TrekBot/TrekBot2_WS/devel/.private/zed_wrapper/share/gennodejs/ros/zed_wrapper/srv/_index.js, /xavier_ssd/TrekBot/TrekBot2_WS/devel/share/gennodejs/ros/zed_wrapper/srv/_index.js)
Linked: (/xavier_ssd/TrekBot/TrekBot2_WS/devel/.private/zed_wrapper/share/gennodejs/ros/zed_wrapper/srv/reset_odometry.js, /xavier_ssd/TrekBot/TrekBot2_WS/devel/share/gennodejs/ros/zed_wrapper/srv/reset_odometry.js)
Linked: (/xavier_ssd/TrekBot/TrekBot2_WS/devel/.private/zed_wrapper/share/gennodejs/ros/zed_wrapper/srv/set_initial_pose.js, /xavier_ssd/TrekBot/TrekBot2_WS/devel/share/gennodejs/ros/zed_wrapper/srv/set_initial_pose.js)
Linked: (/xavier_ssd/TrekBot/TrekBot2_WS/devel/.private/zed_wrapper/share/common-lisp/ros/zed_wrapper/srv/zed_wrapper-srv.asd, /xavier_ssd/TrekBot/TrekBot2_WS/devel/share/common-lisp/ros/zed_wrapper/srv/zed_wrapper-srv.asd)
Linked: (/xavier_ssd/TrekBot/TrekBot2_WS/devel/.private/zed_wrapper/share/common-lisp/ros/zed_wrapper/srv/reset_odometry.lisp, /xavier_ssd/TrekBot/TrekBot2_WS/devel/share/common-lisp/ros/zed_wrapper/srv/reset_odometry.lisp)
Linked: (/xavier_ssd/TrekBot/TrekBot2_WS/devel/.private/zed_wrapper/share/common-lisp/ros/zed_wrapper/srv/_package_reset_odometry.lisp, /xavier_ssd/TrekBot/TrekBot2_WS/devel/share/common-lisp/ros/zed_wrapper/srv/_package_reset_odometry.lisp)
Linked: (/xavier_ssd/TrekBot/TrekBot2_WS/devel/.private/zed_wrapper/share/common-lisp/ros/zed_wrapper/srv/_package.lisp, /xavier_ssd/TrekBot/TrekBot2_WS/devel/share/common-lisp/ros/zed_wrapper/srv/_package.lisp)
Linked: (/xavier_ssd/TrekBot/TrekBot2_WS/devel/.private/zed_wrapper/share/common-lisp/ros/zed_wrapper/srv/_package_set_initial_pose.lisp, /xavier_ssd/TrekBot/TrekBot2_WS/devel/share/common-lisp/ros/zed_wrapper/srv/_package_set_initial_pose.lisp)
Linked: (/xavier_ssd/TrekBot/TrekBot2_WS/devel/.private/zed_wrapper/share/common-lisp/ros/zed_wrapper/srv/set_initial_pose.lisp, /xavier_ssd/TrekBot/TrekBot2_WS/devel/share/common-lisp/ros/zed_wrapper/srv/set_initial_pose.lisp)
Linked: (/xavier_ssd/TrekBot/TrekBot2_WS/devel/.private/zed_wrapper/share/common-lisp/ros/zed_wrapper/srv/_package_reset_tracking.lisp, /xavier_ssd/TrekBot/TrekBot2_WS/devel/share/common-lisp/ros/zed_wrapper/srv/_package_reset_tracking.lisp)
Linked: (/xavier_ssd/TrekBot/TrekBot2_WS/devel/.private/zed_wrapper/share/common-lisp/ros/zed_wrapper/srv/reset_tracking.lisp, /xavier_ssd/TrekBot/TrekBot2_WS/devel/share/common-lisp/ros/zed_wrapper/srv/reset_tracking.lisp)
Linked: (/xavier_ssd/TrekBot/TrekBot2_WS/devel/.private/zed_wrapper/share/zed_wrapper/cmake/zed_wrapper-msg-extras.cmake, /xavier_ssd/TrekBot/TrekBot2_WS/devel/share/zed_wrapper/cmake/zed_wrapper-msg-extras.cmake)
Linked: (/xavier_ssd/TrekBot/TrekBot2_WS/devel/.private/zed_wrapper/share/zed_wrapper/cmake/zed_wrapper-msg-paths.cmake, /xavier_ssd/TrekBot/TrekBot2_WS/devel/share/zed_wrapper/cmake/zed_wrapper-msg-paths.cmake)
Linked: (/xavier_ssd/TrekBot/TrekBot2_WS/devel/.private/zed_wrapper/share/zed_wrapper/cmake/zed_wrapperConfig-version.cmake, /xavier_ssd/TrekBot/TrekBot2_WS/devel/share/zed_wrapper/cmake/zed_wrapperConfig-version.cmake)
Linked: (/xavier_ssd/TrekBot/TrekBot2_WS/devel/.private/zed_wrapper/share/zed_wrapper/cmake/zed_wrapperConfig.cmake, /xavier_ssd/TrekBot/TrekBot2_WS/devel/share/zed_wrapper/cmake/zed_wrapperConfig.cmake)
Linked: (/xavier_ssd/TrekBot/TrekBot2_WS/devel/.private/zed_wrapper/share/zed_wrapper/docs/ZedConfig-usage.dox, /xavier_ssd/TrekBot/TrekBot2_WS/devel/share/zed_wrapper/docs/ZedConfig-usage.dox)
Linked: (/xavier_ssd/TrekBot/TrekBot2_WS/devel/.private/zed_wrapper/share/zed_wrapper/docs/ZedConfig.wikidoc, /xavier_ssd/TrekBot/TrekBot2_WS/devel/share/zed_wrapper/docs/ZedConfig.wikidoc)
Linked: (/xavier_ssd/TrekBot/TrekBot2_WS/devel/.private/zed_wrapper/share/zed_wrapper/docs/ZedConfig.dox, /xavier_ssd/TrekBot/TrekBot2_WS/devel/share/zed_wrapper/docs/ZedConfig.dox)
Linked: (/xavier_ssd/TrekBot/TrekBot2_WS/devel/.private/zed_wrapper/share/roseus/ros/zed_wrapper/manifest.l, /xavier_ssd/TrekBot/TrekBot2_WS/devel/share/roseus/ros/zed_wrapper/manifest.l)
Linked: (/xavier_ssd/TrekBot/TrekBot2_WS/devel/.private/zed_wrapper/share/roseus/ros/zed_wrapper/srv/reset_odometry.l, /xavier_ssd/TrekBot/TrekBot2_WS/devel/share/roseus/ros/zed_wrapper/srv/reset_odometry.l)
Linked: (/xavier_ssd/TrekBot/TrekBot2_WS/devel/.private/zed_wrapper/share/roseus/ros/zed_wrapper/srv/reset_tracking.l, /xavier_ssd/TrekBot/TrekBot2_WS/devel/share/roseus/ros/zed_wrapper/srv/reset_tracking.l)
Linked: (/xavier_ssd/TrekBot/TrekBot2_WS/devel/.private/zed_wrapper/share/roseus/ros/zed_wrapper/srv/set_initial_pose.l, /xavier_ssd/TrekBot/TrekBot2_WS/devel/share/roseus/ros/zed_wrapper/srv/set_initial_pose.l)
Linked: (/xavier_ssd/TrekBot/TrekBot2_WS/devel/.private/zed_wrapper/lib/libZEDWrapper.so, /xavier_ssd/TrekBot/TrekBot2_WS/devel/lib/libZEDWrapper.so)
Linked: (/xavier_ssd/TrekBot/TrekBot2_WS/devel/.private/zed_wrapper/lib/pkgconfig/zed_wrapper.pc, /xavier_ssd/TrekBot/TrekBot2_WS/devel/lib/pkgconfig/zed_wrapper.pc)
Linked: (/xavier_ssd/TrekBot/TrekBot2_WS/devel/.private/zed_wrapper/lib/python3/dist-packages/zed_wrapper/__init__.py, /xavier_ssd/TrekBot/TrekBot2_WS/devel/lib/python3/dist-packages/zed_wrapper/__init__.py)
Linked: (/xavier_ssd/TrekBot/TrekBot2_WS/devel/.private/zed_wrapper/lib/python3/dist-packages/zed_wrapper/srv/_reset_tracking.py, /xavier_ssd/TrekBot/TrekBot2_WS/devel/lib/python3/dist-packages/zed_wrapper/srv/_reset_tracking.py)
Linked: (/xavier_ssd/TrekBot/TrekBot2_WS/devel/.private/zed_wrapper/lib/python3/dist-packages/zed_wrapper/srv/__init__.py, /xavier_ssd/TrekBot/TrekBot2_WS/devel/lib/python3/dist-packages/zed_wrapper/srv/__init__.py)
Linked: (/xavier_ssd/TrekBot/TrekBot2_WS/devel/.private/zed_wrapper/lib/python3/dist-packages/zed_wrapper/srv/_set_initial_pose.py, /xavier_ssd/TrekBot/TrekBot2_WS/devel/lib/python3/dist-packages/zed_wrapper/srv/_set_initial_pose.py)
Linked: (/xavier_ssd/TrekBot/TrekBot2_WS/devel/.private/zed_wrapper/lib/python3/dist-packages/zed_wrapper/srv/_reset_odometry.py, /xavier_ssd/TrekBot/TrekBot2_WS/devel/lib/python3/dist-packages/zed_wrapper/srv/_reset_odometry.py)
Linked: (/xavier_ssd/TrekBot/TrekBot2_WS/devel/.private/zed_wrapper/lib/python3/dist-packages/zed_wrapper/cfg/ZedConfig.py, /xavier_ssd/TrekBot/TrekBot2_WS/devel/lib/python3/dist-packages/zed_wrapper/cfg/ZedConfig.py)
Linked: (/xavier_ssd/TrekBot/TrekBot2_WS/devel/.private/zed_wrapper/lib/python3/dist-packages/zed_wrapper/cfg/__init__.py, /xavier_ssd/TrekBot/TrekBot2_WS/devel/lib/python3/dist-packages/zed_wrapper/cfg/__init__.py)
Linked: (/xavier_ssd/TrekBot/TrekBot2_WS/devel/.private/zed_wrapper/lib/zed_wrapper/zed_wrapper_node, /xavier_ssd/TrekBot/TrekBot2_WS/devel/lib/zed_wrapper/zed_wrapper_node)
Linked: (/xavier_ssd/TrekBot/TrekBot2_WS/devel/.private/zed_wrapper/include/zed_wrapper/reset_odometryRequest.h, /xavier_ssd/TrekBot/TrekBot2_WS/devel/include/zed_wrapper/reset_odometryRequest.h)
Linked: (/xavier_ssd/TrekBot/TrekBot2_WS/devel/.private/zed_wrapper/include/zed_wrapper/reset_odometryResponse.h, /xavier_ssd/TrekBot/TrekBot2_WS/devel/include/zed_wrapper/reset_odometryResponse.h)
Linked: (/xavier_ssd/TrekBot/TrekBot2_WS/devel/.private/zed_wrapper/include/zed_wrapper/reset_trackingResponse.h, /xavier_ssd/TrekBot/TrekBot2_WS/devel/include/zed_wrapper/reset_trackingResponse.h)
Linked: (/xavier_ssd/TrekBot/TrekBot2_WS/devel/.private/zed_wrapper/include/zed_wrapper/set_initial_poseResponse.h, /xavier_ssd/TrekBot/TrekBot2_WS/devel/include/zed_wrapper/set_initial_poseResponse.h)
Linked: (/xavier_ssd/TrekBot/TrekBot2_WS/devel/.private/zed_wrapper/include/zed_wrapper/set_initial_pose.h, /xavier_ssd/TrekBot/TrekBot2_WS/devel/include/zed_wrapper/set_initial_pose.h)
Linked: (/xavier_ssd/TrekBot/TrekBot2_WS/devel/.private/zed_wrapper/include/zed_wrapper/reset_odometry.h, /xavier_ssd/TrekBot/TrekBot2_WS/devel/include/zed_wrapper/reset_odometry.h)
Linked: (/xavier_ssd/TrekBot/TrekBot2_WS/devel/.private/zed_wrapper/include/zed_wrapper/reset_tracking.h, /xavier_ssd/TrekBot/TrekBot2_WS/devel/include/zed_wrapper/reset_tracking.h)
Linked: (/xavier_ssd/TrekBot/TrekBot2_WS/devel/.private/zed_wrapper/include/zed_wrapper/reset_trackingRequest.h, /xavier_ssd/TrekBot/TrekBot2_WS/devel/include/zed_wrapper/reset_trackingRequest.h)
Linked: (/xavier_ssd/TrekBot/TrekBot2_WS/devel/.private/zed_wrapper/include/zed_wrapper/set_initial_poseRequest.h, /xavier_ssd/TrekBot/TrekBot2_WS/devel/include/zed_wrapper/set_initial_poseRequest.h)
Linked: (/xavier_ssd/TrekBot/TrekBot2_WS/devel/.private/zed_wrapper/include/zed_wrapper/ZedConfig.h, /xavier_ssd/TrekBot/TrekBot2_WS/devel/include/zed_wrapper/ZedConfig.h)
