Symlinking /xavier_ssd/TrekBot/TrekBot2_WS/devel/share/gennodejs/ros/zed_wrapper/_index.js
Symlinking /xavier_ssd/TrekBot/TrekBot2_WS/devel/share/gennodejs/ros/zed_wrapper/srv/reset_tracking.js
Symlinking /xavier_ssd/TrekBot/TrekBot2_WS/devel/share/gennodejs/ros/zed_wrapper/srv/_index.js
Symlinking /xavier_ssd/TrekBot/TrekBot2_WS/devel/share/gennodejs/ros/zed_wrapper/srv/reset_odometry.js
Symlinking /xavier_ssd/TrekBot/TrekBot2_WS/devel/share/gennodejs/ros/zed_wrapper/srv/set_initial_pose.js
Symlinking /xavier_ssd/TrekBot/TrekBot2_WS/devel/share/common-lisp/ros/zed_wrapper/srv/zed_wrapper-srv.asd
Symlinking /xavier_ssd/TrekBot/TrekBot2_WS/devel/share/common-lisp/ros/zed_wrapper/srv/reset_odometry.lisp
Symlinking /xavier_ssd/TrekBot/TrekBot2_WS/devel/share/common-lisp/ros/zed_wrapper/srv/_package_reset_odometry.lisp
Symlinking /xavier_ssd/TrekBot/TrekBot2_WS/devel/share/common-lisp/ros/zed_wrapper/srv/_package.lisp
Symlinking /xavier_ssd/TrekBot/TrekBot2_WS/devel/share/common-lisp/ros/zed_wrapper/srv/_package_set_initial_pose.lisp
Symlinking /xavier_ssd/TrekBot/TrekBot2_WS/devel/share/common-lisp/ros/zed_wrapper/srv/set_initial_pose.lisp
Symlinking /xavier_ssd/TrekBot/TrekBot2_WS/devel/share/common-lisp/ros/zed_wrapper/srv/_package_reset_tracking.lisp
Symlinking /xavier_ssd/TrekBot/TrekBot2_WS/devel/share/common-lisp/ros/zed_wrapper/srv/reset_tracking.lisp
Symlinking /xavier_ssd/TrekBot/TrekBot2_WS/devel/share/zed_wrapper/cmake/zed_wrapper-msg-extras.cmake
Symlinking /xavier_ssd/TrekBot/TrekBot2_WS/devel/share/zed_wrapper/cmake/zed_wrapper-msg-paths.cmake
Symlinking /xavier_ssd/TrekBot/TrekBot2_WS/devel/share/zed_wrapper/cmake/zed_wrapperConfig-version.cmake
Symlinking /xavier_ssd/TrekBot/TrekBot2_WS/devel/share/zed_wrapper/cmake/zed_wrapperConfig.cmake
Symlinking /xavier_ssd/TrekBot/TrekBot2_WS/devel/share/zed_wrapper/docs/ZedConfig-usage.dox
Symlinking /xavier_ssd/TrekBot/TrekBot2_WS/devel/share/zed_wrapper/docs/ZedConfig.wikidoc
Symlinking /xavier_ssd/TrekBot/TrekBot2_WS/devel/share/zed_wrapper/docs/ZedConfig.dox
Symlinking /xavier_ssd/TrekBot/TrekBot2_WS/devel/share/roseus/ros/zed_wrapper/manifest.l
Symlinking /xavier_ssd/TrekBot/TrekBot2_WS/devel/share/roseus/ros/zed_wrapper/srv/reset_odometry.l
Symlinking /xavier_ssd/TrekBot/TrekBot2_WS/devel/share/roseus/ros/zed_wrapper/srv/reset_tracking.l
Symlinking /xavier_ssd/TrekBot/TrekBot2_WS/devel/share/roseus/ros/zed_wrapper/srv/set_initial_pose.l
Symlinking /xavier_ssd/TrekBot/TrekBot2_WS/devel/lib/libZEDWrapper.so
Symlinking /xavier_ssd/TrekBot/TrekBot2_WS/devel/lib/pkgconfig/zed_wrapper.pc
Symlinking /xavier_ssd/TrekBot/TrekBot2_WS/devel/lib/python3/dist-packages/zed_wrapper/__init__.py
Symlinking /xavier_ssd/TrekBot/TrekBot2_WS/devel/lib/python3/dist-packages/zed_wrapper/srv/_reset_tracking.py
Symlinking /xavier_ssd/TrekBot/TrekBot2_WS/devel/lib/python3/dist-packages/zed_wrapper/srv/__init__.py
Symlinking /xavier_ssd/TrekBot/TrekBot2_WS/devel/lib/python3/dist-packages/zed_wrapper/srv/_set_initial_pose.py
Symlinking /xavier_ssd/TrekBot/TrekBot2_WS/devel/lib/python3/dist-packages/zed_wrapper/srv/_reset_odometry.py
Symlinking /xavier_ssd/TrekBot/TrekBot2_WS/devel/lib/python3/dist-packages/zed_wrapper/cfg/ZedConfig.py
Symlinking /xavier_ssd/TrekBot/TrekBot2_WS/devel/lib/python3/dist-packages/zed_wrapper/cfg/__init__.py
Symlinking /xavier_ssd/TrekBot/TrekBot2_WS/devel/lib/zed_wrapper/zed_wrapper_node
Symlinking /xavier_ssd/TrekBot/TrekBot2_WS/devel/include/zed_wrapper/reset_odometryRequest.h
Symlinking /xavier_ssd/TrekBot/TrekBot2_WS/devel/include/zed_wrapper/reset_odometryResponse.h
Symlinking /xavier_ssd/TrekBot/TrekBot2_WS/devel/include/zed_wrapper/reset_trackingResponse.h
Symlinking /xavier_ssd/TrekBot/TrekBot2_WS/devel/include/zed_wrapper/set_initial_poseResponse.h
Symlinking /xavier_ssd/TrekBot/TrekBot2_WS/devel/include/zed_wrapper/set_initial_pose.h
Symlinking /xavier_ssd/TrekBot/TrekBot2_WS/devel/include/zed_wrapper/reset_odometry.h
Symlinking /xavier_ssd/TrekBot/TrekBot2_WS/devel/include/zed_wrapper/reset_tracking.h
Symlinking /xavier_ssd/TrekBot/TrekBot2_WS/devel/include/zed_wrapper/reset_trackingRequest.h
Symlinking /xavier_ssd/TrekBot/TrekBot2_WS/devel/include/zed_wrapper/set_initial_poseRequest.h
Symlinking /xavier_ssd/TrekBot/TrekBot2_WS/devel/include/zed_wrapper/ZedConfig.h
Cleaning: (/xavier_ssd/TrekBot/TrekBot2_WS/devel/.private/zed_wrapper/lib/python2.7/dist-packages/zed_wrapper/__init__.py, /xavier_ssd/TrekBot/TrekBot2_WS/devel/lib/python2.7/dist-packages/zed_wrapper/__init__.py)
Cleaning: (/xavier_ssd/TrekBot/TrekBot2_WS/devel/.private/zed_wrapper/lib/python2.7/dist-packages/zed_wrapper/srv/_reset_tracking.py, /xavier_ssd/TrekBot/TrekBot2_WS/devel/lib/python2.7/dist-packages/zed_wrapper/srv/_reset_tracking.py)
Cleaning: (/xavier_ssd/TrekBot/TrekBot2_WS/devel/.private/zed_wrapper/lib/python2.7/dist-packages/zed_wrapper/srv/__init__.py, /xavier_ssd/TrekBot/TrekBot2_WS/devel/lib/python2.7/dist-packages/zed_wrapper/srv/__init__.py)
Cleaning: (/xavier_ssd/TrekBot/TrekBot2_WS/devel/.private/zed_wrapper/lib/python2.7/dist-packages/zed_wrapper/srv/_set_initial_pose.py, /xavier_ssd/TrekBot/TrekBot2_WS/devel/lib/python2.7/dist-packages/zed_wrapper/srv/_set_initial_pose.py)
Cleaning: (/xavier_ssd/TrekBot/TrekBot2_WS/devel/.private/zed_wrapper/lib/python2.7/dist-packages/zed_wrapper/srv/_reset_odometry.py, /xavier_ssd/TrekBot/TrekBot2_WS/devel/lib/python2.7/dist-packages/zed_wrapper/srv/_reset_odometry.py)
Cleaning: (/xavier_ssd/TrekBot/TrekBot2_WS/devel/.private/zed_wrapper/lib/python2.7/dist-packages/zed_wrapper/cfg/ZedConfig.py, /xavier_ssd/TrekBot/TrekBot2_WS/devel/lib/python2.7/dist-packages/zed_wrapper/cfg/ZedConfig.py)
Cleaning: (/xavier_ssd/TrekBot/TrekBot2_WS/devel/.private/zed_wrapper/lib/python2.7/dist-packages/zed_wrapper/cfg/__init__.py, /xavier_ssd/TrekBot/TrekBot2_WS/devel/lib/python2.7/dist-packages/zed_wrapper/cfg/__init__.py)
Unlinking: /xavier_ssd/TrekBot/TrekBot2_WS/devel/lib/python2.7/dist-packages/zed_wrapper/__init__.py
Already unlinked: {}
Unlinking: /xavier_ssd/TrekBot/TrekBot2_WS/devel/lib/python2.7/dist-packages/zed_wrapper/srv/_reset_tracking.py
Already unlinked: {}
Unlinking: /xavier_ssd/TrekBot/TrekBot2_WS/devel/lib/python2.7/dist-packages/zed_wrapper/srv/__init__.py
Already unlinked: {}
Unlinking: /xavier_ssd/TrekBot/TrekBot2_WS/devel/lib/python2.7/dist-packages/zed_wrapper/srv/_set_initial_pose.py
Already unlinked: {}
Unlinking: /xavier_ssd/TrekBot/TrekBot2_WS/devel/lib/python2.7/dist-packages/zed_wrapper/srv/_reset_odometry.py
Already unlinked: {}
Unlinking: /xavier_ssd/TrekBot/TrekBot2_WS/devel/lib/python2.7/dist-packages/zed_wrapper/cfg/ZedConfig.py
Already unlinked: {}
Unlinking: /xavier_ssd/TrekBot/TrekBot2_WS/devel/lib/python2.7/dist-packages/zed_wrapper/cfg/__init__.py
Already unlinked: {}
