[ 18%] Built target gtest
[ 18%] Built target tf2_msgs_generate_messages_nodejs
[ 18%] Built target tf2_msgs_generate_messages_py
[ 18%] Built target tf2_msgs_generate_messages_lisp
[ 18%] Built target tf2_msgs_generate_messages_eus
[ 18%] Built target rosgraph_msgs_generate_messages_nodejs
[ 18%] Built target rosgraph_msgs_generate_messages_py
[ 18%] Built target std_msgs_generate_messages_eus
[ 18%] Built target rosgraph_msgs_generate_messages_lisp
[ 18%] Built target rosgraph_msgs_generate_messages_eus
[ 18%] Built target actionlib_msgs_generate_messages_cpp
[ 18%] Built target rosgraph_msgs_generate_messages_cpp
[ 18%] Built target roscpp_generate_messages_py
[ 18%] Built target std_msgs_generate_messages_py
[ 18%] Built target nav_msgs_generate_messages_py
[ 18%] Built target geometry_msgs_generate_messages_eus
[ 18%] Built target roscpp_generate_messages_nodejs
[ 18%] Built target roscpp_generate_messages_eus
[ 18%] Built target roscpp_generate_messages_lisp
[ 18%] Built target nav_msgs_generate_messages_lisp
[ 18%] Built target roscpp_generate_messages_cpp
[ 18%] Built target actionlib_msgs_generate_messages_nodejs
[ 18%] Built target std_msgs_generate_messages_cpp
[ 18%] Built target nav_msgs_generate_messages_nodejs
[ 18%] Built target geometry_msgs_generate_messages_nodejs
[ 18%] Built target std_msgs_generate_messages_lisp
[ 18%] Built target std_msgs_generate_messages_nodejs
[ 18%] Built target nav_msgs_generate_messages_cpp
[ 18%] Built target nav_msgs_generate_messages_eus
[ 18%] Built target geometry_msgs_generate_messages_cpp
[ 18%] Built target geometry_msgs_generate_messages_lisp
[ 18%] Built target geometry_msgs_generate_messages_py
[ 18%] Built target actionlib_msgs_generate_messages_eus
[ 18%] Built target actionlib_msgs_generate_messages_lisp
[ 18%] Built target actionlib_msgs_generate_messages_py
[ 18%] Built target tf2_msgs_generate_messages_cpp
[ 27%] [32m[1mLinking CXX executable /xavier_ssd/TrekBot/TrekBot2_WS/devel/.private/map_server/lib/map_server/rtest[0m
[ 45%] Built target rtest
[ 54%] [32m[1mLinking CXX executable /xavier_ssd/TrekBot/TrekBot2_WS/devel/.private/map_server/lib/map_server/map_saver[0m
[ 63%] [32m[1mLinking CXX shared library /xavier_ssd/TrekBot/TrekBot2_WS/devel/.private/map_server/lib/libmap_server_image_loader.so[0m
[ 72%] Built target map_server-map_saver
[ 81%] Built target map_server_image_loader
[ 90%] [32m[1mLinking CXX executable /xavier_ssd/TrekBot/TrekBot2_WS/devel/.private/map_server/lib/map_server/map_server[0m
[100%] Built target map_server
