Determining if the pthread_create exist failed with the following output:
Change Dir: /xavier_ssd/TrekBot/TrekBot2_WS/build/geodesy/CMakeFiles/CMakeTmp

Run Build Command:"/usr/bin/make" "cmTC_37707/fast"
/usr/bin/make -f CMakeFiles/cmTC_37707.dir/build.make CMakeFiles/cmTC_37707.dir/build
make[1]: Entering directory '/xavier_ssd/TrekBot/TrekBot2_WS/build/geodesy/CMakeFiles/CMakeTmp'
Building C object CMakeFiles/cmTC_37707.dir/CheckSymbolExists.c.o
/usr/bin/cc    -o CMakeFiles/cmTC_37707.dir/CheckSymbolExists.c.o   -c /xavier_ssd/TrekBot/TrekBot2_WS/build/geodesy/CMakeFiles/CMakeTmp/CheckSymbolExists.c
Linking C executable cmTC_37707
/usr/bin/cmake -E cmake_link_script CMakeFiles/cmTC_37707.dir/link.txt --verbose=1
/usr/bin/cc      -rdynamic CMakeFiles/cmTC_37707.dir/CheckSymbolExists.c.o  -o cmTC_37707 
CMakeFiles/cmTC_37707.dir/CheckSymbolExists.c.o: In function `main':
CheckSymbolExists.c:(.text+0x14): undefined reference to `pthread_create'
CheckSymbolExists.c:(.text+0x18): undefined reference to `pthread_create'
collect2: error: ld returned 1 exit status
CMakeFiles/cmTC_37707.dir/build.make:97: recipe for target 'cmTC_37707' failed
make[1]: *** [cmTC_37707] Error 1
make[1]: Leaving directory '/xavier_ssd/TrekBot/TrekBot2_WS/build/geodesy/CMakeFiles/CMakeTmp'
Makefile:126: recipe for target 'cmTC_37707/fast' failed
make: *** [cmTC_37707/fast] Error 2

File /xavier_ssd/TrekBot/TrekBot2_WS/build/geodesy/CMakeFiles/CMakeTmp/CheckSymbolExists.c:
/* */
#include <pthread.h>

int main(int argc, char** argv)
{
  (void)argv;
#ifndef pthread_create
  return ((int*)(&pthread_create))[argc];
#else
  (void)argc;
  return 0;
#endif
}

Determining if the function pthread_create exists in the pthreads failed with the following output:
Change Dir: /xavier_ssd/TrekBot/TrekBot2_WS/build/geodesy/CMakeFiles/CMakeTmp

Run Build Command:"/usr/bin/make" "cmTC_4c8b6/fast"
/usr/bin/make -f CMakeFiles/cmTC_4c8b6.dir/build.make CMakeFiles/cmTC_4c8b6.dir/build
make[1]: Entering directory '/xavier_ssd/TrekBot/TrekBot2_WS/build/geodesy/CMakeFiles/CMakeTmp'
Building C object CMakeFiles/cmTC_4c8b6.dir/CheckFunctionExists.c.o
/usr/bin/cc   -DCHECK_FUNCTION_EXISTS=pthread_create   -o CMakeFiles/cmTC_4c8b6.dir/CheckFunctionExists.c.o   -c /usr/share/cmake-3.10/Modules/CheckFunctionExists.c
Linking C executable cmTC_4c8b6
/usr/bin/cmake -E cmake_link_script CMakeFiles/cmTC_4c8b6.dir/link.txt --verbose=1
/usr/bin/cc  -DCHECK_FUNCTION_EXISTS=pthread_create    -rdynamic CMakeFiles/cmTC_4c8b6.dir/CheckFunctionExists.c.o  -o cmTC_4c8b6 -lpthreads 
/usr/bin/ld: cannot find -lpthreads
collect2: error: ld returned 1 exit status
CMakeFiles/cmTC_4c8b6.dir/build.make:97: recipe for target 'cmTC_4c8b6' failed
make[1]: *** [cmTC_4c8b6] Error 1
make[1]: Leaving directory '/xavier_ssd/TrekBot/TrekBot2_WS/build/geodesy/CMakeFiles/CMakeTmp'
Makefile:126: recipe for target 'cmTC_4c8b6/fast' failed
make: *** [cmTC_4c8b6/fast] Error 2


