Determining if the pthread_create exist failed with the following output:
Change Dir: /xavier_ssd/TrekBot/TrekBot_WS/build_isolated/moveit_core/CMakeFiles/CMakeTmp

Run Build Command:"/usr/bin/ninja" "cmTC_fc181"
[1/2] Building C object CMakeFiles/cmTC_fc181.dir/CheckSymbolExists.c.o
[2/2] Linking C executable cmTC_fc181
FAILED: cmTC_fc181 
: && /usr/bin/cc   -rdynamic CMakeFiles/cmTC_fc181.dir/CheckSymbolExists.c.o  -o cmTC_fc181   && :
CMakeFiles/cmTC_fc181.dir/CheckSymbolExists.c.o: In function `main':
CheckSymbolExists.c:(.text+0x14): undefined reference to `pthread_create'
CheckSymbolExists.c:(.text+0x18): undefined reference to `pthread_create'
collect2: error: ld returned 1 exit status
ninja: build stopped: subcommand failed.

File /xavier_ssd/TrekBot/TrekBot_WS/build_isolated/moveit_core/CMakeFiles/CMakeTmp/CheckSymbolExists.c:
/* */
#include <pthread.h>

int main(int argc, char** argv)
{
  (void)argv;
#ifndef pthread_create
  return ((int*)(&pthread_create))[argc];
#else
  (void)argc;
  return 0;
#endif
}

Determining if the function pthread_create exists in the pthreads failed with the following output:
Change Dir: /xavier_ssd/TrekBot/TrekBot_WS/build_isolated/moveit_core/CMakeFiles/CMakeTmp

Run Build Command:"/usr/bin/ninja" "cmTC_da41a"
[1/2] Building C object CMakeFiles/cmTC_da41a.dir/CheckFunctionExists.c.o
[2/2] Linking C executable cmTC_da41a
FAILED: cmTC_da41a 
: && /usr/bin/cc -DCHECK_FUNCTION_EXISTS=pthread_create  -rdynamic CMakeFiles/cmTC_da41a.dir/CheckFunctionExists.c.o  -o cmTC_da41a  -lpthreads && :
/usr/bin/ld: cannot find -lpthreads
collect2: error: ld returned 1 exit status
ninja: build stopped: subcommand failed.


