Determining if the pthread_create exist failed with the following output:
Change Dir: /xavier_ssd/TrekBot/TrekBot2_WS/build/orb_slam_2_ros/CMakeFiles/CMakeTmp

Run Build Command:"/usr/bin/make" "cmTC_16bf5/fast"
/usr/bin/make -f CMakeFiles/cmTC_16bf5.dir/build.make CMakeFiles/cmTC_16bf5.dir/build
make[1]: Entering directory '/xavier_ssd/TrekBot/TrekBot2_WS/build/orb_slam_2_ros/CMakeFiles/CMakeTmp'
Building C object CMakeFiles/cmTC_16bf5.dir/CheckSymbolExists.c.o
/usr/bin/cc    -o CMakeFiles/cmTC_16bf5.dir/CheckSymbolExists.c.o   -c /xavier_ssd/TrekBot/TrekBot2_WS/build/orb_slam_2_ros/CMakeFiles/CMakeTmp/CheckSymbolExists.c
Linking C executable cmTC_16bf5
/usr/bin/cmake -E cmake_link_script CMakeFiles/cmTC_16bf5.dir/link.txt --verbose=1
/usr/bin/cc      -rdynamic CMakeFiles/cmTC_16bf5.dir/CheckSymbolExists.c.o  -o cmTC_16bf5 
CMakeFiles/cmTC_16bf5.dir/CheckSymbolExists.c.o: In function `main':
CheckSymbolExists.c:(.text+0x14): undefined reference to `pthread_create'
CheckSymbolExists.c:(.text+0x18): undefined reference to `pthread_create'
collect2: error: ld returned 1 exit status
CMakeFiles/cmTC_16bf5.dir/build.make:97: recipe for target 'cmTC_16bf5' failed
make[1]: *** [cmTC_16bf5] Error 1
make[1]: Leaving directory '/xavier_ssd/TrekBot/TrekBot2_WS/build/orb_slam_2_ros/CMakeFiles/CMakeTmp'
Makefile:126: recipe for target 'cmTC_16bf5/fast' failed
make: *** [cmTC_16bf5/fast] Error 2

File /xavier_ssd/TrekBot/TrekBot2_WS/build/orb_slam_2_ros/CMakeFiles/CMakeTmp/CheckSymbolExists.c:
/* */
#include <pthread.h>

int main(int argc, char** argv)
{
  (void)argv;
#ifndef pthread_create
  return ((int*)(&pthread_create))[argc];
#else
  (void)argc;
  return 0;
#endif
}

Determining if the function pthread_create exists in the pthreads failed with the following output:
Change Dir: /xavier_ssd/TrekBot/TrekBot2_WS/build/orb_slam_2_ros/CMakeFiles/CMakeTmp

Run Build Command:"/usr/bin/make" "cmTC_12feb/fast"
/usr/bin/make -f CMakeFiles/cmTC_12feb.dir/build.make CMakeFiles/cmTC_12feb.dir/build
make[1]: Entering directory '/xavier_ssd/TrekBot/TrekBot2_WS/build/orb_slam_2_ros/CMakeFiles/CMakeTmp'
Building C object CMakeFiles/cmTC_12feb.dir/CheckFunctionExists.c.o
/usr/bin/cc   -DCHECK_FUNCTION_EXISTS=pthread_create   -o CMakeFiles/cmTC_12feb.dir/CheckFunctionExists.c.o   -c /usr/share/cmake-3.10/Modules/CheckFunctionExists.c
Linking C executable cmTC_12feb
/usr/bin/cmake -E cmake_link_script CMakeFiles/cmTC_12feb.dir/link.txt --verbose=1
/usr/bin/cc  -DCHECK_FUNCTION_EXISTS=pthread_create    -rdynamic CMakeFiles/cmTC_12feb.dir/CheckFunctionExists.c.o  -o cmTC_12feb -lpthreads 
/usr/bin/ld: cannot find -lpthreads
collect2: error: ld returned 1 exit status
CMakeFiles/cmTC_12feb.dir/build.make:97: recipe for target 'cmTC_12feb' failed
make[1]: *** [cmTC_12feb] Error 1
make[1]: Leaving directory '/xavier_ssd/TrekBot/TrekBot2_WS/build/orb_slam_2_ros/CMakeFiles/CMakeTmp'
Makefile:126: recipe for target 'cmTC_12feb/fast' failed
make: *** [cmTC_12feb/fast] Error 2


