[  0%] Built target geometry_msgs_generate_messages_cpp
[  0%] Built target _tf2_msgs_generate_messages_check_deps_LookupTransformResult
[  0%] Built target _tf2_msgs_generate_messages_check_deps_TF2Error
[  0%] Built target std_msgs_generate_messages_cpp
[  0%] Built target _tf2_msgs_generate_messages_check_deps_FrameGraph
[  0%] Built target _tf2_msgs_generate_messages_check_deps_LookupTransformGoal
[  0%] Built target _tf2_msgs_generate_messages_check_deps_LookupTransformActionGoal
[  0%] Built target actionlib_msgs_generate_messages_cpp
[  0%] Built target _tf2_msgs_generate_messages_check_deps_TFMessage
[  0%] Built target _tf2_msgs_generate_messages_check_deps_LookupTransformFeedback
[  0%] Built target std_msgs_generate_messages_nodejs
[  0%] Built target geometry_msgs_generate_messages_nodejs
[  0%] Built target _tf2_msgs_generate_messages_check_deps_LookupTransformAction
[  0%] Built target _tf2_msgs_generate_messages_check_deps_LookupTransformActionResult
[  0%] Built target actionlib_msgs_generate_messages_nodejs
[  0%] Built target _tf2_msgs_generate_messages_check_deps_LookupTransformActionFeedback
[  0%] Built target std_msgs_generate_messages_py
[  0%] Built target geometry_msgs_generate_messages_py
[  0%] Built target actionlib_msgs_generate_messages_py
[  0%] Built target geometry_msgs_generate_messages_lisp
[  0%] Built target actionlib_msgs_generate_messages_lisp
[  0%] Built target std_msgs_generate_messages_lisp
[  0%] Built target std_msgs_generate_messages_eus
[  0%] Built target geometry_msgs_generate_messages_eus
[  0%] Built target actionlib_msgs_generate_messages_eus
[  1%] [34m[1mGenerating Javascript code from tf2_msgs/TFMessage.msg[0m
[  3%] [34m[1mGenerating C++ code from tf2_msgs/TFMessage.msg[0m
[  5%] [34m[1mGenerating Javascript code from tf2_msgs/LookupTransformAction.msg[0m
[  7%] [34m[1mGenerating Python from MSG tf2_msgs/TFMessage[0m
[  9%] [34m[1mGenerating Lisp code from tf2_msgs/TFMessage.msg[0m
[ 11%] [34m[1mGenerating EusLisp code from tf2_msgs/TFMessage.msg[0m
[ 13%] [34m[1mGenerating EusLisp code from tf2_msgs/LookupTransformAction.msg[0m
[ 15%] [34m[1mGenerating Javascript code from tf2_msgs/LookupTransformActionGoal.msg[0m
[ 16%] [34m[1mGenerating Lisp code from tf2_msgs/LookupTransformAction.msg[0m
[ 18%] [34m[1mGenerating Python from MSG tf2_msgs/LookupTransformAction[0m
[ 20%] [34m[1mGenerating EusLisp code from tf2_msgs/LookupTransformActionGoal.msg[0m
[ 22%] [34m[1mGenerating C++ code from tf2_msgs/LookupTransformAction.msg[0m
[ 24%] [34m[1mGenerating Javascript code from tf2_msgs/LookupTransformActionResult.msg[0m
[ 26%] [34m[1mGenerating Lisp code from tf2_msgs/LookupTransformActionGoal.msg[0m
[ 28%] [34m[1mGenerating EusLisp code from tf2_msgs/LookupTransformActionResult.msg[0m
[ 30%] [34m[1mGenerating Python from MSG tf2_msgs/LookupTransformActionGoal[0m
[ 32%] [34m[1mGenerating Javascript code from tf2_msgs/LookupTransformActionFeedback.msg[0m
[ 33%] [34m[1mGenerating EusLisp code from tf2_msgs/LookupTransformActionFeedback.msg[0m
[ 35%] [34m[1mGenerating Lisp code from tf2_msgs/LookupTransformActionResult.msg[0m
[ 37%] [34m[1mGenerating EusLisp code from tf2_msgs/LookupTransformResult.msg[0m
[ 39%] [34m[1mGenerating Python from MSG tf2_msgs/LookupTransformActionResult[0m
[ 41%] [34m[1mGenerating C++ code from tf2_msgs/LookupTransformActionGoal.msg[0m
[ 43%] [34m[1mGenerating Javascript code from tf2_msgs/LookupTransformResult.msg[0m
[ 45%] [34m[1mGenerating Lisp code from tf2_msgs/LookupTransformActionFeedback.msg[0m
[ 47%] [34m[1mGenerating Lisp code from tf2_msgs/LookupTransformResult.msg[0m
[ 54%] Built target tf2_msgs_generate_messages_nodejs
[ 56%] [34m[1mGenerating Python from MSG tf2_msgs/LookupTransformActionFeedback[0m
[ 58%] [34m[1mGenerating Python from MSG tf2_msgs/LookupTransformResult[0m
[ 67%] Built target tf2_msgs_generate_messages_eus
[ 69%] [34m[1mGenerating C++ code from tf2_msgs/LookupTransformActionResult.msg[0m
[ 71%] [34m[1mGenerating C++ code from tf2_msgs/LookupTransformActionFeedback.msg[0m
[ 79%] Built target tf2_msgs_generate_messages_lisp
[ 81%] [34m[1mGenerating C++ code from tf2_msgs/LookupTransformResult.msg[0m
[ 84%] [34m[1mGenerating Python msg __init__.py for tf2_msgs[0m
[ 84%] [34m[1mGenerating Python srv __init__.py for tf2_msgs[0m
[ 92%] Built target tf2_msgs_generate_messages_cpp
[100%] Built target tf2_msgs_generate_messages_py
[100%] Built target tf2_msgs_generate_messages
