Determining if the pthread_create exist failed with the following output:
Change Dir: /xavier_ssd/TrekBot/TrekBot2_WS/build/catkin_simple/CMakeFiles/CMakeTmp

Run Build Command:"/usr/bin/make" "cmTC_00a54/fast"
/usr/bin/make -f CMakeFiles/cmTC_00a54.dir/build.make CMakeFiles/cmTC_00a54.dir/build
make[1]: Entering directory '/xavier_ssd/TrekBot/TrekBot2_WS/build/catkin_simple/CMakeFiles/CMakeTmp'
Building C object CMakeFiles/cmTC_00a54.dir/CheckSymbolExists.c.o
/usr/bin/cc    -o CMakeFiles/cmTC_00a54.dir/CheckSymbolExists.c.o   -c /xavier_ssd/TrekBot/TrekBot2_WS/build/catkin_simple/CMakeFiles/CMakeTmp/CheckSymbolExists.c
Linking C executable cmTC_00a54
/usr/bin/cmake -E cmake_link_script CMakeFiles/cmTC_00a54.dir/link.txt --verbose=1
/usr/bin/cc      -rdynamic CMakeFiles/cmTC_00a54.dir/CheckSymbolExists.c.o  -o cmTC_00a54 
CMakeFiles/cmTC_00a54.dir/CheckSymbolExists.c.o: In function `main':
CheckSymbolExists.c:(.text+0x14): undefined reference to `pthread_create'
CheckSymbolExists.c:(.text+0x18): undefined reference to `pthread_create'
collect2: error: ld returned 1 exit status
CMakeFiles/cmTC_00a54.dir/build.make:97: recipe for target 'cmTC_00a54' failed
make[1]: *** [cmTC_00a54] Error 1
make[1]: Leaving directory '/xavier_ssd/TrekBot/TrekBot2_WS/build/catkin_simple/CMakeFiles/CMakeTmp'
Makefile:126: recipe for target 'cmTC_00a54/fast' failed
make: *** [cmTC_00a54/fast] Error 2

File /xavier_ssd/TrekBot/TrekBot2_WS/build/catkin_simple/CMakeFiles/CMakeTmp/CheckSymbolExists.c:
/* */
#include <pthread.h>

int main(int argc, char** argv)
{
  (void)argv;
#ifndef pthread_create
  return ((int*)(&pthread_create))[argc];
#else
  (void)argc;
  return 0;
#endif
}

Determining if the function pthread_create exists in the pthreads failed with the following output:
Change Dir: /xavier_ssd/TrekBot/TrekBot2_WS/build/catkin_simple/CMakeFiles/CMakeTmp

Run Build Command:"/usr/bin/make" "cmTC_fb24b/fast"
/usr/bin/make -f CMakeFiles/cmTC_fb24b.dir/build.make CMakeFiles/cmTC_fb24b.dir/build
make[1]: Entering directory '/xavier_ssd/TrekBot/TrekBot2_WS/build/catkin_simple/CMakeFiles/CMakeTmp'
Building C object CMakeFiles/cmTC_fb24b.dir/CheckFunctionExists.c.o
/usr/bin/cc   -DCHECK_FUNCTION_EXISTS=pthread_create   -o CMakeFiles/cmTC_fb24b.dir/CheckFunctionExists.c.o   -c /usr/share/cmake-3.10/Modules/CheckFunctionExists.c
Linking C executable cmTC_fb24b
/usr/bin/cmake -E cmake_link_script CMakeFiles/cmTC_fb24b.dir/link.txt --verbose=1
/usr/bin/cc  -DCHECK_FUNCTION_EXISTS=pthread_create    -rdynamic CMakeFiles/cmTC_fb24b.dir/CheckFunctionExists.c.o  -o cmTC_fb24b -lpthreads 
/usr/bin/ld: cannot find -lpthreads
collect2: error: ld returned 1 exit status
CMakeFiles/cmTC_fb24b.dir/build.make:97: recipe for target 'cmTC_fb24b' failed
make[1]: *** [cmTC_fb24b] Error 1
make[1]: Leaving directory '/xavier_ssd/TrekBot/TrekBot2_WS/build/catkin_simple/CMakeFiles/CMakeTmp'
Makefile:126: recipe for target 'cmTC_fb24b/fast' failed
make: *** [cmTC_fb24b/fast] Error 2


