Determining if the pthread_create exist failed with the following output:
Change Dir: /xavier_ssd/TrekBot/TrekBot2_WS/build/move_base/CMakeFiles/CMakeTmp

Run Build Command:"/usr/bin/make" "cmTC_c2857/fast"
/usr/bin/make -f CMakeFiles/cmTC_c2857.dir/build.make CMakeFiles/cmTC_c2857.dir/build
make[1]: Entering directory '/xavier_ssd/TrekBot/TrekBot2_WS/build/move_base/CMakeFiles/CMakeTmp'
Building C object CMakeFiles/cmTC_c2857.dir/CheckSymbolExists.c.o
/usr/bin/cc    -o CMakeFiles/cmTC_c2857.dir/CheckSymbolExists.c.o   -c /xavier_ssd/TrekBot/TrekBot2_WS/build/move_base/CMakeFiles/CMakeTmp/CheckSymbolExists.c
Linking C executable cmTC_c2857
/usr/bin/cmake -E cmake_link_script CMakeFiles/cmTC_c2857.dir/link.txt --verbose=1
/usr/bin/cc      -rdynamic CMakeFiles/cmTC_c2857.dir/CheckSymbolExists.c.o  -o cmTC_c2857 
CMakeFiles/cmTC_c2857.dir/CheckSymbolExists.c.o: In function `main':
CheckSymbolExists.c:(.text+0x14): undefined reference to `pthread_create'
CheckSymbolExists.c:(.text+0x18): undefined reference to `pthread_create'
collect2: error: ld returned 1 exit status
CMakeFiles/cmTC_c2857.dir/build.make:97: recipe for target 'cmTC_c2857' failed
make[1]: *** [cmTC_c2857] Error 1
make[1]: Leaving directory '/xavier_ssd/TrekBot/TrekBot2_WS/build/move_base/CMakeFiles/CMakeTmp'
Makefile:126: recipe for target 'cmTC_c2857/fast' failed
make: *** [cmTC_c2857/fast] Error 2

File /xavier_ssd/TrekBot/TrekBot2_WS/build/move_base/CMakeFiles/CMakeTmp/CheckSymbolExists.c:
/* */
#include <pthread.h>

int main(int argc, char** argv)
{
  (void)argv;
#ifndef pthread_create
  return ((int*)(&pthread_create))[argc];
#else
  (void)argc;
  return 0;
#endif
}

Determining if the function pthread_create exists in the pthreads failed with the following output:
Change Dir: /xavier_ssd/TrekBot/TrekBot2_WS/build/move_base/CMakeFiles/CMakeTmp

Run Build Command:"/usr/bin/make" "cmTC_d18e5/fast"
/usr/bin/make -f CMakeFiles/cmTC_d18e5.dir/build.make CMakeFiles/cmTC_d18e5.dir/build
make[1]: Entering directory '/xavier_ssd/TrekBot/TrekBot2_WS/build/move_base/CMakeFiles/CMakeTmp'
Building C object CMakeFiles/cmTC_d18e5.dir/CheckFunctionExists.c.o
/usr/bin/cc   -DCHECK_FUNCTION_EXISTS=pthread_create   -o CMakeFiles/cmTC_d18e5.dir/CheckFunctionExists.c.o   -c /usr/share/cmake-3.10/Modules/CheckFunctionExists.c
Linking C executable cmTC_d18e5
/usr/bin/cmake -E cmake_link_script CMakeFiles/cmTC_d18e5.dir/link.txt --verbose=1
/usr/bin/cc  -DCHECK_FUNCTION_EXISTS=pthread_create    -rdynamic CMakeFiles/cmTC_d18e5.dir/CheckFunctionExists.c.o  -o cmTC_d18e5 -lpthreads 
/usr/bin/ld: cannot find -lpthreads
collect2: error: ld returned 1 exit status
CMakeFiles/cmTC_d18e5.dir/build.make:97: recipe for target 'cmTC_d18e5' failed
make[1]: *** [cmTC_d18e5] Error 1
make[1]: Leaving directory '/xavier_ssd/TrekBot/TrekBot2_WS/build/move_base/CMakeFiles/CMakeTmp'
Makefile:126: recipe for target 'cmTC_d18e5/fast' failed
make: *** [cmTC_d18e5/fast] Error 2


