The system is: Linux - 4.9.108 - aarch64
Compiling the C compiler identification source file "CMakeCCompilerId.c" succeeded.
Compiler: /usr/bin/cc 
Build flags: 
Id flags:  

The output was:
0


Compilation of the C compiler identification source "CMakeCCompilerId.c" produced "a.out"

The C compiler identification is GNU, found in "/xavier_ssd/TrekBot/TrekBot2_WS/build/pangolin_catkin/pangolin_EXTERNAL-prefix/src/pangolin_EXTERNAL-build/CMakeFiles/3.10.2/CompilerIdC/a.out"

Compiling the CXX compiler identification source file "CMakeCXXCompilerId.cpp" succeeded.
Compiler: /usr/bin/c++ 
Build flags: 
Id flags:  

The output was:
0


Compilation of the CXX compiler identification source "CMakeCXXCompilerId.cpp" produced "a.out"

The CXX compiler identification is GNU, found in "/xavier_ssd/TrekBot/TrekBot2_WS/build/pangolin_catkin/pangolin_EXTERNAL-prefix/src/pangolin_EXTERNAL-build/CMakeFiles/3.10.2/CompilerIdCXX/a.out"

Determining if the C compiler works passed with the following output:
Change Dir: /xavier_ssd/TrekBot/TrekBot2_WS/build/pangolin_catkin/pangolin_EXTERNAL-prefix/src/pangolin_EXTERNAL-build/CMakeFiles/CMakeTmp

Run Build Command:"/usr/bin/make" "cmTC_ab93a/fast"
make[3]: Entering directory '/xavier_ssd/TrekBot/TrekBot2_WS/build/pangolin_catkin/pangolin_EXTERNAL-prefix/src/pangolin_EXTERNAL-build/CMakeFiles/CMakeTmp'
/usr/bin/make -f CMakeFiles/cmTC_ab93a.dir/build.make CMakeFiles/cmTC_ab93a.dir/build
make[4]: Entering directory '/xavier_ssd/TrekBot/TrekBot2_WS/build/pangolin_catkin/pangolin_EXTERNAL-prefix/src/pangolin_EXTERNAL-build/CMakeFiles/CMakeTmp'
Building C object CMakeFiles/cmTC_ab93a.dir/testCCompiler.c.o
/usr/bin/cc    -o CMakeFiles/cmTC_ab93a.dir/testCCompiler.c.o   -c /xavier_ssd/TrekBot/TrekBot2_WS/build/pangolin_catkin/pangolin_EXTERNAL-prefix/src/pangolin_EXTERNAL-build/CMakeFiles/CMakeTmp/testCCompiler.c
Linking C executable cmTC_ab93a
/usr/bin/cmake -E cmake_link_script CMakeFiles/cmTC_ab93a.dir/link.txt --verbose=1
/usr/bin/cc      -rdynamic CMakeFiles/cmTC_ab93a.dir/testCCompiler.c.o  -o cmTC_ab93a 
make[4]: Leaving directory '/xavier_ssd/TrekBot/TrekBot2_WS/build/pangolin_catkin/pangolin_EXTERNAL-prefix/src/pangolin_EXTERNAL-build/CMakeFiles/CMakeTmp'
make[3]: Leaving directory '/xavier_ssd/TrekBot/TrekBot2_WS/build/pangolin_catkin/pangolin_EXTERNAL-prefix/src/pangolin_EXTERNAL-build/CMakeFiles/CMakeTmp'


Detecting C compiler ABI info compiled with the following output:
Change Dir: /xavier_ssd/TrekBot/TrekBot2_WS/build/pangolin_catkin/pangolin_EXTERNAL-prefix/src/pangolin_EXTERNAL-build/CMakeFiles/CMakeTmp

Run Build Command:"/usr/bin/make" "cmTC_60938/fast"
make[3]: Entering directory '/xavier_ssd/TrekBot/TrekBot2_WS/build/pangolin_catkin/pangolin_EXTERNAL-prefix/src/pangolin_EXTERNAL-build/CMakeFiles/CMakeTmp'
/usr/bin/make -f CMakeFiles/cmTC_60938.dir/build.make CMakeFiles/cmTC_60938.dir/build
make[4]: Entering directory '/xavier_ssd/TrekBot/TrekBot2_WS/build/pangolin_catkin/pangolin_EXTERNAL-prefix/src/pangolin_EXTERNAL-build/CMakeFiles/CMakeTmp'
Building C object CMakeFiles/cmTC_60938.dir/CMakeCCompilerABI.c.o
/usr/bin/cc    -o CMakeFiles/cmTC_60938.dir/CMakeCCompilerABI.c.o   -c /usr/share/cmake-3.10/Modules/CMakeCCompilerABI.c
Linking C executable cmTC_60938
/usr/bin/cmake -E cmake_link_script CMakeFiles/cmTC_60938.dir/link.txt --verbose=1
/usr/bin/cc     -v -rdynamic CMakeFiles/cmTC_60938.dir/CMakeCCompilerABI.c.o  -o cmTC_60938 
Using built-in specs.
COLLECT_GCC=/usr/bin/cc
COLLECT_LTO_WRAPPER=/usr/lib/gcc/aarch64-linux-gnu/7/lto-wrapper
Target: aarch64-linux-gnu
Configured with: ../src/configure -v --with-pkgversion='Ubuntu/Linaro 7.3.0-27ubuntu1~18.04' --with-bugurl=file:///usr/share/doc/gcc-7/README.Bugs --enable-languages=c,ada,c++,go,d,fortran,objc,obj-c++ --prefix=/usr --with-gcc-major-version-only --program-suffix=-7 --program-prefix=aarch64-linux-gnu- --enable-shared --enable-linker-build-id --libexecdir=/usr/lib --without-included-gettext --enable-threads=posix --libdir=/usr/lib --enable-nls --with-sysroot=/ --enable-clocale=gnu --enable-libstdcxx-debug --enable-libstdcxx-time=yes --with-default-libstdcxx-abi=new --enable-gnu-unique-object --disable-libquadmath --disable-libquadmath-support --enable-plugin --enable-default-pie --with-system-zlib --enable-multiarch --enable-fix-cortex-a53-843419 --disable-werror --enable-checking=release --build=aarch64-linux-gnu --host=aarch64-linux-gnu --target=aarch64-linux-gnu
Thread model: posix
gcc version 7.3.0 (Ubuntu/Linaro 7.3.0-27ubuntu1~18.04) 
COMPILER_PATH=/usr/lib/gcc/aarch64-linux-gnu/7/:/usr/lib/gcc/aarch64-linux-gnu/7/:/usr/lib/gcc/aarch64-linux-gnu/:/usr/lib/gcc/aarch64-linux-gnu/7/:/usr/lib/gcc/aarch64-linux-gnu/
LIBRARY_PATH=/usr/lib/gcc/aarch64-linux-gnu/7/:/usr/lib/gcc/aarch64-linux-gnu/7/../../../aarch64-linux-gnu/:/usr/lib/gcc/aarch64-linux-gnu/7/../../../../lib/:/lib/aarch64-linux-gnu/:/lib/../lib/:/usr/lib/aarch64-linux-gnu/:/usr/lib/../lib/:/usr/lib/gcc/aarch64-linux-gnu/7/../../../:/lib/:/usr/lib/
COLLECT_GCC_OPTIONS='-v' '-rdynamic' '-o' 'cmTC_60938' '-mlittle-endian' '-mabi=lp64'
 /usr/lib/gcc/aarch64-linux-gnu/7/collect2 -plugin /usr/lib/gcc/aarch64-linux-gnu/7/liblto_plugin.so -plugin-opt=/usr/lib/gcc/aarch64-linux-gnu/7/lto-wrapper -plugin-opt=-fresolution=/tmp/cc9ARBjv.res -plugin-opt=-pass-through=-lgcc -plugin-opt=-pass-through=-lgcc_s -plugin-opt=-pass-through=-lc -plugin-opt=-pass-through=-lgcc -plugin-opt=-pass-through=-lgcc_s --sysroot=/ --build-id --eh-frame-hdr --hash-style=gnu --as-needed -export-dynamic -dynamic-linker /lib/ld-linux-aarch64.so.1 -X -EL -maarch64linux --fix-cortex-a53-843419 -pie -z now -z relro -o cmTC_60938 /usr/lib/gcc/aarch64-linux-gnu/7/../../../aarch64-linux-gnu/Scrt1.o /usr/lib/gcc/aarch64-linux-gnu/7/../../../aarch64-linux-gnu/crti.o /usr/lib/gcc/aarch64-linux-gnu/7/crtbeginS.o -L/usr/lib/gcc/aarch64-linux-gnu/7 -L/usr/lib/gcc/aarch64-linux-gnu/7/../../../aarch64-linux-gnu -L/usr/lib/gcc/aarch64-linux-gnu/7/../../../../lib -L/lib/aarch64-linux-gnu -L/lib/../lib -L/usr/lib/aarch64-linux-gnu -L/usr/lib/../lib -L/usr/lib/gcc/aarch64-linux-gnu/7/../../.. CMakeFiles/cmTC_60938.dir/CMakeCCompilerABI.c.o -lgcc --push-state --as-needed -lgcc_s --pop-state -lc -lgcc --push-state --as-needed -lgcc_s --pop-state /usr/lib/gcc/aarch64-linux-gnu/7/crtendS.o /usr/lib/gcc/aarch64-linux-gnu/7/../../../aarch64-linux-gnu/crtn.o
COLLECT_GCC_OPTIONS='-v' '-rdynamic' '-o' 'cmTC_60938' '-mlittle-endian' '-mabi=lp64'
make[4]: Leaving directory '/xavier_ssd/TrekBot/TrekBot2_WS/build/pangolin_catkin/pangolin_EXTERNAL-prefix/src/pangolin_EXTERNAL-build/CMakeFiles/CMakeTmp'
make[3]: Leaving directory '/xavier_ssd/TrekBot/TrekBot2_WS/build/pangolin_catkin/pangolin_EXTERNAL-prefix/src/pangolin_EXTERNAL-build/CMakeFiles/CMakeTmp'


Parsed C implicit link information from above output:
  link line regex: [^( *|.*[/\])(ld|CMAKE_LINK_STARTFILE-NOTFOUND|([^/\]+-)?ld|collect2)[^/\]*( |$)]
  ignore line: [Change Dir: /xavier_ssd/TrekBot/TrekBot2_WS/build/pangolin_catkin/pangolin_EXTERNAL-prefix/src/pangolin_EXTERNAL-build/CMakeFiles/CMakeTmp]
  ignore line: []
  ignore line: [Run Build Command:"/usr/bin/make" "cmTC_60938/fast"]
  ignore line: [make[3]: Entering directory '/xavier_ssd/TrekBot/TrekBot2_WS/build/pangolin_catkin/pangolin_EXTERNAL-prefix/src/pangolin_EXTERNAL-build/CMakeFiles/CMakeTmp']
  ignore line: [/usr/bin/make -f CMakeFiles/cmTC_60938.dir/build.make CMakeFiles/cmTC_60938.dir/build]
  ignore line: [make[4]: Entering directory '/xavier_ssd/TrekBot/TrekBot2_WS/build/pangolin_catkin/pangolin_EXTERNAL-prefix/src/pangolin_EXTERNAL-build/CMakeFiles/CMakeTmp']
  ignore line: [Building C object CMakeFiles/cmTC_60938.dir/CMakeCCompilerABI.c.o]
  ignore line: [/usr/bin/cc    -o CMakeFiles/cmTC_60938.dir/CMakeCCompilerABI.c.o   -c /usr/share/cmake-3.10/Modules/CMakeCCompilerABI.c]
  ignore line: [Linking C executable cmTC_60938]
  ignore line: [/usr/bin/cmake -E cmake_link_script CMakeFiles/cmTC_60938.dir/link.txt --verbose=1]
  ignore line: [/usr/bin/cc     -v -rdynamic CMakeFiles/cmTC_60938.dir/CMakeCCompilerABI.c.o  -o cmTC_60938 ]
  ignore line: [Using built-in specs.]
  ignore line: [COLLECT_GCC=/usr/bin/cc]
  ignore line: [COLLECT_LTO_WRAPPER=/usr/lib/gcc/aarch64-linux-gnu/7/lto-wrapper]
  ignore line: [Target: aarch64-linux-gnu]
  ignore line: [Configured with: ../src/configure -v --with-pkgversion='Ubuntu/Linaro 7.3.0-27ubuntu1~18.04' --with-bugurl=file:///usr/share/doc/gcc-7/README.Bugs --enable-languages=c,ada,c++,go,d,fortran,objc,obj-c++ --prefix=/usr --with-gcc-major-version-only --program-suffix=-7 --program-prefix=aarch64-linux-gnu- --enable-shared --enable-linker-build-id --libexecdir=/usr/lib --without-included-gettext --enable-threads=posix --libdir=/usr/lib --enable-nls --with-sysroot=/ --enable-clocale=gnu --enable-libstdcxx-debug --enable-libstdcxx-time=yes --with-default-libstdcxx-abi=new --enable-gnu-unique-object --disable-libquadmath --disable-libquadmath-support --enable-plugin --enable-default-pie --with-system-zlib --enable-multiarch --enable-fix-cortex-a53-843419 --disable-werror --enable-checking=release --build=aarch64-linux-gnu --host=aarch64-linux-gnu --target=aarch64-linux-gnu]
  ignore line: [Thread model: posix]
  ignore line: [gcc version 7.3.0 (Ubuntu/Linaro 7.3.0-27ubuntu1~18.04) ]
  ignore line: [COMPILER_PATH=/usr/lib/gcc/aarch64-linux-gnu/7/:/usr/lib/gcc/aarch64-linux-gnu/7/:/usr/lib/gcc/aarch64-linux-gnu/:/usr/lib/gcc/aarch64-linux-gnu/7/:/usr/lib/gcc/aarch64-linux-gnu/]
  ignore line: [LIBRARY_PATH=/usr/lib/gcc/aarch64-linux-gnu/7/:/usr/lib/gcc/aarch64-linux-gnu/7/../../../aarch64-linux-gnu/:/usr/lib/gcc/aarch64-linux-gnu/7/../../../../lib/:/lib/aarch64-linux-gnu/:/lib/../lib/:/usr/lib/aarch64-linux-gnu/:/usr/lib/../lib/:/usr/lib/gcc/aarch64-linux-gnu/7/../../../:/lib/:/usr/lib/]
  ignore line: [COLLECT_GCC_OPTIONS='-v' '-rdynamic' '-o' 'cmTC_60938' '-mlittle-endian' '-mabi=lp64']
  link line: [ /usr/lib/gcc/aarch64-linux-gnu/7/collect2 -plugin /usr/lib/gcc/aarch64-linux-gnu/7/liblto_plugin.so -plugin-opt=/usr/lib/gcc/aarch64-linux-gnu/7/lto-wrapper -plugin-opt=-fresolution=/tmp/cc9ARBjv.res -plugin-opt=-pass-through=-lgcc -plugin-opt=-pass-through=-lgcc_s -plugin-opt=-pass-through=-lc -plugin-opt=-pass-through=-lgcc -plugin-opt=-pass-through=-lgcc_s --sysroot=/ --build-id --eh-frame-hdr --hash-style=gnu --as-needed -export-dynamic -dynamic-linker /lib/ld-linux-aarch64.so.1 -X -EL -maarch64linux --fix-cortex-a53-843419 -pie -z now -z relro -o cmTC_60938 /usr/lib/gcc/aarch64-linux-gnu/7/../../../aarch64-linux-gnu/Scrt1.o /usr/lib/gcc/aarch64-linux-gnu/7/../../../aarch64-linux-gnu/crti.o /usr/lib/gcc/aarch64-linux-gnu/7/crtbeginS.o -L/usr/lib/gcc/aarch64-linux-gnu/7 -L/usr/lib/gcc/aarch64-linux-gnu/7/../../../aarch64-linux-gnu -L/usr/lib/gcc/aarch64-linux-gnu/7/../../../../lib -L/lib/aarch64-linux-gnu -L/lib/../lib -L/usr/lib/aarch64-linux-gnu -L/usr/lib/../lib -L/usr/lib/gcc/aarch64-linux-gnu/7/../../.. CMakeFiles/cmTC_60938.dir/CMakeCCompilerABI.c.o -lgcc --push-state --as-needed -lgcc_s --pop-state -lc -lgcc --push-state --as-needed -lgcc_s --pop-state /usr/lib/gcc/aarch64-linux-gnu/7/crtendS.o /usr/lib/gcc/aarch64-linux-gnu/7/../../../aarch64-linux-gnu/crtn.o]
    arg [/usr/lib/gcc/aarch64-linux-gnu/7/collect2] ==> ignore
    arg [-plugin] ==> ignore
    arg [/usr/lib/gcc/aarch64-linux-gnu/7/liblto_plugin.so] ==> ignore
    arg [-plugin-opt=/usr/lib/gcc/aarch64-linux-gnu/7/lto-wrapper] ==> ignore
    arg [-plugin-opt=-fresolution=/tmp/cc9ARBjv.res] ==> ignore
    arg [-plugin-opt=-pass-through=-lgcc] ==> ignore
    arg [-plugin-opt=-pass-through=-lgcc_s] ==> ignore
    arg [-plugin-opt=-pass-through=-lc] ==> ignore
    arg [-plugin-opt=-pass-through=-lgcc] ==> ignore
    arg [-plugin-opt=-pass-through=-lgcc_s] ==> ignore
    arg [--sysroot=/] ==> ignore
    arg [--build-id] ==> ignore
    arg [--eh-frame-hdr] ==> ignore
    arg [--hash-style=gnu] ==> ignore
    arg [--as-needed] ==> ignore
    arg [-export-dynamic] ==> ignore
    arg [-dynamic-linker] ==> ignore
    arg [/lib/ld-linux-aarch64.so.1] ==> ignore
    arg [-X] ==> ignore
    arg [-EL] ==> ignore
    arg [-maarch64linux] ==> ignore
    arg [--fix-cortex-a53-843419] ==> ignore
    arg [-pie] ==> ignore
    arg [-znow] ==> ignore
    arg [-zrelro] ==> ignore
    arg [-o] ==> ignore
    arg [cmTC_60938] ==> ignore
    arg [/usr/lib/gcc/aarch64-linux-gnu/7/../../../aarch64-linux-gnu/Scrt1.o] ==> ignore
    arg [/usr/lib/gcc/aarch64-linux-gnu/7/../../../aarch64-linux-gnu/crti.o] ==> ignore
    arg [/usr/lib/gcc/aarch64-linux-gnu/7/crtbeginS.o] ==> ignore
    arg [-L/usr/lib/gcc/aarch64-linux-gnu/7] ==> dir [/usr/lib/gcc/aarch64-linux-gnu/7]
    arg [-L/usr/lib/gcc/aarch64-linux-gnu/7/../../../aarch64-linux-gnu] ==> dir [/usr/lib/gcc/aarch64-linux-gnu/7/../../../aarch64-linux-gnu]
    arg [-L/usr/lib/gcc/aarch64-linux-gnu/7/../../../../lib] ==> dir [/usr/lib/gcc/aarch64-linux-gnu/7/../../../../lib]
    arg [-L/lib/aarch64-linux-gnu] ==> dir [/lib/aarch64-linux-gnu]
    arg [-L/lib/../lib] ==> dir [/lib/../lib]
    arg [-L/usr/lib/aarch64-linux-gnu] ==> dir [/usr/lib/aarch64-linux-gnu]
    arg [-L/usr/lib/../lib] ==> dir [/usr/lib/../lib]
    arg [-L/usr/lib/gcc/aarch64-linux-gnu/7/../../..] ==> dir [/usr/lib/gcc/aarch64-linux-gnu/7/../../..]
    arg [CMakeFiles/cmTC_60938.dir/CMakeCCompilerABI.c.o] ==> ignore
    arg [-lgcc] ==> lib [gcc]
    arg [--push-state] ==> ignore
    arg [--as-needed] ==> ignore
    arg [-lgcc_s] ==> lib [gcc_s]
    arg [--pop-state] ==> ignore
    arg [-lc] ==> lib [c]
    arg [-lgcc] ==> lib [gcc]
    arg [--push-state] ==> ignore
    arg [--as-needed] ==> ignore
    arg [-lgcc_s] ==> lib [gcc_s]
    arg [--pop-state] ==> ignore
    arg [/usr/lib/gcc/aarch64-linux-gnu/7/crtendS.o] ==> ignore
    arg [/usr/lib/gcc/aarch64-linux-gnu/7/../../../aarch64-linux-gnu/crtn.o] ==> ignore
  collapse library dir [/usr/lib/gcc/aarch64-linux-gnu/7] ==> [/usr/lib/gcc/aarch64-linux-gnu/7]
  collapse library dir [/usr/lib/gcc/aarch64-linux-gnu/7/../../../aarch64-linux-gnu] ==> [/usr/lib/aarch64-linux-gnu]
  collapse library dir [/usr/lib/gcc/aarch64-linux-gnu/7/../../../../lib] ==> [/usr/lib]
  collapse library dir [/lib/aarch64-linux-gnu] ==> [/lib/aarch64-linux-gnu]
  collapse library dir [/lib/../lib] ==> [/lib]
  collapse library dir [/usr/lib/aarch64-linux-gnu] ==> [/usr/lib/aarch64-linux-gnu]
  collapse library dir [/usr/lib/../lib] ==> [/usr/lib]
  collapse library dir [/usr/lib/gcc/aarch64-linux-gnu/7/../../..] ==> [/usr/lib]
  implicit libs: [gcc;gcc_s;c;gcc;gcc_s]
  implicit dirs: [/usr/lib/gcc/aarch64-linux-gnu/7;/usr/lib/aarch64-linux-gnu;/usr/lib;/lib/aarch64-linux-gnu;/lib]
  implicit fwks: []




Detecting C [-std=c11] compiler features compiled with the following output:
Change Dir: /xavier_ssd/TrekBot/TrekBot2_WS/build/pangolin_catkin/pangolin_EXTERNAL-prefix/src/pangolin_EXTERNAL-build/CMakeFiles/CMakeTmp

Run Build Command:"/usr/bin/make" "cmTC_10f15/fast"
make[3]: Entering directory '/xavier_ssd/TrekBot/TrekBot2_WS/build/pangolin_catkin/pangolin_EXTERNAL-prefix/src/pangolin_EXTERNAL-build/CMakeFiles/CMakeTmp'
/usr/bin/make -f CMakeFiles/cmTC_10f15.dir/build.make CMakeFiles/cmTC_10f15.dir/build
make[4]: Entering directory '/xavier_ssd/TrekBot/TrekBot2_WS/build/pangolin_catkin/pangolin_EXTERNAL-prefix/src/pangolin_EXTERNAL-build/CMakeFiles/CMakeTmp'
Building C object CMakeFiles/cmTC_10f15.dir/feature_tests.c.o
/usr/bin/cc   -std=c11 -o CMakeFiles/cmTC_10f15.dir/feature_tests.c.o   -c /xavier_ssd/TrekBot/TrekBot2_WS/build/pangolin_catkin/pangolin_EXTERNAL-prefix/src/pangolin_EXTERNAL-build/CMakeFiles/feature_tests.c
Linking C executable cmTC_10f15
/usr/bin/cmake -E cmake_link_script CMakeFiles/cmTC_10f15.dir/link.txt --verbose=1
/usr/bin/cc      -rdynamic CMakeFiles/cmTC_10f15.dir/feature_tests.c.o  -o cmTC_10f15 
make[4]: Leaving directory '/xavier_ssd/TrekBot/TrekBot2_WS/build/pangolin_catkin/pangolin_EXTERNAL-prefix/src/pangolin_EXTERNAL-build/CMakeFiles/CMakeTmp'
make[3]: Leaving directory '/xavier_ssd/TrekBot/TrekBot2_WS/build/pangolin_catkin/pangolin_EXTERNAL-prefix/src/pangolin_EXTERNAL-build/CMakeFiles/CMakeTmp'


    Feature record: C_FEATURE:1c_function_prototypes
    Feature record: C_FEATURE:1c_restrict
    Feature record: C_FEATURE:1c_static_assert
    Feature record: C_FEATURE:1c_variadic_macros


Detecting C [-std=c99] compiler features compiled with the following output:
Change Dir: /xavier_ssd/TrekBot/TrekBot2_WS/build/pangolin_catkin/pangolin_EXTERNAL-prefix/src/pangolin_EXTERNAL-build/CMakeFiles/CMakeTmp

Run Build Command:"/usr/bin/make" "cmTC_73f76/fast"
make[3]: Entering directory '/xavier_ssd/TrekBot/TrekBot2_WS/build/pangolin_catkin/pangolin_EXTERNAL-prefix/src/pangolin_EXTERNAL-build/CMakeFiles/CMakeTmp'
/usr/bin/make -f CMakeFiles/cmTC_73f76.dir/build.make CMakeFiles/cmTC_73f76.dir/build
make[4]: Entering directory '/xavier_ssd/TrekBot/TrekBot2_WS/build/pangolin_catkin/pangolin_EXTERNAL-prefix/src/pangolin_EXTERNAL-build/CMakeFiles/CMakeTmp'
Building C object CMakeFiles/cmTC_73f76.dir/feature_tests.c.o
/usr/bin/cc   -std=c99 -o CMakeFiles/cmTC_73f76.dir/feature_tests.c.o   -c /xavier_ssd/TrekBot/TrekBot2_WS/build/pangolin_catkin/pangolin_EXTERNAL-prefix/src/pangolin_EXTERNAL-build/CMakeFiles/feature_tests.c
Linking C executable cmTC_73f76
/usr/bin/cmake -E cmake_link_script CMakeFiles/cmTC_73f76.dir/link.txt --verbose=1
/usr/bin/cc      -rdynamic CMakeFiles/cmTC_73f76.dir/feature_tests.c.o  -o cmTC_73f76 
make[4]: Leaving directory '/xavier_ssd/TrekBot/TrekBot2_WS/build/pangolin_catkin/pangolin_EXTERNAL-prefix/src/pangolin_EXTERNAL-build/CMakeFiles/CMakeTmp'
make[3]: Leaving directory '/xavier_ssd/TrekBot/TrekBot2_WS/build/pangolin_catkin/pangolin_EXTERNAL-prefix/src/pangolin_EXTERNAL-build/CMakeFiles/CMakeTmp'


    Feature record: C_FEATURE:1c_function_prototypes
    Feature record: C_FEATURE:1c_restrict
    Feature record: C_FEATURE:0c_static_assert
    Feature record: C_FEATURE:1c_variadic_macros


Detecting C [-std=c90] compiler features compiled with the following output:
Change Dir: /xavier_ssd/TrekBot/TrekBot2_WS/build/pangolin_catkin/pangolin_EXTERNAL-prefix/src/pangolin_EXTERNAL-build/CMakeFiles/CMakeTmp

Run Build Command:"/usr/bin/make" "cmTC_7a21a/fast"
make[3]: Entering directory '/xavier_ssd/TrekBot/TrekBot2_WS/build/pangolin_catkin/pangolin_EXTERNAL-prefix/src/pangolin_EXTERNAL-build/CMakeFiles/CMakeTmp'
/usr/bin/make -f CMakeFiles/cmTC_7a21a.dir/build.make CMakeFiles/cmTC_7a21a.dir/build
make[4]: Entering directory '/xavier_ssd/TrekBot/TrekBot2_WS/build/pangolin_catkin/pangolin_EXTERNAL-prefix/src/pangolin_EXTERNAL-build/CMakeFiles/CMakeTmp'
Building C object CMakeFiles/cmTC_7a21a.dir/feature_tests.c.o
/usr/bin/cc   -std=c90 -o CMakeFiles/cmTC_7a21a.dir/feature_tests.c.o   -c /xavier_ssd/TrekBot/TrekBot2_WS/build/pangolin_catkin/pangolin_EXTERNAL-prefix/src/pangolin_EXTERNAL-build/CMakeFiles/feature_tests.c
Linking C executable cmTC_7a21a
/usr/bin/cmake -E cmake_link_script CMakeFiles/cmTC_7a21a.dir/link.txt --verbose=1
/usr/bin/cc      -rdynamic CMakeFiles/cmTC_7a21a.dir/feature_tests.c.o  -o cmTC_7a21a 
make[4]: Leaving directory '/xavier_ssd/TrekBot/TrekBot2_WS/build/pangolin_catkin/pangolin_EXTERNAL-prefix/src/pangolin_EXTERNAL-build/CMakeFiles/CMakeTmp'
make[3]: Leaving directory '/xavier_ssd/TrekBot/TrekBot2_WS/build/pangolin_catkin/pangolin_EXTERNAL-prefix/src/pangolin_EXTERNAL-build/CMakeFiles/CMakeTmp'


    Feature record: C_FEATURE:1c_function_prototypes
    Feature record: C_FEATURE:0c_restrict
    Feature record: C_FEATURE:0c_static_assert
    Feature record: C_FEATURE:0c_variadic_macros
Determining if the CXX compiler works passed with the following output:
Change Dir: /xavier_ssd/TrekBot/TrekBot2_WS/build/pangolin_catkin/pangolin_EXTERNAL-prefix/src/pangolin_EXTERNAL-build/CMakeFiles/CMakeTmp

Run Build Command:"/usr/bin/make" "cmTC_1ebc4/fast"
make[3]: Entering directory '/xavier_ssd/TrekBot/TrekBot2_WS/build/pangolin_catkin/pangolin_EXTERNAL-prefix/src/pangolin_EXTERNAL-build/CMakeFiles/CMakeTmp'
/usr/bin/make -f CMakeFiles/cmTC_1ebc4.dir/build.make CMakeFiles/cmTC_1ebc4.dir/build
make[4]: Entering directory '/xavier_ssd/TrekBot/TrekBot2_WS/build/pangolin_catkin/pangolin_EXTERNAL-prefix/src/pangolin_EXTERNAL-build/CMakeFiles/CMakeTmp'
Building CXX object CMakeFiles/cmTC_1ebc4.dir/testCXXCompiler.cxx.o
/usr/bin/c++     -o CMakeFiles/cmTC_1ebc4.dir/testCXXCompiler.cxx.o -c /xavier_ssd/TrekBot/TrekBot2_WS/build/pangolin_catkin/pangolin_EXTERNAL-prefix/src/pangolin_EXTERNAL-build/CMakeFiles/CMakeTmp/testCXXCompiler.cxx
Linking CXX executable cmTC_1ebc4
/usr/bin/cmake -E cmake_link_script CMakeFiles/cmTC_1ebc4.dir/link.txt --verbose=1
/usr/bin/c++       -rdynamic CMakeFiles/cmTC_1ebc4.dir/testCXXCompiler.cxx.o  -o cmTC_1ebc4 
make[4]: Leaving directory '/xavier_ssd/TrekBot/TrekBot2_WS/build/pangolin_catkin/pangolin_EXTERNAL-prefix/src/pangolin_EXTERNAL-build/CMakeFiles/CMakeTmp'
make[3]: Leaving directory '/xavier_ssd/TrekBot/TrekBot2_WS/build/pangolin_catkin/pangolin_EXTERNAL-prefix/src/pangolin_EXTERNAL-build/CMakeFiles/CMakeTmp'


Detecting CXX compiler ABI info compiled with the following output:
Change Dir: /xavier_ssd/TrekBot/TrekBot2_WS/build/pangolin_catkin/pangolin_EXTERNAL-prefix/src/pangolin_EXTERNAL-build/CMakeFiles/CMakeTmp

Run Build Command:"/usr/bin/make" "cmTC_c2621/fast"
make[3]: Entering directory '/xavier_ssd/TrekBot/TrekBot2_WS/build/pangolin_catkin/pangolin_EXTERNAL-prefix/src/pangolin_EXTERNAL-build/CMakeFiles/CMakeTmp'
/usr/bin/make -f CMakeFiles/cmTC_c2621.dir/build.make CMakeFiles/cmTC_c2621.dir/build
make[4]: Entering directory '/xavier_ssd/TrekBot/TrekBot2_WS/build/pangolin_catkin/pangolin_EXTERNAL-prefix/src/pangolin_EXTERNAL-build/CMakeFiles/CMakeTmp'
Building CXX object CMakeFiles/cmTC_c2621.dir/CMakeCXXCompilerABI.cpp.o
/usr/bin/c++     -o CMakeFiles/cmTC_c2621.dir/CMakeCXXCompilerABI.cpp.o -c /usr/share/cmake-3.10/Modules/CMakeCXXCompilerABI.cpp
Linking CXX executable cmTC_c2621
/usr/bin/cmake -E cmake_link_script CMakeFiles/cmTC_c2621.dir/link.txt --verbose=1
/usr/bin/c++      -v -rdynamic CMakeFiles/cmTC_c2621.dir/CMakeCXXCompilerABI.cpp.o  -o cmTC_c2621 
Using built-in specs.
COLLECT_GCC=/usr/bin/c++
COLLECT_LTO_WRAPPER=/usr/lib/gcc/aarch64-linux-gnu/7/lto-wrapper
Target: aarch64-linux-gnu
Configured with: ../src/configure -v --with-pkgversion='Ubuntu/Linaro 7.3.0-27ubuntu1~18.04' --with-bugurl=file:///usr/share/doc/gcc-7/README.Bugs --enable-languages=c,ada,c++,go,d,fortran,objc,obj-c++ --prefix=/usr --with-gcc-major-version-only --program-suffix=-7 --program-prefix=aarch64-linux-gnu- --enable-shared --enable-linker-build-id --libexecdir=/usr/lib --without-included-gettext --enable-threads=posix --libdir=/usr/lib --enable-nls --with-sysroot=/ --enable-clocale=gnu --enable-libstdcxx-debug --enable-libstdcxx-time=yes --with-default-libstdcxx-abi=new --enable-gnu-unique-object --disable-libquadmath --disable-libquadmath-support --enable-plugin --enable-default-pie --with-system-zlib --enable-multiarch --enable-fix-cortex-a53-843419 --disable-werror --enable-checking=release --build=aarch64-linux-gnu --host=aarch64-linux-gnu --target=aarch64-linux-gnu
Thread model: posix
gcc version 7.3.0 (Ubuntu/Linaro 7.3.0-27ubuntu1~18.04) 
COMPILER_PATH=/usr/lib/gcc/aarch64-linux-gnu/7/:/usr/lib/gcc/aarch64-linux-gnu/7/:/usr/lib/gcc/aarch64-linux-gnu/:/usr/lib/gcc/aarch64-linux-gnu/7/:/usr/lib/gcc/aarch64-linux-gnu/
LIBRARY_PATH=/usr/lib/gcc/aarch64-linux-gnu/7/:/usr/lib/gcc/aarch64-linux-gnu/7/../../../aarch64-linux-gnu/:/usr/lib/gcc/aarch64-linux-gnu/7/../../../../lib/:/lib/aarch64-linux-gnu/:/lib/../lib/:/usr/lib/aarch64-linux-gnu/:/usr/lib/../lib/:/usr/lib/gcc/aarch64-linux-gnu/7/../../../:/lib/:/usr/lib/
COLLECT_GCC_OPTIONS='-v' '-rdynamic' '-o' 'cmTC_c2621' '-shared-libgcc' '-mlittle-endian' '-mabi=lp64'
 /usr/lib/gcc/aarch64-linux-gnu/7/collect2 -plugin /usr/lib/gcc/aarch64-linux-gnu/7/liblto_plugin.so -plugin-opt=/usr/lib/gcc/aarch64-linux-gnu/7/lto-wrapper -plugin-opt=-fresolution=/tmp/cc4hdFzM.res -plugin-opt=-pass-through=-lgcc_s -plugin-opt=-pass-through=-lgcc -plugin-opt=-pass-through=-lc -plugin-opt=-pass-through=-lgcc_s -plugin-opt=-pass-through=-lgcc --sysroot=/ --build-id --eh-frame-hdr --hash-style=gnu --as-needed -export-dynamic -dynamic-linker /lib/ld-linux-aarch64.so.1 -X -EL -maarch64linux --fix-cortex-a53-843419 -pie -z now -z relro -o cmTC_c2621 /usr/lib/gcc/aarch64-linux-gnu/7/../../../aarch64-linux-gnu/Scrt1.o /usr/lib/gcc/aarch64-linux-gnu/7/../../../aarch64-linux-gnu/crti.o /usr/lib/gcc/aarch64-linux-gnu/7/crtbeginS.o -L/usr/lib/gcc/aarch64-linux-gnu/7 -L/usr/lib/gcc/aarch64-linux-gnu/7/../../../aarch64-linux-gnu -L/usr/lib/gcc/aarch64-linux-gnu/7/../../../../lib -L/lib/aarch64-linux-gnu -L/lib/../lib -L/usr/lib/aarch64-linux-gnu -L/usr/lib/../lib -L/usr/lib/gcc/aarch64-linux-gnu/7/../../.. CMakeFiles/cmTC_c2621.dir/CMakeCXXCompilerABI.cpp.o -lstdc++ -lm -lgcc_s -lgcc -lc -lgcc_s -lgcc /usr/lib/gcc/aarch64-linux-gnu/7/crtendS.o /usr/lib/gcc/aarch64-linux-gnu/7/../../../aarch64-linux-gnu/crtn.o
COLLECT_GCC_OPTIONS='-v' '-rdynamic' '-o' 'cmTC_c2621' '-shared-libgcc' '-mlittle-endian' '-mabi=lp64'
make[4]: Leaving directory '/xavier_ssd/TrekBot/TrekBot2_WS/build/pangolin_catkin/pangolin_EXTERNAL-prefix/src/pangolin_EXTERNAL-build/CMakeFiles/CMakeTmp'
make[3]: Leaving directory '/xavier_ssd/TrekBot/TrekBot2_WS/build/pangolin_catkin/pangolin_EXTERNAL-prefix/src/pangolin_EXTERNAL-build/CMakeFiles/CMakeTmp'


Parsed CXX implicit link information from above output:
  link line regex: [^( *|.*[/\])(ld|CMAKE_LINK_STARTFILE-NOTFOUND|([^/\]+-)?ld|collect2)[^/\]*( |$)]
  ignore line: [Change Dir: /xavier_ssd/TrekBot/TrekBot2_WS/build/pangolin_catkin/pangolin_EXTERNAL-prefix/src/pangolin_EXTERNAL-build/CMakeFiles/CMakeTmp]
  ignore line: []
  ignore line: [Run Build Command:"/usr/bin/make" "cmTC_c2621/fast"]
  ignore line: [make[3]: Entering directory '/xavier_ssd/TrekBot/TrekBot2_WS/build/pangolin_catkin/pangolin_EXTERNAL-prefix/src/pangolin_EXTERNAL-build/CMakeFiles/CMakeTmp']
  ignore line: [/usr/bin/make -f CMakeFiles/cmTC_c2621.dir/build.make CMakeFiles/cmTC_c2621.dir/build]
  ignore line: [make[4]: Entering directory '/xavier_ssd/TrekBot/TrekBot2_WS/build/pangolin_catkin/pangolin_EXTERNAL-prefix/src/pangolin_EXTERNAL-build/CMakeFiles/CMakeTmp']
  ignore line: [Building CXX object CMakeFiles/cmTC_c2621.dir/CMakeCXXCompilerABI.cpp.o]
  ignore line: [/usr/bin/c++     -o CMakeFiles/cmTC_c2621.dir/CMakeCXXCompilerABI.cpp.o -c /usr/share/cmake-3.10/Modules/CMakeCXXCompilerABI.cpp]
  ignore line: [Linking CXX executable cmTC_c2621]
  ignore line: [/usr/bin/cmake -E cmake_link_script CMakeFiles/cmTC_c2621.dir/link.txt --verbose=1]
  ignore line: [/usr/bin/c++      -v -rdynamic CMakeFiles/cmTC_c2621.dir/CMakeCXXCompilerABI.cpp.o  -o cmTC_c2621 ]
  ignore line: [Using built-in specs.]
  ignore line: [COLLECT_GCC=/usr/bin/c++]
  ignore line: [COLLECT_LTO_WRAPPER=/usr/lib/gcc/aarch64-linux-gnu/7/lto-wrapper]
  ignore line: [Target: aarch64-linux-gnu]
  ignore line: [Configured with: ../src/configure -v --with-pkgversion='Ubuntu/Linaro 7.3.0-27ubuntu1~18.04' --with-bugurl=file:///usr/share/doc/gcc-7/README.Bugs --enable-languages=c,ada,c++,go,d,fortran,objc,obj-c++ --prefix=/usr --with-gcc-major-version-only --program-suffix=-7 --program-prefix=aarch64-linux-gnu- --enable-shared --enable-linker-build-id --libexecdir=/usr/lib --without-included-gettext --enable-threads=posix --libdir=/usr/lib --enable-nls --with-sysroot=/ --enable-clocale=gnu --enable-libstdcxx-debug --enable-libstdcxx-time=yes --with-default-libstdcxx-abi=new --enable-gnu-unique-object --disable-libquadmath --disable-libquadmath-support --enable-plugin --enable-default-pie --with-system-zlib --enable-multiarch --enable-fix-cortex-a53-843419 --disable-werror --enable-checking=release --build=aarch64-linux-gnu --host=aarch64-linux-gnu --target=aarch64-linux-gnu]
  ignore line: [Thread model: posix]
  ignore line: [gcc version 7.3.0 (Ubuntu/Linaro 7.3.0-27ubuntu1~18.04) ]
  ignore line: [COMPILER_PATH=/usr/lib/gcc/aarch64-linux-gnu/7/:/usr/lib/gcc/aarch64-linux-gnu/7/:/usr/lib/gcc/aarch64-linux-gnu/:/usr/lib/gcc/aarch64-linux-gnu/7/:/usr/lib/gcc/aarch64-linux-gnu/]
  ignore line: [LIBRARY_PATH=/usr/lib/gcc/aarch64-linux-gnu/7/:/usr/lib/gcc/aarch64-linux-gnu/7/../../../aarch64-linux-gnu/:/usr/lib/gcc/aarch64-linux-gnu/7/../../../../lib/:/lib/aarch64-linux-gnu/:/lib/../lib/:/usr/lib/aarch64-linux-gnu/:/usr/lib/../lib/:/usr/lib/gcc/aarch64-linux-gnu/7/../../../:/lib/:/usr/lib/]
  ignore line: [COLLECT_GCC_OPTIONS='-v' '-rdynamic' '-o' 'cmTC_c2621' '-shared-libgcc' '-mlittle-endian' '-mabi=lp64']
  link line: [ /usr/lib/gcc/aarch64-linux-gnu/7/collect2 -plugin /usr/lib/gcc/aarch64-linux-gnu/7/liblto_plugin.so -plugin-opt=/usr/lib/gcc/aarch64-linux-gnu/7/lto-wrapper -plugin-opt=-fresolution=/tmp/cc4hdFzM.res -plugin-opt=-pass-through=-lgcc_s -plugin-opt=-pass-through=-lgcc -plugin-opt=-pass-through=-lc -plugin-opt=-pass-through=-lgcc_s -plugin-opt=-pass-through=-lgcc --sysroot=/ --build-id --eh-frame-hdr --hash-style=gnu --as-needed -export-dynamic -dynamic-linker /lib/ld-linux-aarch64.so.1 -X -EL -maarch64linux --fix-cortex-a53-843419 -pie -z now -z relro -o cmTC_c2621 /usr/lib/gcc/aarch64-linux-gnu/7/../../../aarch64-linux-gnu/Scrt1.o /usr/lib/gcc/aarch64-linux-gnu/7/../../../aarch64-linux-gnu/crti.o /usr/lib/gcc/aarch64-linux-gnu/7/crtbeginS.o -L/usr/lib/gcc/aarch64-linux-gnu/7 -L/usr/lib/gcc/aarch64-linux-gnu/7/../../../aarch64-linux-gnu -L/usr/lib/gcc/aarch64-linux-gnu/7/../../../../lib -L/lib/aarch64-linux-gnu -L/lib/../lib -L/usr/lib/aarch64-linux-gnu -L/usr/lib/../lib -L/usr/lib/gcc/aarch64-linux-gnu/7/../../.. CMakeFiles/cmTC_c2621.dir/CMakeCXXCompilerABI.cpp.o -lstdc++ -lm -lgcc_s -lgcc -lc -lgcc_s -lgcc /usr/lib/gcc/aarch64-linux-gnu/7/crtendS.o /usr/lib/gcc/aarch64-linux-gnu/7/../../../aarch64-linux-gnu/crtn.o]
    arg [/usr/lib/gcc/aarch64-linux-gnu/7/collect2] ==> ignore
    arg [-plugin] ==> ignore
    arg [/usr/lib/gcc/aarch64-linux-gnu/7/liblto_plugin.so] ==> ignore
    arg [-plugin-opt=/usr/lib/gcc/aarch64-linux-gnu/7/lto-wrapper] ==> ignore
    arg [-plugin-opt=-fresolution=/tmp/cc4hdFzM.res] ==> ignore
    arg [-plugin-opt=-pass-through=-lgcc_s] ==> ignore
    arg [-plugin-opt=-pass-through=-lgcc] ==> ignore
    arg [-plugin-opt=-pass-through=-lc] ==> ignore
    arg [-plugin-opt=-pass-through=-lgcc_s] ==> ignore
    arg [-plugin-opt=-pass-through=-lgcc] ==> ignore
    arg [--sysroot=/] ==> ignore
    arg [--build-id] ==> ignore
    arg [--eh-frame-hdr] ==> ignore
    arg [--hash-style=gnu] ==> ignore
    arg [--as-needed] ==> ignore
    arg [-export-dynamic] ==> ignore
    arg [-dynamic-linker] ==> ignore
    arg [/lib/ld-linux-aarch64.so.1] ==> ignore
    arg [-X] ==> ignore
    arg [-EL] ==> ignore
    arg [-maarch64linux] ==> ignore
    arg [--fix-cortex-a53-843419] ==> ignore
    arg [-pie] ==> ignore
    arg [-znow] ==> ignore
    arg [-zrelro] ==> ignore
    arg [-o] ==> ignore
    arg [cmTC_c2621] ==> ignore
    arg [/usr/lib/gcc/aarch64-linux-gnu/7/../../../aarch64-linux-gnu/Scrt1.o] ==> ignore
    arg [/usr/lib/gcc/aarch64-linux-gnu/7/../../../aarch64-linux-gnu/crti.o] ==> ignore
    arg [/usr/lib/gcc/aarch64-linux-gnu/7/crtbeginS.o] ==> ignore
    arg [-L/usr/lib/gcc/aarch64-linux-gnu/7] ==> dir [/usr/lib/gcc/aarch64-linux-gnu/7]
    arg [-L/usr/lib/gcc/aarch64-linux-gnu/7/../../../aarch64-linux-gnu] ==> dir [/usr/lib/gcc/aarch64-linux-gnu/7/../../../aarch64-linux-gnu]
    arg [-L/usr/lib/gcc/aarch64-linux-gnu/7/../../../../lib] ==> dir [/usr/lib/gcc/aarch64-linux-gnu/7/../../../../lib]
    arg [-L/lib/aarch64-linux-gnu] ==> dir [/lib/aarch64-linux-gnu]
    arg [-L/lib/../lib] ==> dir [/lib/../lib]
    arg [-L/usr/lib/aarch64-linux-gnu] ==> dir [/usr/lib/aarch64-linux-gnu]
    arg [-L/usr/lib/../lib] ==> dir [/usr/lib/../lib]
    arg [-L/usr/lib/gcc/aarch64-linux-gnu/7/../../..] ==> dir [/usr/lib/gcc/aarch64-linux-gnu/7/../../..]
    arg [CMakeFiles/cmTC_c2621.dir/CMakeCXXCompilerABI.cpp.o] ==> ignore
    arg [-lstdc++] ==> lib [stdc++]
    arg [-lm] ==> lib [m]
    arg [-lgcc_s] ==> lib [gcc_s]
    arg [-lgcc] ==> lib [gcc]
    arg [-lc] ==> lib [c]
    arg [-lgcc_s] ==> lib [gcc_s]
    arg [-lgcc] ==> lib [gcc]
    arg [/usr/lib/gcc/aarch64-linux-gnu/7/crtendS.o] ==> ignore
    arg [/usr/lib/gcc/aarch64-linux-gnu/7/../../../aarch64-linux-gnu/crtn.o] ==> ignore
  collapse library dir [/usr/lib/gcc/aarch64-linux-gnu/7] ==> [/usr/lib/gcc/aarch64-linux-gnu/7]
  collapse library dir [/usr/lib/gcc/aarch64-linux-gnu/7/../../../aarch64-linux-gnu] ==> [/usr/lib/aarch64-linux-gnu]
  collapse library dir [/usr/lib/gcc/aarch64-linux-gnu/7/../../../../lib] ==> [/usr/lib]
  collapse library dir [/lib/aarch64-linux-gnu] ==> [/lib/aarch64-linux-gnu]
  collapse library dir [/lib/../lib] ==> [/lib]
  collapse library dir [/usr/lib/aarch64-linux-gnu] ==> [/usr/lib/aarch64-linux-gnu]
  collapse library dir [/usr/lib/../lib] ==> [/usr/lib]
  collapse library dir [/usr/lib/gcc/aarch64-linux-gnu/7/../../..] ==> [/usr/lib]
  implicit libs: [stdc++;m;gcc_s;gcc;c;gcc_s;gcc]
  implicit dirs: [/usr/lib/gcc/aarch64-linux-gnu/7;/usr/lib/aarch64-linux-gnu;/usr/lib;/lib/aarch64-linux-gnu;/lib]
  implicit fwks: []




Detecting CXX [-std=c++1z] compiler features compiled with the following output:
Change Dir: /xavier_ssd/TrekBot/TrekBot2_WS/build/pangolin_catkin/pangolin_EXTERNAL-prefix/src/pangolin_EXTERNAL-build/CMakeFiles/CMakeTmp

Run Build Command:"/usr/bin/make" "cmTC_ecd08/fast"
make[3]: Entering directory '/xavier_ssd/TrekBot/TrekBot2_WS/build/pangolin_catkin/pangolin_EXTERNAL-prefix/src/pangolin_EXTERNAL-build/CMakeFiles/CMakeTmp'
/usr/bin/make -f CMakeFiles/cmTC_ecd08.dir/build.make CMakeFiles/cmTC_ecd08.dir/build
make[4]: Entering directory '/xavier_ssd/TrekBot/TrekBot2_WS/build/pangolin_catkin/pangolin_EXTERNAL-prefix/src/pangolin_EXTERNAL-build/CMakeFiles/CMakeTmp'
Building CXX object CMakeFiles/cmTC_ecd08.dir/feature_tests.cxx.o
/usr/bin/c++    -std=c++1z -o CMakeFiles/cmTC_ecd08.dir/feature_tests.cxx.o -c /xavier_ssd/TrekBot/TrekBot2_WS/build/pangolin_catkin/pangolin_EXTERNAL-prefix/src/pangolin_EXTERNAL-build/CMakeFiles/feature_tests.cxx
Linking CXX executable cmTC_ecd08
/usr/bin/cmake -E cmake_link_script CMakeFiles/cmTC_ecd08.dir/link.txt --verbose=1
/usr/bin/c++       -rdynamic CMakeFiles/cmTC_ecd08.dir/feature_tests.cxx.o  -o cmTC_ecd08 
make[4]: Leaving directory '/xavier_ssd/TrekBot/TrekBot2_WS/build/pangolin_catkin/pangolin_EXTERNAL-prefix/src/pangolin_EXTERNAL-build/CMakeFiles/CMakeTmp'
make[3]: Leaving directory '/xavier_ssd/TrekBot/TrekBot2_WS/build/pangolin_catkin/pangolin_EXTERNAL-prefix/src/pangolin_EXTERNAL-build/CMakeFiles/CMakeTmp'


    Feature record: CXX_FEATURE:1cxx_aggregate_default_initializers
    Feature record: CXX_FEATURE:1cxx_alias_templates
    Feature record: CXX_FEATURE:1cxx_alignas
    Feature record: CXX_FEATURE:1cxx_alignof
    Feature record: CXX_FEATURE:1cxx_attributes
    Feature record: CXX_FEATURE:1cxx_attribute_deprecated
    Feature record: CXX_FEATURE:1cxx_auto_type
    Feature record: CXX_FEATURE:1cxx_binary_literals
    Feature record: CXX_FEATURE:1cxx_constexpr
    Feature record: CXX_FEATURE:1cxx_contextual_conversions
    Feature record: CXX_FEATURE:1cxx_decltype
    Feature record: CXX_FEATURE:1cxx_decltype_auto
    Feature record: CXX_FEATURE:1cxx_decltype_incomplete_return_types
    Feature record: CXX_FEATURE:1cxx_default_function_template_args
    Feature record: CXX_FEATURE:1cxx_defaulted_functions
    Feature record: CXX_FEATURE:1cxx_defaulted_move_initializers
    Feature record: CXX_FEATURE:1cxx_delegating_constructors
    Feature record: CXX_FEATURE:1cxx_deleted_functions
    Feature record: CXX_FEATURE:1cxx_digit_separators
    Feature record: CXX_FEATURE:1cxx_enum_forward_declarations
    Feature record: CXX_FEATURE:1cxx_explicit_conversions
    Feature record: CXX_FEATURE:1cxx_extended_friend_declarations
    Feature record: CXX_FEATURE:1cxx_extern_templates
    Feature record: CXX_FEATURE:1cxx_final
    Feature record: CXX_FEATURE:1cxx_func_identifier
    Feature record: CXX_FEATURE:1cxx_generalized_initializers
    Feature record: CXX_FEATURE:1cxx_generic_lambdas
    Feature record: CXX_FEATURE:1cxx_inheriting_constructors
    Feature record: CXX_FEATURE:1cxx_inline_namespaces
    Feature record: CXX_FEATURE:1cxx_lambdas
    Feature record: CXX_FEATURE:1cxx_lambda_init_captures
    Feature record: CXX_FEATURE:1cxx_local_type_template_args
    Feature record: CXX_FEATURE:1cxx_long_long_type
    Feature record: CXX_FEATURE:1cxx_noexcept
    Feature record: CXX_FEATURE:1cxx_nonstatic_member_init
    Feature record: CXX_FEATURE:1cxx_nullptr
    Feature record: CXX_FEATURE:1cxx_override
    Feature record: CXX_FEATURE:1cxx_range_for
    Feature record: CXX_FEATURE:1cxx_raw_string_literals
    Feature record: CXX_FEATURE:1cxx_reference_qualified_functions
    Feature record: CXX_FEATURE:1cxx_relaxed_constexpr
    Feature record: CXX_FEATURE:1cxx_return_type_deduction
    Feature record: CXX_FEATURE:1cxx_right_angle_brackets
    Feature record: CXX_FEATURE:1cxx_rvalue_references
    Feature record: CXX_FEATURE:1cxx_sizeof_member
    Feature record: CXX_FEATURE:1cxx_static_assert
    Feature record: CXX_FEATURE:1cxx_strong_enums
    Feature record: CXX_FEATURE:1cxx_template_template_parameters
    Feature record: CXX_FEATURE:1cxx_thread_local
    Feature record: CXX_FEATURE:1cxx_trailing_return_types
    Feature record: CXX_FEATURE:1cxx_unicode_literals
    Feature record: CXX_FEATURE:1cxx_uniform_initialization
    Feature record: CXX_FEATURE:1cxx_unrestricted_unions
    Feature record: CXX_FEATURE:1cxx_user_literals
    Feature record: CXX_FEATURE:1cxx_variable_templates
    Feature record: CXX_FEATURE:1cxx_variadic_macros
    Feature record: CXX_FEATURE:1cxx_variadic_templates


Detecting CXX [-std=c++14] compiler features compiled with the following output:
Change Dir: /xavier_ssd/TrekBot/TrekBot2_WS/build/pangolin_catkin/pangolin_EXTERNAL-prefix/src/pangolin_EXTERNAL-build/CMakeFiles/CMakeTmp

Run Build Command:"/usr/bin/make" "cmTC_ba747/fast"
make[3]: Entering directory '/xavier_ssd/TrekBot/TrekBot2_WS/build/pangolin_catkin/pangolin_EXTERNAL-prefix/src/pangolin_EXTERNAL-build/CMakeFiles/CMakeTmp'
/usr/bin/make -f CMakeFiles/cmTC_ba747.dir/build.make CMakeFiles/cmTC_ba747.dir/build
make[4]: Entering directory '/xavier_ssd/TrekBot/TrekBot2_WS/build/pangolin_catkin/pangolin_EXTERNAL-prefix/src/pangolin_EXTERNAL-build/CMakeFiles/CMakeTmp'
Building CXX object CMakeFiles/cmTC_ba747.dir/feature_tests.cxx.o
/usr/bin/c++    -std=c++14 -o CMakeFiles/cmTC_ba747.dir/feature_tests.cxx.o -c /xavier_ssd/TrekBot/TrekBot2_WS/build/pangolin_catkin/pangolin_EXTERNAL-prefix/src/pangolin_EXTERNAL-build/CMakeFiles/feature_tests.cxx
Linking CXX executable cmTC_ba747
/usr/bin/cmake -E cmake_link_script CMakeFiles/cmTC_ba747.dir/link.txt --verbose=1
/usr/bin/c++       -rdynamic CMakeFiles/cmTC_ba747.dir/feature_tests.cxx.o  -o cmTC_ba747 
make[4]: Leaving directory '/xavier_ssd/TrekBot/TrekBot2_WS/build/pangolin_catkin/pangolin_EXTERNAL-prefix/src/pangolin_EXTERNAL-build/CMakeFiles/CMakeTmp'
make[3]: Leaving directory '/xavier_ssd/TrekBot/TrekBot2_WS/build/pangolin_catkin/pangolin_EXTERNAL-prefix/src/pangolin_EXTERNAL-build/CMakeFiles/CMakeTmp'


    Feature record: CXX_FEATURE:1cxx_aggregate_default_initializers
    Feature record: CXX_FEATURE:1cxx_alias_templates
    Feature record: CXX_FEATURE:1cxx_alignas
    Feature record: CXX_FEATURE:1cxx_alignof
    Feature record: CXX_FEATURE:1cxx_attributes
    Feature record: CXX_FEATURE:1cxx_attribute_deprecated
    Feature record: CXX_FEATURE:1cxx_auto_type
    Feature record: CXX_FEATURE:1cxx_binary_literals
    Feature record: CXX_FEATURE:1cxx_constexpr
    Feature record: CXX_FEATURE:1cxx_contextual_conversions
    Feature record: CXX_FEATURE:1cxx_decltype
    Feature record: CXX_FEATURE:1cxx_decltype_auto
    Feature record: CXX_FEATURE:1cxx_decltype_incomplete_return_types
    Feature record: CXX_FEATURE:1cxx_default_function_template_args
    Feature record: CXX_FEATURE:1cxx_defaulted_functions
    Feature record: CXX_FEATURE:1cxx_defaulted_move_initializers
    Feature record: CXX_FEATURE:1cxx_delegating_constructors
    Feature record: CXX_FEATURE:1cxx_deleted_functions
    Feature record: CXX_FEATURE:1cxx_digit_separators
    Feature record: CXX_FEATURE:1cxx_enum_forward_declarations
    Feature record: CXX_FEATURE:1cxx_explicit_conversions
    Feature record: CXX_FEATURE:1cxx_extended_friend_declarations
    Feature record: CXX_FEATURE:1cxx_extern_templates
    Feature record: CXX_FEATURE:1cxx_final
    Feature record: CXX_FEATURE:1cxx_func_identifier
    Feature record: CXX_FEATURE:1cxx_generalized_initializers
    Feature record: CXX_FEATURE:1cxx_generic_lambdas
    Feature record: CXX_FEATURE:1cxx_inheriting_constructors
    Feature record: CXX_FEATURE:1cxx_inline_namespaces
    Feature record: CXX_FEATURE:1cxx_lambdas
    Feature record: CXX_FEATURE:1cxx_lambda_init_captures
    Feature record: CXX_FEATURE:1cxx_local_type_template_args
    Feature record: CXX_FEATURE:1cxx_long_long_type
    Feature record: CXX_FEATURE:1cxx_noexcept
    Feature record: CXX_FEATURE:1cxx_nonstatic_member_init
    Feature record: CXX_FEATURE:1cxx_nullptr
    Feature record: CXX_FEATURE:1cxx_override
    Feature record: CXX_FEATURE:1cxx_range_for
    Feature record: CXX_FEATURE:1cxx_raw_string_literals
    Feature record: CXX_FEATURE:1cxx_reference_qualified_functions
    Feature record: CXX_FEATURE:1cxx_relaxed_constexpr
    Feature record: CXX_FEATURE:1cxx_return_type_deduction
    Feature record: CXX_FEATURE:1cxx_right_angle_brackets
    Feature record: CXX_FEATURE:1cxx_rvalue_references
    Feature record: CXX_FEATURE:1cxx_sizeof_member
    Feature record: CXX_FEATURE:1cxx_static_assert
    Feature record: CXX_FEATURE:1cxx_strong_enums
    Feature record: CXX_FEATURE:1cxx_template_template_parameters
    Feature record: CXX_FEATURE:1cxx_thread_local
    Feature record: CXX_FEATURE:1cxx_trailing_return_types
    Feature record: CXX_FEATURE:1cxx_unicode_literals
    Feature record: CXX_FEATURE:1cxx_uniform_initialization
    Feature record: CXX_FEATURE:1cxx_unrestricted_unions
    Feature record: CXX_FEATURE:1cxx_user_literals
    Feature record: CXX_FEATURE:1cxx_variable_templates
    Feature record: CXX_FEATURE:1cxx_variadic_macros
    Feature record: CXX_FEATURE:1cxx_variadic_templates


Detecting CXX [-std=c++11] compiler features compiled with the following output:
Change Dir: /xavier_ssd/TrekBot/TrekBot2_WS/build/pangolin_catkin/pangolin_EXTERNAL-prefix/src/pangolin_EXTERNAL-build/CMakeFiles/CMakeTmp

Run Build Command:"/usr/bin/make" "cmTC_a7abc/fast"
make[3]: Entering directory '/xavier_ssd/TrekBot/TrekBot2_WS/build/pangolin_catkin/pangolin_EXTERNAL-prefix/src/pangolin_EXTERNAL-build/CMakeFiles/CMakeTmp'
/usr/bin/make -f CMakeFiles/cmTC_a7abc.dir/build.make CMakeFiles/cmTC_a7abc.dir/build
make[4]: Entering directory '/xavier_ssd/TrekBot/TrekBot2_WS/build/pangolin_catkin/pangolin_EXTERNAL-prefix/src/pangolin_EXTERNAL-build/CMakeFiles/CMakeTmp'
Building CXX object CMakeFiles/cmTC_a7abc.dir/feature_tests.cxx.o
/usr/bin/c++    -std=c++11 -o CMakeFiles/cmTC_a7abc.dir/feature_tests.cxx.o -c /xavier_ssd/TrekBot/TrekBot2_WS/build/pangolin_catkin/pangolin_EXTERNAL-prefix/src/pangolin_EXTERNAL-build/CMakeFiles/feature_tests.cxx
Linking CXX executable cmTC_a7abc
/usr/bin/cmake -E cmake_link_script CMakeFiles/cmTC_a7abc.dir/link.txt --verbose=1
/usr/bin/c++       -rdynamic CMakeFiles/cmTC_a7abc.dir/feature_tests.cxx.o  -o cmTC_a7abc 
make[4]: Leaving directory '/xavier_ssd/TrekBot/TrekBot2_WS/build/pangolin_catkin/pangolin_EXTERNAL-prefix/src/pangolin_EXTERNAL-build/CMakeFiles/CMakeTmp'
make[3]: Leaving directory '/xavier_ssd/TrekBot/TrekBot2_WS/build/pangolin_catkin/pangolin_EXTERNAL-prefix/src/pangolin_EXTERNAL-build/CMakeFiles/CMakeTmp'


    Feature record: CXX_FEATURE:0cxx_aggregate_default_initializers
    Feature record: CXX_FEATURE:1cxx_alias_templates
    Feature record: CXX_FEATURE:1cxx_alignas
    Feature record: CXX_FEATURE:1cxx_alignof
    Feature record: CXX_FEATURE:1cxx_attributes
    Feature record: CXX_FEATURE:0cxx_attribute_deprecated
    Feature record: CXX_FEATURE:1cxx_auto_type
    Feature record: CXX_FEATURE:0cxx_binary_literals
    Feature record: CXX_FEATURE:1cxx_constexpr
    Feature record: CXX_FEATURE:0cxx_contextual_conversions
    Feature record: CXX_FEATURE:1cxx_decltype
    Feature record: CXX_FEATURE:0cxx_decltype_auto
    Feature record: CXX_FEATURE:1cxx_decltype_incomplete_return_types
    Feature record: CXX_FEATURE:1cxx_default_function_template_args
    Feature record: CXX_FEATURE:1cxx_defaulted_functions
    Feature record: CXX_FEATURE:1cxx_defaulted_move_initializers
    Feature record: CXX_FEATURE:1cxx_delegating_constructors
    Feature record: CXX_FEATURE:1cxx_deleted_functions
    Feature record: CXX_FEATURE:0cxx_digit_separators
    Feature record: CXX_FEATURE:1cxx_enum_forward_declarations
    Feature record: CXX_FEATURE:1cxx_explicit_conversions
    Feature record: CXX_FEATURE:1cxx_extended_friend_declarations
    Feature record: CXX_FEATURE:1cxx_extern_templates
    Feature record: CXX_FEATURE:1cxx_final
    Feature record: CXX_FEATURE:1cxx_func_identifier
    Feature record: CXX_FEATURE:1cxx_generalized_initializers
    Feature record: CXX_FEATURE:0cxx_generic_lambdas
    Feature record: CXX_FEATURE:1cxx_inheriting_constructors
    Feature record: CXX_FEATURE:1cxx_inline_namespaces
    Feature record: CXX_FEATURE:1cxx_lambdas
    Feature record: CXX_FEATURE:0cxx_lambda_init_captures
    Feature record: CXX_FEATURE:1cxx_local_type_template_args
    Feature record: CXX_FEATURE:1cxx_long_long_type
    Feature record: CXX_FEATURE:1cxx_noexcept
    Feature record: CXX_FEATURE:1cxx_nonstatic_member_init
    Feature record: CXX_FEATURE:1cxx_nullptr
    Feature record: CXX_FEATURE:1cxx_override
    Feature record: CXX_FEATURE:1cxx_range_for
    Feature record: CXX_FEATURE:1cxx_raw_string_literals
    Feature record: CXX_FEATURE:1cxx_reference_qualified_functions
    Feature record: CXX_FEATURE:0cxx_relaxed_constexpr
    Feature record: CXX_FEATURE:0cxx_return_type_deduction
    Feature record: CXX_FEATURE:1cxx_right_angle_brackets
    Feature record: CXX_FEATURE:1cxx_rvalue_references
    Feature record: CXX_FEATURE:1cxx_sizeof_member
    Feature record: CXX_FEATURE:1cxx_static_assert
    Feature record: CXX_FEATURE:1cxx_strong_enums
    Feature record: CXX_FEATURE:1cxx_template_template_parameters
    Feature record: CXX_FEATURE:1cxx_thread_local
    Feature record: CXX_FEATURE:1cxx_trailing_return_types
    Feature record: CXX_FEATURE:1cxx_unicode_literals
    Feature record: CXX_FEATURE:1cxx_uniform_initialization
    Feature record: CXX_FEATURE:1cxx_unrestricted_unions
    Feature record: CXX_FEATURE:1cxx_user_literals
    Feature record: CXX_FEATURE:0cxx_variable_templates
    Feature record: CXX_FEATURE:1cxx_variadic_macros
    Feature record: CXX_FEATURE:1cxx_variadic_templates


Detecting CXX [-std=c++98] compiler features compiled with the following output:
Change Dir: /xavier_ssd/TrekBot/TrekBot2_WS/build/pangolin_catkin/pangolin_EXTERNAL-prefix/src/pangolin_EXTERNAL-build/CMakeFiles/CMakeTmp

Run Build Command:"/usr/bin/make" "cmTC_3101a/fast"
make[3]: Entering directory '/xavier_ssd/TrekBot/TrekBot2_WS/build/pangolin_catkin/pangolin_EXTERNAL-prefix/src/pangolin_EXTERNAL-build/CMakeFiles/CMakeTmp'
/usr/bin/make -f CMakeFiles/cmTC_3101a.dir/build.make CMakeFiles/cmTC_3101a.dir/build
make[4]: Entering directory '/xavier_ssd/TrekBot/TrekBot2_WS/build/pangolin_catkin/pangolin_EXTERNAL-prefix/src/pangolin_EXTERNAL-build/CMakeFiles/CMakeTmp'
Building CXX object CMakeFiles/cmTC_3101a.dir/feature_tests.cxx.o
/usr/bin/c++    -std=c++98 -o CMakeFiles/cmTC_3101a.dir/feature_tests.cxx.o -c /xavier_ssd/TrekBot/TrekBot2_WS/build/pangolin_catkin/pangolin_EXTERNAL-prefix/src/pangolin_EXTERNAL-build/CMakeFiles/feature_tests.cxx
Linking CXX executable cmTC_3101a
/usr/bin/cmake -E cmake_link_script CMakeFiles/cmTC_3101a.dir/link.txt --verbose=1
/usr/bin/c++       -rdynamic CMakeFiles/cmTC_3101a.dir/feature_tests.cxx.o  -o cmTC_3101a 
make[4]: Leaving directory '/xavier_ssd/TrekBot/TrekBot2_WS/build/pangolin_catkin/pangolin_EXTERNAL-prefix/src/pangolin_EXTERNAL-build/CMakeFiles/CMakeTmp'
make[3]: Leaving directory '/xavier_ssd/TrekBot/TrekBot2_WS/build/pangolin_catkin/pangolin_EXTERNAL-prefix/src/pangolin_EXTERNAL-build/CMakeFiles/CMakeTmp'


    Feature record: CXX_FEATURE:0cxx_aggregate_default_initializers
    Feature record: CXX_FEATURE:0cxx_alias_templates
    Feature record: CXX_FEATURE:0cxx_alignas
    Feature record: CXX_FEATURE:0cxx_alignof
    Feature record: CXX_FEATURE:0cxx_attributes
    Feature record: CXX_FEATURE:0cxx_attribute_deprecated
    Feature record: CXX_FEATURE:0cxx_auto_type
    Feature record: CXX_FEATURE:0cxx_binary_literals
    Feature record: CXX_FEATURE:0cxx_constexpr
    Feature record: CXX_FEATURE:0cxx_contextual_conversions
    Feature record: CXX_FEATURE:0cxx_decltype
    Feature record: CXX_FEATURE:0cxx_decltype_auto
    Feature record: CXX_FEATURE:0cxx_decltype_incomplete_return_types
    Feature record: CXX_FEATURE:0cxx_default_function_template_args
    Feature record: CXX_FEATURE:0cxx_defaulted_functions
    Feature record: CXX_FEATURE:0cxx_defaulted_move_initializers
    Feature record: CXX_FEATURE:0cxx_delegating_constructors
    Feature record: CXX_FEATURE:0cxx_deleted_functions
    Feature record: CXX_FEATURE:0cxx_digit_separators
    Feature record: CXX_FEATURE:0cxx_enum_forward_declarations
    Feature record: CXX_FEATURE:0cxx_explicit_conversions
    Feature record: CXX_FEATURE:0cxx_extended_friend_declarations
    Feature record: CXX_FEATURE:0cxx_extern_templates
    Feature record: CXX_FEATURE:0cxx_final
    Feature record: CXX_FEATURE:0cxx_func_identifier
    Feature record: CXX_FEATURE:0cxx_generalized_initializers
    Feature record: CXX_FEATURE:0cxx_generic_lambdas
    Feature record: CXX_FEATURE:0cxx_inheriting_constructors
    Feature record: CXX_FEATURE:0cxx_inline_namespaces
    Feature record: CXX_FEATURE:0cxx_lambdas
    Feature record: CXX_FEATURE:0cxx_lambda_init_captures
    Feature record: CXX_FEATURE:0cxx_local_type_template_args
    Feature record: CXX_FEATURE:0cxx_long_long_type
    Feature record: CXX_FEATURE:0cxx_noexcept
    Feature record: CXX_FEATURE:0cxx_nonstatic_member_init
    Feature record: CXX_FEATURE:0cxx_nullptr
    Feature record: CXX_FEATURE:0cxx_override
    Feature record: CXX_FEATURE:0cxx_range_for
    Feature record: CXX_FEATURE:0cxx_raw_string_literals
    Feature record: CXX_FEATURE:0cxx_reference_qualified_functions
    Feature record: CXX_FEATURE:0cxx_relaxed_constexpr
    Feature record: CXX_FEATURE:0cxx_return_type_deduction
    Feature record: CXX_FEATURE:0cxx_right_angle_brackets
    Feature record: CXX_FEATURE:0cxx_rvalue_references
    Feature record: CXX_FEATURE:0cxx_sizeof_member
    Feature record: CXX_FEATURE:0cxx_static_assert
    Feature record: CXX_FEATURE:0cxx_strong_enums
    Feature record: CXX_FEATURE:1cxx_template_template_parameters
    Feature record: CXX_FEATURE:0cxx_thread_local
    Feature record: CXX_FEATURE:0cxx_trailing_return_types
    Feature record: CXX_FEATURE:0cxx_unicode_literals
    Feature record: CXX_FEATURE:0cxx_uniform_initialization
    Feature record: CXX_FEATURE:0cxx_unrestricted_unions
    Feature record: CXX_FEATURE:0cxx_user_literals
    Feature record: CXX_FEATURE:0cxx_variable_templates
    Feature record: CXX_FEATURE:0cxx_variadic_macros
    Feature record: CXX_FEATURE:0cxx_variadic_templates
Determining if the function XOpenDisplay exists in the /usr/lib/aarch64-linux-gnu/libX11.so;/usr/lib/aarch64-linux-gnu/libXext.so passed with the following output:
Change Dir: /xavier_ssd/TrekBot/TrekBot2_WS/build/pangolin_catkin/pangolin_EXTERNAL-prefix/src/pangolin_EXTERNAL-build/CMakeFiles/CMakeTmp

Run Build Command:"/usr/bin/make" "cmTC_35111/fast"
make[3]: Entering directory '/xavier_ssd/TrekBot/TrekBot2_WS/build/pangolin_catkin/pangolin_EXTERNAL-prefix/src/pangolin_EXTERNAL-build/CMakeFiles/CMakeTmp'
/usr/bin/make -f CMakeFiles/cmTC_35111.dir/build.make CMakeFiles/cmTC_35111.dir/build
make[4]: Entering directory '/xavier_ssd/TrekBot/TrekBot2_WS/build/pangolin_catkin/pangolin_EXTERNAL-prefix/src/pangolin_EXTERNAL-build/CMakeFiles/CMakeTmp'
Building C object CMakeFiles/cmTC_35111.dir/CheckFunctionExists.c.o
/usr/bin/cc   -DCHECK_FUNCTION_EXISTS=XOpenDisplay   -o CMakeFiles/cmTC_35111.dir/CheckFunctionExists.c.o   -c /usr/share/cmake-3.10/Modules/CheckFunctionExists.c
Linking C executable cmTC_35111
/usr/bin/cmake -E cmake_link_script CMakeFiles/cmTC_35111.dir/link.txt --verbose=1
/usr/bin/cc  -DCHECK_FUNCTION_EXISTS=XOpenDisplay    -rdynamic CMakeFiles/cmTC_35111.dir/CheckFunctionExists.c.o  -o cmTC_35111 /usr/lib/aarch64-linux-gnu/libX11.so /usr/lib/aarch64-linux-gnu/libXext.so 
make[4]: Leaving directory '/xavier_ssd/TrekBot/TrekBot2_WS/build/pangolin_catkin/pangolin_EXTERNAL-prefix/src/pangolin_EXTERNAL-build/CMakeFiles/CMakeTmp'
make[3]: Leaving directory '/xavier_ssd/TrekBot/TrekBot2_WS/build/pangolin_catkin/pangolin_EXTERNAL-prefix/src/pangolin_EXTERNAL-build/CMakeFiles/CMakeTmp'


Determining if the function gethostbyname exists passed with the following output:
Change Dir: /xavier_ssd/TrekBot/TrekBot2_WS/build/pangolin_catkin/pangolin_EXTERNAL-prefix/src/pangolin_EXTERNAL-build/CMakeFiles/CMakeTmp

Run Build Command:"/usr/bin/make" "cmTC_41b19/fast"
make[3]: Entering directory '/xavier_ssd/TrekBot/TrekBot2_WS/build/pangolin_catkin/pangolin_EXTERNAL-prefix/src/pangolin_EXTERNAL-build/CMakeFiles/CMakeTmp'
/usr/bin/make -f CMakeFiles/cmTC_41b19.dir/build.make CMakeFiles/cmTC_41b19.dir/build
make[4]: Entering directory '/xavier_ssd/TrekBot/TrekBot2_WS/build/pangolin_catkin/pangolin_EXTERNAL-prefix/src/pangolin_EXTERNAL-build/CMakeFiles/CMakeTmp'
Building C object CMakeFiles/cmTC_41b19.dir/CheckFunctionExists.c.o
/usr/bin/cc   -DCHECK_FUNCTION_EXISTS=gethostbyname   -o CMakeFiles/cmTC_41b19.dir/CheckFunctionExists.c.o   -c /usr/share/cmake-3.10/Modules/CheckFunctionExists.c
Linking C executable cmTC_41b19
/usr/bin/cmake -E cmake_link_script CMakeFiles/cmTC_41b19.dir/link.txt --verbose=1
/usr/bin/cc  -DCHECK_FUNCTION_EXISTS=gethostbyname    -rdynamic CMakeFiles/cmTC_41b19.dir/CheckFunctionExists.c.o  -o cmTC_41b19 
make[4]: Leaving directory '/xavier_ssd/TrekBot/TrekBot2_WS/build/pangolin_catkin/pangolin_EXTERNAL-prefix/src/pangolin_EXTERNAL-build/CMakeFiles/CMakeTmp'
make[3]: Leaving directory '/xavier_ssd/TrekBot/TrekBot2_WS/build/pangolin_catkin/pangolin_EXTERNAL-prefix/src/pangolin_EXTERNAL-build/CMakeFiles/CMakeTmp'


Determining if the function connect exists passed with the following output:
Change Dir: /xavier_ssd/TrekBot/TrekBot2_WS/build/pangolin_catkin/pangolin_EXTERNAL-prefix/src/pangolin_EXTERNAL-build/CMakeFiles/CMakeTmp

Run Build Command:"/usr/bin/make" "cmTC_b29b8/fast"
make[3]: Entering directory '/xavier_ssd/TrekBot/TrekBot2_WS/build/pangolin_catkin/pangolin_EXTERNAL-prefix/src/pangolin_EXTERNAL-build/CMakeFiles/CMakeTmp'
/usr/bin/make -f CMakeFiles/cmTC_b29b8.dir/build.make CMakeFiles/cmTC_b29b8.dir/build
make[4]: Entering directory '/xavier_ssd/TrekBot/TrekBot2_WS/build/pangolin_catkin/pangolin_EXTERNAL-prefix/src/pangolin_EXTERNAL-build/CMakeFiles/CMakeTmp'
Building C object CMakeFiles/cmTC_b29b8.dir/CheckFunctionExists.c.o
/usr/bin/cc   -DCHECK_FUNCTION_EXISTS=connect   -o CMakeFiles/cmTC_b29b8.dir/CheckFunctionExists.c.o   -c /usr/share/cmake-3.10/Modules/CheckFunctionExists.c
Linking C executable cmTC_b29b8
/usr/bin/cmake -E cmake_link_script CMakeFiles/cmTC_b29b8.dir/link.txt --verbose=1
/usr/bin/cc  -DCHECK_FUNCTION_EXISTS=connect    -rdynamic CMakeFiles/cmTC_b29b8.dir/CheckFunctionExists.c.o  -o cmTC_b29b8 
make[4]: Leaving directory '/xavier_ssd/TrekBot/TrekBot2_WS/build/pangolin_catkin/pangolin_EXTERNAL-prefix/src/pangolin_EXTERNAL-build/CMakeFiles/CMakeTmp'
make[3]: Leaving directory '/xavier_ssd/TrekBot/TrekBot2_WS/build/pangolin_catkin/pangolin_EXTERNAL-prefix/src/pangolin_EXTERNAL-build/CMakeFiles/CMakeTmp'


Determining if the function remove exists passed with the following output:
Change Dir: /xavier_ssd/TrekBot/TrekBot2_WS/build/pangolin_catkin/pangolin_EXTERNAL-prefix/src/pangolin_EXTERNAL-build/CMakeFiles/CMakeTmp

Run Build Command:"/usr/bin/make" "cmTC_6da9c/fast"
make[3]: Entering directory '/xavier_ssd/TrekBot/TrekBot2_WS/build/pangolin_catkin/pangolin_EXTERNAL-prefix/src/pangolin_EXTERNAL-build/CMakeFiles/CMakeTmp'
/usr/bin/make -f CMakeFiles/cmTC_6da9c.dir/build.make CMakeFiles/cmTC_6da9c.dir/build
make[4]: Entering directory '/xavier_ssd/TrekBot/TrekBot2_WS/build/pangolin_catkin/pangolin_EXTERNAL-prefix/src/pangolin_EXTERNAL-build/CMakeFiles/CMakeTmp'
Building C object CMakeFiles/cmTC_6da9c.dir/CheckFunctionExists.c.o
/usr/bin/cc   -DCHECK_FUNCTION_EXISTS=remove   -o CMakeFiles/cmTC_6da9c.dir/CheckFunctionExists.c.o   -c /usr/share/cmake-3.10/Modules/CheckFunctionExists.c
Linking C executable cmTC_6da9c
/usr/bin/cmake -E cmake_link_script CMakeFiles/cmTC_6da9c.dir/link.txt --verbose=1
/usr/bin/cc  -DCHECK_FUNCTION_EXISTS=remove    -rdynamic CMakeFiles/cmTC_6da9c.dir/CheckFunctionExists.c.o  -o cmTC_6da9c 
make[4]: Leaving directory '/xavier_ssd/TrekBot/TrekBot2_WS/build/pangolin_catkin/pangolin_EXTERNAL-prefix/src/pangolin_EXTERNAL-build/CMakeFiles/CMakeTmp'
make[3]: Leaving directory '/xavier_ssd/TrekBot/TrekBot2_WS/build/pangolin_catkin/pangolin_EXTERNAL-prefix/src/pangolin_EXTERNAL-build/CMakeFiles/CMakeTmp'


Determining if the function shmat exists passed with the following output:
Change Dir: /xavier_ssd/TrekBot/TrekBot2_WS/build/pangolin_catkin/pangolin_EXTERNAL-prefix/src/pangolin_EXTERNAL-build/CMakeFiles/CMakeTmp

Run Build Command:"/usr/bin/make" "cmTC_91083/fast"
make[3]: Entering directory '/xavier_ssd/TrekBot/TrekBot2_WS/build/pangolin_catkin/pangolin_EXTERNAL-prefix/src/pangolin_EXTERNAL-build/CMakeFiles/CMakeTmp'
/usr/bin/make -f CMakeFiles/cmTC_91083.dir/build.make CMakeFiles/cmTC_91083.dir/build
make[4]: Entering directory '/xavier_ssd/TrekBot/TrekBot2_WS/build/pangolin_catkin/pangolin_EXTERNAL-prefix/src/pangolin_EXTERNAL-build/CMakeFiles/CMakeTmp'
Building C object CMakeFiles/cmTC_91083.dir/CheckFunctionExists.c.o
/usr/bin/cc   -DCHECK_FUNCTION_EXISTS=shmat   -o CMakeFiles/cmTC_91083.dir/CheckFunctionExists.c.o   -c /usr/share/cmake-3.10/Modules/CheckFunctionExists.c
Linking C executable cmTC_91083
/usr/bin/cmake -E cmake_link_script CMakeFiles/cmTC_91083.dir/link.txt --verbose=1
/usr/bin/cc  -DCHECK_FUNCTION_EXISTS=shmat    -rdynamic CMakeFiles/cmTC_91083.dir/CheckFunctionExists.c.o  -o cmTC_91083 
make[4]: Leaving directory '/xavier_ssd/TrekBot/TrekBot2_WS/build/pangolin_catkin/pangolin_EXTERNAL-prefix/src/pangolin_EXTERNAL-build/CMakeFiles/CMakeTmp'
make[3]: Leaving directory '/xavier_ssd/TrekBot/TrekBot2_WS/build/pangolin_catkin/pangolin_EXTERNAL-prefix/src/pangolin_EXTERNAL-build/CMakeFiles/CMakeTmp'


Determining if the function IceConnectionNumber exists in the ICE passed with the following output:
Change Dir: /xavier_ssd/TrekBot/TrekBot2_WS/build/pangolin_catkin/pangolin_EXTERNAL-prefix/src/pangolin_EXTERNAL-build/CMakeFiles/CMakeTmp

Run Build Command:"/usr/bin/make" "cmTC_2fe7e/fast"
make[3]: Entering directory '/xavier_ssd/TrekBot/TrekBot2_WS/build/pangolin_catkin/pangolin_EXTERNAL-prefix/src/pangolin_EXTERNAL-build/CMakeFiles/CMakeTmp'
/usr/bin/make -f CMakeFiles/cmTC_2fe7e.dir/build.make CMakeFiles/cmTC_2fe7e.dir/build
make[4]: Entering directory '/xavier_ssd/TrekBot/TrekBot2_WS/build/pangolin_catkin/pangolin_EXTERNAL-prefix/src/pangolin_EXTERNAL-build/CMakeFiles/CMakeTmp'
Building C object CMakeFiles/cmTC_2fe7e.dir/CheckFunctionExists.c.o
/usr/bin/cc   -DCHECK_FUNCTION_EXISTS=IceConnectionNumber   -o CMakeFiles/cmTC_2fe7e.dir/CheckFunctionExists.c.o   -c /usr/share/cmake-3.10/Modules/CheckFunctionExists.c
Linking C executable cmTC_2fe7e
/usr/bin/cmake -E cmake_link_script CMakeFiles/cmTC_2fe7e.dir/link.txt --verbose=1
/usr/bin/cc  -DCHECK_FUNCTION_EXISTS=IceConnectionNumber    -rdynamic CMakeFiles/cmTC_2fe7e.dir/CheckFunctionExists.c.o  -o cmTC_2fe7e -lICE 
make[4]: Leaving directory '/xavier_ssd/TrekBot/TrekBot2_WS/build/pangolin_catkin/pangolin_EXTERNAL-prefix/src/pangolin_EXTERNAL-build/CMakeFiles/CMakeTmp'
make[3]: Leaving directory '/xavier_ssd/TrekBot/TrekBot2_WS/build/pangolin_catkin/pangolin_EXTERNAL-prefix/src/pangolin_EXTERNAL-build/CMakeFiles/CMakeTmp'


Performing C++ SOURCE FILE Test HAVE_FFMPEG_AVFORMAT_ALLOC_OUTPUT_CONTEXT2 succeeded with the following output:
Change Dir: /xavier_ssd/TrekBot/TrekBot2_WS/build/pangolin_catkin/pangolin_EXTERNAL-prefix/src/pangolin_EXTERNAL-build/CMakeFiles/CMakeTmp

Run Build Command:"/usr/bin/make" "cmTC_51b9e/fast"
make[3]: Entering directory '/xavier_ssd/TrekBot/TrekBot2_WS/build/pangolin_catkin/pangolin_EXTERNAL-prefix/src/pangolin_EXTERNAL-build/CMakeFiles/CMakeTmp'
/usr/bin/make -f CMakeFiles/cmTC_51b9e.dir/build.make CMakeFiles/cmTC_51b9e.dir/build
make[4]: Entering directory '/xavier_ssd/TrekBot/TrekBot2_WS/build/pangolin_catkin/pangolin_EXTERNAL-prefix/src/pangolin_EXTERNAL-build/CMakeFiles/CMakeTmp'
Building CXX object CMakeFiles/cmTC_51b9e.dir/src.cxx.o
/usr/bin/c++   -I/usr/include/aarch64-linux-gnu  -std=c++0x -Wall -Wextra  -DHAVE_FFMPEG_AVFORMAT_ALLOC_OUTPUT_CONTEXT2   -o CMakeFiles/cmTC_51b9e.dir/src.cxx.o -c /xavier_ssd/TrekBot/TrekBot2_WS/build/pangolin_catkin/pangolin_EXTERNAL-prefix/src/pangolin_EXTERNAL-build/CMakeFiles/CMakeTmp/src.cxx
/xavier_ssd/TrekBot/TrekBot2_WS/build/pangolin_catkin/pangolin_EXTERNAL-prefix/src/pangolin_EXTERNAL-build/CMakeFiles/CMakeTmp/src.cxx: In function int main():
/xavier_ssd/TrekBot/TrekBot2_WS/build/pangolin_catkin/pangolin_EXTERNAL-prefix/src/pangolin_EXTERNAL-build/CMakeFiles/CMakeTmp/src.cxx:3:9: warning: statement has no effect [-Wunused-value]
         &avformat_alloc_output_context2;
         ^~~~~~~~~~~~~~~~~~~~~~~~~~~~~~~
Linking CXX executable cmTC_51b9e
/usr/bin/cmake -E cmake_link_script CMakeFiles/cmTC_51b9e.dir/link.txt --verbose=1
/usr/bin/c++  -std=c++0x -Wall -Wextra  -DHAVE_FFMPEG_AVFORMAT_ALLOC_OUTPUT_CONTEXT2    -rdynamic CMakeFiles/cmTC_51b9e.dir/src.cxx.o  -o cmTC_51b9e 
make[4]: Leaving directory '/xavier_ssd/TrekBot/TrekBot2_WS/build/pangolin_catkin/pangolin_EXTERNAL-prefix/src/pangolin_EXTERNAL-build/CMakeFiles/CMakeTmp'
make[3]: Leaving directory '/xavier_ssd/TrekBot/TrekBot2_WS/build/pangolin_catkin/pangolin_EXTERNAL-prefix/src/pangolin_EXTERNAL-build/CMakeFiles/CMakeTmp'

Source file was:
#include "/usr/include/aarch64-linux-gnu/libavformat/avformat.h"
      int main() {
        &avformat_alloc_output_context2;
      }
Performing C++ SOURCE FILE Test HAVE_FFMPEG_AVPIXELFORMAT succeeded with the following output:
Change Dir: /xavier_ssd/TrekBot/TrekBot2_WS/build/pangolin_catkin/pangolin_EXTERNAL-prefix/src/pangolin_EXTERNAL-build/CMakeFiles/CMakeTmp

Run Build Command:"/usr/bin/make" "cmTC_cfe74/fast"
make[3]: Entering directory '/xavier_ssd/TrekBot/TrekBot2_WS/build/pangolin_catkin/pangolin_EXTERNAL-prefix/src/pangolin_EXTERNAL-build/CMakeFiles/CMakeTmp'
/usr/bin/make -f CMakeFiles/cmTC_cfe74.dir/build.make CMakeFiles/cmTC_cfe74.dir/build
make[4]: Entering directory '/xavier_ssd/TrekBot/TrekBot2_WS/build/pangolin_catkin/pangolin_EXTERNAL-prefix/src/pangolin_EXTERNAL-build/CMakeFiles/CMakeTmp'
Building CXX object CMakeFiles/cmTC_cfe74.dir/src.cxx.o
/usr/bin/c++   -I/usr/include/aarch64-linux-gnu  -std=c++0x -Wall -Wextra  -DHAVE_FFMPEG_AVPIXELFORMAT   -o CMakeFiles/cmTC_cfe74.dir/src.cxx.o -c /xavier_ssd/TrekBot/TrekBot2_WS/build/pangolin_catkin/pangolin_EXTERNAL-prefix/src/pangolin_EXTERNAL-build/CMakeFiles/CMakeTmp/src.cxx
/xavier_ssd/TrekBot/TrekBot2_WS/build/pangolin_catkin/pangolin_EXTERNAL-prefix/src/pangolin_EXTERNAL-build/CMakeFiles/CMakeTmp/src.cxx: In function int main():
/xavier_ssd/TrekBot/TrekBot2_WS/build/pangolin_catkin/pangolin_EXTERNAL-prefix/src/pangolin_EXTERNAL-build/CMakeFiles/CMakeTmp/src.cxx:3:23: warning: unused variable test [-Wunused-variable]
         AVPixelFormat test = AV_PIX_FMT_GRAY8;
                       ^~~~
Linking CXX executable cmTC_cfe74
/usr/bin/cmake -E cmake_link_script CMakeFiles/cmTC_cfe74.dir/link.txt --verbose=1
/usr/bin/c++  -std=c++0x -Wall -Wextra  -DHAVE_FFMPEG_AVPIXELFORMAT    -rdynamic CMakeFiles/cmTC_cfe74.dir/src.cxx.o  -o cmTC_cfe74 
make[4]: Leaving directory '/xavier_ssd/TrekBot/TrekBot2_WS/build/pangolin_catkin/pangolin_EXTERNAL-prefix/src/pangolin_EXTERNAL-build/CMakeFiles/CMakeTmp'
make[3]: Leaving directory '/xavier_ssd/TrekBot/TrekBot2_WS/build/pangolin_catkin/pangolin_EXTERNAL-prefix/src/pangolin_EXTERNAL-build/CMakeFiles/CMakeTmp'

Source file was:
#include "/usr/include/aarch64-linux-gnu/libavutil/pixdesc.h"
      int main() {
        AVPixelFormat test = AV_PIX_FMT_GRAY8;
      }
