[35m[1mScanning dependencies of target gflags_src[0m
[ 12%] [34m[1mCreating directories for 'gflags_src'[0m
[ 25%] [34m[1mPerforming download step (download, verify and extract) for 'gflags_src'[0m
-- Downloading...
   dst='/xavier_ssd/TrekBot/TrekBot2_WS/build/gflags_catkin/gflags_src-prefix/src/v2.2.1.zip'
   timeout='none'
-- Using src='https://github.com/gflags/gflags/archive/v2.2.1.zip'
-- verifying file...
       file='/xavier_ssd/TrekBot/TrekBot2_WS/build/gflags_catkin/gflags_src-prefix/src/v2.2.1.zip'
-- Downloading... done
-- extracting...
     src='/xavier_ssd/TrekBot/TrekBot2_WS/build/gflags_catkin/gflags_src-prefix/src/v2.2.1.zip'
     dst='/xavier_ssd/TrekBot/TrekBot2_WS/build/gflags_catkin/gflags_src-prefix/src/gflags_src'
-- extracting... [tar xfz]
-- extracting... [analysis]
-- extracting... [rename]
-- extracting... [clean up]
-- extracting... done
[ 50%] [34m[1mNo patch step for 'gflags_src'[0m
[ 50%] [34m[1mNo update step for 'gflags_src'[0m
[ 62%] [34m[1mPerforming configure step for 'gflags_src'[0m
-- The CXX compiler identification is GNU 7.3.0
-- Check for working CXX compiler: /usr/bin/c++
-- Check for working CXX compiler: /usr/bin/c++ -- works
-- Detecting CXX compiler ABI info
-- Detecting CXX compiler ABI info - done
-- Detecting CXX compile features
-- Detecting CXX compile features - done
-- Looking for C++ include unistd.h
-- Looking for C++ include unistd.h - found
-- Looking for C++ include stdint.h
-- Looking for C++ include stdint.h - found
-- Looking for C++ include inttypes.h
-- Looking for C++ include inttypes.h - found
-- Looking for C++ include sys/types.h
-- Looking for C++ include sys/types.h - found
-- Looking for C++ include sys/stat.h
-- Looking for C++ include sys/stat.h - found
-- Looking for C++ include fnmatch.h
-- Looking for C++ include fnmatch.h - found
-- Looking for C++ include stddef.h
-- Looking for C++ include stddef.h - found
-- Check size of uint32_t
-- Check size of uint32_t - done
-- Looking for strtoll
-- Looking for strtoll - found
-- Looking for C++ include pthread.h
-- Looking for C++ include pthread.h - found
-- Looking for pthread_create
-- Looking for pthread_create - not found
-- Looking for pthread_create in pthreads
-- Looking for pthread_create in pthreads - not found
-- Looking for pthread_create in pthread
-- Looking for pthread_create in pthread - found
-- Found Threads: TRUE  
-- Check size of pthread_rwlock_t
-- Check size of pthread_rwlock_t - done
-- Configuring done
-- Generating done
-- Build files have been written to: /xavier_ssd/TrekBot/TrekBot2_WS/build/gflags_catkin/gflags_src-prefix/src/gflags_src
[ 75%] [34m[1mPerforming build step for 'gflags_src'[0m
make[3]: warning: -jN forced in submake: disabling jobserver mode.
[35m[1mScanning dependencies of target gflags_shared[0m
[35m[1mScanning dependencies of target gflags_nothreads_shared[0m
[ 25%] [32mBuilding CXX object CMakeFiles/gflags_nothreads_shared.dir/src/gflags.cc.o[0m
[ 25%] [32mBuilding CXX object CMakeFiles/gflags_shared.dir/src/gflags_reporting.cc.o[0m
[ 37%] [32mBuilding CXX object CMakeFiles/gflags_shared.dir/src/gflags.cc.o[0m
[ 50%] [32mBuilding CXX object CMakeFiles/gflags_nothreads_shared.dir/src/gflags_reporting.cc.o[0m
[ 75%] [32mBuilding CXX object CMakeFiles/gflags_shared.dir/src/gflags_completions.cc.o[0m
[ 75%] [32mBuilding CXX object CMakeFiles/gflags_nothreads_shared.dir/src/gflags_completions.cc.o[0m
[100%] [32m[1mLinking CXX shared library lib/libgflags_nothreads.so[0m
[100%] [32m[1mLinking CXX shared library lib/libgflags.so[0m
[100%] Built target gflags_nothreads_shared
[100%] Built target gflags_shared
[ 87%] [34m[1mPerforming install step for 'gflags_src'[0m
make[3]: warning: -jN forced in submake: disabling jobserver mode.
[ 87%] Built target gflags_shared
[100%] Built target gflags_nothreads_shared
[36mInstall the project...[0m
-- Install configuration: "Release"
-- Installing: /xavier_ssd/TrekBot/TrekBot2_WS/devel/.private/gflags_catkin/lib/libgflags.so.2.2.1
-- Installing: /xavier_ssd/TrekBot/TrekBot2_WS/devel/.private/gflags_catkin/lib/libgflags.so.2.2
-- Installing: /xavier_ssd/TrekBot/TrekBot2_WS/devel/.private/gflags_catkin/lib/libgflags.so
-- Installing: /xavier_ssd/TrekBot/TrekBot2_WS/devel/.private/gflags_catkin/lib/libgflags_nothreads.so.2.2.1
-- Installing: /xavier_ssd/TrekBot/TrekBot2_WS/devel/.private/gflags_catkin/lib/libgflags_nothreads.so.2.2
-- Installing: /xavier_ssd/TrekBot/TrekBot2_WS/devel/.private/gflags_catkin/lib/libgflags_nothreads.so
-- Installing: /xavier_ssd/TrekBot/TrekBot2_WS/devel/.private/gflags_catkin/include/gflags/gflags.h
-- Installing: /xavier_ssd/TrekBot/TrekBot2_WS/devel/.private/gflags_catkin/include/gflags/gflags_declare.h
-- Installing: /xavier_ssd/TrekBot/TrekBot2_WS/devel/.private/gflags_catkin/include/gflags/gflags_completions.h
-- Installing: /xavier_ssd/TrekBot/TrekBot2_WS/devel/.private/gflags_catkin/lib/cmake/gflags/gflags-config.cmake
-- Installing: /xavier_ssd/TrekBot/TrekBot2_WS/devel/.private/gflags_catkin/lib/cmake/gflags/gflags-config-version.cmake
-- Installing: /xavier_ssd/TrekBot/TrekBot2_WS/devel/.private/gflags_catkin/lib/cmake/gflags/gflags-targets.cmake
-- Installing: /xavier_ssd/TrekBot/TrekBot2_WS/devel/.private/gflags_catkin/lib/cmake/gflags/gflags-targets-release.cmake
-- Installing: /xavier_ssd/TrekBot/TrekBot2_WS/devel/.private/gflags_catkin/bin/gflags_completions.sh
-- Installing: /xavier_ssd/TrekBot/TrekBot2_WS/devel/.private/gflags_catkin/lib/pkgconfig/gflags.pc
-- Installing: /home/nvidia/.cmake/packages/gflags/21e54b375dd2775d680c70644e8e51a2
[100%] [34m[1mCompleted 'gflags_src'[0m
[100%] Built target gflags_src
