[  4%] Built target test_ros_robot_localization_listener_publisher
[  8%] Built target ros_filter_utilities
[  8%] Built target _robot_localization_generate_messages_check_deps_SetPose
[  8%] Built target std_msgs_generate_messages_cpp
[  8%] Built target _robot_localization_generate_messages_check_deps_GetState
[  8%] Built target geographic_msgs_generate_messages_cpp
[  8%] Built target _robot_localization_generate_messages_check_deps_SetDatum
[  8%] Built target geometry_msgs_generate_messages_cpp
[  8%] Built target _robot_localization_generate_messages_check_deps_ToggleFilterProcessing
[ 12%] Built target filter_utilities
[ 12%] Built target geometry_msgs_generate_messages_py
[ 12%] Built target std_msgs_generate_messages_py
[ 12%] Built target geographic_msgs_generate_messages_py
[ 12%] Built target geometry_msgs_generate_messages_lisp
[ 12%] Built target geographic_msgs_generate_messages_lisp
[ 12%] Built target std_msgs_generate_messages_lisp
[ 12%] Built target geographic_msgs_generate_messages_eus
[ 12%] Built target geometry_msgs_generate_messages_eus
[ 12%] Built target std_msgs_generate_messages_eus
[ 12%] Built target std_msgs_generate_messages_nodejs
[ 12%] Built target geometry_msgs_generate_messages_nodejs
[ 12%] Built target geographic_msgs_generate_messages_nodejs
[ 20%] Built target robot_localization_generate_messages_cpp
[ 30%] Built target robot_localization_generate_messages_py
[ 38%] Built target robot_localization_generate_messages_lisp
[ 48%] Built target robot_localization_generate_messages_eus
[ 56%] Built target robot_localization_generate_messages_nodejs
[ 56%] Built target robot_localization_gencpp
[ 56%] Built target robot_localization_generate_messages
[ 60%] Built target filter_base
[ 64%] Built target navsat_transform
[ 70%] Built target ukf
[ 72%] Built target ekf
[ 76%] Built target navsat_transform_node
[ 80%] Built target robot_localization_estimator
[ 84%] Built target ros_filter
[ 88%] Built target ros_robot_localization_listener
[ 92%] Built target ukf_localization_node
[ 96%] Built target ekf_localization_node
[100%] Built target robot_localization_listener_node
