[35m[1mScanning dependencies of target test_ros_robot_localization_listener_publisher[0m
[  2%] [32mBuilding CXX object CMakeFiles/test_ros_robot_localization_listener_publisher.dir/test/test_ros_robot_localization_listener_publisher.cpp.o[0m
[35m[1mScanning dependencies of target ros_filter_utilities[0m
[  4%] [32mBuilding CXX object CMakeFiles/ros_filter_utilities.dir/src/ros_filter_utilities.cpp.o[0m
[  4%] Built target _robot_localization_generate_messages_check_deps_SetPose
[  4%] Built target std_msgs_generate_messages_cpp
[  4%] Built target _robot_localization_generate_messages_check_deps_GetState
[  4%] Built target geographic_msgs_generate_messages_cpp
[  4%] Built target _robot_localization_generate_messages_check_deps_SetDatum
[  4%] Built target geometry_msgs_generate_messages_cpp
[  4%] Built target _robot_localization_generate_messages_check_deps_ToggleFilterProcessing
[  6%] [32m[1mLinking CXX shared library /xavier_ssd/TrekBot/TrekBot2_WS/devel/.private/robot_localization/lib/libfilter_utilities.so[0m
[  8%] Built target filter_utilities
[  8%] Built target geometry_msgs_generate_messages_py
[  8%] Built target std_msgs_generate_messages_py
[  8%] Built target geographic_msgs_generate_messages_py
[  8%] Built target geometry_msgs_generate_messages_lisp
[  8%] Built target geographic_msgs_generate_messages_lisp
[  8%] Built target std_msgs_generate_messages_lisp
[  8%] Built target geographic_msgs_generate_messages_eus
[  8%] Built target geometry_msgs_generate_messages_eus
[  8%] Built target std_msgs_generate_messages_eus
[  8%] Built target std_msgs_generate_messages_nodejs
[  8%] Built target geometry_msgs_generate_messages_nodejs
[  8%] Built target geographic_msgs_generate_messages_nodejs
[ 10%] [34m[1mGenerating C++ code from robot_localization/SetDatum.srv[0m
[ 12%] [34m[1mGenerating Python code from SRV robot_localization/SetDatum[0m
[ 14%] [34m[1mGenerating Python code from SRV robot_localization/SetPose[0m
[ 16%] [32m[1mLinking CXX executable /xavier_ssd/TrekBot/TrekBot2_WS/devel/.private/robot_localization/lib/robot_localization/test_ros_robot_localization_listener_publisher[0m
[ 18%] [34m[1mGenerating C++ code from robot_localization/SetPose.srv[0m
[ 20%] [34m[1mGenerating Python srv __init__.py for robot_localization[0m
[ 24%] Built target robot_localization_generate_messages_py
[ 28%] Built target robot_localization_generate_messages_cpp
[ 28%] Built target test_ros_robot_localization_listener_publisher
[ 30%] [34m[1mGenerating Lisp code from robot_localization/SetDatum.srv[0m
[ 32%] [34m[1mGenerating Lisp code from robot_localization/SetPose.srv[0m
[ 36%] Built target robot_localization_generate_messages_lisp
[ 38%] [32m[1mLinking CXX shared library /xavier_ssd/TrekBot/TrekBot2_WS/devel/.private/robot_localization/lib/libros_filter_utilities.so[0m
[ 38%] Built target ros_filter_utilities
[ 40%] [34m[1mGenerating EusLisp code from robot_localization/SetDatum.srv[0m
[ 42%] [34m[1mGenerating EusLisp code from robot_localization/SetPose.srv[0m
[ 48%] Built target robot_localization_generate_messages_eus
[ 50%] [34m[1mGenerating Javascript code from robot_localization/SetDatum.srv[0m
[ 52%] [34m[1mGenerating Javascript code from robot_localization/SetPose.srv[0m
[ 56%] Built target robot_localization_generate_messages_nodejs
[ 56%] Built target robot_localization_gencpp
[ 56%] Built target robot_localization_generate_messages
[ 58%] [32m[1mLinking CXX shared library /xavier_ssd/TrekBot/TrekBot2_WS/devel/.private/robot_localization/lib/libfilter_base.so[0m
[35m[1mScanning dependencies of target navsat_transform[0m
[ 60%] [32mBuilding CXX object CMakeFiles/navsat_transform.dir/src/navsat_transform.cpp.o[0m
[ 62%] Built target filter_base
[ 64%] [32m[1mLinking CXX shared library /xavier_ssd/TrekBot/TrekBot2_WS/devel/.private/robot_localization/lib/libekf.so[0m
[ 66%] [32m[1mLinking CXX shared library /xavier_ssd/TrekBot/TrekBot2_WS/devel/.private/robot_localization/lib/libukf.so[0m
[ 68%] Built target ekf
[ 70%] Built target ukf
[35m[1mScanning dependencies of target ros_filter[0m
[ 72%] [32m[1mLinking CXX shared library /xavier_ssd/TrekBot/TrekBot2_WS/devel/.private/robot_localization/lib/librobot_localization_estimator.so[0m
[ 74%] [32mBuilding CXX object CMakeFiles/ros_filter.dir/src/ros_filter.cpp.o[0m
[ 76%] Built target robot_localization_estimator
[35m[1mScanning dependencies of target ros_robot_localization_listener[0m
[ 78%] [32mBuilding CXX object CMakeFiles/ros_robot_localization_listener.dir/src/ros_robot_localization_listener.cpp.o[0m
[ 80%] [32m[1mLinking CXX shared library /xavier_ssd/TrekBot/TrekBot2_WS/devel/.private/robot_localization/lib/libnavsat_transform.so[0m
[ 80%] Built target navsat_transform
[ 82%] [32m[1mLinking CXX shared library /xavier_ssd/TrekBot/TrekBot2_WS/devel/.private/robot_localization/lib/libros_robot_localization_listener.so[0m
[35m[1mScanning dependencies of target navsat_transform_node[0m
[ 84%] [32mBuilding CXX object CMakeFiles/navsat_transform_node.dir/src/navsat_transform_node.cpp.o[0m
[ 84%] Built target ros_robot_localization_listener
[ 86%] [32m[1mLinking CXX shared library /xavier_ssd/TrekBot/TrekBot2_WS/devel/.private/robot_localization/lib/libros_filter.so[0m
[ 86%] Built target ros_filter
[35m[1mScanning dependencies of target robot_localization_listener_node[0m
[ 88%] [32mBuilding CXX object CMakeFiles/robot_localization_listener_node.dir/src/robot_localization_listener_node.cpp.o[0m
[ 90%] [32m[1mLinking CXX executable /xavier_ssd/TrekBot/TrekBot2_WS/devel/.private/robot_localization/lib/robot_localization/navsat_transform_node[0m
[ 90%] Built target navsat_transform_node
[35m[1mScanning dependencies of target ukf_localization_node[0m
[ 92%] [32mBuilding CXX object CMakeFiles/ukf_localization_node.dir/src/ukf_localization_node.cpp.o[0m
[ 94%] [32m[1mLinking CXX executable /xavier_ssd/TrekBot/TrekBot2_WS/devel/.private/robot_localization/lib/robot_localization/robot_localization_listener_node[0m
[ 94%] Built target robot_localization_listener_node
[35m[1mScanning dependencies of target ekf_localization_node[0m
[ 96%] [32mBuilding CXX object CMakeFiles/ekf_localization_node.dir/src/ekf_localization_node.cpp.o[0m
[ 98%] [32m[1mLinking CXX executable /xavier_ssd/TrekBot/TrekBot2_WS/devel/.private/robot_localization/lib/robot_localization/ukf_localization_node[0m
[ 98%] Built target ukf_localization_node
[100%] [32m[1mLinking CXX executable /xavier_ssd/TrekBot/TrekBot2_WS/devel/.private/robot_localization/lib/robot_localization/ekf_localization_node[0m
[100%] Built target ekf_localization_node
