Determining if the pthread_create exist failed with the following output:
Change Dir: /xavier_ssd/TrekBot/TrekBot2_WS/build/tf2_eigen/CMakeFiles/CMakeTmp

Run Build Command:"/usr/bin/make" "cmTC_829ac/fast"
/usr/bin/make -f CMakeFiles/cmTC_829ac.dir/build.make CMakeFiles/cmTC_829ac.dir/build
make[1]: Entering directory '/xavier_ssd/TrekBot/TrekBot2_WS/build/tf2_eigen/CMakeFiles/CMakeTmp'
Building C object CMakeFiles/cmTC_829ac.dir/CheckSymbolExists.c.o
/usr/bin/cc    -o CMakeFiles/cmTC_829ac.dir/CheckSymbolExists.c.o   -c /xavier_ssd/TrekBot/TrekBot2_WS/build/tf2_eigen/CMakeFiles/CMakeTmp/CheckSymbolExists.c
Linking C executable cmTC_829ac
/usr/bin/cmake -E cmake_link_script CMakeFiles/cmTC_829ac.dir/link.txt --verbose=1
/usr/bin/cc      -rdynamic CMakeFiles/cmTC_829ac.dir/CheckSymbolExists.c.o  -o cmTC_829ac 
CMakeFiles/cmTC_829ac.dir/CheckSymbolExists.c.o: In function `main':
CheckSymbolExists.c:(.text+0x14): undefined reference to `pthread_create'
CheckSymbolExists.c:(.text+0x18): undefined reference to `pthread_create'
collect2: error: ld returned 1 exit status
CMakeFiles/cmTC_829ac.dir/build.make:97: recipe for target 'cmTC_829ac' failed
make[1]: *** [cmTC_829ac] Error 1
make[1]: Leaving directory '/xavier_ssd/TrekBot/TrekBot2_WS/build/tf2_eigen/CMakeFiles/CMakeTmp'
Makefile:126: recipe for target 'cmTC_829ac/fast' failed
make: *** [cmTC_829ac/fast] Error 2

File /xavier_ssd/TrekBot/TrekBot2_WS/build/tf2_eigen/CMakeFiles/CMakeTmp/CheckSymbolExists.c:
/* */
#include <pthread.h>

int main(int argc, char** argv)
{
  (void)argv;
#ifndef pthread_create
  return ((int*)(&pthread_create))[argc];
#else
  (void)argc;
  return 0;
#endif
}

Determining if the function pthread_create exists in the pthreads failed with the following output:
Change Dir: /xavier_ssd/TrekBot/TrekBot2_WS/build/tf2_eigen/CMakeFiles/CMakeTmp

Run Build Command:"/usr/bin/make" "cmTC_5f72c/fast"
/usr/bin/make -f CMakeFiles/cmTC_5f72c.dir/build.make CMakeFiles/cmTC_5f72c.dir/build
make[1]: Entering directory '/xavier_ssd/TrekBot/TrekBot2_WS/build/tf2_eigen/CMakeFiles/CMakeTmp'
Building C object CMakeFiles/cmTC_5f72c.dir/CheckFunctionExists.c.o
/usr/bin/cc   -DCHECK_FUNCTION_EXISTS=pthread_create   -o CMakeFiles/cmTC_5f72c.dir/CheckFunctionExists.c.o   -c /usr/share/cmake-3.10/Modules/CheckFunctionExists.c
Linking C executable cmTC_5f72c
/usr/bin/cmake -E cmake_link_script CMakeFiles/cmTC_5f72c.dir/link.txt --verbose=1
/usr/bin/cc  -DCHECK_FUNCTION_EXISTS=pthread_create    -rdynamic CMakeFiles/cmTC_5f72c.dir/CheckFunctionExists.c.o  -o cmTC_5f72c -lpthreads 
/usr/bin/ld: cannot find -lpthreads
collect2: error: ld returned 1 exit status
CMakeFiles/cmTC_5f72c.dir/build.make:97: recipe for target 'cmTC_5f72c' failed
make[1]: *** [cmTC_5f72c] Error 1
make[1]: Leaving directory '/xavier_ssd/TrekBot/TrekBot2_WS/build/tf2_eigen/CMakeFiles/CMakeTmp'
Makefile:126: recipe for target 'cmTC_5f72c/fast' failed
make: *** [cmTC_5f72c/fast] Error 2


