[  0%] Built target map_msgs_generate_messages_py
[  0%] Built target nav_msgs_generate_messages_lisp
[  0%] Built target geometry_msgs_generate_messages_lisp
[  0%] Built target actionlib_generate_messages_lisp
[  0%] Built target geometry_msgs_generate_messages_cpp
[  0%] Built target geometry_msgs_generate_messages_eus
[  0%] Built target dynamic_reconfigure_generate_messages_cpp
[  0%] Built target rosgraph_msgs_generate_messages_cpp
[  0%] Built target sensor_msgs_generate_messages_py
[  0%] Built target nav_msgs_generate_messages_nodejs
[  0%] Built target map_msgs_generate_messages_lisp
[  0%] Built target std_msgs_generate_messages_cpp
[  0%] Built target visualization_msgs_generate_messages_nodejs
[  0%] Built target map_msgs_generate_messages_nodejs
[  0%] Built target actionlib_msgs_generate_messages_nodejs
[  0%] Built target map_msgs_generate_messages_eus
[  0%] Built target std_msgs_generate_messages_eus
[  0%] Built target _costmap_2d_generate_messages_check_deps_VoxelGrid
[  0%] Built target dynamic_reconfigure_generate_messages_lisp
[  0%] Built target visualization_msgs_generate_messages_lisp
[  0%] Built target geometry_msgs_generate_messages_nodejs
[  0%] Built target dynamic_reconfigure_generate_messages_nodejs
[  0%] Built target visualization_msgs_generate_messages_py
[  0%] Built target std_msgs_generate_messages_py
[  0%] Built target geometry_msgs_generate_messages_py
[  0%] Built target dynamic_reconfigure_generate_messages_py
[  0%] Built target sensor_msgs_generate_messages_eus
[  0%] Built target sensor_msgs_generate_messages_cpp
[  0%] Built target roscpp_generate_messages_nodejs
[  0%] Built target std_msgs_generate_messages_lisp
[  0%] Built target dynamic_reconfigure_generate_messages_eus
[  0%] Built target std_msgs_generate_messages_nodejs
[  5%] Built target costmap_2d_generate_messages_py
[  5%] Built target actionlib_msgs_generate_messages_lisp
[  5%] Built target actionlib_msgs_generate_messages_cpp
[  5%] Built target actionlib_msgs_generate_messages_py
[  5%] Built target roscpp_generate_messages_lisp
[  5%] Built target rosgraph_msgs_generate_messages_eus
[  5%] Built target rosgraph_msgs_generate_messages_lisp
[  5%] Built target roscpp_generate_messages_py
[  5%] Built target rosgraph_msgs_generate_messages_nodejs
[  5%] Built target roscpp_generate_messages_eus
[  5%] Built target tf2_msgs_generate_messages_cpp
[  5%] Built target rosgraph_msgs_generate_messages_py
[  5%] Built target dynamic_reconfigure_gencfg
[  5%] Built target actionlib_msgs_generate_messages_eus
[  5%] Built target tf2_msgs_generate_messages_nodejs
[  5%] Built target tf2_msgs_generate_messages_lisp
[  5%] Built target nav_msgs_generate_messages_py
[  5%] Built target actionlib_generate_messages_eus
[  5%] Built target actionlib_generate_messages_nodejs
[  5%] Built target map_msgs_generate_messages_cpp
[  5%] Built target nav_msgs_generate_messages_eus
[  5%] Built target tf2_msgs_generate_messages_eus
[  5%] Built target tf2_msgs_generate_messages_py
[  5%] Built target visualization_msgs_generate_messages_cpp
[  5%] Built target actionlib_generate_messages_py
[  5%] Built target visualization_msgs_generate_messages_eus
[  8%] Built target costmap_2d_generate_messages_lisp
[  8%] Built target sensor_msgs_generate_messages_nodejs
[ 11%] Built target costmap_2d_generate_messages_nodejs
[ 11%] Built target roscpp_generate_messages_cpp
[ 14%] Built target actionlib_generate_messages_cpp
[ 17%] Built target nav_msgs_generate_messages_cpp
[ 25%] Built target costmap_2d_gencfg
[ 25%] Built target sensor_msgs_generate_messages_lisp
[ 31%] Built target costmap_2d_generate_messages_eus
[ 34%] Built target costmap_2d_generate_messages_cpp
[ 34%] Built target costmap_2d_generate_messages
[ 65%] Built target costmap_2d
[ 71%] Built target costmap_2d_cloud
[ 77%] Built target costmap_2d_node
[ 82%] Built target costmap_2d_markers
[100%] Built target layers
