[35m[1mScanning dependencies of target map_msgs_generate_messages_py[0m
[  0%] Built target map_msgs_generate_messages_py
[35m[1mScanning dependencies of target nav_msgs_generate_messages_lisp[0m
[  0%] Built target nav_msgs_generate_messages_lisp
[35m[1mScanning dependencies of target geometry_msgs_generate_messages_lisp[0m
[  0%] Built target geometry_msgs_generate_messages_lisp
[35m[1mScanning dependencies of target actionlib_generate_messages_lisp[0m
[  0%] Built target actionlib_generate_messages_lisp
[35m[1mScanning dependencies of target geometry_msgs_generate_messages_cpp[0m
[  0%] Built target geometry_msgs_generate_messages_cpp
[35m[1mScanning dependencies of target geometry_msgs_generate_messages_eus[0m
[  0%] Built target geometry_msgs_generate_messages_eus
[35m[1mScanning dependencies of target dynamic_reconfigure_generate_messages_cpp[0m
[  0%] Built target dynamic_reconfigure_generate_messages_cpp
[35m[1mScanning dependencies of target rosgraph_msgs_generate_messages_cpp[0m
[  0%] Built target rosgraph_msgs_generate_messages_cpp
[35m[1mScanning dependencies of target sensor_msgs_generate_messages_py[0m
[  0%] Built target sensor_msgs_generate_messages_py
[35m[1mScanning dependencies of target nav_msgs_generate_messages_nodejs[0m
[  0%] Built target nav_msgs_generate_messages_nodejs
[35m[1mScanning dependencies of target map_msgs_generate_messages_lisp[0m
[  0%] Built target map_msgs_generate_messages_lisp
[35m[1mScanning dependencies of target std_msgs_generate_messages_cpp[0m
[  0%] Built target std_msgs_generate_messages_cpp
[35m[1mScanning dependencies of target visualization_msgs_generate_messages_nodejs[0m
[  0%] Built target visualization_msgs_generate_messages_nodejs
[35m[1mScanning dependencies of target map_msgs_generate_messages_nodejs[0m
[  0%] Built target map_msgs_generate_messages_nodejs
[35m[1mScanning dependencies of target actionlib_msgs_generate_messages_nodejs[0m
[  0%] Built target actionlib_msgs_generate_messages_nodejs
[35m[1mScanning dependencies of target map_msgs_generate_messages_eus[0m
[  0%] Built target map_msgs_generate_messages_eus
[35m[1mScanning dependencies of target _costmap_2d_generate_messages_check_deps_VoxelGrid[0m
[35m[1mScanning dependencies of target std_msgs_generate_messages_eus[0m
[35m[1mScanning dependencies of target dynamic_reconfigure_generate_messages_lisp[0m
[  0%] Built target _costmap_2d_generate_messages_check_deps_VoxelGrid
[  0%] Built target std_msgs_generate_messages_eus
[  0%] Built target dynamic_reconfigure_generate_messages_lisp
[35m[1mScanning dependencies of target visualization_msgs_generate_messages_lisp[0m
[35m[1mScanning dependencies of target geometry_msgs_generate_messages_nodejs[0m
[  0%] Built target visualization_msgs_generate_messages_lisp
[  0%] Built target geometry_msgs_generate_messages_nodejs
[35m[1mScanning dependencies of target dynamic_reconfigure_generate_messages_nodejs[0m
[35m[1mScanning dependencies of target visualization_msgs_generate_messages_py[0m
[  0%] Built target visualization_msgs_generate_messages_py
[  0%] Built target dynamic_reconfigure_generate_messages_nodejs
[35m[1mScanning dependencies of target std_msgs_generate_messages_py[0m
[  0%] Built target std_msgs_generate_messages_py
[35m[1mScanning dependencies of target geometry_msgs_generate_messages_py[0m
[35m[1mScanning dependencies of target dynamic_reconfigure_generate_messages_py[0m
[  0%] Built target geometry_msgs_generate_messages_py
[  0%] Built target dynamic_reconfigure_generate_messages_py
[35m[1mScanning dependencies of target sensor_msgs_generate_messages_eus[0m
[35m[1mScanning dependencies of target sensor_msgs_generate_messages_cpp[0m
[  0%] Built target sensor_msgs_generate_messages_eus
[  0%] Built target sensor_msgs_generate_messages_cpp
[35m[1mScanning dependencies of target roscpp_generate_messages_nodejs[0m
[35m[1mScanning dependencies of target std_msgs_generate_messages_lisp[0m
[  0%] Built target roscpp_generate_messages_nodejs
[  0%] Built target std_msgs_generate_messages_lisp
[35m[1mScanning dependencies of target dynamic_reconfigure_generate_messages_eus[0m
[35m[1mScanning dependencies of target std_msgs_generate_messages_nodejs[0m
[  0%] Built target dynamic_reconfigure_generate_messages_eus
[  0%] Built target std_msgs_generate_messages_nodejs
[35m[1mScanning dependencies of target costmap_2d_generate_messages_py[0m
[  2%] [34m[1mGenerating Python from MSG costmap_2d/VoxelGrid[0m
[35m[1mScanning dependencies of target actionlib_msgs_generate_messages_cpp[0m
[  2%] Built target actionlib_msgs_generate_messages_cpp
[35m[1mScanning dependencies of target actionlib_msgs_generate_messages_lisp[0m
[  2%] Built target actionlib_msgs_generate_messages_lisp
[35m[1mScanning dependencies of target actionlib_msgs_generate_messages_py[0m
[  2%] Built target actionlib_msgs_generate_messages_py
[35m[1mScanning dependencies of target roscpp_generate_messages_lisp[0m
[  2%] Built target roscpp_generate_messages_lisp
[35m[1mScanning dependencies of target rosgraph_msgs_generate_messages_eus[0m
[35m[1mScanning dependencies of target roscpp_generate_messages_py[0m
[  5%] [34m[1mGenerating Python msg __init__.py for costmap_2d[0m
[  5%] Built target rosgraph_msgs_generate_messages_eus
[  5%] Built target roscpp_generate_messages_py
[35m[1mScanning dependencies of target rosgraph_msgs_generate_messages_lisp[0m
[  5%] Built target rosgraph_msgs_generate_messages_lisp
[35m[1mScanning dependencies of target rosgraph_msgs_generate_messages_nodejs[0m
[  5%] Built target rosgraph_msgs_generate_messages_nodejs
[35m[1mScanning dependencies of target roscpp_generate_messages_eus[0m
[  5%] Built target roscpp_generate_messages_eus
[35m[1mScanning dependencies of target actionlib_msgs_generate_messages_eus[0m
[  5%] Built target actionlib_msgs_generate_messages_eus
[35m[1mScanning dependencies of target rosgraph_msgs_generate_messages_py[0m
[  5%] Built target rosgraph_msgs_generate_messages_py
[35m[1mScanning dependencies of target tf2_msgs_generate_messages_cpp[0m
[35m[1mScanning dependencies of target dynamic_reconfigure_gencfg[0m
[  5%] Built target tf2_msgs_generate_messages_cpp
[  5%] Built target costmap_2d_generate_messages_py
[  5%] Built target dynamic_reconfigure_gencfg
[35m[1mScanning dependencies of target nav_msgs_generate_messages_py[0m
[  5%] Built target nav_msgs_generate_messages_py
[35m[1mScanning dependencies of target tf2_msgs_generate_messages_lisp[0m
[35m[1mScanning dependencies of target tf2_msgs_generate_messages_nodejs[0m
[  5%] Built target tf2_msgs_generate_messages_lisp
[  5%] Built target tf2_msgs_generate_messages_nodejs
[35m[1mScanning dependencies of target actionlib_generate_messages_eus[0m
[  5%] Built target actionlib_generate_messages_eus
[35m[1mScanning dependencies of target map_msgs_generate_messages_cpp[0m
[35m[1mScanning dependencies of target actionlib_generate_messages_nodejs[0m
[35m[1mScanning dependencies of target tf2_msgs_generate_messages_py[0m
[  5%] Built target map_msgs_generate_messages_cpp
[  5%] Built target actionlib_generate_messages_nodejs
[  5%] Built target tf2_msgs_generate_messages_py
[35m[1mScanning dependencies of target actionlib_generate_messages_py[0m
[35m[1mScanning dependencies of target nav_msgs_generate_messages_eus[0m
[  5%] Built target actionlib_generate_messages_py
[  5%] Built target nav_msgs_generate_messages_eus
[35m[1mScanning dependencies of target tf2_msgs_generate_messages_eus[0m
[35m[1mScanning dependencies of target visualization_msgs_generate_messages_cpp[0m
[35m[1mScanning dependencies of target visualization_msgs_generate_messages_eus[0m
[  5%] Built target tf2_msgs_generate_messages_eus
[35m[1mScanning dependencies of target costmap_2d_generate_messages_cpp[0m
[  5%] Built target visualization_msgs_generate_messages_cpp
[  5%] Built target visualization_msgs_generate_messages_eus
[  8%] [34m[1mGenerating C++ code from costmap_2d/VoxelGrid.msg[0m
[35m[1mScanning dependencies of target costmap_2d_generate_messages_lisp[0m
[ 11%] [34m[1mGenerating Lisp code from costmap_2d/VoxelGrid.msg[0m
[35m[1mScanning dependencies of target costmap_2d_generate_messages_nodejs[0m
[ 14%] [34m[1mGenerating Javascript code from costmap_2d/VoxelGrid.msg[0m
[ 14%] Built target costmap_2d_generate_messages_lisp
[35m[1mScanning dependencies of target costmap_2d_gencfg[0m
[ 14%] Built target costmap_2d_generate_messages_nodejs
[ 17%] [34m[1mGenerating dynamic reconfigure files from cfg/Costmap2D.cfg: /xavier_ssd/TrekBot/TrekBot2_WS/devel/.private/costmap_2d/include/costmap_2d/Costmap2DConfig.h /xavier_ssd/TrekBot/TrekBot2_WS/devel/.private/costmap_2d/lib/python2.7/dist-packages/costmap_2d/cfg/Costmap2DConfig.py[0m
[ 20%] [34m[1mGenerating dynamic reconfigure files from cfg/ObstaclePlugin.cfg: /xavier_ssd/TrekBot/TrekBot2_WS/devel/.private/costmap_2d/include/costmap_2d/ObstaclePluginConfig.h /xavier_ssd/TrekBot/TrekBot2_WS/devel/.private/costmap_2d/lib/python2.7/dist-packages/costmap_2d/cfg/ObstaclePluginConfig.py[0m
[35m[1mScanning dependencies of target sensor_msgs_generate_messages_nodejs[0m
[ 20%] Built target sensor_msgs_generate_messages_nodejs
[ 20%] Built target costmap_2d_generate_messages_cpp
[35m[1mScanning dependencies of target actionlib_generate_messages_cpp[0m
[35m[1mScanning dependencies of target roscpp_generate_messages_cpp[0m
[ 20%] Built target actionlib_generate_messages_cpp
[ 20%] Built target roscpp_generate_messages_cpp
[35m[1mScanning dependencies of target nav_msgs_generate_messages_cpp[0m
[35m[1mScanning dependencies of target sensor_msgs_generate_messages_lisp[0m
[ 20%] Built target nav_msgs_generate_messages_cpp
[ 20%] Built target sensor_msgs_generate_messages_lisp
[ 22%] [34m[1mGenerating dynamic reconfigure files from cfg/GenericPlugin.cfg: /xavier_ssd/TrekBot/TrekBot2_WS/devel/.private/costmap_2d/include/costmap_2d/GenericPluginConfig.h /xavier_ssd/TrekBot/TrekBot2_WS/devel/.private/costmap_2d/lib/python2.7/dist-packages/costmap_2d/cfg/GenericPluginConfig.py[0m
[35m[1mScanning dependencies of target costmap_2d_generate_messages_eus[0m
Generating reconfiguration files for Costmap2D in costmap_2d
[ 25%] [34m[1mGenerating EusLisp code from costmap_2d/VoxelGrid.msg[0m
Wrote header file in /xavier_ssd/TrekBot/TrekBot2_WS/devel/.private/costmap_2d/include/costmap_2d/Costmap2DConfig.h
Generating reconfiguration files for ObstaclePlugin in costmap_2d
Wrote header file in /xavier_ssd/TrekBot/TrekBot2_WS/devel/.private/costmap_2d/include/costmap_2d/ObstaclePluginConfig.h
[ 28%] [34m[1mGenerating dynamic reconfigure files from cfg/InflationPlugin.cfg: /xavier_ssd/TrekBot/TrekBot2_WS/devel/.private/costmap_2d/include/costmap_2d/InflationPluginConfig.h /xavier_ssd/TrekBot/TrekBot2_WS/devel/.private/costmap_2d/lib/python2.7/dist-packages/costmap_2d/cfg/InflationPluginConfig.py[0m
[ 31%] [34m[1mGenerating dynamic reconfigure files from cfg/VoxelPlugin.cfg: /xavier_ssd/TrekBot/TrekBot2_WS/devel/.private/costmap_2d/include/costmap_2d/VoxelPluginConfig.h /xavier_ssd/TrekBot/TrekBot2_WS/devel/.private/costmap_2d/lib/python2.7/dist-packages/costmap_2d/cfg/VoxelPluginConfig.py[0m
[ 34%] [34m[1mGenerating EusLisp manifest code for costmap_2d[0m
Generating reconfiguration files for GenericPlugin in costmap_2d
Wrote header file in /xavier_ssd/TrekBot/TrekBot2_WS/devel/.private/costmap_2d/include/costmap_2d/GenericPluginConfig.h
Generating reconfiguration files for InflationPlugin in costmap_2d
Generating reconfiguration files for VoxelPlugin in costmap_2d
Wrote header file in /xavier_ssd/TrekBot/TrekBot2_WS/devel/.private/costmap_2d/include/costmap_2d/InflationPluginConfig.h
Wrote header file in /xavier_ssd/TrekBot/TrekBot2_WS/devel/.private/costmap_2d/include/costmap_2d/VoxelPluginConfig.h
[ 34%] Built target costmap_2d_gencfg
[ 34%] Built target costmap_2d_generate_messages_eus
[35m[1mScanning dependencies of target costmap_2d[0m
[ 37%] [32mBuilding CXX object CMakeFiles/costmap_2d.dir/src/array_parser.cpp.o[0m
[ 40%] [32mBuilding CXX object CMakeFiles/costmap_2d.dir/src/costmap_2d.cpp.o[0m
[35m[1mScanning dependencies of target costmap_2d_generate_messages[0m
[ 40%] Built target costmap_2d_generate_messages
[ 42%] [32mBuilding CXX object CMakeFiles/costmap_2d.dir/src/observation_buffer.cpp.o[0m
[ 45%] [32mBuilding CXX object CMakeFiles/costmap_2d.dir/src/layer.cpp.o[0m
[ 48%] [32mBuilding CXX object CMakeFiles/costmap_2d.dir/src/layered_costmap.cpp.o[0m
[ 51%] [32mBuilding CXX object CMakeFiles/costmap_2d.dir/src/costmap_2d_ros.cpp.o[0m
[ 54%] [32mBuilding CXX object CMakeFiles/costmap_2d.dir/src/costmap_2d_publisher.cpp.o[0m
[ 57%] [32mBuilding CXX object CMakeFiles/costmap_2d.dir/src/costmap_math.cpp.o[0m
[ 60%] [32mBuilding CXX object CMakeFiles/costmap_2d.dir/src/footprint.cpp.o[0m
[ 62%] [32mBuilding CXX object CMakeFiles/costmap_2d.dir/src/costmap_layer.cpp.o[0m
[ 65%] [32m[1mLinking CXX shared library /xavier_ssd/TrekBot/TrekBot2_WS/devel/.private/costmap_2d/lib/libcostmap_2d.so[0m
[ 65%] Built target costmap_2d
[35m[1mScanning dependencies of target costmap_2d_cloud[0m
[35m[1mScanning dependencies of target costmap_2d_node[0m
[35m[1mScanning dependencies of target layers[0m
[35m[1mScanning dependencies of target costmap_2d_markers[0m
[ 71%] [32mBuilding CXX object CMakeFiles/costmap_2d_markers.dir/src/costmap_2d_markers.cpp.o[0m
[ 71%] [32mBuilding CXX object CMakeFiles/costmap_2d_cloud.dir/src/costmap_2d_cloud.cpp.o[0m
[ 74%] [32mBuilding CXX object CMakeFiles/costmap_2d_node.dir/src/costmap_2d_node.cpp.o[0m
[ 77%] [32mBuilding CXX object CMakeFiles/layers.dir/plugins/inflation_layer.cpp.o[0m
[ 80%] [32mBuilding CXX object CMakeFiles/layers.dir/plugins/obstacle_layer.cpp.o[0m
[ 82%] [32mBuilding CXX object CMakeFiles/layers.dir/plugins/static_layer.cpp.o[0m
[ 85%] [32mBuilding CXX object CMakeFiles/layers.dir/plugins/voxel_layer.cpp.o[0m
[ 88%] [32mBuilding CXX object CMakeFiles/layers.dir/src/observation_buffer.cpp.o[0m
[ 91%] [32m[1mLinking CXX executable /xavier_ssd/TrekBot/TrekBot2_WS/devel/.private/costmap_2d/lib/costmap_2d/costmap_2d_markers[0m
[ 94%] [32m[1mLinking CXX executable /xavier_ssd/TrekBot/TrekBot2_WS/devel/.private/costmap_2d/lib/costmap_2d/costmap_2d_cloud[0m
[ 94%] Built target costmap_2d_markers
[ 94%] Built target costmap_2d_cloud
[ 97%] [32m[1mLinking CXX executable /xavier_ssd/TrekBot/TrekBot2_WS/devel/.private/costmap_2d/lib/costmap_2d/costmap_2d_node[0m
[ 97%] Built target costmap_2d_node
[100%] [32m[1mLinking CXX shared library /xavier_ssd/TrekBot/TrekBot2_WS/devel/.private/costmap_2d/lib/liblayers.so[0m
[100%] Built target layers
