[  0%] Built target _costmap_2d_generate_messages_check_deps_VoxelGrid
[  0%] Built target map_msgs_generate_messages_nodejs
[  0%] Built target geometry_msgs_generate_messages_nodejs
[  0%] Built target std_msgs_generate_messages_nodejs
[ 14%] Built target costmap_2d_gencfg
[ 14%] Built target sensor_msgs_generate_messages_nodejs
[ 14%] Built target roscpp_generate_messages_cpp
[ 14%] Built target actionlib_generate_messages_cpp
[ 14%] Built target nav_msgs_generate_messages_cpp
[ 14%] Built target sensor_msgs_generate_messages_lisp
[ 14%] Built target map_msgs_generate_messages_py
[ 14%] Built target nav_msgs_generate_messages_lisp
[ 14%] Built target geometry_msgs_generate_messages_lisp
[ 14%] Built target actionlib_generate_messages_lisp
[ 14%] Built target geometry_msgs_generate_messages_cpp
[ 14%] Built target geometry_msgs_generate_messages_eus
[ 14%] Built target dynamic_reconfigure_generate_messages_cpp
[ 14%] Built target rosgraph_msgs_generate_messages_cpp
[ 14%] Built target sensor_msgs_generate_messages_py
[ 14%] Built target nav_msgs_generate_messages_nodejs
[ 14%] Built target map_msgs_generate_messages_lisp
[ 14%] Built target std_msgs_generate_messages_cpp
[ 14%] Built target visualization_msgs_generate_messages_nodejs
[ 14%] Built target actionlib_msgs_generate_messages_nodejs
[ 14%] Built target map_msgs_generate_messages_eus
[ 14%] Built target std_msgs_generate_messages_eus
[ 14%] Built target dynamic_reconfigure_generate_messages_lisp
[ 14%] Built target visualization_msgs_generate_messages_lisp
[ 14%] Built target dynamic_reconfigure_generate_messages_nodejs
[ 14%] Built target visualization_msgs_generate_messages_py
[ 14%] Built target std_msgs_generate_messages_py
[ 14%] Built target geometry_msgs_generate_messages_py
[ 14%] Built target dynamic_reconfigure_generate_messages_py
[ 14%] Built target sensor_msgs_generate_messages_eus
[ 14%] Built target sensor_msgs_generate_messages_cpp
[ 14%] Built target roscpp_generate_messages_nodejs
[ 14%] Built target std_msgs_generate_messages_lisp
[ 14%] Built target dynamic_reconfigure_generate_messages_eus
[ 20%] Built target costmap_2d_generate_messages_py
[ 20%] Built target actionlib_msgs_generate_messages_cpp
[ 20%] Built target actionlib_msgs_generate_messages_lisp
[ 20%] Built target actionlib_msgs_generate_messages_py
[ 20%] Built target roscpp_generate_messages_lisp
[ 20%] Built target roscpp_generate_messages_py
[ 20%] Built target rosgraph_msgs_generate_messages_eus
[ 20%] Built target rosgraph_msgs_generate_messages_lisp
[ 20%] Built target rosgraph_msgs_generate_messages_nodejs
[ 20%] Built target roscpp_generate_messages_eus
[ 20%] Built target actionlib_msgs_generate_messages_eus
[ 20%] Built target rosgraph_msgs_generate_messages_py
[ 20%] Built target tf2_msgs_generate_messages_cpp
[ 20%] Built target dynamic_reconfigure_gencfg
[ 20%] Built target nav_msgs_generate_messages_py
[ 20%] Built target tf2_msgs_generate_messages_lisp
[ 20%] Built target tf2_msgs_generate_messages_nodejs
[ 20%] Built target actionlib_generate_messages_eus
[ 20%] Built target actionlib_generate_messages_nodejs
[ 20%] Built target map_msgs_generate_messages_cpp
[ 20%] Built target tf2_msgs_generate_messages_py
[ 20%] Built target actionlib_generate_messages_py
[ 20%] Built target nav_msgs_generate_messages_eus
[ 20%] Built target tf2_msgs_generate_messages_eus
[ 20%] Built target visualization_msgs_generate_messages_cpp
[ 20%] Built target visualization_msgs_generate_messages_eus
[ 22%] Built target costmap_2d_generate_messages_cpp
[ 25%] Built target costmap_2d_generate_messages_lisp
[ 28%] Built target costmap_2d_generate_messages_nodejs
[ 34%] Built target costmap_2d_generate_messages_eus
[ 34%] Built target costmap_2d_generate_messages
[ 37%] [32m[1mLinking CXX shared library /xavier_ssd/TrekBot/TrekBot2_WS/devel/.private/costmap_2d/lib/libcostmap_2d.so[0m
[ 65%] Built target costmap_2d
[35m[1mScanning dependencies of target costmap_2d_node[0m
[ 68%] [32m[1mLinking CXX executable /xavier_ssd/TrekBot/TrekBot2_WS/devel/.private/costmap_2d/lib/costmap_2d/costmap_2d_cloud[0m
[ 71%] [32mBuilding CXX object CMakeFiles/costmap_2d_node.dir/src/costmap_2d_node.cpp.o[0m
[ 74%] [32m[1mLinking CXX shared library /xavier_ssd/TrekBot/TrekBot2_WS/devel/.private/costmap_2d/lib/liblayers.so[0m
[ 77%] [32m[1mLinking CXX executable /xavier_ssd/TrekBot/TrekBot2_WS/devel/.private/costmap_2d/lib/costmap_2d/costmap_2d_markers[0m
[ 80%] Built target costmap_2d_cloud
[ 82%] Built target costmap_2d_markers
[ 97%] Built target layers
[100%] [32m[1mLinking CXX executable /xavier_ssd/TrekBot/TrekBot2_WS/devel/.private/costmap_2d/lib/costmap_2d/costmap_2d_node[0m
[100%] Built target costmap_2d_node
