Determining if the pthread_create exist failed with the following output:
Change Dir: /xavier_ssd/TrekBot/TrekBot2_WS/build/ceres_catkin/ceres_src-prefix/src/ceres_src-build/CMakeFiles/CMakeTmp

Run Build Command:"/usr/bin/make" "cmTC_9d7ea/fast"
make[3]: Entering directory '/xavier_ssd/TrekBot/TrekBot2_WS/build/ceres_catkin/ceres_src-prefix/src/ceres_src-build/CMakeFiles/CMakeTmp'
/usr/bin/make -f CMakeFiles/cmTC_9d7ea.dir/build.make CMakeFiles/cmTC_9d7ea.dir/build
make[4]: Entering directory '/xavier_ssd/TrekBot/TrekBot2_WS/build/ceres_catkin/ceres_src-prefix/src/ceres_src-build/CMakeFiles/CMakeTmp'
Building C object CMakeFiles/cmTC_9d7ea.dir/CheckSymbolExists.c.o
/usr/bin/cc    -o CMakeFiles/cmTC_9d7ea.dir/CheckSymbolExists.c.o   -c /xavier_ssd/TrekBot/TrekBot2_WS/build/ceres_catkin/ceres_src-prefix/src/ceres_src-build/CMakeFiles/CMakeTmp/CheckSymbolExists.c
Linking C executable cmTC_9d7ea
/usr/bin/cmake -E cmake_link_script CMakeFiles/cmTC_9d7ea.dir/link.txt --verbose=1
/usr/bin/cc      -rdynamic CMakeFiles/cmTC_9d7ea.dir/CheckSymbolExists.c.o  -o cmTC_9d7ea 
CMakeFiles/cmTC_9d7ea.dir/CheckSymbolExists.c.o: In function `main':
CheckSymbolExists.c:(.text+0x14): undefined reference to `pthread_create'
CheckSymbolExists.c:(.text+0x18): undefined reference to `pthread_create'
collect2: error: ld returned 1 exit status
CMakeFiles/cmTC_9d7ea.dir/build.make:97: recipe for target 'cmTC_9d7ea' failed
make[4]: *** [cmTC_9d7ea] Error 1
make[4]: Leaving directory '/xavier_ssd/TrekBot/TrekBot2_WS/build/ceres_catkin/ceres_src-prefix/src/ceres_src-build/CMakeFiles/CMakeTmp'
Makefile:126: recipe for target 'cmTC_9d7ea/fast' failed
make[3]: *** [cmTC_9d7ea/fast] Error 2
make[3]: Leaving directory '/xavier_ssd/TrekBot/TrekBot2_WS/build/ceres_catkin/ceres_src-prefix/src/ceres_src-build/CMakeFiles/CMakeTmp'

File /xavier_ssd/TrekBot/TrekBot2_WS/build/ceres_catkin/ceres_src-prefix/src/ceres_src-build/CMakeFiles/CMakeTmp/CheckSymbolExists.c:
/* */
#include <pthread.h>

int main(int argc, char** argv)
{
  (void)argv;
#ifndef pthread_create
  return ((int*)(&pthread_create))[argc];
#else
  (void)argc;
  return 0;
#endif
}

Determining if the function pthread_create exists in the pthreads failed with the following output:
Change Dir: /xavier_ssd/TrekBot/TrekBot2_WS/build/ceres_catkin/ceres_src-prefix/src/ceres_src-build/CMakeFiles/CMakeTmp

Run Build Command:"/usr/bin/make" "cmTC_c50da/fast"
make[3]: Entering directory '/xavier_ssd/TrekBot/TrekBot2_WS/build/ceres_catkin/ceres_src-prefix/src/ceres_src-build/CMakeFiles/CMakeTmp'
/usr/bin/make -f CMakeFiles/cmTC_c50da.dir/build.make CMakeFiles/cmTC_c50da.dir/build
make[4]: Entering directory '/xavier_ssd/TrekBot/TrekBot2_WS/build/ceres_catkin/ceres_src-prefix/src/ceres_src-build/CMakeFiles/CMakeTmp'
Building C object CMakeFiles/cmTC_c50da.dir/CheckFunctionExists.c.o
/usr/bin/cc   -DCHECK_FUNCTION_EXISTS=pthread_create   -o CMakeFiles/cmTC_c50da.dir/CheckFunctionExists.c.o   -c /usr/share/cmake-3.10/Modules/CheckFunctionExists.c
Linking C executable cmTC_c50da
/usr/bin/cmake -E cmake_link_script CMakeFiles/cmTC_c50da.dir/link.txt --verbose=1
/usr/bin/cc  -DCHECK_FUNCTION_EXISTS=pthread_create    -rdynamic CMakeFiles/cmTC_c50da.dir/CheckFunctionExists.c.o  -o cmTC_c50da -lpthreads 
/usr/bin/ld: cannot find -lpthreads
collect2: error: ld returned 1 exit status
CMakeFiles/cmTC_c50da.dir/build.make:97: recipe for target 'cmTC_c50da' failed
make[4]: *** [cmTC_c50da] Error 1
make[4]: Leaving directory '/xavier_ssd/TrekBot/TrekBot2_WS/build/ceres_catkin/ceres_src-prefix/src/ceres_src-build/CMakeFiles/CMakeTmp'
Makefile:126: recipe for target 'cmTC_c50da/fast' failed
make[3]: *** [cmTC_c50da/fast] Error 2
make[3]: Leaving directory '/xavier_ssd/TrekBot/TrekBot2_WS/build/ceres_catkin/ceres_src-prefix/src/ceres_src-build/CMakeFiles/CMakeTmp'


