[36m--[0m Using CATKIN_DEVEL_PREFIX: /xavier_ssd/TrekBot/TrekBot2_WS/devel/.private/octomap_rviz_plugins
[36m--[0m Using CMAKE_PREFIX_PATH: /xavier_ssd/TrekBot/TrekBot2_WS/devel;/opt/ros/melodic
[36m--[0m This workspace overlays: /xavier_ssd/TrekBot/TrekBot2_WS/devel;/opt/ros/melodic
[36m--[0m Found PythonInterp: /usr/bin/python2 (found suitable version "2.7.15", minimum required is "2")
[36m--[0m Using PYTHON_EXECUTABLE: /usr/bin/python2
[36m--[0m Using Debian Python package layout
[36m--[0m Using empy: /usr/bin/empy
[36m--[0m Using CATKIN_ENABLE_TESTING: ON
[36m--[0m Call enable_testing()
[36m--[0m Using CATKIN_TEST_RESULTS_DIR: /xavier_ssd/TrekBot/TrekBot2_WS/build/octomap_rviz_plugins/test_results
[36m--[0m Found gmock sources under '/usr/src/googletest': gmock will be built
[36m--[0m Found PythonInterp: /usr/bin/python2 (found version "2.7.15")
[36m--[0m Found gtest sources under '/usr/src/googletest': gtests will be built
[36m--[0m Using Python nosetests: /usr/bin/nosetests-2.7
[36m--[0m catkin 0.7.14
[36m--[0m Using these message generators: gencpp;geneus;genlisp;gennodejs;genpy
[36m--[0m Boost version: 1.65.1
[36m--[0m Found the following Boost libraries:
[36m--[0m   thread
[36m--[0m   chrono
[36m--[0m   system
[36m--[0m   date_time
[36m--[0m   atomic
[33m[1mCMake Warning[0m at /opt/ros/melodic/share/catkin/cmake/catkin_package.cmake:166 (message):
  catkin_package() DEPENDS on 'octomap' but neither 'octomap_INCLUDE_DIRS'
  nor 'octomap_LIBRARIES' is defined.
[36mCall Stack (most recent call first):[0m
  /opt/ros/melodic/share/catkin/cmake/catkin_package.cmake:102 (_catkin_package)
  CMakeLists.txt:18 (catkin_package)


[36m--[0m Configuring done
[36m--[0m Generating done
[36m--[0m Build files have been written to: /xavier_ssd/TrekBot/TrekBot2_WS/build/octomap_rviz_plugins
