Determining if the pthread_create exist failed with the following output:
Change Dir: /xavier_ssd/TrekBot/TrekBot2_WS/build/zed_depth_sub_tutorial/CMakeFiles/CMakeTmp

Run Build Command:"/usr/bin/make" "cmTC_325aa/fast"
/usr/bin/make -f CMakeFiles/cmTC_325aa.dir/build.make CMakeFiles/cmTC_325aa.dir/build
make[1]: Entering directory '/xavier_ssd/TrekBot/TrekBot2_WS/build/zed_depth_sub_tutorial/CMakeFiles/CMakeTmp'
Building C object CMakeFiles/cmTC_325aa.dir/CheckSymbolExists.c.o
/usr/bin/cc    -o CMakeFiles/cmTC_325aa.dir/CheckSymbolExists.c.o   -c /xavier_ssd/TrekBot/TrekBot2_WS/build/zed_depth_sub_tutorial/CMakeFiles/CMakeTmp/CheckSymbolExists.c
Linking C executable cmTC_325aa
/usr/bin/cmake -E cmake_link_script CMakeFiles/cmTC_325aa.dir/link.txt --verbose=1
/usr/bin/cc      -rdynamic CMakeFiles/cmTC_325aa.dir/CheckSymbolExists.c.o  -o cmTC_325aa 
CMakeFiles/cmTC_325aa.dir/CheckSymbolExists.c.o: In function `main':
CheckSymbolExists.c:(.text+0x14): undefined reference to `pthread_create'
CheckSymbolExists.c:(.text+0x18): undefined reference to `pthread_create'
collect2: error: ld returned 1 exit status
CMakeFiles/cmTC_325aa.dir/build.make:97: recipe for target 'cmTC_325aa' failed
make[1]: *** [cmTC_325aa] Error 1
make[1]: Leaving directory '/xavier_ssd/TrekBot/TrekBot2_WS/build/zed_depth_sub_tutorial/CMakeFiles/CMakeTmp'
Makefile:126: recipe for target 'cmTC_325aa/fast' failed
make: *** [cmTC_325aa/fast] Error 2

File /xavier_ssd/TrekBot/TrekBot2_WS/build/zed_depth_sub_tutorial/CMakeFiles/CMakeTmp/CheckSymbolExists.c:
/* */
#include <pthread.h>

int main(int argc, char** argv)
{
  (void)argv;
#ifndef pthread_create
  return ((int*)(&pthread_create))[argc];
#else
  (void)argc;
  return 0;
#endif
}

Determining if the function pthread_create exists in the pthreads failed with the following output:
Change Dir: /xavier_ssd/TrekBot/TrekBot2_WS/build/zed_depth_sub_tutorial/CMakeFiles/CMakeTmp

Run Build Command:"/usr/bin/make" "cmTC_23d7e/fast"
/usr/bin/make -f CMakeFiles/cmTC_23d7e.dir/build.make CMakeFiles/cmTC_23d7e.dir/build
make[1]: Entering directory '/xavier_ssd/TrekBot/TrekBot2_WS/build/zed_depth_sub_tutorial/CMakeFiles/CMakeTmp'
Building C object CMakeFiles/cmTC_23d7e.dir/CheckFunctionExists.c.o
/usr/bin/cc   -DCHECK_FUNCTION_EXISTS=pthread_create   -o CMakeFiles/cmTC_23d7e.dir/CheckFunctionExists.c.o   -c /usr/share/cmake-3.10/Modules/CheckFunctionExists.c
Linking C executable cmTC_23d7e
/usr/bin/cmake -E cmake_link_script CMakeFiles/cmTC_23d7e.dir/link.txt --verbose=1
/usr/bin/cc  -DCHECK_FUNCTION_EXISTS=pthread_create    -rdynamic CMakeFiles/cmTC_23d7e.dir/CheckFunctionExists.c.o  -o cmTC_23d7e -lpthreads 
/usr/bin/ld: cannot find -lpthreads
collect2: error: ld returned 1 exit status
CMakeFiles/cmTC_23d7e.dir/build.make:97: recipe for target 'cmTC_23d7e' failed
make[1]: *** [cmTC_23d7e] Error 1
make[1]: Leaving directory '/xavier_ssd/TrekBot/TrekBot2_WS/build/zed_depth_sub_tutorial/CMakeFiles/CMakeTmp'
Makefile:126: recipe for target 'cmTC_23d7e/fast' failed
make: *** [cmTC_23d7e/fast] Error 2


