Determining if the pthread_create exist failed with the following output:
Change Dir: /xavier_ssd/TrekBot/TrekBot2_WS/build/hokuyo_node/CMakeFiles/CMakeTmp

Run Build Command:"/usr/bin/make" "cmTC_8f93f/fast"
/usr/bin/make -f CMakeFiles/cmTC_8f93f.dir/build.make CMakeFiles/cmTC_8f93f.dir/build
make[1]: Entering directory '/xavier_ssd/TrekBot/TrekBot2_WS/build/hokuyo_node/CMakeFiles/CMakeTmp'
Building C object CMakeFiles/cmTC_8f93f.dir/CheckSymbolExists.c.o
/usr/bin/cc    -o CMakeFiles/cmTC_8f93f.dir/CheckSymbolExists.c.o   -c /xavier_ssd/TrekBot/TrekBot2_WS/build/hokuyo_node/CMakeFiles/CMakeTmp/CheckSymbolExists.c
Linking C executable cmTC_8f93f
/usr/bin/cmake -E cmake_link_script CMakeFiles/cmTC_8f93f.dir/link.txt --verbose=1
/usr/bin/cc      -rdynamic CMakeFiles/cmTC_8f93f.dir/CheckSymbolExists.c.o  -o cmTC_8f93f 
CMakeFiles/cmTC_8f93f.dir/CheckSymbolExists.c.o: In function `main':
CheckSymbolExists.c:(.text+0x14): undefined reference to `pthread_create'
CheckSymbolExists.c:(.text+0x18): undefined reference to `pthread_create'
collect2: error: ld returned 1 exit status
CMakeFiles/cmTC_8f93f.dir/build.make:97: recipe for target 'cmTC_8f93f' failed
make[1]: *** [cmTC_8f93f] Error 1
make[1]: Leaving directory '/xavier_ssd/TrekBot/TrekBot2_WS/build/hokuyo_node/CMakeFiles/CMakeTmp'
Makefile:126: recipe for target 'cmTC_8f93f/fast' failed
make: *** [cmTC_8f93f/fast] Error 2

File /xavier_ssd/TrekBot/TrekBot2_WS/build/hokuyo_node/CMakeFiles/CMakeTmp/CheckSymbolExists.c:
/* */
#include <pthread.h>

int main(int argc, char** argv)
{
  (void)argv;
#ifndef pthread_create
  return ((int*)(&pthread_create))[argc];
#else
  (void)argc;
  return 0;
#endif
}

Determining if the function pthread_create exists in the pthreads failed with the following output:
Change Dir: /xavier_ssd/TrekBot/TrekBot2_WS/build/hokuyo_node/CMakeFiles/CMakeTmp

Run Build Command:"/usr/bin/make" "cmTC_a6520/fast"
/usr/bin/make -f CMakeFiles/cmTC_a6520.dir/build.make CMakeFiles/cmTC_a6520.dir/build
make[1]: Entering directory '/xavier_ssd/TrekBot/TrekBot2_WS/build/hokuyo_node/CMakeFiles/CMakeTmp'
Building C object CMakeFiles/cmTC_a6520.dir/CheckFunctionExists.c.o
/usr/bin/cc   -DCHECK_FUNCTION_EXISTS=pthread_create   -o CMakeFiles/cmTC_a6520.dir/CheckFunctionExists.c.o   -c /usr/share/cmake-3.10/Modules/CheckFunctionExists.c
Linking C executable cmTC_a6520
/usr/bin/cmake -E cmake_link_script CMakeFiles/cmTC_a6520.dir/link.txt --verbose=1
/usr/bin/cc  -DCHECK_FUNCTION_EXISTS=pthread_create    -rdynamic CMakeFiles/cmTC_a6520.dir/CheckFunctionExists.c.o  -o cmTC_a6520 -lpthreads 
/usr/bin/ld: cannot find -lpthreads
collect2: error: ld returned 1 exit status
CMakeFiles/cmTC_a6520.dir/build.make:97: recipe for target 'cmTC_a6520' failed
make[1]: *** [cmTC_a6520] Error 1
make[1]: Leaving directory '/xavier_ssd/TrekBot/TrekBot2_WS/build/hokuyo_node/CMakeFiles/CMakeTmp'
Makefile:126: recipe for target 'cmTC_a6520/fast' failed
make: *** [cmTC_a6520/fast] Error 2


