Determining if the pthread_create exist failed with the following output:
Change Dir: /xavier_ssd/TrekBot/TrekBot2_WS/build/octomap_ros/CMakeFiles/CMakeTmp

Run Build Command:"/usr/bin/make" "cmTC_94272/fast"
/usr/bin/make -f CMakeFiles/cmTC_94272.dir/build.make CMakeFiles/cmTC_94272.dir/build
make[1]: Entering directory '/xavier_ssd/TrekBot/TrekBot2_WS/build/octomap_ros/CMakeFiles/CMakeTmp'
Building C object CMakeFiles/cmTC_94272.dir/CheckSymbolExists.c.o
/usr/bin/cc    -o CMakeFiles/cmTC_94272.dir/CheckSymbolExists.c.o   -c /xavier_ssd/TrekBot/TrekBot2_WS/build/octomap_ros/CMakeFiles/CMakeTmp/CheckSymbolExists.c
Linking C executable cmTC_94272
/usr/bin/cmake -E cmake_link_script CMakeFiles/cmTC_94272.dir/link.txt --verbose=1
/usr/bin/cc      -rdynamic CMakeFiles/cmTC_94272.dir/CheckSymbolExists.c.o  -o cmTC_94272 
CMakeFiles/cmTC_94272.dir/CheckSymbolExists.c.o: In function `main':
CheckSymbolExists.c:(.text+0x14): undefined reference to `pthread_create'
CheckSymbolExists.c:(.text+0x18): undefined reference to `pthread_create'
collect2: error: ld returned 1 exit status
CMakeFiles/cmTC_94272.dir/build.make:97: recipe for target 'cmTC_94272' failed
make[1]: *** [cmTC_94272] Error 1
make[1]: Leaving directory '/xavier_ssd/TrekBot/TrekBot2_WS/build/octomap_ros/CMakeFiles/CMakeTmp'
Makefile:126: recipe for target 'cmTC_94272/fast' failed
make: *** [cmTC_94272/fast] Error 2

File /xavier_ssd/TrekBot/TrekBot2_WS/build/octomap_ros/CMakeFiles/CMakeTmp/CheckSymbolExists.c:
/* */
#include <pthread.h>

int main(int argc, char** argv)
{
  (void)argv;
#ifndef pthread_create
  return ((int*)(&pthread_create))[argc];
#else
  (void)argc;
  return 0;
#endif
}

Determining if the function pthread_create exists in the pthreads failed with the following output:
Change Dir: /xavier_ssd/TrekBot/TrekBot2_WS/build/octomap_ros/CMakeFiles/CMakeTmp

Run Build Command:"/usr/bin/make" "cmTC_8025a/fast"
/usr/bin/make -f CMakeFiles/cmTC_8025a.dir/build.make CMakeFiles/cmTC_8025a.dir/build
make[1]: Entering directory '/xavier_ssd/TrekBot/TrekBot2_WS/build/octomap_ros/CMakeFiles/CMakeTmp'
Building C object CMakeFiles/cmTC_8025a.dir/CheckFunctionExists.c.o
/usr/bin/cc   -DCHECK_FUNCTION_EXISTS=pthread_create   -o CMakeFiles/cmTC_8025a.dir/CheckFunctionExists.c.o   -c /usr/share/cmake-3.10/Modules/CheckFunctionExists.c
Linking C executable cmTC_8025a
/usr/bin/cmake -E cmake_link_script CMakeFiles/cmTC_8025a.dir/link.txt --verbose=1
/usr/bin/cc  -DCHECK_FUNCTION_EXISTS=pthread_create    -rdynamic CMakeFiles/cmTC_8025a.dir/CheckFunctionExists.c.o  -o cmTC_8025a -lpthreads 
/usr/bin/ld: cannot find -lpthreads
collect2: error: ld returned 1 exit status
CMakeFiles/cmTC_8025a.dir/build.make:97: recipe for target 'cmTC_8025a' failed
make[1]: *** [cmTC_8025a] Error 1
make[1]: Leaving directory '/xavier_ssd/TrekBot/TrekBot2_WS/build/octomap_ros/CMakeFiles/CMakeTmp'
Makefile:126: recipe for target 'cmTC_8025a/fast' failed
make: *** [cmTC_8025a/fast] Error 2


