Determining if the pthread_create exist failed with the following output:
Change Dir: /xavier_ssd/TrekBot/TrekBot_WS/build_isolated/grid_map_ros/CMakeFiles/CMakeTmp

Run Build Command:"/usr/bin/ninja" "cmTC_c20d7"
[1/2] Building C object CMakeFiles/cmTC_c20d7.dir/CheckSymbolExists.c.o
[2/2] Linking C executable cmTC_c20d7
FAILED: cmTC_c20d7 
: && /usr/bin/cc   -rdynamic CMakeFiles/cmTC_c20d7.dir/CheckSymbolExists.c.o  -o cmTC_c20d7   && :
CMakeFiles/cmTC_c20d7.dir/CheckSymbolExists.c.o: In function `main':
CheckSymbolExists.c:(.text+0x14): undefined reference to `pthread_create'
CheckSymbolExists.c:(.text+0x18): undefined reference to `pthread_create'
collect2: error: ld returned 1 exit status
ninja: build stopped: subcommand failed.

File /xavier_ssd/TrekBot/TrekBot_WS/build_isolated/grid_map_ros/CMakeFiles/CMakeTmp/CheckSymbolExists.c:
/* */
#include <pthread.h>

int main(int argc, char** argv)
{
  (void)argv;
#ifndef pthread_create
  return ((int*)(&pthread_create))[argc];
#else
  (void)argc;
  return 0;
#endif
}

Determining if the function pthread_create exists in the pthreads failed with the following output:
Change Dir: /xavier_ssd/TrekBot/TrekBot_WS/build_isolated/grid_map_ros/CMakeFiles/CMakeTmp

Run Build Command:"/usr/bin/ninja" "cmTC_36c30"
[1/2] Building C object CMakeFiles/cmTC_36c30.dir/CheckFunctionExists.c.o
[2/2] Linking C executable cmTC_36c30
FAILED: cmTC_36c30 
: && /usr/bin/cc -DCHECK_FUNCTION_EXISTS=pthread_create  -rdynamic CMakeFiles/cmTC_36c30.dir/CheckFunctionExists.c.o  -o cmTC_36c30  -lpthreads && :
/usr/bin/ld: cannot find -lpthreads
collect2: error: ld returned 1 exit status
ninja: build stopped: subcommand failed.


