[35m[1mScanning dependencies of target laser_proc_library[0m
[  8%] [32mBuilding CXX object CMakeFiles/laser_proc_library.dir/src/LaserProc.cpp.o[0m
[ 16%] [32m[1mLinking CXX shared library /xavier_ssd/TrekBot/TrekBot2_WS/devel/.private/laser_proc/lib/liblaser_proc_library.so[0m
[ 16%] Built target laser_proc_library
[35m[1mScanning dependencies of target laser_publisher[0m
[ 25%] [32mBuilding CXX object CMakeFiles/laser_publisher.dir/src/LaserPublisher.cpp.o[0m
[ 33%] [32m[1mLinking CXX shared library /xavier_ssd/TrekBot/TrekBot2_WS/devel/.private/laser_proc/lib/liblaser_publisher.so[0m
[ 33%] Built target laser_publisher
[35m[1mScanning dependencies of target laser_transport[0m
[ 41%] [32mBuilding CXX object CMakeFiles/laser_transport.dir/src/LaserTransport.cpp.o[0m
[ 50%] [32m[1mLinking CXX shared library /xavier_ssd/TrekBot/TrekBot2_WS/devel/.private/laser_proc/lib/liblaser_transport.so[0m
[ 50%] Built target laser_transport
[35m[1mScanning dependencies of target laser_proc_ROS[0m
[ 58%] [32mBuilding CXX object CMakeFiles/laser_proc_ROS.dir/src/LaserProcROS.cpp.o[0m
[ 66%] [32m[1mLinking CXX shared library /xavier_ssd/TrekBot/TrekBot2_WS/devel/.private/laser_proc/lib/liblaser_proc_ROS.so[0m
[ 66%] Built target laser_proc_ROS
[35m[1mScanning dependencies of target LaserProcNodelet[0m
[35m[1mScanning dependencies of target laser_proc[0m
[ 75%] [32mBuilding CXX object CMakeFiles/laser_proc.dir/src/laser_proc.cpp.o[0m
[ 83%] [32mBuilding CXX object CMakeFiles/LaserProcNodelet.dir/src/LaserProcNodelet.cpp.o[0m
[ 91%] [32m[1mLinking CXX executable /xavier_ssd/TrekBot/TrekBot2_WS/devel/.private/laser_proc/lib/laser_proc/laser_proc[0m
[100%] [32m[1mLinking CXX shared library /xavier_ssd/TrekBot/TrekBot2_WS/devel/.private/laser_proc/lib/libLaserProcNodelet.so[0m
[100%] Built target laser_proc
[100%] Built target LaserProcNodelet
