[  6%] Built target urg_node_gencfg
[ 12%] [32m[1mLinking CXX shared library /xavier_ssd/TrekBot/TrekBot2_WS/devel/.private/urg_node/lib/liburg_c_wrapper.so[0m
[ 18%] Built target urg_c_wrapper
[ 18%] Built target std_msgs_generate_messages_cpp
[ 25%] [32m[1mLinking CXX executable /xavier_ssd/TrekBot/TrekBot2_WS/devel/.private/urg_node/lib/urg_node/getID[0m
[ 25%] Built target _urg_node_generate_messages_check_deps_Status
[ 25%] Built target std_msgs_generate_messages_py
[ 25%] Built target std_msgs_generate_messages_nodejs
[ 25%] Built target std_msgs_generate_messages_eus
[ 25%] Built target std_msgs_generate_messages_lisp
[ 31%] Built target getID
[ 43%] Built target urg_node_generate_messages_cpp
[ 50%] Built target urg_node_generate_messages_py
[ 62%] Built target urg_node_generate_messages_eus
[ 68%] Built target urg_node_generate_messages_nodejs
[ 75%] Built target urg_node_generate_messages_lisp
[ 75%] Built target urg_node_gencpp
[ 75%] Built target urg_node_generate_messages
[ 81%] [32m[1mLinking CXX shared library /xavier_ssd/TrekBot/TrekBot2_WS/devel/.private/urg_node/lib/liburg_node_driver.so[0m
[ 87%] Built target urg_node_driver
[ 93%] [32m[1mLinking CXX executable /xavier_ssd/TrekBot/TrekBot2_WS/devel/.private/urg_node/lib/urg_node/urg_node[0m
[100%] Built target urg_node
