[35m[1mScanning dependencies of target urg_node_gencfg[0m
[35m[1mScanning dependencies of target std_msgs_generate_messages_cpp[0m
[35m[1mScanning dependencies of target urg_c_wrapper[0m
[35m[1mScanning dependencies of target _urg_node_generate_messages_check_deps_Status[0m
[  6%] [34m[1mGenerating dynamic reconfigure files from cfg/URG.cfg: /xavier_ssd/TrekBot/TrekBot2_WS/devel/.private/urg_node/include/urg_node/URGConfig.h /xavier_ssd/TrekBot/TrekBot2_WS/devel/.private/urg_node/lib/python2.7/dist-packages/urg_node/cfg/URGConfig.py[0m
[  6%] Built target std_msgs_generate_messages_cpp
[35m[1mScanning dependencies of target std_msgs_generate_messages_py[0m
[ 12%] [32mBuilding CXX object CMakeFiles/urg_c_wrapper.dir/src/urg_c_wrapper.cpp.o[0m
[35m[1mScanning dependencies of target std_msgs_generate_messages_nodejs[0m
[ 12%] Built target std_msgs_generate_messages_py
[ 12%] Built target std_msgs_generate_messages_nodejs
[ 12%] Built target _urg_node_generate_messages_check_deps_Status
[35m[1mScanning dependencies of target std_msgs_generate_messages_eus[0m
[35m[1mScanning dependencies of target std_msgs_generate_messages_lisp[0m
[ 12%] Built target std_msgs_generate_messages_eus
[ 12%] Built target std_msgs_generate_messages_lisp
[35m[1mScanning dependencies of target urg_node_generate_messages_cpp[0m
[35m[1mScanning dependencies of target urg_node_generate_messages_py[0m
[35m[1mScanning dependencies of target urg_node_generate_messages_nodejs[0m
[ 18%] [34m[1mGenerating C++ code from urg_node/Status.msg[0m
[ 25%] [34m[1mGenerating Python from MSG urg_node/Status[0m
[ 31%] [34m[1mGenerating Javascript code from urg_node/Status.msg[0m
Generating reconfiguration files for URG in urg_node
Wrote header file in /xavier_ssd/TrekBot/TrekBot2_WS/devel/.private/urg_node/include/urg_node/URGConfig.h
[ 31%] Built target urg_node_generate_messages_nodejs
[35m[1mScanning dependencies of target urg_node_generate_messages_eus[0m
[ 37%] [34m[1mGenerating EusLisp code from urg_node/Status.msg[0m
[ 37%] Built target urg_node_gencfg
[35m[1mScanning dependencies of target urg_node_generate_messages_lisp[0m
[ 43%] [34m[1mGenerating Python msg __init__.py for urg_node[0m
[ 50%] [34m[1mGenerating Lisp code from urg_node/Status.msg[0m
[ 50%] Built target urg_node_generate_messages_cpp
[ 56%] [34m[1mGenerating EusLisp manifest code for urg_node[0m
[ 56%] Built target urg_node_generate_messages_lisp
[35m[1mScanning dependencies of target urg_node_gencpp[0m
[ 56%] Built target urg_node_gencpp
[ 56%] Built target urg_node_generate_messages_py
[ 56%] Built target urg_node_generate_messages_eus
[35m[1mScanning dependencies of target urg_node_generate_messages[0m
[ 56%] Built target urg_node_generate_messages
[ 62%] [32m[1mLinking CXX shared library /xavier_ssd/TrekBot/TrekBot2_WS/devel/.private/urg_node/lib/liburg_c_wrapper.so[0m
[ 62%] Built target urg_c_wrapper
[35m[1mScanning dependencies of target urg_node_driver[0m
[35m[1mScanning dependencies of target getID[0m
[ 68%] [32mBuilding CXX object CMakeFiles/getID.dir/src/getID.cpp.o[0m
[ 75%] [32mBuilding CXX object CMakeFiles/urg_node_driver.dir/src/urg_node_driver.cpp.o[0m
[ 81%] [32m[1mLinking CXX executable /xavier_ssd/TrekBot/TrekBot2_WS/devel/.private/urg_node/lib/urg_node/getID[0m
[ 81%] Built target getID
[ 87%] [32m[1mLinking CXX shared library /xavier_ssd/TrekBot/TrekBot2_WS/devel/.private/urg_node/lib/liburg_node_driver.so[0m
[ 87%] Built target urg_node_driver
[35m[1mScanning dependencies of target urg_node[0m
[ 93%] [32mBuilding CXX object CMakeFiles/urg_node.dir/src/urg_node.cpp.o[0m
[100%] [32m[1mLinking CXX executable /xavier_ssd/TrekBot/TrekBot2_WS/devel/.private/urg_node/lib/urg_node/urg_node[0m
[100%] Built target urg_node
