Not searching for unused variables given on the command line.
[36m--[0m Using CATKIN_DEVEL_PREFIX: /xavier_ssd/TrekBot/TrekBot2_WS/devel/.private/octomap_server
[36m--[0m Using CMAKE_PREFIX_PATH: /xavier_ssd/TrekBot/TrekBot2_WS/devel;/opt/ros/melodic
[36m--[0m This workspace overlays: /xavier_ssd/TrekBot/TrekBot2_WS/devel;/opt/ros/melodic
[36m--[0m Found PythonInterp: /usr/bin/python2 (found suitable version "2.7.15", minimum required is "2")
[36m--[0m Using PYTHON_EXECUTABLE: /usr/bin/python2
[36m--[0m Using Debian Python package layout
[36m--[0m Using empy: /usr/bin/empy
[36m--[0m Using CATKIN_ENABLE_TESTING: ON
[36m--[0m Call enable_testing()
[36m--[0m Using CATKIN_TEST_RESULTS_DIR: /xavier_ssd/TrekBot/TrekBot2_WS/build/octomap_server/test_results
[36m--[0m Found gmock sources under '/usr/src/googletest': gmock will be built
[36m--[0m Found PythonInterp: /usr/bin/python2 (found version "2.7.15")
[36m--[0m Found gtest sources under '/usr/src/googletest': gtests will be built
[36m--[0m Using Python nosetests: /usr/bin/nosetests-2.7
[36m--[0m catkin 0.7.14
[36m--[0m Using these message generators: gencpp;geneus;genlisp;gennodejs;genpy
[36m--[0m Checking for module 'eigen3'
[36m--[0m   Found eigen3, version 3.3.4
[36m--[0m Found eigen: /usr/include/eigen3
[36m--[0m Checking for module 'flann'
[36m--[0m   Found flann, version 1.9.1
[36m--[0m Found Flann: /usr/lib/aarch64-linux-gnu/libflann_cpp_s.a
[36m--[0m Checking for module 'libopenni'
[36m--[0m   Found libopenni, version 1.5.4.0
[36m--[0m Found openni: /usr/lib/libOpenNI.so
[36m--[0m The imported target "vtkRenderingPythonTkWidgets" references the file
   "/usr/lib/aarch64-linux-gnu/libvtkRenderingPythonTkWidgets.so"
but this file does not exist.  Possible reasons include:
* The file was deleted, renamed, or moved to another location.
* An install or uninstall procedure did not complete successfully.
* The installation package was faulty and contained
   "/usr/lib/cmake/vtk-6.3/VTKTargets.cmake"
but not all the files it references.

[36m--[0m The imported target "vtk" references the file
   "/usr/bin/vtk"
but this file does not exist.  Possible reasons include:
* The file was deleted, renamed, or moved to another location.
* An install or uninstall procedure did not complete successfully.
* The installation package was faulty and contained
   "/usr/lib/cmake/vtk-6.3/VTKTargets.cmake"
but not all the files it references.

[36m--[0m Found libusb-1.0: /usr/include
[36m--[0m Found PCL_COMMON: /usr/lib/aarch64-linux-gnu/libpcl_common.so
[36m--[0m Found PCL_KDTREE: /usr/lib/aarch64-linux-gnu/libpcl_kdtree.so
[36m--[0m Found PCL_OCTREE: /usr/lib/aarch64-linux-gnu/libpcl_octree.so
[36m--[0m Found PCL_SEARCH: /usr/lib/aarch64-linux-gnu/libpcl_search.so
[36m--[0m Found PCL_SAMPLE_CONSENSUS: /usr/lib/aarch64-linux-gnu/libpcl_sample_consensus.so
[36m--[0m Found PCL_IO: /usr/lib/aarch64-linux-gnu/libpcl_io.so
[36m--[0m Found PCL_GEOMETRY: /usr/include/pcl-1.8
[36m--[0m Found PCL_2D: /usr/include/pcl-1.8
[36m--[0m Found PCL_FEATURES: /usr/lib/aarch64-linux-gnu/libpcl_features.so
[36m--[0m Found PCL_ML: /usr/lib/aarch64-linux-gnu/libpcl_ml.so
[36m--[0m Found PCL_SEGMENTATION: /usr/lib/aarch64-linux-gnu/libpcl_segmentation.so
[36m--[0m Found PCL_FILTERS: /usr/lib/aarch64-linux-gnu/libpcl_filters.so
[33m[1mCMake Warning[0m at /opt/ros/melodic/share/catkin/cmake/catkin_package.cmake:166 (message):
  catkin_package() DEPENDS on 'octomap' but neither 'octomap_INCLUDE_DIRS'
  nor 'octomap_LIBRARIES' is defined.
[36mCall Stack (most recent call first):[0m
  /opt/ros/melodic/share/catkin/cmake/catkin_package.cmake:102 (_catkin_package)
  CMakeLists.txt:37 (catkin_package)


[36m--[0m Configuring done
[36m--[0m Generating done
[36m--[0m Build files have been written to: /xavier_ssd/TrekBot/TrekBot2_WS/build/octomap_server
