[  3%] [34m[1mRunning C++ protocol buffer compiler on proto/voxblox/Layer.proto[0m
[libprotobuf WARNING /xavier_ssd/TrekBot/TrekBot_WS/protobuf/src/google/protobuf/compiler/parser.cc:546] No syntax specified for the proto file: Layer.proto. Please use 'syntax = "proto2";' or 'syntax = "proto3";' to specify a syntax version. (Defaulted to proto2 syntax.)
[  6%] [34m[1mRunning C++ protocol buffer compiler on proto/voxblox/Block.proto[0m
[libprotobuf WARNING /xavier_ssd/TrekBot/TrekBot_WS/protobuf/src/google/protobuf/compiler/parser.cc:546] No syntax specified for the proto file: Block.proto. Please use 'syntax = "proto2";' or 'syntax = "proto3";' to specify a syntax version. (Defaulted to proto2 syntax.)
[35m[1mScanning dependencies of target voxblox_proto[0m
[  9%] [32mBuilding CXX object CMakeFiles/voxblox_proto.dir/Block.pb.cc.o[0m
[ 12%] [32mBuilding CXX object CMakeFiles/voxblox_proto.dir/Layer.pb.cc.o[0m
[ 16%] [32m[1mLinking CXX shared library /xavier_ssd/TrekBot/TrekBot2_WS/devel/.private/voxblox/lib/libvoxblox_proto.so[0m
[ 16%] Built target voxblox_proto
[35m[1mScanning dependencies of target voxblox[0m
[ 19%] [32mBuilding CXX object CMakeFiles/voxblox.dir/src/alignment/icp.cc.o[0m
[ 22%] [32mBuilding CXX object CMakeFiles/voxblox.dir/src/core/block.cc.o[0m
[ 25%] [32mBuilding CXX object CMakeFiles/voxblox.dir/src/core/esdf_map.cc.o[0m
[ 29%] [32mBuilding CXX object CMakeFiles/voxblox.dir/src/core/tsdf_map.cc.o[0m
[ 32%] [32mBuilding CXX object CMakeFiles/voxblox.dir/src/integrator/esdf_integrator.cc.o[0m
[ 35%] [32mBuilding CXX object CMakeFiles/voxblox.dir/src/integrator/esdf_occ_integrator.cc.o[0m
[ 38%] [32mBuilding CXX object CMakeFiles/voxblox.dir/src/integrator/integrator_utils.cc.o[0m
[ 41%] [32mBuilding CXX object CMakeFiles/voxblox.dir/src/integrator/intensity_integrator.cc.o[0m
[ 45%] [32mBuilding CXX object CMakeFiles/voxblox.dir/src/integrator/tsdf_integrator.cc.o[0m
[ 48%] [32mBuilding CXX object CMakeFiles/voxblox.dir/src/io/mesh_ply.cc.o[0m
[ 51%] [32mBuilding CXX object CMakeFiles/voxblox.dir/src/io/sdf_ply.cc.o[0m
[ 54%] [32mBuilding CXX object CMakeFiles/voxblox.dir/src/mesh/marching_cubes.cc.o[0m
[ 58%] [32mBuilding CXX object CMakeFiles/voxblox.dir/src/simulation/objects.cc.o[0m
[ 61%] [32mBuilding CXX object CMakeFiles/voxblox.dir/src/simulation/simulation_world.cc.o[0m
[ 64%] [32mBuilding CXX object CMakeFiles/voxblox.dir/src/utils/camera_model.cc.o[0m
[ 67%] [32mBuilding CXX object CMakeFiles/voxblox.dir/src/utils/evaluation_utils.cc.o[0m
[ 70%] [32mBuilding CXX object CMakeFiles/voxblox.dir/src/utils/layer_utils.cc.o[0m
[ 74%] [32mBuilding CXX object CMakeFiles/voxblox.dir/src/utils/neighbor_tools.cc.o[0m
[ 77%] [32mBuilding CXX object CMakeFiles/voxblox.dir/src/utils/protobuf_utils.cc.o[0m
[ 80%] [32mBuilding CXX object CMakeFiles/voxblox.dir/src/utils/timing.cc.o[0m
[ 83%] [32mBuilding CXX object CMakeFiles/voxblox.dir/src/utils/voxel_utils.cc.o[0m
[ 87%] [32m[1mLinking CXX shared library /xavier_ssd/TrekBot/TrekBot2_WS/devel/.private/voxblox/lib/libvoxblox.so[0m
[ 87%] Built target voxblox
[35m[1mScanning dependencies of target test_load_esdf[0m
[35m[1mScanning dependencies of target tsdf_to_esdf[0m
[ 93%] [32mBuilding CXX object CMakeFiles/test_load_esdf.dir/test/test_load_esdf.cc.o[0m
[ 93%] [32mBuilding CXX object CMakeFiles/tsdf_to_esdf.dir/test/tsdf_to_esdf.cc.o[0m
[ 96%] [32m[1mLinking CXX executable /xavier_ssd/TrekBot/TrekBot2_WS/devel/.private/voxblox/lib/voxblox/test_load_esdf[0m
[ 96%] Built target test_load_esdf
[100%] [32m[1mLinking CXX executable /xavier_ssd/TrekBot/TrekBot2_WS/devel/.private/voxblox/lib/voxblox/tsdf_to_esdf[0m
[100%] Built target tsdf_to_esdf
