[35m[1mScanning dependencies of target actionlib_msgs_generate_messages_nodejs[0m
[  0%] Built target actionlib_msgs_generate_messages_nodejs
[35m[1mScanning dependencies of target sensor_msgs_generate_messages_nodejs[0m
[35m[1mScanning dependencies of target roscpp_generate_messages_cpp[0m
[35m[1mScanning dependencies of target actionlib_generate_messages_cpp[0m
[  0%] Built target sensor_msgs_generate_messages_nodejs
[  0%] Built target roscpp_generate_messages_cpp
[  0%] Built target actionlib_generate_messages_cpp
[35m[1mScanning dependencies of target map_msgs_generate_messages_py[0m
[35m[1mScanning dependencies of target geometry_msgs_generate_messages_lisp[0m
[35m[1mScanning dependencies of target actionlib_generate_messages_lisp[0m
[  0%] Built target geometry_msgs_generate_messages_lisp
[  0%] Built target map_msgs_generate_messages_py
[  0%] Built target actionlib_generate_messages_lisp
[35m[1mScanning dependencies of target geometry_msgs_generate_messages_cpp[0m
[35m[1mScanning dependencies of target std_msgs_generate_messages_py[0m
[  0%] Built target geometry_msgs_generate_messages_cpp
[  0%] Built target std_msgs_generate_messages_py
[35m[1mScanning dependencies of target sensor_msgs_generate_messages_eus[0m
[  0%] Built target sensor_msgs_generate_messages_eus
[35m[1mScanning dependencies of target _catkin_empty_exported_target[0m
[35m[1mScanning dependencies of target sensor_msgs_generate_messages_cpp[0m
[35m[1mScanning dependencies of target map_msgs_generate_messages_eus[0m
[  0%] Built target _catkin_empty_exported_target
[  0%] Built target sensor_msgs_generate_messages_cpp
[  0%] Built target map_msgs_generate_messages_eus
[35m[1mScanning dependencies of target dynamic_reconfigure_generate_messages_cpp[0m
[35m[1mScanning dependencies of target map_msgs_generate_messages_lisp[0m
[35m[1mScanning dependencies of target rosgraph_msgs_generate_messages_cpp[0m
[  0%] Built target dynamic_reconfigure_generate_messages_cpp
[  0%] Built target map_msgs_generate_messages_lisp
[35m[1mScanning dependencies of target dynamic_reconfigure_generate_messages_lisp[0m
[35m[1mScanning dependencies of target std_msgs_generate_messages_cpp[0m
[  0%] Built target rosgraph_msgs_generate_messages_cpp
[  0%] Built target std_msgs_generate_messages_cpp
[35m[1mScanning dependencies of target costmap_2d_generate_messages_eus[0m
[  0%] Built target dynamic_reconfigure_generate_messages_lisp
[35m[1mScanning dependencies of target visualization_msgs_generate_messages_lisp[0m
[35m[1mScanning dependencies of target std_msgs_generate_messages_eus[0m
[35m[1mScanning dependencies of target nav_msgs_generate_messages_nodejs[0m
[  0%] Built target costmap_2d_generate_messages_eus
[  0%] Built target std_msgs_generate_messages_eus
[35m[1mScanning dependencies of target visualization_msgs_generate_messages_nodejs[0m
[  0%] Built target visualization_msgs_generate_messages_lisp
[35m[1mScanning dependencies of target costmap_2d_gencfg[0m
[  0%] Built target nav_msgs_generate_messages_nodejs
[35m[1mScanning dependencies of target geometry_msgs_generate_messages_eus[0m
[  0%] Built target visualization_msgs_generate_messages_nodejs
[35m[1mScanning dependencies of target std_msgs_generate_messages_lisp[0m
[  0%] Built target costmap_2d_gencfg
[  0%] Built target geometry_msgs_generate_messages_eus
[  0%] Built target std_msgs_generate_messages_lisp
[35m[1mScanning dependencies of target roscpp_generate_messages_nodejs[0m
[35m[1mScanning dependencies of target _navfn_generate_messages_check_deps_SetCostmap[0m
[35m[1mScanning dependencies of target _navfn_generate_messages_check_deps_MakeNavPlan[0m
[  0%] Built target roscpp_generate_messages_nodejs
[35m[1mScanning dependencies of target costmap_2d_generate_messages_cpp[0m
[35m[1mScanning dependencies of target dynamic_reconfigure_generate_messages_nodejs[0m
[  0%] Built target costmap_2d_generate_messages_cpp
[  0%] Built target dynamic_reconfigure_generate_messages_nodejs
[35m[1mScanning dependencies of target visualization_msgs_generate_messages_py[0m
[35m[1mScanning dependencies of target geometry_msgs_generate_messages_nodejs[0m
[  0%] Built target _navfn_generate_messages_check_deps_SetCostmap
[  0%] Built target visualization_msgs_generate_messages_py
[  0%] Built target _navfn_generate_messages_check_deps_MakeNavPlan
[  0%] Built target geometry_msgs_generate_messages_nodejs
[35m[1mScanning dependencies of target costmap_2d_generate_messages_lisp[0m
[35m[1mScanning dependencies of target costmap_2d_generate_messages_nodejs[0m
[35m[1mScanning dependencies of target std_msgs_generate_messages_nodejs[0m
[35m[1mScanning dependencies of target costmap_2d_generate_messages_py[0m
[  0%] Built target costmap_2d_generate_messages_lisp
[  0%] Built target std_msgs_generate_messages_nodejs
[  0%] Built target costmap_2d_generate_messages_nodejs
[  0%] Built target costmap_2d_generate_messages_py
[35m[1mScanning dependencies of target dynamic_reconfigure_generate_messages_eus[0m
[35m[1mScanning dependencies of target geometry_msgs_generate_messages_py[0m
[35m[1mScanning dependencies of target dynamic_reconfigure_generate_messages_py[0m
[  0%] Built target dynamic_reconfigure_generate_messages_eus
[  0%] Built target geometry_msgs_generate_messages_py
[  0%] Built target dynamic_reconfigure_generate_messages_py
[35m[1mScanning dependencies of target sensor_msgs_generate_messages_py[0m
[  0%] Built target sensor_msgs_generate_messages_py
[35m[1mScanning dependencies of target sensor_msgs_generate_messages_lisp[0m
[35m[1mScanning dependencies of target nav_msgs_generate_messages_cpp[0m
[35m[1mScanning dependencies of target nav_msgs_generate_messages_lisp[0m
[  0%] Built target sensor_msgs_generate_messages_lisp
[  0%] Built target nav_msgs_generate_messages_cpp
[  0%] Built target nav_msgs_generate_messages_lisp
[35m[1mScanning dependencies of target actionlib_msgs_generate_messages_cpp[0m
[35m[1mScanning dependencies of target actionlib_msgs_generate_messages_py[0m
[35m[1mScanning dependencies of target actionlib_msgs_generate_messages_lisp[0m
[  0%] Built target actionlib_msgs_generate_messages_cpp
[  0%] Built target actionlib_msgs_generate_messages_lisp
[  0%] Built target actionlib_msgs_generate_messages_py
[35m[1mScanning dependencies of target roscpp_generate_messages_lisp[0m
[35m[1mScanning dependencies of target roscpp_generate_messages_py[0m
[  0%] Built target roscpp_generate_messages_lisp
[  0%] Built target roscpp_generate_messages_py
[35m[1mScanning dependencies of target rosgraph_msgs_generate_messages_lisp[0m
[35m[1mScanning dependencies of target rosgraph_msgs_generate_messages_eus[0m
[  0%] Built target rosgraph_msgs_generate_messages_lisp
[  0%] Built target rosgraph_msgs_generate_messages_eus
[35m[1mScanning dependencies of target rosgraph_msgs_generate_messages_nodejs[0m
[  0%] Built target rosgraph_msgs_generate_messages_nodejs
[35m[1mScanning dependencies of target roscpp_generate_messages_eus[0m
[  0%] Built target roscpp_generate_messages_eus
[35m[1mScanning dependencies of target actionlib_msgs_generate_messages_eus[0m
[  0%] Built target actionlib_msgs_generate_messages_eus
[35m[1mScanning dependencies of target rosgraph_msgs_generate_messages_py[0m
[  0%] Built target rosgraph_msgs_generate_messages_py
[35m[1mScanning dependencies of target actionlib_generate_messages_eus[0m
[35m[1mScanning dependencies of target actionlib_generate_messages_nodejs[0m
[  0%] Built target actionlib_generate_messages_eus
[  0%] Built target actionlib_generate_messages_nodejs
[35m[1mScanning dependencies of target tf2_msgs_generate_messages_cpp[0m
[35m[1mScanning dependencies of target dynamic_reconfigure_gencfg[0m
[35m[1mScanning dependencies of target nav_msgs_generate_messages_py[0m
[  0%] Built target tf2_msgs_generate_messages_cpp
[  0%] Built target dynamic_reconfigure_gencfg
[  0%] Built target nav_msgs_generate_messages_py
[35m[1mScanning dependencies of target tf2_msgs_generate_messages_lisp[0m
[35m[1mScanning dependencies of target map_msgs_generate_messages_cpp[0m
[35m[1mScanning dependencies of target actionlib_generate_messages_py[0m
[  0%] Built target tf2_msgs_generate_messages_lisp
[  0%] Built target map_msgs_generate_messages_cpp
[  0%] Built target actionlib_generate_messages_py
[35m[1mScanning dependencies of target tf2_msgs_generate_messages_py[0m
[35m[1mScanning dependencies of target tf2_msgs_generate_messages_nodejs[0m
[35m[1mScanning dependencies of target nav_msgs_generate_messages_eus[0m
[  0%] Built target tf2_msgs_generate_messages_py
[  0%] Built target tf2_msgs_generate_messages_nodejs
[  0%] Built target nav_msgs_generate_messages_eus
[35m[1mScanning dependencies of target tf2_msgs_generate_messages_eus[0m
[35m[1mScanning dependencies of target visualization_msgs_generate_messages_cpp[0m
[  0%] Built target tf2_msgs_generate_messages_eus
[  0%] Built target visualization_msgs_generate_messages_cpp
[35m[1mScanning dependencies of target visualization_msgs_generate_messages_eus[0m
[  0%] Built target visualization_msgs_generate_messages_eus
[35m[1mScanning dependencies of target map_msgs_generate_messages_nodejs[0m
[  0%] Built target map_msgs_generate_messages_nodejs
[35m[1mScanning dependencies of target navfn_generate_messages_py[0m
[35m[1mScanning dependencies of target navfn_generate_messages_nodejs[0m
[  5%] [34m[1mGenerating Python code from SRV navfn/MakeNavPlan[0m
[ 10%] [34m[1mGenerating Javascript code from navfn/MakeNavPlan.srv[0m
[ 15%] [34m[1mGenerating Javascript code from navfn/SetCostmap.srv[0m
[ 15%] Built target navfn_generate_messages_nodejs
[ 20%] [34m[1mGenerating Python code from SRV navfn/SetCostmap[0m
[ 25%] [34m[1mGenerating Python srv __init__.py for navfn[0m
[ 25%] Built target navfn_generate_messages_py
[35m[1mScanning dependencies of target navfn_generate_messages_lisp[0m
[ 30%] [34m[1mGenerating Lisp code from navfn/MakeNavPlan.srv[0m
[ 35%] [34m[1mGenerating Lisp code from navfn/SetCostmap.srv[0m
[ 35%] Built target navfn_generate_messages_lisp
[35m[1mScanning dependencies of target navfn_generate_messages_eus[0m
[ 40%] [34m[1mGenerating EusLisp code from navfn/MakeNavPlan.srv[0m
[ 45%] [34m[1mGenerating EusLisp code from navfn/SetCostmap.srv[0m
[ 50%] [34m[1mGenerating EusLisp manifest code for navfn[0m
[ 50%] Built target navfn_generate_messages_eus
[35m[1mScanning dependencies of target navfn_generate_messages_cpp[0m
[ 55%] [34m[1mGenerating C++ code from navfn/MakeNavPlan.srv[0m
[ 60%] [34m[1mGenerating C++ code from navfn/SetCostmap.srv[0m
[ 60%] Built target navfn_generate_messages_cpp
[35m[1mScanning dependencies of target navfn[0m
[ 65%] [32mBuilding CXX object CMakeFiles/navfn.dir/src/navfn.cpp.o[0m
[ 70%] [32mBuilding CXX object CMakeFiles/navfn.dir/src/navfn_ros.cpp.o[0m
[35m[1mScanning dependencies of target navfn_generate_messages[0m
[ 70%] Built target navfn_generate_messages
[ 75%] [32m[1mLinking CXX shared library /xavier_ssd/TrekBot/TrekBot2_WS/devel/.private/navfn/lib/libnavfn.so[0m
[ 75%] Built target navfn
[35m[1mScanning dependencies of target navtest[0m
[35m[1mScanning dependencies of target navfn_node[0m
[ 85%] [32mBuilding CXX object CMakeFiles/navtest.dir/src/navtest.cpp.o[0m
[ 85%] [32mBuilding CXX object CMakeFiles/navtest.dir/src/navwin.cpp.o[0m
[ 90%] [32mBuilding CXX object CMakeFiles/navfn_node.dir/src/navfn_node.cpp.o[0m
[ 95%] [32m[1mLinking CXX executable /xavier_ssd/TrekBot/TrekBot2_WS/devel/.private/navfn/lib/navfn/navtest[0m
[ 95%] Built target navtest
[100%] [32m[1mLinking CXX executable /xavier_ssd/TrekBot/TrekBot2_WS/devel/.private/navfn/lib/navfn/navfn_node[0m
[100%] Built target navfn_node
