Determining if the pthread_create exist failed with the following output:
Change Dir: /xavier_ssd/TrekBot/TrekBot2_WS/build/grid_map_costmap_2d/CMakeFiles/CMakeTmp

Run Build Command:"/usr/bin/make" "cmTC_7165e/fast"
/usr/bin/make -f CMakeFiles/cmTC_7165e.dir/build.make CMakeFiles/cmTC_7165e.dir/build
make[1]: Entering directory '/xavier_ssd/TrekBot/TrekBot2_WS/build/grid_map_costmap_2d/CMakeFiles/CMakeTmp'
Building C object CMakeFiles/cmTC_7165e.dir/CheckSymbolExists.c.o
/usr/bin/cc    -o CMakeFiles/cmTC_7165e.dir/CheckSymbolExists.c.o   -c /xavier_ssd/TrekBot/TrekBot2_WS/build/grid_map_costmap_2d/CMakeFiles/CMakeTmp/CheckSymbolExists.c
Linking C executable cmTC_7165e
/usr/bin/cmake -E cmake_link_script CMakeFiles/cmTC_7165e.dir/link.txt --verbose=1
/usr/bin/cc      -rdynamic CMakeFiles/cmTC_7165e.dir/CheckSymbolExists.c.o  -o cmTC_7165e 
CMakeFiles/cmTC_7165e.dir/CheckSymbolExists.c.o: In function `main':
CheckSymbolExists.c:(.text+0x14): undefined reference to `pthread_create'
CheckSymbolExists.c:(.text+0x18): undefined reference to `pthread_create'
collect2: error: ld returned 1 exit status
CMakeFiles/cmTC_7165e.dir/build.make:97: recipe for target 'cmTC_7165e' failed
make[1]: *** [cmTC_7165e] Error 1
make[1]: Leaving directory '/xavier_ssd/TrekBot/TrekBot2_WS/build/grid_map_costmap_2d/CMakeFiles/CMakeTmp'
Makefile:126: recipe for target 'cmTC_7165e/fast' failed
make: *** [cmTC_7165e/fast] Error 2

File /xavier_ssd/TrekBot/TrekBot2_WS/build/grid_map_costmap_2d/CMakeFiles/CMakeTmp/CheckSymbolExists.c:
/* */
#include <pthread.h>

int main(int argc, char** argv)
{
  (void)argv;
#ifndef pthread_create
  return ((int*)(&pthread_create))[argc];
#else
  (void)argc;
  return 0;
#endif
}

Determining if the function pthread_create exists in the pthreads failed with the following output:
Change Dir: /xavier_ssd/TrekBot/TrekBot2_WS/build/grid_map_costmap_2d/CMakeFiles/CMakeTmp

Run Build Command:"/usr/bin/make" "cmTC_62c0d/fast"
/usr/bin/make -f CMakeFiles/cmTC_62c0d.dir/build.make CMakeFiles/cmTC_62c0d.dir/build
make[1]: Entering directory '/xavier_ssd/TrekBot/TrekBot2_WS/build/grid_map_costmap_2d/CMakeFiles/CMakeTmp'
Building C object CMakeFiles/cmTC_62c0d.dir/CheckFunctionExists.c.o
/usr/bin/cc   -DCHECK_FUNCTION_EXISTS=pthread_create   -o CMakeFiles/cmTC_62c0d.dir/CheckFunctionExists.c.o   -c /usr/share/cmake-3.10/Modules/CheckFunctionExists.c
Linking C executable cmTC_62c0d
/usr/bin/cmake -E cmake_link_script CMakeFiles/cmTC_62c0d.dir/link.txt --verbose=1
/usr/bin/cc  -DCHECK_FUNCTION_EXISTS=pthread_create    -rdynamic CMakeFiles/cmTC_62c0d.dir/CheckFunctionExists.c.o  -o cmTC_62c0d -lpthreads 
/usr/bin/ld: cannot find -lpthreads
collect2: error: ld returned 1 exit status
CMakeFiles/cmTC_62c0d.dir/build.make:97: recipe for target 'cmTC_62c0d' failed
make[1]: *** [cmTC_62c0d] Error 1
make[1]: Leaving directory '/xavier_ssd/TrekBot/TrekBot2_WS/build/grid_map_costmap_2d/CMakeFiles/CMakeTmp'
Makefile:126: recipe for target 'cmTC_62c0d/fast' failed
make: *** [cmTC_62c0d/fast] Error 2


