Symlinking /xavier_ssd/TrekBot/TrekBot2_WS/devel/share/gennodejs/ros/voxblox_msgs/_index.js
Symlinking /xavier_ssd/TrekBot/TrekBot2_WS/devel/share/gennodejs/ros/voxblox_msgs/msg/Layer.js
Symlinking /xavier_ssd/TrekBot/TrekBot2_WS/devel/share/gennodejs/ros/voxblox_msgs/msg/_index.js
Symlinking /xavier_ssd/TrekBot/TrekBot2_WS/devel/share/gennodejs/ros/voxblox_msgs/msg/VoxelEvaluationDetails.js
Symlinking /xavier_ssd/TrekBot/TrekBot2_WS/devel/share/gennodejs/ros/voxblox_msgs/msg/MeshBlock.js
Symlinking /xavier_ssd/TrekBot/TrekBot2_WS/devel/share/gennodejs/ros/voxblox_msgs/msg/Mesh.js
Symlinking /xavier_ssd/TrekBot/TrekBot2_WS/devel/share/gennodejs/ros/voxblox_msgs/msg/Block.js
Symlinking /xavier_ssd/TrekBot/TrekBot2_WS/devel/share/gennodejs/ros/voxblox_msgs/srv/FilePath.js
Symlinking /xavier_ssd/TrekBot/TrekBot2_WS/devel/share/gennodejs/ros/voxblox_msgs/srv/_index.js
Symlinking /xavier_ssd/TrekBot/TrekBot2_WS/devel/share/common-lisp/ros/voxblox_msgs/msg/MeshBlock.lisp
Symlinking /xavier_ssd/TrekBot/TrekBot2_WS/devel/share/common-lisp/ros/voxblox_msgs/msg/_package_Layer.lisp
Symlinking /xavier_ssd/TrekBot/TrekBot2_WS/devel/share/common-lisp/ros/voxblox_msgs/msg/_package_MeshBlock.lisp
Symlinking /xavier_ssd/TrekBot/TrekBot2_WS/devel/share/common-lisp/ros/voxblox_msgs/msg/_package_Mesh.lisp
Symlinking /xavier_ssd/TrekBot/TrekBot2_WS/devel/share/common-lisp/ros/voxblox_msgs/msg/_package.lisp
Symlinking /xavier_ssd/TrekBot/TrekBot2_WS/devel/share/common-lisp/ros/voxblox_msgs/msg/Mesh.lisp
Symlinking /xavier_ssd/TrekBot/TrekBot2_WS/devel/share/common-lisp/ros/voxblox_msgs/msg/voxblox_msgs-msg.asd
Symlinking /xavier_ssd/TrekBot/TrekBot2_WS/devel/share/common-lisp/ros/voxblox_msgs/msg/Block.lisp
Symlinking /xavier_ssd/TrekBot/TrekBot2_WS/devel/share/common-lisp/ros/voxblox_msgs/msg/Layer.lisp
Symlinking /xavier_ssd/TrekBot/TrekBot2_WS/devel/share/common-lisp/ros/voxblox_msgs/msg/VoxelEvaluationDetails.lisp
Symlinking /xavier_ssd/TrekBot/TrekBot2_WS/devel/share/common-lisp/ros/voxblox_msgs/msg/_package_Block.lisp
Symlinking /xavier_ssd/TrekBot/TrekBot2_WS/devel/share/common-lisp/ros/voxblox_msgs/msg/_package_VoxelEvaluationDetails.lisp
Symlinking /xavier_ssd/TrekBot/TrekBot2_WS/devel/share/common-lisp/ros/voxblox_msgs/srv/voxblox_msgs-srv.asd
Symlinking /xavier_ssd/TrekBot/TrekBot2_WS/devel/share/common-lisp/ros/voxblox_msgs/srv/FilePath.lisp
Symlinking /xavier_ssd/TrekBot/TrekBot2_WS/devel/share/common-lisp/ros/voxblox_msgs/srv/_package.lisp
Symlinking /xavier_ssd/TrekBot/TrekBot2_WS/devel/share/common-lisp/ros/voxblox_msgs/srv/_package_FilePath.lisp
Symlinking /xavier_ssd/TrekBot/TrekBot2_WS/devel/share/voxblox_msgs/cmake/voxblox_msgs-msg-paths.cmake
Symlinking /xavier_ssd/TrekBot/TrekBot2_WS/devel/share/voxblox_msgs/cmake/voxblox_msgsConfig-version.cmake
Symlinking /xavier_ssd/TrekBot/TrekBot2_WS/devel/share/voxblox_msgs/cmake/voxblox_msgs-msg-extras.cmake
Symlinking /xavier_ssd/TrekBot/TrekBot2_WS/devel/share/voxblox_msgs/cmake/voxblox_msgsConfig.cmake
Symlinking /xavier_ssd/TrekBot/TrekBot2_WS/devel/share/roseus/ros/voxblox_msgs/manifest.l
Symlinking /xavier_ssd/TrekBot/TrekBot2_WS/devel/share/roseus/ros/voxblox_msgs/msg/MeshBlock.l
Symlinking /xavier_ssd/TrekBot/TrekBot2_WS/devel/share/roseus/ros/voxblox_msgs/msg/VoxelEvaluationDetails.l
Symlinking /xavier_ssd/TrekBot/TrekBot2_WS/devel/share/roseus/ros/voxblox_msgs/msg/Mesh.l
Symlinking /xavier_ssd/TrekBot/TrekBot2_WS/devel/share/roseus/ros/voxblox_msgs/msg/Block.l
Symlinking /xavier_ssd/TrekBot/TrekBot2_WS/devel/share/roseus/ros/voxblox_msgs/msg/Layer.l
Symlinking /xavier_ssd/TrekBot/TrekBot2_WS/devel/share/roseus/ros/voxblox_msgs/srv/FilePath.l
Symlinking /xavier_ssd/TrekBot/TrekBot2_WS/devel/lib/python2.7/dist-packages/voxblox_msgs/__init__.py
Symlinking /xavier_ssd/TrekBot/TrekBot2_WS/devel/lib/python2.7/dist-packages/voxblox_msgs/msg/_Layer.py
Symlinking /xavier_ssd/TrekBot/TrekBot2_WS/devel/lib/python2.7/dist-packages/voxblox_msgs/msg/_MeshBlock.py
Symlinking /xavier_ssd/TrekBot/TrekBot2_WS/devel/lib/python2.7/dist-packages/voxblox_msgs/msg/_VoxelEvaluationDetails.py
Symlinking /xavier_ssd/TrekBot/TrekBot2_WS/devel/lib/python2.7/dist-packages/voxblox_msgs/msg/__init__.py
Symlinking /xavier_ssd/TrekBot/TrekBot2_WS/devel/lib/python2.7/dist-packages/voxblox_msgs/msg/_Block.py
Symlinking /xavier_ssd/TrekBot/TrekBot2_WS/devel/lib/python2.7/dist-packages/voxblox_msgs/msg/_Mesh.py
Symlinking /xavier_ssd/TrekBot/TrekBot2_WS/devel/lib/python2.7/dist-packages/voxblox_msgs/srv/__init__.py
Symlinking /xavier_ssd/TrekBot/TrekBot2_WS/devel/lib/python2.7/dist-packages/voxblox_msgs/srv/_FilePath.py
Symlinking /xavier_ssd/TrekBot/TrekBot2_WS/devel/lib/pkgconfig/voxblox_msgs.pc
Symlinking /xavier_ssd/TrekBot/TrekBot2_WS/devel/include/voxblox_msgs/VoxelEvaluationDetails.h
Symlinking /xavier_ssd/TrekBot/TrekBot2_WS/devel/include/voxblox_msgs/Block.h
Symlinking /xavier_ssd/TrekBot/TrekBot2_WS/devel/include/voxblox_msgs/Mesh.h
Symlinking /xavier_ssd/TrekBot/TrekBot2_WS/devel/include/voxblox_msgs/FilePath.h
Symlinking /xavier_ssd/TrekBot/TrekBot2_WS/devel/include/voxblox_msgs/FilePathRequest.h
Symlinking /xavier_ssd/TrekBot/TrekBot2_WS/devel/include/voxblox_msgs/Layer.h
Symlinking /xavier_ssd/TrekBot/TrekBot2_WS/devel/include/voxblox_msgs/MeshBlock.h
Symlinking /xavier_ssd/TrekBot/TrekBot2_WS/devel/include/voxblox_msgs/FilePathResponse.h
