[35m[1mScanning dependencies of target _voxblox_msgs_generate_messages_check_deps_FilePath[0m
[35m[1mScanning dependencies of target _voxblox_msgs_generate_messages_check_deps_MeshBlock[0m
[35m[1mScanning dependencies of target _voxblox_msgs_generate_messages_check_deps_Layer[0m
[35m[1mScanning dependencies of target _voxblox_msgs_generate_messages_check_deps_VoxelEvaluationDetails[0m
[35m[1mScanning dependencies of target _voxblox_msgs_generate_messages_check_deps_Block[0m
[35m[1mScanning dependencies of target std_msgs_generate_messages_eus[0m
[  0%] Built target std_msgs_generate_messages_eus
[35m[1mScanning dependencies of target _voxblox_msgs_generate_messages_check_deps_Mesh[0m
[  0%] Built target _voxblox_msgs_generate_messages_check_deps_VoxelEvaluationDetails
[  0%] Built target _voxblox_msgs_generate_messages_check_deps_FilePath
[  0%] Built target _voxblox_msgs_generate_messages_check_deps_MeshBlock
[  0%] Built target _voxblox_msgs_generate_messages_check_deps_Block
[  0%] Built target _voxblox_msgs_generate_messages_check_deps_Layer
[35m[1mScanning dependencies of target std_msgs_generate_messages_py[0m
[35m[1mScanning dependencies of target std_msgs_generate_messages_lisp[0m
[35m[1mScanning dependencies of target std_msgs_generate_messages_nodejs[0m
[35m[1mScanning dependencies of target std_msgs_generate_messages_cpp[0m
[  0%] Built target std_msgs_generate_messages_py
[  0%] Built target std_msgs_generate_messages_lisp
[  0%] Built target _voxblox_msgs_generate_messages_check_deps_Mesh
[  0%] Built target std_msgs_generate_messages_nodejs
[  0%] Built target std_msgs_generate_messages_cpp
[35m[1mScanning dependencies of target voxblox_msgs_generate_messages_nodejs[0m
[35m[1mScanning dependencies of target voxblox_msgs_generate_messages_py[0m
[35m[1mScanning dependencies of target voxblox_msgs_generate_messages_cpp[0m
[35m[1mScanning dependencies of target voxblox_msgs_generate_messages_lisp[0m
[35m[1mScanning dependencies of target voxblox_msgs_generate_messages_eus[0m
[  6%] [34m[1mGenerating Python from MSG voxblox_msgs/Block[0m
[  6%] [34m[1mGenerating Javascript code from voxblox_msgs/Layer.msg[0m
[  9%] [34m[1mGenerating Javascript code from voxblox_msgs/Block.msg[0m
[ 15%] [34m[1mGenerating C++ code from voxblox_msgs/Block.msg[0m
[ 15%] [34m[1mGenerating Lisp code from voxblox_msgs/Block.msg[0m
[ 18%] [34m[1mGenerating EusLisp code from voxblox_msgs/Block.msg[0m
[ 21%] [34m[1mGenerating EusLisp code from voxblox_msgs/Layer.msg[0m
[ 24%] [34m[1mGenerating Javascript code from voxblox_msgs/Mesh.msg[0m
[ 27%] [34m[1mGenerating Lisp code from voxblox_msgs/Layer.msg[0m
[ 30%] [34m[1mGenerating Python from MSG voxblox_msgs/Layer[0m
[ 33%] [34m[1mGenerating EusLisp code from voxblox_msgs/Mesh.msg[0m
[ 36%] [34m[1mGenerating Javascript code from voxblox_msgs/MeshBlock.msg[0m
[ 39%] [34m[1mGenerating C++ code from voxblox_msgs/Layer.msg[0m
[ 42%] [34m[1mGenerating Lisp code from voxblox_msgs/Mesh.msg[0m
[ 45%] [34m[1mGenerating EusLisp code from voxblox_msgs/MeshBlock.msg[0m
[ 48%] [34m[1mGenerating Python from MSG voxblox_msgs/Mesh[0m
[ 51%] [34m[1mGenerating Python from MSG voxblox_msgs/MeshBlock[0m
[ 54%] [34m[1mGenerating Javascript code from voxblox_msgs/VoxelEvaluationDetails.msg[0m
[ 57%] [34m[1mGenerating Lisp code from voxblox_msgs/MeshBlock.msg[0m
[ 60%] [34m[1mGenerating EusLisp code from voxblox_msgs/VoxelEvaluationDetails.msg[0m
[ 63%] [34m[1mGenerating Javascript code from voxblox_msgs/FilePath.srv[0m
[ 66%] [34m[1mGenerating C++ code from voxblox_msgs/Mesh.msg[0m
[ 69%] [34m[1mGenerating C++ code from voxblox_msgs/MeshBlock.msg[0m
[ 72%] [34m[1mGenerating Lisp code from voxblox_msgs/VoxelEvaluationDetails.msg[0m
[ 75%] [34m[1mGenerating Python from MSG voxblox_msgs/VoxelEvaluationDetails[0m
[ 75%] Built target voxblox_msgs_generate_messages_nodejs
[ 78%] [34m[1mGenerating Python code from SRV voxblox_msgs/FilePath[0m
[ 81%] [34m[1mGenerating Lisp code from voxblox_msgs/FilePath.srv[0m
[ 84%] [34m[1mGenerating EusLisp code from voxblox_msgs/FilePath.srv[0m
[ 87%] [34m[1mGenerating EusLisp manifest code for voxblox_msgs[0m
[ 90%] [34m[1mGenerating C++ code from voxblox_msgs/VoxelEvaluationDetails.msg[0m
[ 93%] [34m[1mGenerating C++ code from voxblox_msgs/FilePath.srv[0m
[ 93%] Built target voxblox_msgs_generate_messages_lisp
[ 96%] [34m[1mGenerating Python msg __init__.py for voxblox_msgs[0m
[100%] [34m[1mGenerating Python srv __init__.py for voxblox_msgs[0m
[100%] Built target voxblox_msgs_generate_messages_py
[100%] Built target voxblox_msgs_generate_messages_cpp
[100%] Built target voxblox_msgs_generate_messages_eus
[35m[1mScanning dependencies of target voxblox_msgs_generate_messages[0m
[100%] Built target voxblox_msgs_generate_messages
