[  0%] Built target _mav_planning_msgs_generate_messages_check_deps_PolygonService
[  0%] Built target _mav_planning_msgs_generate_messages_check_deps_PointCloudWithPose
[  0%] Built target std_msgs_generate_messages_eus
[  0%] Built target geometry_msgs_generate_messages_eus
[  0%] Built target trajectory_msgs_generate_messages_eus
[  0%] Built target _mav_planning_msgs_generate_messages_check_deps_Polygon2D
[  0%] Built target _mav_planning_msgs_generate_messages_check_deps_PolygonWithHolesStamped
[  0%] Built target _mav_planning_msgs_generate_messages_check_deps_Point2D
[  0%] Built target mav_msgs_generate_messages_eus
[  0%] Built target _mav_planning_msgs_generate_messages_check_deps_PolygonWithHoles
[  0%] Built target sensor_msgs_generate_messages_eus
[  0%] Built target _mav_planning_msgs_generate_messages_check_deps_PolynomialSegment4D
[  0%] Built target _mav_planning_msgs_generate_messages_check_deps_PlannerService
[  0%] Built target std_msgs_generate_messages_py
[  0%] Built target _mav_planning_msgs_generate_messages_check_deps_PolynomialTrajectory4D
[  0%] Built target trajectory_msgs_generate_messages_py
[  0%] Built target geometry_msgs_generate_messages_py
[  0%] Built target sensor_msgs_generate_messages_py
[  0%] Built target mav_msgs_generate_messages_py
[  0%] Built target std_msgs_generate_messages_nodejs
[  0%] Built target geometry_msgs_generate_messages_nodejs
[  0%] Built target trajectory_msgs_generate_messages_nodejs
[  0%] Built target sensor_msgs_generate_messages_nodejs
[  0%] Built target mav_msgs_generate_messages_nodejs
[  0%] Built target std_msgs_generate_messages_lisp
[  0%] Built target geometry_msgs_generate_messages_lisp
[  0%] Built target sensor_msgs_generate_messages_lisp
[  0%] Built target mav_msgs_generate_messages_lisp
[  0%] Built target trajectory_msgs_generate_messages_lisp
[  0%] Built target sensor_msgs_generate_messages_cpp
[  0%] Built target std_msgs_generate_messages_cpp
[  0%] Built target geometry_msgs_generate_messages_cpp
[  0%] Built target mav_msgs_generate_messages_cpp
[  0%] Built target trajectory_msgs_generate_messages_cpp
[  2%] [34m[1mGenerating EusLisp code from mav_planning_msgs/PointCloudWithPose.msg[0m
[  4%] [34m[1mGenerating Python from MSG mav_planning_msgs/PointCloudWithPose[0m
[  6%] [34m[1mGenerating Javascript code from mav_planning_msgs/PointCloudWithPose.msg[0m
[  8%] [34m[1mGenerating Javascript code from mav_planning_msgs/PlannerService.srv[0m
[ 10%] [34m[1mGenerating EusLisp code from mav_planning_msgs/PlannerService.srv[0m
[ 12%] [34m[1mGenerating Python code from SRV mav_planning_msgs/PlannerService[0m
[ 27%] Built target mav_planning_msgs_generate_messages_nodejs
[ 29%] [34m[1mGenerating Lisp code from mav_planning_msgs/PointCloudWithPose.msg[0m
[ 45%] Built target mav_planning_msgs_generate_messages_eus
[ 47%] [34m[1mGenerating Lisp code from mav_planning_msgs/PlannerService.srv[0m
[ 50%] [34m[1mGenerating Python msg __init__.py for mav_planning_msgs[0m
[ 52%] [34m[1mGenerating C++ code from mav_planning_msgs/PointCloudWithPose.msg[0m
[ 66%] Built target mav_planning_msgs_generate_messages_lisp
[ 68%] [34m[1mGenerating Python srv __init__.py for mav_planning_msgs[0m
[ 70%] [34m[1mGenerating C++ code from mav_planning_msgs/PlannerService.srv[0m
[ 85%] Built target mav_planning_msgs_generate_messages_py
[100%] Built target mav_planning_msgs_generate_messages_cpp
[100%] Built target mav_planning_msgs_generate_messages
