[  0%] Built target std_msgs_generate_messages_eus
[  0%] Built target geometry_msgs_generate_messages_eus
[  0%] Built target trajectory_msgs_generate_messages_eus
[  0%] Built target _mav_planning_msgs_generate_messages_check_deps_PointCloudWithPose
[  0%] Built target _mav_planning_msgs_generate_messages_check_deps_PolygonService
[  0%] Built target _mav_planning_msgs_generate_messages_check_deps_Polygon2D
[  0%] Built target mav_msgs_generate_messages_eus
[  0%] Built target _mav_planning_msgs_generate_messages_check_deps_Point2D
[  0%] Built target _mav_planning_msgs_generate_messages_check_deps_PolygonWithHolesStamped
[  0%] Built target sensor_msgs_generate_messages_eus
[  0%] Built target _mav_planning_msgs_generate_messages_check_deps_PolygonWithHoles
[  0%] Built target trajectory_msgs_generate_messages_py
[  0%] Built target std_msgs_generate_messages_py
[  0%] Built target geometry_msgs_generate_messages_py
[  0%] Built target _mav_planning_msgs_generate_messages_check_deps_PolynomialSegment4D
[  0%] Built target _mav_planning_msgs_generate_messages_check_deps_PlannerService
[  0%] Built target sensor_msgs_generate_messages_py
[  0%] Built target mav_msgs_generate_messages_py
[  0%] Built target std_msgs_generate_messages_nodejs
[  0%] Built target geometry_msgs_generate_messages_nodejs
[  0%] Built target _mav_planning_msgs_generate_messages_check_deps_PolynomialTrajectory4D
[  0%] Built target sensor_msgs_generate_messages_nodejs
[  0%] Built target trajectory_msgs_generate_messages_nodejs
[  0%] Built target mav_msgs_generate_messages_nodejs
[  0%] Built target std_msgs_generate_messages_lisp
[  0%] Built target geometry_msgs_generate_messages_lisp
[  0%] Built target sensor_msgs_generate_messages_lisp
[  0%] Built target trajectory_msgs_generate_messages_lisp
[  0%] Built target mav_msgs_generate_messages_lisp
[  0%] Built target sensor_msgs_generate_messages_cpp
[  0%] Built target geometry_msgs_generate_messages_cpp
[  0%] Built target mav_msgs_generate_messages_cpp
[  0%] Built target std_msgs_generate_messages_cpp
[  0%] Built target trajectory_msgs_generate_messages_cpp
[ 20%] Built target mav_planning_msgs_generate_messages_eus
[ 43%] Built target mav_planning_msgs_generate_messages_py
[ 62%] Built target mav_planning_msgs_generate_messages_nodejs
[ 81%] Built target mav_planning_msgs_generate_messages_lisp
[100%] Built target mav_planning_msgs_generate_messages_cpp
[100%] Built target mav_planning_msgs_generate_messages
