Determining if the pthread_create exist failed with the following output:
Change Dir: /xavier_ssd/TrekBot/TrekBot_WS/build_isolated/grid_map_msgs/CMakeFiles/CMakeTmp

Run Build Command:"/usr/bin/ninja" "cmTC_584a7"
[1/2] Building C object CMakeFiles/cmTC_584a7.dir/CheckSymbolExists.c.o
[2/2] Linking C executable cmTC_584a7
FAILED: cmTC_584a7 
: && /usr/bin/cc   -rdynamic CMakeFiles/cmTC_584a7.dir/CheckSymbolExists.c.o  -o cmTC_584a7   && :
CMakeFiles/cmTC_584a7.dir/CheckSymbolExists.c.o: In function `main':
CheckSymbolExists.c:(.text+0x14): undefined reference to `pthread_create'
CheckSymbolExists.c:(.text+0x18): undefined reference to `pthread_create'
collect2: error: ld returned 1 exit status
ninja: build stopped: subcommand failed.

File /xavier_ssd/TrekBot/TrekBot_WS/build_isolated/grid_map_msgs/CMakeFiles/CMakeTmp/CheckSymbolExists.c:
/* */
#include <pthread.h>

int main(int argc, char** argv)
{
  (void)argv;
#ifndef pthread_create
  return ((int*)(&pthread_create))[argc];
#else
  (void)argc;
  return 0;
#endif
}

Determining if the function pthread_create exists in the pthreads failed with the following output:
Change Dir: /xavier_ssd/TrekBot/TrekBot_WS/build_isolated/grid_map_msgs/CMakeFiles/CMakeTmp

Run Build Command:"/usr/bin/ninja" "cmTC_64c18"
[1/2] Building C object CMakeFiles/cmTC_64c18.dir/CheckFunctionExists.c.o
[2/2] Linking C executable cmTC_64c18
FAILED: cmTC_64c18 
: && /usr/bin/cc -DCHECK_FUNCTION_EXISTS=pthread_create  -rdynamic CMakeFiles/cmTC_64c18.dir/CheckFunctionExists.c.o  -o cmTC_64c18  -lpthreads && :
/usr/bin/ld: cannot find -lpthreads
collect2: error: ld returned 1 exit status
ninja: build stopped: subcommand failed.


