[  0%] Built target roscpp_generate_messages_cpp
[  0%] Built target rosgraph_msgs_generate_messages_lisp
[  0%] Built target sensor_msgs_generate_messages_lisp
[  0%] Built target rosgraph_msgs_generate_messages_eus
[  0%] Built target actionlib_generate_messages_cpp
[  0%] Built target sensor_msgs_generate_messages_py
[  0%] Built target geometry_msgs_generate_messages_lisp
[  0%] Built target rosgraph_msgs_generate_messages_cpp
[  0%] Built target actionlib_generate_messages_lisp
[  0%] Built target geometry_msgs_generate_messages_cpp
[  0%] Built target geometry_msgs_generate_messages_py
[  0%] Built target roscpp_generate_messages_lisp
[  0%] Built target std_msgs_generate_messages_py
[  0%] Built target roscpp_generate_messages_py
[  0%] Built target std_msgs_generate_messages_cpp
[  0%] Built target _tf_generate_messages_check_deps_FrameGraph
[  0%] Built target rosgraph_msgs_generate_messages_nodejs
[  0%] Built target _tf_generate_messages_check_deps_tfMessage
[  0%] Built target std_msgs_generate_messages_eus
[  0%] Built target geometry_msgs_generate_messages_nodejs
[  0%] Built target sensor_msgs_generate_messages_eus
[  0%] Built target sensor_msgs_generate_messages_cpp
[  0%] Built target std_msgs_generate_messages_nodejs
[  0%] Built target roscpp_generate_messages_nodejs
[  0%] Built target std_msgs_generate_messages_lisp
[  0%] Built target roscpp_generate_messages_eus
[  0%] Built target actionlib_msgs_generate_messages_eus
[  0%] Built target rosgraph_msgs_generate_messages_py
[  0%] Built target actionlib_msgs_generate_messages_lisp
[  0%] Built target actionlib_msgs_generate_messages_py
[  0%] Built target tf2_msgs_generate_messages_cpp
[  0%] Built target tf2_msgs_generate_messages_eus
[  0%] Built target tf2_msgs_generate_messages_lisp
[  0%] Built target actionlib_generate_messages_py
[  0%] Built target tf2_msgs_generate_messages_py
[  0%] Built target tf2_msgs_generate_messages_nodejs
[  0%] Built target actionlib_msgs_generate_messages_cpp
[  5%] Built target tf_generate_messages_cpp
[  5%] Built target actionlib_generate_messages_nodejs
[  5%] Built target geometry_msgs_generate_messages_eus
[  5%] Built target actionlib_msgs_generate_messages_nodejs
[ 11%] Built target tf_generate_messages_lisp
[ 11%] Built target sensor_msgs_generate_messages_nodejs
[ 16%] Built target gtest
[ 27%] Built target tf_generate_messages_py
[ 27%] Built target actionlib_generate_messages_eus
[ 36%] Built target tf_generate_messages_eus
[ 41%] Built target tf_generate_messages_nodejs
[ 41%] Built target tf_generate_messages
[ 55%] Built target tf
[ 66%] Built target static_transform_publisher
[ 66%] Built target tf_change_notifier
[ 72%] Built target tf_echo
[ 83%] Built target tf_monitor
[ 83%] Built target testListener
[ 88%] Built target transform_listener_unittest
[100%] Built target testBroadcaster
[100%] Built target tf_empty_listener
