Symlinking /xavier_ssd/TrekBot/TrekBot2_WS/devel/bin/view_frames
Symlinking /xavier_ssd/TrekBot/TrekBot2_WS/devel/bin/tf_remap
Symlinking /xavier_ssd/TrekBot/TrekBot2_WS/devel/share/tf/cmake/tf-msg-paths.cmake
Symlinking /xavier_ssd/TrekBot/TrekBot2_WS/devel/share/tf/cmake/tfConfig.cmake
Symlinking /xavier_ssd/TrekBot/TrekBot2_WS/devel/share/tf/cmake/tfConfig-version.cmake
Symlinking /xavier_ssd/TrekBot/TrekBot2_WS/devel/share/tf/cmake/tf-msg-extras.cmake
Symlinking /xavier_ssd/TrekBot/TrekBot2_WS/devel/share/gennodejs/ros/tf/_index.js
Symlinking /xavier_ssd/TrekBot/TrekBot2_WS/devel/share/gennodejs/ros/tf/msg/tfMessage.js
Symlinking /xavier_ssd/TrekBot/TrekBot2_WS/devel/share/gennodejs/ros/tf/msg/_index.js
Symlinking /xavier_ssd/TrekBot/TrekBot2_WS/devel/share/gennodejs/ros/tf/srv/FrameGraph.js
Symlinking /xavier_ssd/TrekBot/TrekBot2_WS/devel/share/gennodejs/ros/tf/srv/_index.js
Symlinking /xavier_ssd/TrekBot/TrekBot2_WS/devel/share/common-lisp/ros/tf/msg/tfMessage.lisp
Symlinking /xavier_ssd/TrekBot/TrekBot2_WS/devel/share/common-lisp/ros/tf/msg/_package_tfMessage.lisp
Symlinking /xavier_ssd/TrekBot/TrekBot2_WS/devel/share/common-lisp/ros/tf/msg/tf-msg.asd
Symlinking /xavier_ssd/TrekBot/TrekBot2_WS/devel/share/common-lisp/ros/tf/msg/_package.lisp
Symlinking /xavier_ssd/TrekBot/TrekBot2_WS/devel/share/common-lisp/ros/tf/srv/_package_FrameGraph.lisp
Symlinking /xavier_ssd/TrekBot/TrekBot2_WS/devel/share/common-lisp/ros/tf/srv/_package.lisp
Symlinking /xavier_ssd/TrekBot/TrekBot2_WS/devel/share/common-lisp/ros/tf/srv/FrameGraph.lisp
Symlinking /xavier_ssd/TrekBot/TrekBot2_WS/devel/share/common-lisp/ros/tf/srv/tf-srv.asd
Symlinking /xavier_ssd/TrekBot/TrekBot2_WS/devel/share/roseus/ros/tf/manifest.l
Symlinking /xavier_ssd/TrekBot/TrekBot2_WS/devel/share/roseus/ros/tf/msg/tfMessage.l
Symlinking /xavier_ssd/TrekBot/TrekBot2_WS/devel/share/roseus/ros/tf/srv/FrameGraph.l
Symlinking /xavier_ssd/TrekBot/TrekBot2_WS/devel/lib/libtf.so
Symlinking /xavier_ssd/TrekBot/TrekBot2_WS/devel/lib/tf/tf_monitor
Symlinking /xavier_ssd/TrekBot/TrekBot2_WS/devel/lib/tf/tf_echo
Symlinking /xavier_ssd/TrekBot/TrekBot2_WS/devel/lib/tf/tf_change_notifier
Symlinking /xavier_ssd/TrekBot/TrekBot2_WS/devel/lib/tf/testBroadcaster
Symlinking /xavier_ssd/TrekBot/TrekBot2_WS/devel/lib/tf/transform_listener_unittest
Symlinking /xavier_ssd/TrekBot/TrekBot2_WS/devel/lib/tf/static_transform_publisher
Symlinking /xavier_ssd/TrekBot/TrekBot2_WS/devel/lib/tf/testListener
Symlinking /xavier_ssd/TrekBot/TrekBot2_WS/devel/lib/tf/tf_empty_listener
Symlinking /xavier_ssd/TrekBot/TrekBot2_WS/devel/lib/pkgconfig/tf.pc
Symlinking /xavier_ssd/TrekBot/TrekBot2_WS/devel/lib/python3/dist-packages/tf/__init__.py
Symlinking /xavier_ssd/TrekBot/TrekBot2_WS/devel/lib/python3/dist-packages/tf/msg/__init__.py
Symlinking /xavier_ssd/TrekBot/TrekBot2_WS/devel/lib/python3/dist-packages/tf/msg/_tfMessage.py
Symlinking /xavier_ssd/TrekBot/TrekBot2_WS/devel/lib/python3/dist-packages/tf/srv/_FrameGraph.py
Symlinking /xavier_ssd/TrekBot/TrekBot2_WS/devel/lib/python3/dist-packages/tf/srv/__init__.py
Symlinking /xavier_ssd/TrekBot/TrekBot2_WS/devel/include/tf/FrameGraphResponse.h
Symlinking /xavier_ssd/TrekBot/TrekBot2_WS/devel/include/tf/FrameGraph.h
Symlinking /xavier_ssd/TrekBot/TrekBot2_WS/devel/include/tf/tfMessage.h
Symlinking /xavier_ssd/TrekBot/TrekBot2_WS/devel/include/tf/FrameGraphRequest.h
Cleaning: (/xavier_ssd/TrekBot/TrekBot2_WS/devel/.private/tf/lib/python2.7/dist-packages/tf/__init__.py, /xavier_ssd/TrekBot/TrekBot2_WS/devel/lib/python2.7/dist-packages/tf/__init__.py)
Cleaning: (/xavier_ssd/TrekBot/TrekBot2_WS/devel/.private/tf/lib/python2.7/dist-packages/tf/msg/__init__.py, /xavier_ssd/TrekBot/TrekBot2_WS/devel/lib/python2.7/dist-packages/tf/msg/__init__.py)
Cleaning: (/xavier_ssd/TrekBot/TrekBot2_WS/devel/.private/tf/lib/python2.7/dist-packages/tf/msg/_tfMessage.py, /xavier_ssd/TrekBot/TrekBot2_WS/devel/lib/python2.7/dist-packages/tf/msg/_tfMessage.py)
Cleaning: (/xavier_ssd/TrekBot/TrekBot2_WS/devel/.private/tf/lib/python2.7/dist-packages/tf/srv/_FrameGraph.py, /xavier_ssd/TrekBot/TrekBot2_WS/devel/lib/python2.7/dist-packages/tf/srv/_FrameGraph.py)
Cleaning: (/xavier_ssd/TrekBot/TrekBot2_WS/devel/.private/tf/lib/python2.7/dist-packages/tf/srv/__init__.py, /xavier_ssd/TrekBot/TrekBot2_WS/devel/lib/python2.7/dist-packages/tf/srv/__init__.py)
Unlinking: /xavier_ssd/TrekBot/TrekBot2_WS/devel/lib/python2.7/dist-packages/tf/__init__.py
Already unlinked: {}
Unlinking: /xavier_ssd/TrekBot/TrekBot2_WS/devel/lib/python2.7/dist-packages/tf/msg/__init__.py
Already unlinked: {}
Unlinking: /xavier_ssd/TrekBot/TrekBot2_WS/devel/lib/python2.7/dist-packages/tf/msg/_tfMessage.py
Already unlinked: {}
Unlinking: /xavier_ssd/TrekBot/TrekBot2_WS/devel/lib/python2.7/dist-packages/tf/srv/_FrameGraph.py
Already unlinked: {}
Unlinking: /xavier_ssd/TrekBot/TrekBot2_WS/devel/lib/python2.7/dist-packages/tf/srv/__init__.py
Already unlinked: {}
