[  0%] Built target rosgraph_msgs_generate_messages_lisp
[  0%] Built target roscpp_generate_messages_cpp
[  0%] Built target actionlib_generate_messages_cpp
[  0%] Built target actionlib_generate_messages_eus
[  0%] Built target sensor_msgs_generate_messages_lisp
[  0%] Built target sensor_msgs_generate_messages_nodejs
[  5%] Built target gtest
[  5%] Built target rosgraph_msgs_generate_messages_cpp
[  5%] Built target rosgraph_msgs_generate_messages_eus
[  5%] Built target actionlib_generate_messages_lisp
[  5%] Built target geometry_msgs_generate_messages_cpp
[  5%] Built target geometry_msgs_generate_messages_lisp
[  5%] Built target sensor_msgs_generate_messages_py
[  5%] Built target geometry_msgs_generate_messages_py
[  5%] Built target std_msgs_generate_messages_cpp
[  5%] Built target std_msgs_generate_messages_py
[  5%] Built target roscpp_generate_messages_lisp
[  5%] Built target roscpp_generate_messages_py
[  5%] Built target rosgraph_msgs_generate_messages_nodejs
[  5%] Built target geometry_msgs_generate_messages_nodejs
[  5%] Built target sensor_msgs_generate_messages_eus
[  5%] Built target std_msgs_generate_messages_eus
[  5%] Built target sensor_msgs_generate_messages_cpp
[  5%] Built target _tf_generate_messages_check_deps_FrameGraph
[  5%] Built target std_msgs_generate_messages_nodejs
[  5%] Built target roscpp_generate_messages_nodejs
[  5%] Built target _tf_generate_messages_check_deps_tfMessage
[  5%] Built target roscpp_generate_messages_eus
[  5%] Built target std_msgs_generate_messages_lisp
[  5%] Built target rosgraph_msgs_generate_messages_py
[  5%] Built target actionlib_msgs_generate_messages_eus
[  5%] Built target actionlib_msgs_generate_messages_lisp
[  5%] Built target tf2_msgs_generate_messages_cpp
[  5%] Built target actionlib_msgs_generate_messages_py
[  5%] Built target actionlib_generate_messages_py
[  5%] Built target tf2_msgs_generate_messages_lisp
[  5%] Built target tf2_msgs_generate_messages_eus
[  5%] Built target tf2_msgs_generate_messages_py
[  5%] Built target tf2_msgs_generate_messages_nodejs
[  5%] Built target actionlib_generate_messages_nodejs
[  5%] Built target actionlib_msgs_generate_messages_cpp
[ 11%] Built target tf_generate_messages_cpp
[ 11%] Built target actionlib_msgs_generate_messages_nodejs
[ 11%] Built target geometry_msgs_generate_messages_eus
[ 16%] Built target tf_generate_messages_lisp
[ 22%] Built target tf_generate_messages_nodejs
[ 33%] Built target tf_generate_messages_py
[ 41%] Built target tf_generate_messages_eus
[ 41%] Built target tf_generate_messages
[ 55%] Built target tf
[ 66%] Built target testListener
[ 66%] Built target tf_empty_listener
[ 72%] Built target tf_change_notifier
[ 77%] Built target tf_monitor
[ 83%] Built target tf_echo
[ 88%] Built target transform_listener_unittest
[ 94%] Built target static_transform_publisher
[100%] Built target testBroadcaster
