[35m[1mScanning dependencies of target rosgraph_msgs_generate_messages_nodejs[0m
[35m[1mScanning dependencies of target gtest[0m
[35m[1mScanning dependencies of target geometry_msgs_generate_messages_nodejs[0m
[35m[1mScanning dependencies of target actionlib_generate_messages_cpp[0m
[35m[1mScanning dependencies of target roscpp_generate_messages_py[0m
[35m[1mScanning dependencies of target std_msgs_generate_messages_eus[0m
[  0%] Built target rosgraph_msgs_generate_messages_nodejs
[  0%] Built target actionlib_generate_messages_cpp
[  0%] Built target geometry_msgs_generate_messages_nodejs
[  0%] Built target roscpp_generate_messages_py
[  0%] Built target std_msgs_generate_messages_eus
[35m[1mScanning dependencies of target sensor_msgs_generate_messages_eus[0m
[35m[1mScanning dependencies of target geometry_msgs_generate_messages_py[0m
[35m[1mScanning dependencies of target sensor_msgs_generate_messages_cpp[0m
[  2%] [32mBuilding CXX object gtest/googlemock/gtest/CMakeFiles/gtest.dir/src/gtest-all.cc.o[0m
[35m[1mScanning dependencies of target std_msgs_generate_messages_nodejs[0m
[35m[1mScanning dependencies of target std_msgs_generate_messages_py[0m
[35m[1mScanning dependencies of target roscpp_generate_messages_nodejs[0m
[  2%] Built target sensor_msgs_generate_messages_cpp
[  2%] Built target sensor_msgs_generate_messages_eus
[  2%] Built target geometry_msgs_generate_messages_py
[  2%] Built target std_msgs_generate_messages_nodejs
[  2%] Built target roscpp_generate_messages_nodejs
[35m[1mScanning dependencies of target roscpp_generate_messages_eus[0m
[  2%] Built target std_msgs_generate_messages_py
[35m[1mScanning dependencies of target rosgraph_msgs_generate_messages_py[0m
[35m[1mScanning dependencies of target actionlib_msgs_generate_messages_eus[0m
[35m[1mScanning dependencies of target std_msgs_generate_messages_lisp[0m
[35m[1mScanning dependencies of target actionlib_msgs_generate_messages_lisp[0m
[  2%] Built target rosgraph_msgs_generate_messages_py
[  2%] Built target roscpp_generate_messages_eus
[35m[1mScanning dependencies of target actionlib_msgs_generate_messages_py[0m
[  2%] Built target actionlib_msgs_generate_messages_eus
[  2%] Built target std_msgs_generate_messages_lisp
[  2%] Built target actionlib_msgs_generate_messages_lisp
[35m[1mScanning dependencies of target tf2_msgs_generate_messages_eus[0m
[35m[1mScanning dependencies of target tf2_msgs_generate_messages_cpp[0m
[  2%] Built target actionlib_msgs_generate_messages_py
[35m[1mScanning dependencies of target tf2_msgs_generate_messages_lisp[0m
[35m[1mScanning dependencies of target actionlib_generate_messages_py[0m
[  2%] Built target tf2_msgs_generate_messages_eus
[35m[1mScanning dependencies of target tf2_msgs_generate_messages_py[0m
[35m[1mScanning dependencies of target tf2_msgs_generate_messages_nodejs[0m
[  2%] Built target tf2_msgs_generate_messages_cpp
[  2%] Built target tf2_msgs_generate_messages_lisp
[  2%] Built target tf2_msgs_generate_messages_py
[35m[1mScanning dependencies of target actionlib_generate_messages_nodejs[0m
[  2%] Built target actionlib_generate_messages_py
[  2%] Built target tf2_msgs_generate_messages_nodejs
[35m[1mScanning dependencies of target std_msgs_generate_messages_cpp[0m
[35m[1mScanning dependencies of target _tf_generate_messages_check_deps_tfMessage[0m
[  2%] Built target actionlib_generate_messages_nodejs
[35m[1mScanning dependencies of target geometry_msgs_generate_messages_cpp[0m
[35m[1mScanning dependencies of target _tf_generate_messages_check_deps_FrameGraph[0m
[  2%] Built target std_msgs_generate_messages_cpp
[35m[1mScanning dependencies of target actionlib_msgs_generate_messages_cpp[0m
[35m[1mScanning dependencies of target geometry_msgs_generate_messages_eus[0m
[  2%] Built target geometry_msgs_generate_messages_cpp
[  2%] Built target actionlib_msgs_generate_messages_cpp
[35m[1mScanning dependencies of target actionlib_msgs_generate_messages_nodejs[0m
[  2%] Built target geometry_msgs_generate_messages_eus
[35m[1mScanning dependencies of target geometry_msgs_generate_messages_lisp[0m
[  2%] Built target actionlib_msgs_generate_messages_nodejs
[  2%] Built target _tf_generate_messages_check_deps_tfMessage
[35m[1mScanning dependencies of target sensor_msgs_generate_messages_lisp[0m
[35m[1mScanning dependencies of target sensor_msgs_generate_messages_nodejs[0m
[  2%] Built target _tf_generate_messages_check_deps_FrameGraph
[  2%] Built target geometry_msgs_generate_messages_lisp
[  2%] Built target sensor_msgs_generate_messages_lisp
[35m[1mScanning dependencies of target actionlib_generate_messages_eus[0m
[  2%] Built target sensor_msgs_generate_messages_nodejs
[35m[1mScanning dependencies of target roscpp_generate_messages_cpp[0m
[35m[1mScanning dependencies of target rosgraph_msgs_generate_messages_lisp[0m
[35m[1mScanning dependencies of target rosgraph_msgs_generate_messages_eus[0m
[  2%] Built target actionlib_generate_messages_eus
[35m[1mScanning dependencies of target rosgraph_msgs_generate_messages_cpp[0m
[  2%] Built target rosgraph_msgs_generate_messages_lisp
[  2%] Built target roscpp_generate_messages_cpp
[  2%] Built target rosgraph_msgs_generate_messages_eus
[35m[1mScanning dependencies of target actionlib_generate_messages_lisp[0m
[  2%] Built target rosgraph_msgs_generate_messages_cpp
[35m[1mScanning dependencies of target sensor_msgs_generate_messages_py[0m
[35m[1mScanning dependencies of target roscpp_generate_messages_lisp[0m
[35m[1mScanning dependencies of target tf_generate_messages_cpp[0m
[  2%] Built target actionlib_generate_messages_lisp
[  2%] Built target sensor_msgs_generate_messages_py
[35m[1mScanning dependencies of target tf_generate_messages_eus[0m
[  2%] Built target roscpp_generate_messages_lisp
[  5%] [34m[1mGenerating C++ code from tf/tfMessage.msg[0m
[35m[1mScanning dependencies of target tf_generate_messages_lisp[0m
[35m[1mScanning dependencies of target tf_generate_messages_nodejs[0m
[  8%] [34m[1mGenerating EusLisp code from tf/tfMessage.msg[0m
[35m[1mScanning dependencies of target tf_generate_messages_py[0m
[ 11%] [34m[1mGenerating Lisp code from tf/tfMessage.msg[0m
[ 13%] [34m[1mGenerating Javascript code from tf/tfMessage.msg[0m
[ 16%] [34m[1mGenerating Python from MSG tf/tfMessage[0m
[ 19%] [34m[1mGenerating Lisp code from tf/FrameGraph.srv[0m
[ 22%] [34m[1mGenerating Javascript code from tf/FrameGraph.srv[0m
[ 25%] [34m[1mGenerating EusLisp code from tf/FrameGraph.srv[0m
[ 25%] Built target tf_generate_messages_nodejs
[ 25%] Built target tf_generate_messages_lisp
[ 27%] [34m[1mGenerating Python code from SRV tf/FrameGraph[0m
[ 33%] [34m[1mGenerating C++ code from tf/FrameGraph.srv[0m
[ 33%] [34m[1mGenerating EusLisp manifest code for tf[0m
[ 36%] [34m[1mGenerating Python srv __init__.py for tf[0m
[ 38%] [34m[1mGenerating Python msg __init__.py for tf[0m
[ 38%] Built target tf_generate_messages_py
[ 38%] Built target tf_generate_messages_cpp
[ 38%] Built target tf_generate_messages_eus
[35m[1mScanning dependencies of target tf_generate_messages[0m
[35m[1mScanning dependencies of target tf[0m
[ 38%] Built target tf_generate_messages
[ 41%] [32mBuilding CXX object CMakeFiles/tf.dir/src/cache.cpp.o[0m
[ 44%] [32mBuilding CXX object CMakeFiles/tf.dir/src/tf.cpp.o[0m
[ 47%] [32mBuilding CXX object CMakeFiles/tf.dir/src/transform_broadcaster.cpp.o[0m
[ 50%] [32mBuilding CXX object CMakeFiles/tf.dir/src/transform_listener.cpp.o[0m
[ 52%] [32m[1mLinking CXX shared library libgtest.so[0m
[ 52%] Built target gtest
[ 55%] [32m[1mLinking CXX shared library /xavier_ssd/TrekBot/TrekBot2_WS/devel/.private/tf/lib/libtf.so[0m
[ 55%] Built target tf
[35m[1mScanning dependencies of target testListener[0m
[35m[1mScanning dependencies of target tf_echo[0m
[35m[1mScanning dependencies of target tf_monitor[0m
[35m[1mScanning dependencies of target transform_listener_unittest[0m
[35m[1mScanning dependencies of target static_transform_publisher[0m
[ 58%] [32mBuilding CXX object CMakeFiles/tf_monitor.dir/src/tf_monitor.cpp.o[0m
[ 61%] [32mBuilding CXX object CMakeFiles/tf_echo.dir/src/tf_echo.cpp.o[0m
[ 63%] [32mBuilding CXX object CMakeFiles/static_transform_publisher.dir/src/static_transform_publisher.cpp.o[0m
[ 66%] [32mBuilding CXX object CMakeFiles/testListener.dir/test/testListener.cpp.o[0m
[ 69%] [32mBuilding CXX object CMakeFiles/transform_listener_unittest.dir/test/transform_listener_unittest.cpp.o[0m
[35m[1mScanning dependencies of target tf_change_notifier[0m
[ 72%] [32mBuilding CXX object CMakeFiles/tf_change_notifier.dir/src/change_notifier.cpp.o[0m
[ 75%] [32m[1mLinking CXX executable /xavier_ssd/TrekBot/TrekBot2_WS/devel/.private/tf/lib/tf/static_transform_publisher[0m
[ 75%] Built target static_transform_publisher
[35m[1mScanning dependencies of target tf_empty_listener[0m
[ 77%] [32mBuilding CXX object CMakeFiles/tf_empty_listener.dir/src/empty_listener.cpp.o[0m
[ 80%] [32m[1mLinking CXX executable /xavier_ssd/TrekBot/TrekBot2_WS/devel/.private/tf/lib/tf/tf_echo[0m
[ 83%] [32m[1mLinking CXX executable /xavier_ssd/TrekBot/TrekBot2_WS/devel/.private/tf/lib/tf/testListener[0m
[ 83%] Built target tf_echo
[35m[1mScanning dependencies of target testBroadcaster[0m
[ 86%] [32mBuilding CXX object CMakeFiles/testBroadcaster.dir/test/testBroadcaster.cpp.o[0m
[ 88%] [32m[1mLinking CXX executable /xavier_ssd/TrekBot/TrekBot2_WS/devel/.private/tf/lib/tf/transform_listener_unittest[0m
[ 88%] Built target testListener
[ 88%] Built target transform_listener_unittest
[ 91%] [32m[1mLinking CXX executable /xavier_ssd/TrekBot/TrekBot2_WS/devel/.private/tf/lib/tf/tf_monitor[0m
[ 91%] Built target tf_monitor
[ 94%] [32m[1mLinking CXX executable /xavier_ssd/TrekBot/TrekBot2_WS/devel/.private/tf/lib/tf/tf_change_notifier[0m
[ 94%] Built target tf_change_notifier
[ 97%] [32m[1mLinking CXX executable /xavier_ssd/TrekBot/TrekBot2_WS/devel/.private/tf/lib/tf/testBroadcaster[0m
[100%] [32m[1mLinking CXX executable /xavier_ssd/TrekBot/TrekBot2_WS/devel/.private/tf/lib/tf/tf_empty_listener[0m
[100%] Built target testBroadcaster
[100%] Built target tf_empty_listener
