[35m[1mScanning dependencies of target depthimage_to_laserscan_gencfg[0m
[35m[1mScanning dependencies of target DepthImageToLaserScan[0m
[ 11%] [34m[1mGenerating dynamic reconfigure files from cfg/Depth.cfg: /xavier_ssd/TrekBot/TrekBot2_WS/devel/.private/depthimage_to_laserscan/include/depthimage_to_laserscan/DepthConfig.h /xavier_ssd/TrekBot/TrekBot2_WS/devel/.private/depthimage_to_laserscan/lib/python2.7/dist-packages/depthimage_to_laserscan/cfg/DepthConfig.py[0m
[ 22%] [32mBuilding CXX object CMakeFiles/DepthImageToLaserScan.dir/src/DepthImageToLaserScan.cpp.o[0m
Generating reconfiguration files for Depth in depthimage_to_laserscan
Wrote header file in /xavier_ssd/TrekBot/TrekBot2_WS/devel/.private/depthimage_to_laserscan/include/depthimage_to_laserscan/DepthConfig.h
[ 22%] Built target depthimage_to_laserscan_gencfg
[ 33%] [32m[1mLinking CXX shared library /xavier_ssd/TrekBot/TrekBot2_WS/devel/.private/depthimage_to_laserscan/lib/libDepthImageToLaserScan.so[0m
[ 33%] Built target DepthImageToLaserScan
[35m[1mScanning dependencies of target DepthImageToLaserScanROS[0m
[ 44%] [32mBuilding CXX object CMakeFiles/DepthImageToLaserScanROS.dir/src/DepthImageToLaserScanROS.cpp.o[0m
[ 55%] [32m[1mLinking CXX shared library /xavier_ssd/TrekBot/TrekBot2_WS/devel/.private/depthimage_to_laserscan/lib/libDepthImageToLaserScanROS.so[0m
[ 55%] Built target DepthImageToLaserScanROS
[35m[1mScanning dependencies of target depthimage_to_laserscan[0m
[35m[1mScanning dependencies of target DepthImageToLaserScanNodelet[0m
[ 77%] [32mBuilding CXX object CMakeFiles/DepthImageToLaserScanNodelet.dir/src/DepthImageToLaserScanNodelet.cpp.o[0m
[ 77%] [32mBuilding CXX object CMakeFiles/depthimage_to_laserscan.dir/src/depthimage_to_laserscan.cpp.o[0m
[01m[K/xavier_ssd/TrekBot/TrekBot2_WS/src/depthimage_to_laserscan/src/DepthImageToLaserScanNodelet.cpp:60:24:[m[K [01;31m[Kerror: [m[Kexpected constructor, destructor, or type conversion before ‘[01m[K([m[K’ token
 PLUGINLIB_DECLARE_CLASS[01;31m[K([m[Kdepthimage_to_laserscan, DepthImageToLaserScanNodelet, depthimage_to_laserscan::DepthImageToLaserScanNodelet, nodelet::Nodelet);
                        [01;31m[K^[m[K
CMakeFiles/DepthImageToLaserScanNodelet.dir/build.make:62: recipe for target 'CMakeFiles/DepthImageToLaserScanNodelet.dir/src/DepthImageToLaserScanNodelet.cpp.o' failed
make[2]: *** [CMakeFiles/DepthImageToLaserScanNodelet.dir/src/DepthImageToLaserScanNodelet.cpp.o] Error 1
CMakeFiles/Makefile2:267: recipe for target 'CMakeFiles/DepthImageToLaserScanNodelet.dir/all' failed
make[1]: *** [CMakeFiles/DepthImageToLaserScanNodelet.dir/all] Error 2
make[1]: *** Waiting for unfinished jobs....
[ 88%] [32m[1mLinking CXX executable /xavier_ssd/TrekBot/TrekBot2_WS/devel/.private/depthimage_to_laserscan/lib/depthimage_to_laserscan/depthimage_to_laserscan[0m
[ 88%] Built target depthimage_to_laserscan
Makefile:140: recipe for target 'all' failed
make: *** [all] Error 2
