[35m[1mScanning dependencies of target DepthImageToLaserScan[0m
[ 11%] [32mBuilding CXX object CMakeFiles/DepthImageToLaserScan.dir/src/DepthImageToLaserScan.cpp.o[0m
[ 22%] [32m[1mLinking CXX shared library /xavier_ssd/TrekBot/TrekBot2_WS/devel/.private/depthimage_to_laserscan/lib/libDepthImageToLaserScan.so[0m
[ 22%] Built target DepthImageToLaserScan
[ 33%] [34m[1mGenerating dynamic reconfigure files from cfg/Depth.cfg: /xavier_ssd/TrekBot/TrekBot2_WS/devel/.private/depthimage_to_laserscan/include/depthimage_to_laserscan/DepthConfig.h /xavier_ssd/TrekBot/TrekBot2_WS/devel/.private/depthimage_to_laserscan/lib/python2.7/dist-packages/depthimage_to_laserscan/cfg/DepthConfig.py[0m
Generating reconfiguration files for Depth in depthimage_to_laserscan
Wrote header file in /xavier_ssd/TrekBot/TrekBot2_WS/devel/.private/depthimage_to_laserscan/include/depthimage_to_laserscan/DepthConfig.h
[ 33%] Built target depthimage_to_laserscan_gencfg
[35m[1mScanning dependencies of target DepthImageToLaserScanROS[0m
[ 44%] [32mBuilding CXX object CMakeFiles/DepthImageToLaserScanROS.dir/src/DepthImageToLaserScanROS.cpp.o[0m
[ 55%] [32m[1mLinking CXX shared library /xavier_ssd/TrekBot/TrekBot2_WS/devel/.private/depthimage_to_laserscan/lib/libDepthImageToLaserScanROS.so[0m
[ 55%] Built target DepthImageToLaserScanROS
[35m[1mScanning dependencies of target depthimage_to_laserscan[0m
[ 66%] [32mBuilding CXX object CMakeFiles/depthimage_to_laserscan.dir/src/depthimage_to_laserscan.cpp.o[0m
[35m[1mScanning dependencies of target DepthImageToLaserScanNodelet[0m
[ 77%] [32mBuilding CXX object CMakeFiles/DepthImageToLaserScanNodelet.dir/src/DepthImageToLaserScanNodelet.cpp.o[0m
[ 88%] [32m[1mLinking CXX executable /xavier_ssd/TrekBot/TrekBot2_WS/devel/.private/depthimage_to_laserscan/lib/depthimage_to_laserscan/depthimage_to_laserscan[0m
[100%] [32m[1mLinking CXX shared library /xavier_ssd/TrekBot/TrekBot2_WS/devel/.private/depthimage_to_laserscan/lib/libDepthImageToLaserScanNodelet.so[0m
[100%] Built target depthimage_to_laserscan
[100%] Built target DepthImageToLaserScanNodelet
