Determining if the pthread_create exist failed with the following output:
Change Dir: /xavier_ssd/TrekBot/TrekBot2_WS/build/hector_marker_drawing/CMakeFiles/CMakeTmp

Run Build Command:"/usr/bin/make" "cmTC_256f9/fast"
/usr/bin/make -f CMakeFiles/cmTC_256f9.dir/build.make CMakeFiles/cmTC_256f9.dir/build
make[1]: Entering directory '/xavier_ssd/TrekBot/TrekBot2_WS/build/hector_marker_drawing/CMakeFiles/CMakeTmp'
Building C object CMakeFiles/cmTC_256f9.dir/CheckSymbolExists.c.o
/usr/bin/cc    -o CMakeFiles/cmTC_256f9.dir/CheckSymbolExists.c.o   -c /xavier_ssd/TrekBot/TrekBot2_WS/build/hector_marker_drawing/CMakeFiles/CMakeTmp/CheckSymbolExists.c
Linking C executable cmTC_256f9
/usr/bin/cmake -E cmake_link_script CMakeFiles/cmTC_256f9.dir/link.txt --verbose=1
/usr/bin/cc      -rdynamic CMakeFiles/cmTC_256f9.dir/CheckSymbolExists.c.o  -o cmTC_256f9 
CMakeFiles/cmTC_256f9.dir/CheckSymbolExists.c.o: In function `main':
CheckSymbolExists.c:(.text+0x14): undefined reference to `pthread_create'
CheckSymbolExists.c:(.text+0x18): undefined reference to `pthread_create'
collect2: error: ld returned 1 exit status
CMakeFiles/cmTC_256f9.dir/build.make:97: recipe for target 'cmTC_256f9' failed
make[1]: *** [cmTC_256f9] Error 1
make[1]: Leaving directory '/xavier_ssd/TrekBot/TrekBot2_WS/build/hector_marker_drawing/CMakeFiles/CMakeTmp'
Makefile:126: recipe for target 'cmTC_256f9/fast' failed
make: *** [cmTC_256f9/fast] Error 2

File /xavier_ssd/TrekBot/TrekBot2_WS/build/hector_marker_drawing/CMakeFiles/CMakeTmp/CheckSymbolExists.c:
/* */
#include <pthread.h>

int main(int argc, char** argv)
{
  (void)argv;
#ifndef pthread_create
  return ((int*)(&pthread_create))[argc];
#else
  (void)argc;
  return 0;
#endif
}

Determining if the function pthread_create exists in the pthreads failed with the following output:
Change Dir: /xavier_ssd/TrekBot/TrekBot2_WS/build/hector_marker_drawing/CMakeFiles/CMakeTmp

Run Build Command:"/usr/bin/make" "cmTC_87c5e/fast"
/usr/bin/make -f CMakeFiles/cmTC_87c5e.dir/build.make CMakeFiles/cmTC_87c5e.dir/build
make[1]: Entering directory '/xavier_ssd/TrekBot/TrekBot2_WS/build/hector_marker_drawing/CMakeFiles/CMakeTmp'
Building C object CMakeFiles/cmTC_87c5e.dir/CheckFunctionExists.c.o
/usr/bin/cc   -DCHECK_FUNCTION_EXISTS=pthread_create   -o CMakeFiles/cmTC_87c5e.dir/CheckFunctionExists.c.o   -c /usr/share/cmake-3.10/Modules/CheckFunctionExists.c
Linking C executable cmTC_87c5e
/usr/bin/cmake -E cmake_link_script CMakeFiles/cmTC_87c5e.dir/link.txt --verbose=1
/usr/bin/cc  -DCHECK_FUNCTION_EXISTS=pthread_create    -rdynamic CMakeFiles/cmTC_87c5e.dir/CheckFunctionExists.c.o  -o cmTC_87c5e -lpthreads 
/usr/bin/ld: cannot find -lpthreads
collect2: error: ld returned 1 exit status
CMakeFiles/cmTC_87c5e.dir/build.make:97: recipe for target 'cmTC_87c5e' failed
make[1]: *** [cmTC_87c5e] Error 1
make[1]: Leaving directory '/xavier_ssd/TrekBot/TrekBot2_WS/build/hector_marker_drawing/CMakeFiles/CMakeTmp'
Makefile:126: recipe for target 'cmTC_87c5e/fast' failed
make: *** [cmTC_87c5e/fast] Error 2


