Determining if the pthread_create exist failed with the following output:
Change Dir: /xavier_ssd/TrekBot/TrekBot2_WS/build/image_undistort/CMakeFiles/CMakeTmp

Run Build Command:"/usr/bin/make" "cmTC_cd428/fast"
/usr/bin/make -f CMakeFiles/cmTC_cd428.dir/build.make CMakeFiles/cmTC_cd428.dir/build
make[1]: Entering directory '/xavier_ssd/TrekBot/TrekBot2_WS/build/image_undistort/CMakeFiles/CMakeTmp'
Building C object CMakeFiles/cmTC_cd428.dir/CheckSymbolExists.c.o
/usr/bin/cc    -o CMakeFiles/cmTC_cd428.dir/CheckSymbolExists.c.o   -c /xavier_ssd/TrekBot/TrekBot2_WS/build/image_undistort/CMakeFiles/CMakeTmp/CheckSymbolExists.c
Linking C executable cmTC_cd428
/usr/bin/cmake -E cmake_link_script CMakeFiles/cmTC_cd428.dir/link.txt --verbose=1
/usr/bin/cc      -rdynamic CMakeFiles/cmTC_cd428.dir/CheckSymbolExists.c.o  -o cmTC_cd428 
CMakeFiles/cmTC_cd428.dir/CheckSymbolExists.c.o: In function `main':
CheckSymbolExists.c:(.text+0x14): undefined reference to `pthread_create'
CheckSymbolExists.c:(.text+0x18): undefined reference to `pthread_create'
collect2: error: ld returned 1 exit status
CMakeFiles/cmTC_cd428.dir/build.make:97: recipe for target 'cmTC_cd428' failed
make[1]: *** [cmTC_cd428] Error 1
make[1]: Leaving directory '/xavier_ssd/TrekBot/TrekBot2_WS/build/image_undistort/CMakeFiles/CMakeTmp'
Makefile:126: recipe for target 'cmTC_cd428/fast' failed
make: *** [cmTC_cd428/fast] Error 2

File /xavier_ssd/TrekBot/TrekBot2_WS/build/image_undistort/CMakeFiles/CMakeTmp/CheckSymbolExists.c:
/* */
#include <pthread.h>

int main(int argc, char** argv)
{
  (void)argv;
#ifndef pthread_create
  return ((int*)(&pthread_create))[argc];
#else
  (void)argc;
  return 0;
#endif
}

Determining if the function pthread_create exists in the pthreads failed with the following output:
Change Dir: /xavier_ssd/TrekBot/TrekBot2_WS/build/image_undistort/CMakeFiles/CMakeTmp

Run Build Command:"/usr/bin/make" "cmTC_c0eb0/fast"
/usr/bin/make -f CMakeFiles/cmTC_c0eb0.dir/build.make CMakeFiles/cmTC_c0eb0.dir/build
make[1]: Entering directory '/xavier_ssd/TrekBot/TrekBot2_WS/build/image_undistort/CMakeFiles/CMakeTmp'
Building C object CMakeFiles/cmTC_c0eb0.dir/CheckFunctionExists.c.o
/usr/bin/cc   -DCHECK_FUNCTION_EXISTS=pthread_create   -o CMakeFiles/cmTC_c0eb0.dir/CheckFunctionExists.c.o   -c /usr/share/cmake-3.10/Modules/CheckFunctionExists.c
Linking C executable cmTC_c0eb0
/usr/bin/cmake -E cmake_link_script CMakeFiles/cmTC_c0eb0.dir/link.txt --verbose=1
/usr/bin/cc  -DCHECK_FUNCTION_EXISTS=pthread_create    -rdynamic CMakeFiles/cmTC_c0eb0.dir/CheckFunctionExists.c.o  -o cmTC_c0eb0 -lpthreads 
/usr/bin/ld: cannot find -lpthreads
collect2: error: ld returned 1 exit status
CMakeFiles/cmTC_c0eb0.dir/build.make:97: recipe for target 'cmTC_c0eb0' failed
make[1]: *** [cmTC_c0eb0] Error 1
make[1]: Leaving directory '/xavier_ssd/TrekBot/TrekBot2_WS/build/image_undistort/CMakeFiles/CMakeTmp'
Makefile:126: recipe for target 'cmTC_c0eb0/fast' failed
make: *** [cmTC_c0eb0/fast] Error 2


