Linked: (/xavier_ssd/TrekBot/TrekBot2_WS/devel/.private/orb_slam_2_catkin/share/orb_slam_2_catkin/cmake/orb_slam_2-extras.cmake, /xavier_ssd/TrekBot/TrekBot2_WS/devel/share/orb_slam_2_catkin/cmake/orb_slam_2-extras.cmake)
Linked: (/xavier_ssd/TrekBot/TrekBot2_WS/devel/.private/orb_slam_2_catkin/share/orb_slam_2_catkin/cmake/orb_slam_2_catkinConfig-version.cmake, /xavier_ssd/TrekBot/TrekBot2_WS/devel/share/orb_slam_2_catkin/cmake/orb_slam_2_catkinConfig-version.cmake)
Linked: (/xavier_ssd/TrekBot/TrekBot2_WS/devel/.private/orb_slam_2_catkin/share/orb_slam_2_catkin/cmake/orb_slam_2_catkinConfig.cmake, /xavier_ssd/TrekBot/TrekBot2_WS/devel/share/orb_slam_2_catkin/cmake/orb_slam_2_catkinConfig.cmake)
Linked: (/xavier_ssd/TrekBot/TrekBot2_WS/devel/.private/orb_slam_2_catkin/lib/libORB_SLAM2.so, /xavier_ssd/TrekBot/TrekBot2_WS/devel/lib/libORB_SLAM2.so)
Linked: (/xavier_ssd/TrekBot/TrekBot2_WS/devel/.private/orb_slam_2_catkin/lib/liborb_slam_2_catkin.so, /xavier_ssd/TrekBot/TrekBot2_WS/devel/lib/liborb_slam_2_catkin.so)
Linked: (/xavier_ssd/TrekBot/TrekBot2_WS/devel/.private/orb_slam_2_catkin/lib/pkgconfig/orb_slam_2_catkin.pc, /xavier_ssd/TrekBot/TrekBot2_WS/devel/lib/pkgconfig/orb_slam_2_catkin.pc)
Linked: (/xavier_ssd/TrekBot/TrekBot2_WS/devel/.private/orb_slam_2_catkin/include/orb_slam_2/LoopClosing.h, /xavier_ssd/TrekBot/TrekBot2_WS/devel/include/orb_slam_2/LoopClosing.h)
Linked: (/xavier_ssd/TrekBot/TrekBot2_WS/devel/.private/orb_slam_2_catkin/include/orb_slam_2/Map.h, /xavier_ssd/TrekBot/TrekBot2_WS/devel/include/orb_slam_2/Map.h)
Linked: (/xavier_ssd/TrekBot/TrekBot2_WS/devel/.private/orb_slam_2_catkin/include/orb_slam_2/Initializer.h, /xavier_ssd/TrekBot/TrekBot2_WS/devel/include/orb_slam_2/Initializer.h)
Linked: (/xavier_ssd/TrekBot/TrekBot2_WS/devel/.private/orb_slam_2_catkin/include/orb_slam_2/LocalMapping.h, /xavier_ssd/TrekBot/TrekBot2_WS/devel/include/orb_slam_2/LocalMapping.h)
Linked: (/xavier_ssd/TrekBot/TrekBot2_WS/devel/.private/orb_slam_2_catkin/include/orb_slam_2/MapDrawer.h, /xavier_ssd/TrekBot/TrekBot2_WS/devel/include/orb_slam_2/MapDrawer.h)
Linked: (/xavier_ssd/TrekBot/TrekBot2_WS/devel/.private/orb_slam_2_catkin/include/orb_slam_2/Optimizer.h, /xavier_ssd/TrekBot/TrekBot2_WS/devel/include/orb_slam_2/Optimizer.h)
Linked: (/xavier_ssd/TrekBot/TrekBot2_WS/devel/.private/orb_slam_2_catkin/include/orb_slam_2/KeyFrame.h, /xavier_ssd/TrekBot/TrekBot2_WS/devel/include/orb_slam_2/KeyFrame.h)
Linked: (/xavier_ssd/TrekBot/TrekBot2_WS/devel/.private/orb_slam_2_catkin/include/orb_slam_2/KeyFrameDatabase.h, /xavier_ssd/TrekBot/TrekBot2_WS/devel/include/orb_slam_2/KeyFrameDatabase.h)
Linked: (/xavier_ssd/TrekBot/TrekBot2_WS/devel/.private/orb_slam_2_catkin/include/orb_slam_2/FrameDrawer.h, /xavier_ssd/TrekBot/TrekBot2_WS/devel/include/orb_slam_2/FrameDrawer.h)
Linked: (/xavier_ssd/TrekBot/TrekBot2_WS/devel/.private/orb_slam_2_catkin/include/orb_slam_2/Viewer.h, /xavier_ssd/TrekBot/TrekBot2_WS/devel/include/orb_slam_2/Viewer.h)
Linked: (/xavier_ssd/TrekBot/TrekBot2_WS/devel/.private/orb_slam_2_catkin/include/orb_slam_2/ORBmatcher.h, /xavier_ssd/TrekBot/TrekBot2_WS/devel/include/orb_slam_2/ORBmatcher.h)
Linked: (/xavier_ssd/TrekBot/TrekBot2_WS/devel/.private/orb_slam_2_catkin/include/orb_slam_2/ORBextractor.h, /xavier_ssd/TrekBot/TrekBot2_WS/devel/include/orb_slam_2/ORBextractor.h)
Linked: (/xavier_ssd/TrekBot/TrekBot2_WS/devel/.private/orb_slam_2_catkin/include/orb_slam_2/Sim3Solver.h, /xavier_ssd/TrekBot/TrekBot2_WS/devel/include/orb_slam_2/Sim3Solver.h)
Linked: (/xavier_ssd/TrekBot/TrekBot2_WS/devel/.private/orb_slam_2_catkin/include/orb_slam_2/Frame.h, /xavier_ssd/TrekBot/TrekBot2_WS/devel/include/orb_slam_2/Frame.h)
Linked: (/xavier_ssd/TrekBot/TrekBot2_WS/devel/.private/orb_slam_2_catkin/include/orb_slam_2/Tracking.h, /xavier_ssd/TrekBot/TrekBot2_WS/devel/include/orb_slam_2/Tracking.h)
Linked: (/xavier_ssd/TrekBot/TrekBot2_WS/devel/.private/orb_slam_2_catkin/include/orb_slam_2/System.h, /xavier_ssd/TrekBot/TrekBot2_WS/devel/include/orb_slam_2/System.h)
Linked: (/xavier_ssd/TrekBot/TrekBot2_WS/devel/.private/orb_slam_2_catkin/include/orb_slam_2/MapPoint.h, /xavier_ssd/TrekBot/TrekBot2_WS/devel/include/orb_slam_2/MapPoint.h)
Linked: (/xavier_ssd/TrekBot/TrekBot2_WS/devel/.private/orb_slam_2_catkin/include/orb_slam_2/PnPsolver.h, /xavier_ssd/TrekBot/TrekBot2_WS/devel/include/orb_slam_2/PnPsolver.h)
Linked: (/xavier_ssd/TrekBot/TrekBot2_WS/devel/.private/orb_slam_2_catkin/include/orb_slam_2/Converter.h, /xavier_ssd/TrekBot/TrekBot2_WS/devel/include/orb_slam_2/Converter.h)
Linked: (/xavier_ssd/TrekBot/TrekBot2_WS/devel/.private/orb_slam_2_catkin/include/orb_slam_2/ORBVocabulary.h, /xavier_ssd/TrekBot/TrekBot2_WS/devel/include/orb_slam_2/ORBVocabulary.h)
Linked: (/xavier_ssd/TrekBot/TrekBot2_WS/devel/.private/orb_slam_2_catkin/include/orb_slam_2/Thirdparty/g2o/config.h, /xavier_ssd/TrekBot/TrekBot2_WS/devel/include/orb_slam_2/Thirdparty/g2o/config.h)
Linked: (/xavier_ssd/TrekBot/TrekBot2_WS/devel/.private/orb_slam_2_catkin/include/orb_slam_2/Thirdparty/g2o/g2o/types/se3_ops.h, /xavier_ssd/TrekBot/TrekBot2_WS/devel/include/orb_slam_2/Thirdparty/g2o/g2o/types/se3_ops.h)
Linked: (/xavier_ssd/TrekBot/TrekBot2_WS/devel/.private/orb_slam_2_catkin/include/orb_slam_2/Thirdparty/g2o/g2o/types/types_six_dof_expmap.cpp, /xavier_ssd/TrekBot/TrekBot2_WS/devel/include/orb_slam_2/Thirdparty/g2o/g2o/types/types_six_dof_expmap.cpp)
Linked: (/xavier_ssd/TrekBot/TrekBot2_WS/devel/.private/orb_slam_2_catkin/include/orb_slam_2/Thirdparty/g2o/g2o/types/se3_ops.hpp, /xavier_ssd/TrekBot/TrekBot2_WS/devel/include/orb_slam_2/Thirdparty/g2o/g2o/types/se3_ops.hpp)
Linked: (/xavier_ssd/TrekBot/TrekBot2_WS/devel/.private/orb_slam_2_catkin/include/orb_slam_2/Thirdparty/g2o/g2o/types/types_sba.h, /xavier_ssd/TrekBot/TrekBot2_WS/devel/include/orb_slam_2/Thirdparty/g2o/g2o/types/types_sba.h)
Linked: (/xavier_ssd/TrekBot/TrekBot2_WS/devel/.private/orb_slam_2_catkin/include/orb_slam_2/Thirdparty/g2o/g2o/types/types_six_dof_expmap.h, /xavier_ssd/TrekBot/TrekBot2_WS/devel/include/orb_slam_2/Thirdparty/g2o/g2o/types/types_six_dof_expmap.h)
Linked: (/xavier_ssd/TrekBot/TrekBot2_WS/devel/.private/orb_slam_2_catkin/include/orb_slam_2/Thirdparty/g2o/g2o/types/se3quat.h, /xavier_ssd/TrekBot/TrekBot2_WS/devel/include/orb_slam_2/Thirdparty/g2o/g2o/types/se3quat.h)
Linked: (/xavier_ssd/TrekBot/TrekBot2_WS/devel/.private/orb_slam_2_catkin/include/orb_slam_2/Thirdparty/g2o/g2o/types/types_sba.cpp, /xavier_ssd/TrekBot/TrekBot2_WS/devel/include/orb_slam_2/Thirdparty/g2o/g2o/types/types_sba.cpp)
Linked: (/xavier_ssd/TrekBot/TrekBot2_WS/devel/.private/orb_slam_2_catkin/include/orb_slam_2/Thirdparty/g2o/g2o/types/types_seven_dof_expmap.cpp, /xavier_ssd/TrekBot/TrekBot2_WS/devel/include/orb_slam_2/Thirdparty/g2o/g2o/types/types_seven_dof_expmap.cpp)
Linked: (/xavier_ssd/TrekBot/TrekBot2_WS/devel/.private/orb_slam_2_catkin/include/orb_slam_2/Thirdparty/g2o/g2o/types/types_seven_dof_expmap.h, /xavier_ssd/TrekBot/TrekBot2_WS/devel/include/orb_slam_2/Thirdparty/g2o/g2o/types/types_seven_dof_expmap.h)
Linked: (/xavier_ssd/TrekBot/TrekBot2_WS/devel/.private/orb_slam_2_catkin/include/orb_slam_2/Thirdparty/g2o/g2o/types/sim3.h, /xavier_ssd/TrekBot/TrekBot2_WS/devel/include/orb_slam_2/Thirdparty/g2o/g2o/types/sim3.h)
Linked: (/xavier_ssd/TrekBot/TrekBot2_WS/devel/.private/orb_slam_2_catkin/include/orb_slam_2/Thirdparty/g2o/g2o/solvers/linear_solver_dense.h, /xavier_ssd/TrekBot/TrekBot2_WS/devel/include/orb_slam_2/Thirdparty/g2o/g2o/solvers/linear_solver_dense.h)
Linked: (/xavier_ssd/TrekBot/TrekBot2_WS/devel/.private/orb_slam_2_catkin/include/orb_slam_2/Thirdparty/g2o/g2o/solvers/linear_solver_eigen.h, /xavier_ssd/TrekBot/TrekBot2_WS/devel/include/orb_slam_2/Thirdparty/g2o/g2o/solvers/linear_solver_eigen.h)
Linked: (/xavier_ssd/TrekBot/TrekBot2_WS/devel/.private/orb_slam_2_catkin/include/orb_slam_2/Thirdparty/g2o/g2o/core/batch_stats.cpp, /xavier_ssd/TrekBot/TrekBot2_WS/devel/include/orb_slam_2/Thirdparty/g2o/g2o/core/batch_stats.cpp)
Linked: (/xavier_ssd/TrekBot/TrekBot2_WS/devel/.private/orb_slam_2_catkin/include/orb_slam_2/Thirdparty/g2o/g2o/core/hyper_graph_action.h, /xavier_ssd/TrekBot/TrekBot2_WS/devel/include/orb_slam_2/Thirdparty/g2o/g2o/core/hyper_graph_action.h)
Linked: (/xavier_ssd/TrekBot/TrekBot2_WS/devel/.private/orb_slam_2_catkin/include/orb_slam_2/Thirdparty/g2o/g2o/core/marginal_covariance_cholesky.h, /xavier_ssd/TrekBot/TrekBot2_WS/devel/include/orb_slam_2/Thirdparty/g2o/g2o/core/marginal_covariance_cholesky.h)
Linked: (/xavier_ssd/TrekBot/TrekBot2_WS/devel/.private/orb_slam_2_catkin/include/orb_slam_2/Thirdparty/g2o/g2o/core/batch_stats.h, /xavier_ssd/TrekBot/TrekBot2_WS/devel/include/orb_slam_2/Thirdparty/g2o/g2o/core/batch_stats.h)
Linked: (/xavier_ssd/TrekBot/TrekBot2_WS/devel/.private/orb_slam_2_catkin/include/orb_slam_2/Thirdparty/g2o/g2o/core/jacobian_workspace.h, /xavier_ssd/TrekBot/TrekBot2_WS/devel/include/orb_slam_2/Thirdparty/g2o/g2o/core/jacobian_workspace.h)
Linked: (/xavier_ssd/TrekBot/TrekBot2_WS/devel/.private/orb_slam_2_catkin/include/orb_slam_2/Thirdparty/g2o/g2o/core/optimization_algorithm_gauss_newton.cpp, /xavier_ssd/TrekBot/TrekBot2_WS/devel/include/orb_slam_2/Thirdparty/g2o/g2o/core/optimization_algorithm_gauss_newton.cpp)
Linked: (/xavier_ssd/TrekBot/TrekBot2_WS/devel/.private/orb_slam_2_catkin/include/orb_slam_2/Thirdparty/g2o/g2o/core/parameter_container.h, /xavier_ssd/TrekBot/TrekBot2_WS/devel/include/orb_slam_2/Thirdparty/g2o/g2o/core/parameter_container.h)
Linked: (/xavier_ssd/TrekBot/TrekBot2_WS/devel/.private/orb_slam_2_catkin/include/orb_slam_2/Thirdparty/g2o/g2o/core/parameter.cpp, /xavier_ssd/TrekBot/TrekBot2_WS/devel/include/orb_slam_2/Thirdparty/g2o/g2o/core/parameter.cpp)
Linked: (/xavier_ssd/TrekBot/TrekBot2_WS/devel/.private/orb_slam_2_catkin/include/orb_slam_2/Thirdparty/g2o/g2o/core/factory.h, /xavier_ssd/TrekBot/TrekBot2_WS/devel/include/orb_slam_2/Thirdparty/g2o/g2o/core/factory.h)
Linked: (/xavier_ssd/TrekBot/TrekBot2_WS/devel/.private/orb_slam_2_catkin/include/orb_slam_2/Thirdparty/g2o/g2o/core/hyper_graph.h, /xavier_ssd/TrekBot/TrekBot2_WS/devel/include/orb_slam_2/Thirdparty/g2o/g2o/core/hyper_graph.h)
Linked: (/xavier_ssd/TrekBot/TrekBot2_WS/devel/.private/orb_slam_2_catkin/include/orb_slam_2/Thirdparty/g2o/g2o/core/robust_kernel.h, /xavier_ssd/TrekBot/TrekBot2_WS/devel/include/orb_slam_2/Thirdparty/g2o/g2o/core/robust_kernel.h)
Linked: (/xavier_ssd/TrekBot/TrekBot2_WS/devel/.private/orb_slam_2_catkin/include/orb_slam_2/Thirdparty/g2o/g2o/core/base_edge.h, /xavier_ssd/TrekBot/TrekBot2_WS/devel/include/orb_slam_2/Thirdparty/g2o/g2o/core/base_edge.h)
Linked: (/xavier_ssd/TrekBot/TrekBot2_WS/devel/.private/orb_slam_2_catkin/include/orb_slam_2/Thirdparty/g2o/g2o/core/hyper_graph_action.cpp, /xavier_ssd/TrekBot/TrekBot2_WS/devel/include/orb_slam_2/Thirdparty/g2o/g2o/core/hyper_graph_action.cpp)
Linked: (/xavier_ssd/TrekBot/TrekBot2_WS/devel/.private/orb_slam_2_catkin/include/orb_slam_2/Thirdparty/g2o/g2o/core/estimate_propagator.h, /xavier_ssd/TrekBot/TrekBot2_WS/devel/include/orb_slam_2/Thirdparty/g2o/g2o/core/estimate_propagator.h)
Linked: (/xavier_ssd/TrekBot/TrekBot2_WS/devel/.private/orb_slam_2_catkin/include/orb_slam_2/Thirdparty/g2o/g2o/core/optimization_algorithm_dogleg.cpp, /xavier_ssd/TrekBot/TrekBot2_WS/devel/include/orb_slam_2/Thirdparty/g2o/g2o/core/optimization_algorithm_dogleg.cpp)
Linked: (/xavier_ssd/TrekBot/TrekBot2_WS/devel/.private/orb_slam_2_catkin/include/orb_slam_2/Thirdparty/g2o/g2o/core/block_solver.hpp, /xavier_ssd/TrekBot/TrekBot2_WS/devel/include/orb_slam_2/Thirdparty/g2o/g2o/core/block_solver.hpp)
Linked: (/xavier_ssd/TrekBot/TrekBot2_WS/devel/.private/orb_slam_2_catkin/include/orb_slam_2/Thirdparty/g2o/g2o/core/optimization_algorithm_levenberg.cpp, /xavier_ssd/TrekBot/TrekBot2_WS/devel/include/orb_slam_2/Thirdparty/g2o/g2o/core/optimization_algorithm_levenberg.cpp)
Linked: (/xavier_ssd/TrekBot/TrekBot2_WS/devel/.private/orb_slam_2_catkin/include/orb_slam_2/Thirdparty/g2o/g2o/core/base_binary_edge.h, /xavier_ssd/TrekBot/TrekBot2_WS/devel/include/orb_slam_2/Thirdparty/g2o/g2o/core/base_binary_edge.h)
Linked: (/xavier_ssd/TrekBot/TrekBot2_WS/devel/.private/orb_slam_2_catkin/include/orb_slam_2/Thirdparty/g2o/g2o/core/base_multi_edge.hpp, /xavier_ssd/TrekBot/TrekBot2_WS/devel/include/orb_slam_2/Thirdparty/g2o/g2o/core/base_multi_edge.hpp)
Linked: (/xavier_ssd/TrekBot/TrekBot2_WS/devel/.private/orb_slam_2_catkin/include/orb_slam_2/Thirdparty/g2o/g2o/core/optimizable_graph.cpp, /xavier_ssd/TrekBot/TrekBot2_WS/devel/include/orb_slam_2/Thirdparty/g2o/g2o/core/optimizable_graph.cpp)
Linked: (/xavier_ssd/TrekBot/TrekBot2_WS/devel/.private/orb_slam_2_catkin/include/orb_slam_2/Thirdparty/g2o/g2o/core/factory.cpp, /xavier_ssd/TrekBot/TrekBot2_WS/devel/include/orb_slam_2/Thirdparty/g2o/g2o/core/factory.cpp)
Linked: (/xavier_ssd/TrekBot/TrekBot2_WS/devel/.private/orb_slam_2_catkin/include/orb_slam_2/Thirdparty/g2o/g2o/core/optimization_algorithm_factory.cpp, /xavier_ssd/TrekBot/TrekBot2_WS/devel/include/orb_slam_2/Thirdparty/g2o/g2o/core/optimization_algorithm_factory.cpp)
Linked: (/xavier_ssd/TrekBot/TrekBot2_WS/devel/.private/orb_slam_2_catkin/include/orb_slam_2/Thirdparty/g2o/g2o/core/matrix_structure.cpp, /xavier_ssd/TrekBot/TrekBot2_WS/devel/include/orb_slam_2/Thirdparty/g2o/g2o/core/matrix_structure.cpp)
Linked: (/xavier_ssd/TrekBot/TrekBot2_WS/devel/.private/orb_slam_2_catkin/include/orb_slam_2/Thirdparty/g2o/g2o/core/sparse_block_matrix_diagonal.h, /xavier_ssd/TrekBot/TrekBot2_WS/devel/include/orb_slam_2/Thirdparty/g2o/g2o/core/sparse_block_matrix_diagonal.h)
Linked: (/xavier_ssd/TrekBot/TrekBot2_WS/devel/.private/orb_slam_2_catkin/include/orb_slam_2/Thirdparty/g2o/g2o/core/base_vertex.hpp, /xavier_ssd/TrekBot/TrekBot2_WS/devel/include/orb_slam_2/Thirdparty/g2o/g2o/core/base_vertex.hpp)
Linked: (/xavier_ssd/TrekBot/TrekBot2_WS/devel/.private/orb_slam_2_catkin/include/orb_slam_2/Thirdparty/g2o/g2o/core/openmp_mutex.h, /xavier_ssd/TrekBot/TrekBot2_WS/devel/include/orb_slam_2/Thirdparty/g2o/g2o/core/openmp_mutex.h)
Linked: (/xavier_ssd/TrekBot/TrekBot2_WS/devel/.private/orb_slam_2_catkin/include/orb_slam_2/Thirdparty/g2o/g2o/core/hyper_dijkstra.cpp, /xavier_ssd/TrekBot/TrekBot2_WS/devel/include/orb_slam_2/Thirdparty/g2o/g2o/core/hyper_dijkstra.cpp)
Linked: (/xavier_ssd/TrekBot/TrekBot2_WS/devel/.private/orb_slam_2_catkin/include/orb_slam_2/Thirdparty/g2o/g2o/core/base_unary_edge.h, /xavier_ssd/TrekBot/TrekBot2_WS/devel/include/orb_slam_2/Thirdparty/g2o/g2o/core/base_unary_edge.h)
Linked: (/xavier_ssd/TrekBot/TrekBot2_WS/devel/.private/orb_slam_2_catkin/include/orb_slam_2/Thirdparty/g2o/g2o/core/creators.h, /xavier_ssd/TrekBot/TrekBot2_WS/devel/include/orb_slam_2/Thirdparty/g2o/g2o/core/creators.h)
Linked: (/xavier_ssd/TrekBot/TrekBot2_WS/devel/.private/orb_slam_2_catkin/include/orb_slam_2/Thirdparty/g2o/g2o/core/parameter.h, /xavier_ssd/TrekBot/TrekBot2_WS/devel/include/orb_slam_2/Thirdparty/g2o/g2o/core/parameter.h)
Linked: (/xavier_ssd/TrekBot/TrekBot2_WS/devel/.private/orb_slam_2_catkin/include/orb_slam_2/Thirdparty/g2o/g2o/core/linear_solver.h, /xavier_ssd/TrekBot/TrekBot2_WS/devel/include/orb_slam_2/Thirdparty/g2o/g2o/core/linear_solver.h)
Linked: (/xavier_ssd/TrekBot/TrekBot2_WS/devel/.private/orb_slam_2_catkin/include/orb_slam_2/Thirdparty/g2o/g2o/core/optimization_algorithm_with_hessian.h, /xavier_ssd/TrekBot/TrekBot2_WS/devel/include/orb_slam_2/Thirdparty/g2o/g2o/core/optimization_algorithm_with_hessian.h)
Linked: (/xavier_ssd/TrekBot/TrekBot2_WS/devel/.private/orb_slam_2_catkin/include/orb_slam_2/Thirdparty/g2o/g2o/core/jacobian_workspace.cpp, /xavier_ssd/TrekBot/TrekBot2_WS/devel/include/orb_slam_2/Thirdparty/g2o/g2o/core/jacobian_workspace.cpp)
Linked: (/xavier_ssd/TrekBot/TrekBot2_WS/devel/.private/orb_slam_2_catkin/include/orb_slam_2/Thirdparty/g2o/g2o/core/robust_kernel_impl.h, /xavier_ssd/TrekBot/TrekBot2_WS/devel/include/orb_slam_2/Thirdparty/g2o/g2o/core/robust_kernel_impl.h)
Linked: (/xavier_ssd/TrekBot/TrekBot2_WS/devel/.private/orb_slam_2_catkin/include/orb_slam_2/Thirdparty/g2o/g2o/core/matrix_structure.h, /xavier_ssd/TrekBot/TrekBot2_WS/devel/include/orb_slam_2/Thirdparty/g2o/g2o/core/matrix_structure.h)
Linked: (/xavier_ssd/TrekBot/TrekBot2_WS/devel/.private/orb_slam_2_catkin/include/orb_slam_2/Thirdparty/g2o/g2o/core/estimate_propagator.cpp, /xavier_ssd/TrekBot/TrekBot2_WS/devel/include/orb_slam_2/Thirdparty/g2o/g2o/core/estimate_propagator.cpp)
Linked: (/xavier_ssd/TrekBot/TrekBot2_WS/devel/.private/orb_slam_2_catkin/include/orb_slam_2/Thirdparty/g2o/g2o/core/base_multi_edge.h, /xavier_ssd/TrekBot/TrekBot2_WS/devel/include/orb_slam_2/Thirdparty/g2o/g2o/core/base_multi_edge.h)
Linked: (/xavier_ssd/TrekBot/TrekBot2_WS/devel/.private/orb_slam_2_catkin/include/orb_slam_2/Thirdparty/g2o/g2o/core/optimization_algorithm_with_hessian.cpp, /xavier_ssd/TrekBot/TrekBot2_WS/devel/include/orb_slam_2/Thirdparty/g2o/g2o/core/optimization_algorithm_with_hessian.cpp)
Linked: (/xavier_ssd/TrekBot/TrekBot2_WS/devel/.private/orb_slam_2_catkin/include/orb_slam_2/Thirdparty/g2o/g2o/core/sparse_block_matrix.hpp, /xavier_ssd/TrekBot/TrekBot2_WS/devel/include/orb_slam_2/Thirdparty/g2o/g2o/core/sparse_block_matrix.hpp)
Linked: (/xavier_ssd/TrekBot/TrekBot2_WS/devel/.private/orb_slam_2_catkin/include/orb_slam_2/Thirdparty/g2o/g2o/core/solver.h, /xavier_ssd/TrekBot/TrekBot2_WS/devel/include/orb_slam_2/Thirdparty/g2o/g2o/core/solver.h)
Linked: (/xavier_ssd/TrekBot/TrekBot2_WS/devel/.private/orb_slam_2_catkin/include/orb_slam_2/Thirdparty/g2o/g2o/core/sparse_optimizer.cpp, /xavier_ssd/TrekBot/TrekBot2_WS/devel/include/orb_slam_2/Thirdparty/g2o/g2o/core/sparse_optimizer.cpp)
Linked: (/xavier_ssd/TrekBot/TrekBot2_WS/devel/.private/orb_slam_2_catkin/include/orb_slam_2/Thirdparty/g2o/g2o/core/robust_kernel.cpp, /xavier_ssd/TrekBot/TrekBot2_WS/devel/include/orb_slam_2/Thirdparty/g2o/g2o/core/robust_kernel.cpp)
Linked: (/xavier_ssd/TrekBot/TrekBot2_WS/devel/.private/orb_slam_2_catkin/include/orb_slam_2/Thirdparty/g2o/g2o/core/base_vertex.h, /xavier_ssd/TrekBot/TrekBot2_WS/devel/include/orb_slam_2/Thirdparty/g2o/g2o/core/base_vertex.h)
Linked: (/xavier_ssd/TrekBot/TrekBot2_WS/devel/.private/orb_slam_2_catkin/include/orb_slam_2/Thirdparty/g2o/g2o/core/robust_kernel_impl.cpp, /xavier_ssd/TrekBot/TrekBot2_WS/devel/include/orb_slam_2/Thirdparty/g2o/g2o/core/robust_kernel_impl.cpp)
Linked: (/xavier_ssd/TrekBot/TrekBot2_WS/devel/.private/orb_slam_2_catkin/include/orb_slam_2/Thirdparty/g2o/g2o/core/robust_kernel_factory.h, /xavier_ssd/TrekBot/TrekBot2_WS/devel/include/orb_slam_2/Thirdparty/g2o/g2o/core/robust_kernel_factory.h)
Linked: (/xavier_ssd/TrekBot/TrekBot2_WS/devel/.private/orb_slam_2_catkin/include/orb_slam_2/Thirdparty/g2o/g2o/core/hyper_graph.cpp, /xavier_ssd/TrekBot/TrekBot2_WS/devel/include/orb_slam_2/Thirdparty/g2o/g2o/core/hyper_graph.cpp)
Linked: (/xavier_ssd/TrekBot/TrekBot2_WS/devel/.private/orb_slam_2_catkin/include/orb_slam_2/Thirdparty/g2o/g2o/core/base_unary_edge.hpp, /xavier_ssd/TrekBot/TrekBot2_WS/devel/include/orb_slam_2/Thirdparty/g2o/g2o/core/base_unary_edge.hpp)
Linked: (/xavier_ssd/TrekBot/TrekBot2_WS/devel/.private/orb_slam_2_catkin/include/orb_slam_2/Thirdparty/g2o/g2o/core/cache.h, /xavier_ssd/TrekBot/TrekBot2_WS/devel/include/orb_slam_2/Thirdparty/g2o/g2o/core/cache.h)
Linked: (/xavier_ssd/TrekBot/TrekBot2_WS/devel/.private/orb_slam_2_catkin/include/orb_slam_2/Thirdparty/g2o/g2o/core/parameter_container.cpp, /xavier_ssd/TrekBot/TrekBot2_WS/devel/include/orb_slam_2/Thirdparty/g2o/g2o/core/parameter_container.cpp)
Linked: (/xavier_ssd/TrekBot/TrekBot2_WS/devel/.private/orb_slam_2_catkin/include/orb_slam_2/Thirdparty/g2o/g2o/core/robust_kernel_factory.cpp, /xavier_ssd/TrekBot/TrekBot2_WS/devel/include/orb_slam_2/Thirdparty/g2o/g2o/core/robust_kernel_factory.cpp)
Linked: (/xavier_ssd/TrekBot/TrekBot2_WS/devel/.private/orb_slam_2_catkin/include/orb_slam_2/Thirdparty/g2o/g2o/core/optimization_algorithm.h, /xavier_ssd/TrekBot/TrekBot2_WS/devel/include/orb_slam_2/Thirdparty/g2o/g2o/core/optimization_algorithm.h)
Linked: (/xavier_ssd/TrekBot/TrekBot2_WS/devel/.private/orb_slam_2_catkin/include/orb_slam_2/Thirdparty/g2o/g2o/core/sparse_block_matrix.h, /xavier_ssd/TrekBot/TrekBot2_WS/devel/include/orb_slam_2/Thirdparty/g2o/g2o/core/sparse_block_matrix.h)
Linked: (/xavier_ssd/TrekBot/TrekBot2_WS/devel/.private/orb_slam_2_catkin/include/orb_slam_2/Thirdparty/g2o/g2o/core/optimization_algorithm_levenberg.h, /xavier_ssd/TrekBot/TrekBot2_WS/devel/include/orb_slam_2/Thirdparty/g2o/g2o/core/optimization_algorithm_levenberg.h)
Linked: (/xavier_ssd/TrekBot/TrekBot2_WS/devel/.private/orb_slam_2_catkin/include/orb_slam_2/Thirdparty/g2o/g2o/core/eigen_types.h, /xavier_ssd/TrekBot/TrekBot2_WS/devel/include/orb_slam_2/Thirdparty/g2o/g2o/core/eigen_types.h)
Linked: (/xavier_ssd/TrekBot/TrekBot2_WS/devel/.private/orb_slam_2_catkin/include/orb_slam_2/Thirdparty/g2o/g2o/core/optimization_algorithm_property.h, /xavier_ssd/TrekBot/TrekBot2_WS/devel/include/orb_slam_2/Thirdparty/g2o/g2o/core/optimization_algorithm_property.h)
Linked: (/xavier_ssd/TrekBot/TrekBot2_WS/devel/.private/orb_slam_2_catkin/include/orb_slam_2/Thirdparty/g2o/g2o/core/cache.cpp, /xavier_ssd/TrekBot/TrekBot2_WS/devel/include/orb_slam_2/Thirdparty/g2o/g2o/core/cache.cpp)
Linked: (/xavier_ssd/TrekBot/TrekBot2_WS/devel/.private/orb_slam_2_catkin/include/orb_slam_2/Thirdparty/g2o/g2o/core/optimization_algorithm_factory.h, /xavier_ssd/TrekBot/TrekBot2_WS/devel/include/orb_slam_2/Thirdparty/g2o/g2o/core/optimization_algorithm_factory.h)
Linked: (/xavier_ssd/TrekBot/TrekBot2_WS/devel/.private/orb_slam_2_catkin/include/orb_slam_2/Thirdparty/g2o/g2o/core/optimizable_graph.h, /xavier_ssd/TrekBot/TrekBot2_WS/devel/include/orb_slam_2/Thirdparty/g2o/g2o/core/optimizable_graph.h)
Linked: (/xavier_ssd/TrekBot/TrekBot2_WS/devel/.private/orb_slam_2_catkin/include/orb_slam_2/Thirdparty/g2o/g2o/core/block_solver.h, /xavier_ssd/TrekBot/TrekBot2_WS/devel/include/orb_slam_2/Thirdparty/g2o/g2o/core/block_solver.h)
Linked: (/xavier_ssd/TrekBot/TrekBot2_WS/devel/.private/orb_slam_2_catkin/include/orb_slam_2/Thirdparty/g2o/g2o/core/optimization_algorithm.cpp, /xavier_ssd/TrekBot/TrekBot2_WS/devel/include/orb_slam_2/Thirdparty/g2o/g2o/core/optimization_algorithm.cpp)
Linked: (/xavier_ssd/TrekBot/TrekBot2_WS/devel/.private/orb_slam_2_catkin/include/orb_slam_2/Thirdparty/g2o/g2o/core/sparse_block_matrix_test.cpp, /xavier_ssd/TrekBot/TrekBot2_WS/devel/include/orb_slam_2/Thirdparty/g2o/g2o/core/sparse_block_matrix_test.cpp)
Linked: (/xavier_ssd/TrekBot/TrekBot2_WS/devel/.private/orb_slam_2_catkin/include/orb_slam_2/Thirdparty/g2o/g2o/core/hyper_dijkstra.h, /xavier_ssd/TrekBot/TrekBot2_WS/devel/include/orb_slam_2/Thirdparty/g2o/g2o/core/hyper_dijkstra.h)
Linked: (/xavier_ssd/TrekBot/TrekBot2_WS/devel/.private/orb_slam_2_catkin/include/orb_slam_2/Thirdparty/g2o/g2o/core/sparse_block_matrix_ccs.h, /xavier_ssd/TrekBot/TrekBot2_WS/devel/include/orb_slam_2/Thirdparty/g2o/g2o/core/sparse_block_matrix_ccs.h)
Linked: (/xavier_ssd/TrekBot/TrekBot2_WS/devel/.private/orb_slam_2_catkin/include/orb_slam_2/Thirdparty/g2o/g2o/core/base_binary_edge.hpp, /xavier_ssd/TrekBot/TrekBot2_WS/devel/include/orb_slam_2/Thirdparty/g2o/g2o/core/base_binary_edge.hpp)
Linked: (/xavier_ssd/TrekBot/TrekBot2_WS/devel/.private/orb_slam_2_catkin/include/orb_slam_2/Thirdparty/g2o/g2o/core/marginal_covariance_cholesky.cpp, /xavier_ssd/TrekBot/TrekBot2_WS/devel/include/orb_slam_2/Thirdparty/g2o/g2o/core/marginal_covariance_cholesky.cpp)
Linked: (/xavier_ssd/TrekBot/TrekBot2_WS/devel/.private/orb_slam_2_catkin/include/orb_slam_2/Thirdparty/g2o/g2o/core/matrix_operations.h, /xavier_ssd/TrekBot/TrekBot2_WS/devel/include/orb_slam_2/Thirdparty/g2o/g2o/core/matrix_operations.h)
Linked: (/xavier_ssd/TrekBot/TrekBot2_WS/devel/.private/orb_slam_2_catkin/include/orb_slam_2/Thirdparty/g2o/g2o/core/optimization_algorithm_gauss_newton.h, /xavier_ssd/TrekBot/TrekBot2_WS/devel/include/orb_slam_2/Thirdparty/g2o/g2o/core/optimization_algorithm_gauss_newton.h)
Linked: (/xavier_ssd/TrekBot/TrekBot2_WS/devel/.private/orb_slam_2_catkin/include/orb_slam_2/Thirdparty/g2o/g2o/core/solver.cpp, /xavier_ssd/TrekBot/TrekBot2_WS/devel/include/orb_slam_2/Thirdparty/g2o/g2o/core/solver.cpp)
Linked: (/xavier_ssd/TrekBot/TrekBot2_WS/devel/.private/orb_slam_2_catkin/include/orb_slam_2/Thirdparty/g2o/g2o/core/sparse_optimizer.h, /xavier_ssd/TrekBot/TrekBot2_WS/devel/include/orb_slam_2/Thirdparty/g2o/g2o/core/sparse_optimizer.h)
Linked: (/xavier_ssd/TrekBot/TrekBot2_WS/devel/.private/orb_slam_2_catkin/include/orb_slam_2/Thirdparty/g2o/g2o/core/optimization_algorithm_dogleg.h, /xavier_ssd/TrekBot/TrekBot2_WS/devel/include/orb_slam_2/Thirdparty/g2o/g2o/core/optimization_algorithm_dogleg.h)
Linked: (/xavier_ssd/TrekBot/TrekBot2_WS/devel/.private/orb_slam_2_catkin/include/orb_slam_2/Thirdparty/g2o/g2o/stuff/color_macros.h, /xavier_ssd/TrekBot/TrekBot2_WS/devel/include/orb_slam_2/Thirdparty/g2o/g2o/stuff/color_macros.h)
Linked: (/xavier_ssd/TrekBot/TrekBot2_WS/devel/.private/orb_slam_2_catkin/include/orb_slam_2/Thirdparty/g2o/g2o/stuff/macros.h, /xavier_ssd/TrekBot/TrekBot2_WS/devel/include/orb_slam_2/Thirdparty/g2o/g2o/stuff/macros.h)
Linked: (/xavier_ssd/TrekBot/TrekBot2_WS/devel/.private/orb_slam_2_catkin/include/orb_slam_2/Thirdparty/g2o/g2o/stuff/os_specific.h, /xavier_ssd/TrekBot/TrekBot2_WS/devel/include/orb_slam_2/Thirdparty/g2o/g2o/stuff/os_specific.h)
Linked: (/xavier_ssd/TrekBot/TrekBot2_WS/devel/.private/orb_slam_2_catkin/include/orb_slam_2/Thirdparty/g2o/g2o/stuff/string_tools.cpp, /xavier_ssd/TrekBot/TrekBot2_WS/devel/include/orb_slam_2/Thirdparty/g2o/g2o/stuff/string_tools.cpp)
Linked: (/xavier_ssd/TrekBot/TrekBot2_WS/devel/.private/orb_slam_2_catkin/include/orb_slam_2/Thirdparty/g2o/g2o/stuff/property.h, /xavier_ssd/TrekBot/TrekBot2_WS/devel/include/orb_slam_2/Thirdparty/g2o/g2o/stuff/property.h)
Linked: (/xavier_ssd/TrekBot/TrekBot2_WS/devel/.private/orb_slam_2_catkin/include/orb_slam_2/Thirdparty/g2o/g2o/stuff/string_tools.h, /xavier_ssd/TrekBot/TrekBot2_WS/devel/include/orb_slam_2/Thirdparty/g2o/g2o/stuff/string_tools.h)
Linked: (/xavier_ssd/TrekBot/TrekBot2_WS/devel/.private/orb_slam_2_catkin/include/orb_slam_2/Thirdparty/g2o/g2o/stuff/property.cpp, /xavier_ssd/TrekBot/TrekBot2_WS/devel/include/orb_slam_2/Thirdparty/g2o/g2o/stuff/property.cpp)
Linked: (/xavier_ssd/TrekBot/TrekBot2_WS/devel/.private/orb_slam_2_catkin/include/orb_slam_2/Thirdparty/g2o/g2o/stuff/misc.h, /xavier_ssd/TrekBot/TrekBot2_WS/devel/include/orb_slam_2/Thirdparty/g2o/g2o/stuff/misc.h)
Linked: (/xavier_ssd/TrekBot/TrekBot2_WS/devel/.private/orb_slam_2_catkin/include/orb_slam_2/Thirdparty/g2o/g2o/stuff/timeutil.cpp, /xavier_ssd/TrekBot/TrekBot2_WS/devel/include/orb_slam_2/Thirdparty/g2o/g2o/stuff/timeutil.cpp)
Linked: (/xavier_ssd/TrekBot/TrekBot2_WS/devel/.private/orb_slam_2_catkin/include/orb_slam_2/Thirdparty/g2o/g2o/stuff/timeutil.h, /xavier_ssd/TrekBot/TrekBot2_WS/devel/include/orb_slam_2/Thirdparty/g2o/g2o/stuff/timeutil.h)
Linked: (/xavier_ssd/TrekBot/TrekBot2_WS/devel/.private/orb_slam_2_catkin/include/orb_slam_2/Thirdparty/g2o/g2o/stuff/os_specific.c, /xavier_ssd/TrekBot/TrekBot2_WS/devel/include/orb_slam_2/Thirdparty/g2o/g2o/stuff/os_specific.c)
Linked: (/xavier_ssd/TrekBot/TrekBot2_WS/devel/.private/orb_slam_2_catkin/include/orb_slam_2/Thirdparty/DBoW2/DUtils/Timestamp.h, /xavier_ssd/TrekBot/TrekBot2_WS/devel/include/orb_slam_2/Thirdparty/DBoW2/DUtils/Timestamp.h)
Linked: (/xavier_ssd/TrekBot/TrekBot2_WS/devel/.private/orb_slam_2_catkin/include/orb_slam_2/Thirdparty/DBoW2/DUtils/Timestamp.cpp, /xavier_ssd/TrekBot/TrekBot2_WS/devel/include/orb_slam_2/Thirdparty/DBoW2/DUtils/Timestamp.cpp)
Linked: (/xavier_ssd/TrekBot/TrekBot2_WS/devel/.private/orb_slam_2_catkin/include/orb_slam_2/Thirdparty/DBoW2/DUtils/Random.h, /xavier_ssd/TrekBot/TrekBot2_WS/devel/include/orb_slam_2/Thirdparty/DBoW2/DUtils/Random.h)
Linked: (/xavier_ssd/TrekBot/TrekBot2_WS/devel/.private/orb_slam_2_catkin/include/orb_slam_2/Thirdparty/DBoW2/DUtils/Random.cpp, /xavier_ssd/TrekBot/TrekBot2_WS/devel/include/orb_slam_2/Thirdparty/DBoW2/DUtils/Random.cpp)
Linked: (/xavier_ssd/TrekBot/TrekBot2_WS/devel/.private/orb_slam_2_catkin/include/orb_slam_2/Thirdparty/DBoW2/DBoW2/FeatureVector.h, /xavier_ssd/TrekBot/TrekBot2_WS/devel/include/orb_slam_2/Thirdparty/DBoW2/DBoW2/FeatureVector.h)
Linked: (/xavier_ssd/TrekBot/TrekBot2_WS/devel/.private/orb_slam_2_catkin/include/orb_slam_2/Thirdparty/DBoW2/DBoW2/FeatureVector.cpp, /xavier_ssd/TrekBot/TrekBot2_WS/devel/include/orb_slam_2/Thirdparty/DBoW2/DBoW2/FeatureVector.cpp)
Linked: (/xavier_ssd/TrekBot/TrekBot2_WS/devel/.private/orb_slam_2_catkin/include/orb_slam_2/Thirdparty/DBoW2/DBoW2/ScoringObject.h, /xavier_ssd/TrekBot/TrekBot2_WS/devel/include/orb_slam_2/Thirdparty/DBoW2/DBoW2/ScoringObject.h)
Linked: (/xavier_ssd/TrekBot/TrekBot2_WS/devel/.private/orb_slam_2_catkin/include/orb_slam_2/Thirdparty/DBoW2/DBoW2/TemplatedVocabulary.h, /xavier_ssd/TrekBot/TrekBot2_WS/devel/include/orb_slam_2/Thirdparty/DBoW2/DBoW2/TemplatedVocabulary.h)
Linked: (/xavier_ssd/TrekBot/TrekBot2_WS/devel/.private/orb_slam_2_catkin/include/orb_slam_2/Thirdparty/DBoW2/DBoW2/ScoringObject.cpp, /xavier_ssd/TrekBot/TrekBot2_WS/devel/include/orb_slam_2/Thirdparty/DBoW2/DBoW2/ScoringObject.cpp)
Linked: (/xavier_ssd/TrekBot/TrekBot2_WS/devel/.private/orb_slam_2_catkin/include/orb_slam_2/Thirdparty/DBoW2/DBoW2/BowVector.h, /xavier_ssd/TrekBot/TrekBot2_WS/devel/include/orb_slam_2/Thirdparty/DBoW2/DBoW2/BowVector.h)
Linked: (/xavier_ssd/TrekBot/TrekBot2_WS/devel/.private/orb_slam_2_catkin/include/orb_slam_2/Thirdparty/DBoW2/DBoW2/BowVector.cpp, /xavier_ssd/TrekBot/TrekBot2_WS/devel/include/orb_slam_2/Thirdparty/DBoW2/DBoW2/BowVector.cpp)
Linked: (/xavier_ssd/TrekBot/TrekBot2_WS/devel/.private/orb_slam_2_catkin/include/orb_slam_2/Thirdparty/DBoW2/DBoW2/FClass.h, /xavier_ssd/TrekBot/TrekBot2_WS/devel/include/orb_slam_2/Thirdparty/DBoW2/DBoW2/FClass.h)
Linked: (/xavier_ssd/TrekBot/TrekBot2_WS/devel/.private/orb_slam_2_catkin/include/orb_slam_2/Thirdparty/DBoW2/DBoW2/FORB.h, /xavier_ssd/TrekBot/TrekBot2_WS/devel/include/orb_slam_2/Thirdparty/DBoW2/DBoW2/FORB.h)
Linked: (/xavier_ssd/TrekBot/TrekBot2_WS/devel/.private/orb_slam_2_catkin/include/orb_slam_2/Thirdparty/DBoW2/DBoW2/FORB.cpp, /xavier_ssd/TrekBot/TrekBot2_WS/devel/include/orb_slam_2/Thirdparty/DBoW2/DBoW2/FORB.cpp)
