Symlinking /xavier_ssd/TrekBot/TrekBot2_WS/devel/share/orb_slam_2_catkin/cmake/orb_slam_2-extras.cmake
Symlinking /xavier_ssd/TrekBot/TrekBot2_WS/devel/share/orb_slam_2_catkin/cmake/orb_slam_2_catkinConfig-version.cmake
Symlinking /xavier_ssd/TrekBot/TrekBot2_WS/devel/share/orb_slam_2_catkin/cmake/orb_slam_2_catkinConfig.cmake
Symlinking /xavier_ssd/TrekBot/TrekBot2_WS/devel/lib/libORB_SLAM2.so
Symlinking /xavier_ssd/TrekBot/TrekBot2_WS/devel/lib/liborb_slam_2_catkin.so
Symlinking /xavier_ssd/TrekBot/TrekBot2_WS/devel/lib/pkgconfig/orb_slam_2_catkin.pc
Symlinking /xavier_ssd/TrekBot/TrekBot2_WS/devel/include/orb_slam_2/LoopClosing.h
Symlinking /xavier_ssd/TrekBot/TrekBot2_WS/devel/include/orb_slam_2/Map.h
Symlinking /xavier_ssd/TrekBot/TrekBot2_WS/devel/include/orb_slam_2/Initializer.h
Symlinking /xavier_ssd/TrekBot/TrekBot2_WS/devel/include/orb_slam_2/LocalMapping.h
Symlinking /xavier_ssd/TrekBot/TrekBot2_WS/devel/include/orb_slam_2/MapDrawer.h
Symlinking /xavier_ssd/TrekBot/TrekBot2_WS/devel/include/orb_slam_2/Optimizer.h
Symlinking /xavier_ssd/TrekBot/TrekBot2_WS/devel/include/orb_slam_2/KeyFrame.h
Symlinking /xavier_ssd/TrekBot/TrekBot2_WS/devel/include/orb_slam_2/KeyFrameDatabase.h
Symlinking /xavier_ssd/TrekBot/TrekBot2_WS/devel/include/orb_slam_2/FrameDrawer.h
Symlinking /xavier_ssd/TrekBot/TrekBot2_WS/devel/include/orb_slam_2/Viewer.h
Symlinking /xavier_ssd/TrekBot/TrekBot2_WS/devel/include/orb_slam_2/ORBmatcher.h
Symlinking /xavier_ssd/TrekBot/TrekBot2_WS/devel/include/orb_slam_2/ORBextractor.h
Symlinking /xavier_ssd/TrekBot/TrekBot2_WS/devel/include/orb_slam_2/Sim3Solver.h
Symlinking /xavier_ssd/TrekBot/TrekBot2_WS/devel/include/orb_slam_2/Frame.h
Symlinking /xavier_ssd/TrekBot/TrekBot2_WS/devel/include/orb_slam_2/Tracking.h
Symlinking /xavier_ssd/TrekBot/TrekBot2_WS/devel/include/orb_slam_2/System.h
Symlinking /xavier_ssd/TrekBot/TrekBot2_WS/devel/include/orb_slam_2/MapPoint.h
Symlinking /xavier_ssd/TrekBot/TrekBot2_WS/devel/include/orb_slam_2/PnPsolver.h
Symlinking /xavier_ssd/TrekBot/TrekBot2_WS/devel/include/orb_slam_2/Converter.h
Symlinking /xavier_ssd/TrekBot/TrekBot2_WS/devel/include/orb_slam_2/ORBVocabulary.h
Symlinking /xavier_ssd/TrekBot/TrekBot2_WS/devel/include/orb_slam_2/Thirdparty/g2o/config.h
Symlinking /xavier_ssd/TrekBot/TrekBot2_WS/devel/include/orb_slam_2/Thirdparty/g2o/g2o/types/se3_ops.h
Symlinking /xavier_ssd/TrekBot/TrekBot2_WS/devel/include/orb_slam_2/Thirdparty/g2o/g2o/types/types_six_dof_expmap.cpp
Symlinking /xavier_ssd/TrekBot/TrekBot2_WS/devel/include/orb_slam_2/Thirdparty/g2o/g2o/types/se3_ops.hpp
Symlinking /xavier_ssd/TrekBot/TrekBot2_WS/devel/include/orb_slam_2/Thirdparty/g2o/g2o/types/types_sba.h
Symlinking /xavier_ssd/TrekBot/TrekBot2_WS/devel/include/orb_slam_2/Thirdparty/g2o/g2o/types/types_six_dof_expmap.h
Symlinking /xavier_ssd/TrekBot/TrekBot2_WS/devel/include/orb_slam_2/Thirdparty/g2o/g2o/types/se3quat.h
Symlinking /xavier_ssd/TrekBot/TrekBot2_WS/devel/include/orb_slam_2/Thirdparty/g2o/g2o/types/types_sba.cpp
Symlinking /xavier_ssd/TrekBot/TrekBot2_WS/devel/include/orb_slam_2/Thirdparty/g2o/g2o/types/types_seven_dof_expmap.cpp
Symlinking /xavier_ssd/TrekBot/TrekBot2_WS/devel/include/orb_slam_2/Thirdparty/g2o/g2o/types/types_seven_dof_expmap.h
Symlinking /xavier_ssd/TrekBot/TrekBot2_WS/devel/include/orb_slam_2/Thirdparty/g2o/g2o/types/sim3.h
Symlinking /xavier_ssd/TrekBot/TrekBot2_WS/devel/include/orb_slam_2/Thirdparty/g2o/g2o/solvers/linear_solver_dense.h
Symlinking /xavier_ssd/TrekBot/TrekBot2_WS/devel/include/orb_slam_2/Thirdparty/g2o/g2o/solvers/linear_solver_eigen.h
Symlinking /xavier_ssd/TrekBot/TrekBot2_WS/devel/include/orb_slam_2/Thirdparty/g2o/g2o/core/batch_stats.cpp
Symlinking /xavier_ssd/TrekBot/TrekBot2_WS/devel/include/orb_slam_2/Thirdparty/g2o/g2o/core/hyper_graph_action.h
Symlinking /xavier_ssd/TrekBot/TrekBot2_WS/devel/include/orb_slam_2/Thirdparty/g2o/g2o/core/marginal_covariance_cholesky.h
Symlinking /xavier_ssd/TrekBot/TrekBot2_WS/devel/include/orb_slam_2/Thirdparty/g2o/g2o/core/batch_stats.h
Symlinking /xavier_ssd/TrekBot/TrekBot2_WS/devel/include/orb_slam_2/Thirdparty/g2o/g2o/core/jacobian_workspace.h
Symlinking /xavier_ssd/TrekBot/TrekBot2_WS/devel/include/orb_slam_2/Thirdparty/g2o/g2o/core/optimization_algorithm_gauss_newton.cpp
Symlinking /xavier_ssd/TrekBot/TrekBot2_WS/devel/include/orb_slam_2/Thirdparty/g2o/g2o/core/parameter_container.h
Symlinking /xavier_ssd/TrekBot/TrekBot2_WS/devel/include/orb_slam_2/Thirdparty/g2o/g2o/core/parameter.cpp
Symlinking /xavier_ssd/TrekBot/TrekBot2_WS/devel/include/orb_slam_2/Thirdparty/g2o/g2o/core/factory.h
Symlinking /xavier_ssd/TrekBot/TrekBot2_WS/devel/include/orb_slam_2/Thirdparty/g2o/g2o/core/hyper_graph.h
Symlinking /xavier_ssd/TrekBot/TrekBot2_WS/devel/include/orb_slam_2/Thirdparty/g2o/g2o/core/robust_kernel.h
Symlinking /xavier_ssd/TrekBot/TrekBot2_WS/devel/include/orb_slam_2/Thirdparty/g2o/g2o/core/base_edge.h
Symlinking /xavier_ssd/TrekBot/TrekBot2_WS/devel/include/orb_slam_2/Thirdparty/g2o/g2o/core/hyper_graph_action.cpp
Symlinking /xavier_ssd/TrekBot/TrekBot2_WS/devel/include/orb_slam_2/Thirdparty/g2o/g2o/core/estimate_propagator.h
Symlinking /xavier_ssd/TrekBot/TrekBot2_WS/devel/include/orb_slam_2/Thirdparty/g2o/g2o/core/optimization_algorithm_dogleg.cpp
Symlinking /xavier_ssd/TrekBot/TrekBot2_WS/devel/include/orb_slam_2/Thirdparty/g2o/g2o/core/block_solver.hpp
Symlinking /xavier_ssd/TrekBot/TrekBot2_WS/devel/include/orb_slam_2/Thirdparty/g2o/g2o/core/optimization_algorithm_levenberg.cpp
Symlinking /xavier_ssd/TrekBot/TrekBot2_WS/devel/include/orb_slam_2/Thirdparty/g2o/g2o/core/base_binary_edge.h
Symlinking /xavier_ssd/TrekBot/TrekBot2_WS/devel/include/orb_slam_2/Thirdparty/g2o/g2o/core/base_multi_edge.hpp
Symlinking /xavier_ssd/TrekBot/TrekBot2_WS/devel/include/orb_slam_2/Thirdparty/g2o/g2o/core/optimizable_graph.cpp
Symlinking /xavier_ssd/TrekBot/TrekBot2_WS/devel/include/orb_slam_2/Thirdparty/g2o/g2o/core/factory.cpp
Symlinking /xavier_ssd/TrekBot/TrekBot2_WS/devel/include/orb_slam_2/Thirdparty/g2o/g2o/core/optimization_algorithm_factory.cpp
Symlinking /xavier_ssd/TrekBot/TrekBot2_WS/devel/include/orb_slam_2/Thirdparty/g2o/g2o/core/matrix_structure.cpp
Symlinking /xavier_ssd/TrekBot/TrekBot2_WS/devel/include/orb_slam_2/Thirdparty/g2o/g2o/core/sparse_block_matrix_diagonal.h
Symlinking /xavier_ssd/TrekBot/TrekBot2_WS/devel/include/orb_slam_2/Thirdparty/g2o/g2o/core/base_vertex.hpp
Symlinking /xavier_ssd/TrekBot/TrekBot2_WS/devel/include/orb_slam_2/Thirdparty/g2o/g2o/core/openmp_mutex.h
Symlinking /xavier_ssd/TrekBot/TrekBot2_WS/devel/include/orb_slam_2/Thirdparty/g2o/g2o/core/hyper_dijkstra.cpp
Symlinking /xavier_ssd/TrekBot/TrekBot2_WS/devel/include/orb_slam_2/Thirdparty/g2o/g2o/core/base_unary_edge.h
Symlinking /xavier_ssd/TrekBot/TrekBot2_WS/devel/include/orb_slam_2/Thirdparty/g2o/g2o/core/creators.h
Symlinking /xavier_ssd/TrekBot/TrekBot2_WS/devel/include/orb_slam_2/Thirdparty/g2o/g2o/core/parameter.h
Symlinking /xavier_ssd/TrekBot/TrekBot2_WS/devel/include/orb_slam_2/Thirdparty/g2o/g2o/core/linear_solver.h
Symlinking /xavier_ssd/TrekBot/TrekBot2_WS/devel/include/orb_slam_2/Thirdparty/g2o/g2o/core/optimization_algorithm_with_hessian.h
Symlinking /xavier_ssd/TrekBot/TrekBot2_WS/devel/include/orb_slam_2/Thirdparty/g2o/g2o/core/jacobian_workspace.cpp
Symlinking /xavier_ssd/TrekBot/TrekBot2_WS/devel/include/orb_slam_2/Thirdparty/g2o/g2o/core/robust_kernel_impl.h
Symlinking /xavier_ssd/TrekBot/TrekBot2_WS/devel/include/orb_slam_2/Thirdparty/g2o/g2o/core/matrix_structure.h
Symlinking /xavier_ssd/TrekBot/TrekBot2_WS/devel/include/orb_slam_2/Thirdparty/g2o/g2o/core/estimate_propagator.cpp
Symlinking /xavier_ssd/TrekBot/TrekBot2_WS/devel/include/orb_slam_2/Thirdparty/g2o/g2o/core/base_multi_edge.h
Symlinking /xavier_ssd/TrekBot/TrekBot2_WS/devel/include/orb_slam_2/Thirdparty/g2o/g2o/core/optimization_algorithm_with_hessian.cpp
Symlinking /xavier_ssd/TrekBot/TrekBot2_WS/devel/include/orb_slam_2/Thirdparty/g2o/g2o/core/sparse_block_matrix.hpp
Symlinking /xavier_ssd/TrekBot/TrekBot2_WS/devel/include/orb_slam_2/Thirdparty/g2o/g2o/core/solver.h
Symlinking /xavier_ssd/TrekBot/TrekBot2_WS/devel/include/orb_slam_2/Thirdparty/g2o/g2o/core/sparse_optimizer.cpp
Symlinking /xavier_ssd/TrekBot/TrekBot2_WS/devel/include/orb_slam_2/Thirdparty/g2o/g2o/core/robust_kernel.cpp
Symlinking /xavier_ssd/TrekBot/TrekBot2_WS/devel/include/orb_slam_2/Thirdparty/g2o/g2o/core/base_vertex.h
Symlinking /xavier_ssd/TrekBot/TrekBot2_WS/devel/include/orb_slam_2/Thirdparty/g2o/g2o/core/robust_kernel_impl.cpp
Symlinking /xavier_ssd/TrekBot/TrekBot2_WS/devel/include/orb_slam_2/Thirdparty/g2o/g2o/core/robust_kernel_factory.h
Symlinking /xavier_ssd/TrekBot/TrekBot2_WS/devel/include/orb_slam_2/Thirdparty/g2o/g2o/core/hyper_graph.cpp
Symlinking /xavier_ssd/TrekBot/TrekBot2_WS/devel/include/orb_slam_2/Thirdparty/g2o/g2o/core/base_unary_edge.hpp
Symlinking /xavier_ssd/TrekBot/TrekBot2_WS/devel/include/orb_slam_2/Thirdparty/g2o/g2o/core/cache.h
Symlinking /xavier_ssd/TrekBot/TrekBot2_WS/devel/include/orb_slam_2/Thirdparty/g2o/g2o/core/parameter_container.cpp
Symlinking /xavier_ssd/TrekBot/TrekBot2_WS/devel/include/orb_slam_2/Thirdparty/g2o/g2o/core/robust_kernel_factory.cpp
Symlinking /xavier_ssd/TrekBot/TrekBot2_WS/devel/include/orb_slam_2/Thirdparty/g2o/g2o/core/optimization_algorithm.h
Symlinking /xavier_ssd/TrekBot/TrekBot2_WS/devel/include/orb_slam_2/Thirdparty/g2o/g2o/core/sparse_block_matrix.h
Symlinking /xavier_ssd/TrekBot/TrekBot2_WS/devel/include/orb_slam_2/Thirdparty/g2o/g2o/core/optimization_algorithm_levenberg.h
Symlinking /xavier_ssd/TrekBot/TrekBot2_WS/devel/include/orb_slam_2/Thirdparty/g2o/g2o/core/eigen_types.h
Symlinking /xavier_ssd/TrekBot/TrekBot2_WS/devel/include/orb_slam_2/Thirdparty/g2o/g2o/core/optimization_algorithm_property.h
Symlinking /xavier_ssd/TrekBot/TrekBot2_WS/devel/include/orb_slam_2/Thirdparty/g2o/g2o/core/cache.cpp
Symlinking /xavier_ssd/TrekBot/TrekBot2_WS/devel/include/orb_slam_2/Thirdparty/g2o/g2o/core/optimization_algorithm_factory.h
Symlinking /xavier_ssd/TrekBot/TrekBot2_WS/devel/include/orb_slam_2/Thirdparty/g2o/g2o/core/optimizable_graph.h
Symlinking /xavier_ssd/TrekBot/TrekBot2_WS/devel/include/orb_slam_2/Thirdparty/g2o/g2o/core/block_solver.h
Symlinking /xavier_ssd/TrekBot/TrekBot2_WS/devel/include/orb_slam_2/Thirdparty/g2o/g2o/core/optimization_algorithm.cpp
Symlinking /xavier_ssd/TrekBot/TrekBot2_WS/devel/include/orb_slam_2/Thirdparty/g2o/g2o/core/sparse_block_matrix_test.cpp
Symlinking /xavier_ssd/TrekBot/TrekBot2_WS/devel/include/orb_slam_2/Thirdparty/g2o/g2o/core/hyper_dijkstra.h
Symlinking /xavier_ssd/TrekBot/TrekBot2_WS/devel/include/orb_slam_2/Thirdparty/g2o/g2o/core/sparse_block_matrix_ccs.h
Symlinking /xavier_ssd/TrekBot/TrekBot2_WS/devel/include/orb_slam_2/Thirdparty/g2o/g2o/core/base_binary_edge.hpp
Symlinking /xavier_ssd/TrekBot/TrekBot2_WS/devel/include/orb_slam_2/Thirdparty/g2o/g2o/core/marginal_covariance_cholesky.cpp
Symlinking /xavier_ssd/TrekBot/TrekBot2_WS/devel/include/orb_slam_2/Thirdparty/g2o/g2o/core/matrix_operations.h
Symlinking /xavier_ssd/TrekBot/TrekBot2_WS/devel/include/orb_slam_2/Thirdparty/g2o/g2o/core/optimization_algorithm_gauss_newton.h
Symlinking /xavier_ssd/TrekBot/TrekBot2_WS/devel/include/orb_slam_2/Thirdparty/g2o/g2o/core/solver.cpp
Symlinking /xavier_ssd/TrekBot/TrekBot2_WS/devel/include/orb_slam_2/Thirdparty/g2o/g2o/core/sparse_optimizer.h
Symlinking /xavier_ssd/TrekBot/TrekBot2_WS/devel/include/orb_slam_2/Thirdparty/g2o/g2o/core/optimization_algorithm_dogleg.h
Symlinking /xavier_ssd/TrekBot/TrekBot2_WS/devel/include/orb_slam_2/Thirdparty/g2o/g2o/stuff/color_macros.h
Symlinking /xavier_ssd/TrekBot/TrekBot2_WS/devel/include/orb_slam_2/Thirdparty/g2o/g2o/stuff/macros.h
Symlinking /xavier_ssd/TrekBot/TrekBot2_WS/devel/include/orb_slam_2/Thirdparty/g2o/g2o/stuff/os_specific.h
Symlinking /xavier_ssd/TrekBot/TrekBot2_WS/devel/include/orb_slam_2/Thirdparty/g2o/g2o/stuff/string_tools.cpp
Symlinking /xavier_ssd/TrekBot/TrekBot2_WS/devel/include/orb_slam_2/Thirdparty/g2o/g2o/stuff/property.h
Symlinking /xavier_ssd/TrekBot/TrekBot2_WS/devel/include/orb_slam_2/Thirdparty/g2o/g2o/stuff/string_tools.h
Symlinking /xavier_ssd/TrekBot/TrekBot2_WS/devel/include/orb_slam_2/Thirdparty/g2o/g2o/stuff/property.cpp
Symlinking /xavier_ssd/TrekBot/TrekBot2_WS/devel/include/orb_slam_2/Thirdparty/g2o/g2o/stuff/misc.h
Symlinking /xavier_ssd/TrekBot/TrekBot2_WS/devel/include/orb_slam_2/Thirdparty/g2o/g2o/stuff/timeutil.cpp
Symlinking /xavier_ssd/TrekBot/TrekBot2_WS/devel/include/orb_slam_2/Thirdparty/g2o/g2o/stuff/timeutil.h
Symlinking /xavier_ssd/TrekBot/TrekBot2_WS/devel/include/orb_slam_2/Thirdparty/g2o/g2o/stuff/os_specific.c
Symlinking /xavier_ssd/TrekBot/TrekBot2_WS/devel/include/orb_slam_2/Thirdparty/DBoW2/DUtils/Timestamp.h
Symlinking /xavier_ssd/TrekBot/TrekBot2_WS/devel/include/orb_slam_2/Thirdparty/DBoW2/DUtils/Timestamp.cpp
Symlinking /xavier_ssd/TrekBot/TrekBot2_WS/devel/include/orb_slam_2/Thirdparty/DBoW2/DUtils/Random.h
Symlinking /xavier_ssd/TrekBot/TrekBot2_WS/devel/include/orb_slam_2/Thirdparty/DBoW2/DUtils/Random.cpp
Symlinking /xavier_ssd/TrekBot/TrekBot2_WS/devel/include/orb_slam_2/Thirdparty/DBoW2/DBoW2/FeatureVector.h
Symlinking /xavier_ssd/TrekBot/TrekBot2_WS/devel/include/orb_slam_2/Thirdparty/DBoW2/DBoW2/FeatureVector.cpp
Symlinking /xavier_ssd/TrekBot/TrekBot2_WS/devel/include/orb_slam_2/Thirdparty/DBoW2/DBoW2/ScoringObject.h
Symlinking /xavier_ssd/TrekBot/TrekBot2_WS/devel/include/orb_slam_2/Thirdparty/DBoW2/DBoW2/TemplatedVocabulary.h
Symlinking /xavier_ssd/TrekBot/TrekBot2_WS/devel/include/orb_slam_2/Thirdparty/DBoW2/DBoW2/ScoringObject.cpp
Symlinking /xavier_ssd/TrekBot/TrekBot2_WS/devel/include/orb_slam_2/Thirdparty/DBoW2/DBoW2/BowVector.h
Symlinking /xavier_ssd/TrekBot/TrekBot2_WS/devel/include/orb_slam_2/Thirdparty/DBoW2/DBoW2/BowVector.cpp
Symlinking /xavier_ssd/TrekBot/TrekBot2_WS/devel/include/orb_slam_2/Thirdparty/DBoW2/DBoW2/FClass.h
Symlinking /xavier_ssd/TrekBot/TrekBot2_WS/devel/include/orb_slam_2/Thirdparty/DBoW2/DBoW2/FORB.h
Symlinking /xavier_ssd/TrekBot/TrekBot2_WS/devel/include/orb_slam_2/Thirdparty/DBoW2/DBoW2/FORB.cpp
