[ 10%] [34m[1mPerforming download step (git clone) for 'orb_slam_2_src'[0m
Cloning into 'orb_slam_2_src'...
git@github.com: Permission denied (publickey).
fatal: Could not read from remote repository.

Please make sure you have the correct access rights
and the repository exists.
Cloning into 'orb_slam_2_src'...
git@github.com: Permission denied (publickey).
fatal: Could not read from remote repository.

Please make sure you have the correct access rights
and the repository exists.
Cloning into 'orb_slam_2_src'...
git@github.com: Permission denied (publickey).
fatal: Could not read from remote repository.

Please make sure you have the correct access rights
and the repository exists.
-- Had to git clone more than once:
          3 times.
CMake Error at /xavier_ssd/TrekBot/TrekBot2_WS/build/orb_slam_2_catkin/orb_slam_2_src-prefix/tmp/orb_slam_2_src-gitclone.cmake:66 (message):
  Failed to clone repository: 'git@github.com:raulmur/ORB_SLAM2.git'


CMakeFiles/orb_slam_2_src.dir/build.make:89: recipe for target 'orb_slam_2_src-prefix/src/orb_slam_2_src-stamp/orb_slam_2_src-download' failed
make[2]: *** [orb_slam_2_src-prefix/src/orb_slam_2_src-stamp/orb_slam_2_src-download] Error 1
CMakeFiles/Makefile2:67: recipe for target 'CMakeFiles/orb_slam_2_src.dir/all' failed
make[1]: *** [CMakeFiles/orb_slam_2_src.dir/all] Error 2
Makefile:140: recipe for target 'all' failed
make: *** [all] Error 2
