[35m[1mScanning dependencies of target liburg_c[0m
[  5%] [32mBuilding C object CMakeFiles/liburg_c.dir/current/src/urg_sensor.c.o[0m
[  5%] [32mBuilding C object CMakeFiles/liburg_c.dir/current/src/urg_utils.c.o[0m
[  8%] [32mBuilding C object CMakeFiles/liburg_c.dir/current/src/urg_debug.c.o[0m
[ 11%] [32mBuilding C object CMakeFiles/liburg_c.dir/current/src/urg_connection.c.o[0m
[ 14%] [32mBuilding C object CMakeFiles/liburg_c.dir/current/src/urg_ring_buffer.c.o[0m
[ 17%] [32mBuilding C object CMakeFiles/liburg_c.dir/current/src/urg_serial.c.o[0m
[ 20%] [32mBuilding C object CMakeFiles/liburg_c.dir/current/src/urg_serial_utils.c.o[0m
[ 23%] [32mBuilding C object CMakeFiles/liburg_c.dir/current/src/urg_tcpclient.c.o[0m
[ 26%] [32mBuilding C object CMakeFiles/liburg_c.dir/current/src/urg_time.c.o[0m
[ 29%] [32m[1mLinking C shared library /xavier_ssd/TrekBot/TrekBot2_WS/devel/.private/urg_c/lib/libliburg_c.so[0m
[ 29%] Built target liburg_c
[35m[1mScanning dependencies of target open_urg_sensor[0m
[ 32%] [32mBuilding C object CMakeFiles/open_urg_sensor.dir/current/samples/open_urg_sensor.c.o[0m
[ 35%] [32m[1mLinking C shared library /xavier_ssd/TrekBot/TrekBot2_WS/devel/.private/urg_c/lib/libopen_urg_sensor.so[0m
[ 35%] Built target open_urg_sensor
[35m[1mScanning dependencies of target sensor_parameter[0m
[35m[1mScanning dependencies of target timeout_test[0m
[35m[1mScanning dependencies of target sync_time_stamp[0m
[35m[1mScanning dependencies of target get_multiecho[0m
[ 41%] [32mBuilding C object CMakeFiles/sync_time_stamp.dir/current/samples/sync_time_stamp.c.o[0m
[ 41%] [32mBuilding C object CMakeFiles/sensor_parameter.dir/current/samples/sensor_parameter.c.o[0m
[ 44%] [32mBuilding C object CMakeFiles/timeout_test.dir/current/samples/timeout_test.c.o[0m
[ 47%] [32mBuilding C object CMakeFiles/get_multiecho.dir/current/samples/get_multiecho.c.o[0m
[ 50%] [32m[1mLinking C executable /xavier_ssd/TrekBot/TrekBot2_WS/devel/.private/urg_c/lib/urg_c/timeout_test[0m
[ 52%] [32m[1mLinking C executable /xavier_ssd/TrekBot/TrekBot2_WS/devel/.private/urg_c/lib/urg_c/sensor_parameter[0m
[ 55%] [32m[1mLinking C executable /xavier_ssd/TrekBot/TrekBot2_WS/devel/.private/urg_c/lib/urg_c/get_multiecho[0m
[ 58%] [32m[1mLinking C executable /xavier_ssd/TrekBot/TrekBot2_WS/devel/.private/urg_c/lib/urg_c/sync_time_stamp[0m
[35m[1mScanning dependencies of target reboot_test[0m
[ 58%] Built target timeout_test
[ 61%] [32mBuilding C object CMakeFiles/reboot_test.dir/current/samples/reboot_test.c.o[0m
[ 61%] Built target sync_time_stamp
[ 61%] Built target sensor_parameter
[ 61%] Built target get_multiecho
[35m[1mScanning dependencies of target calculate_xy[0m
[35m[1mScanning dependencies of target angle_convert_test[0m
[35m[1mScanning dependencies of target find_port[0m
[35m[1mScanning dependencies of target get_distance[0m
[ 64%] [32mBuilding C object CMakeFiles/calculate_xy.dir/current/samples/calculate_xy.c.o[0m
[ 67%] [32mBuilding C object CMakeFiles/find_port.dir/current/samples/find_port.c.o[0m
[ 70%] [32mBuilding C object CMakeFiles/get_distance.dir/current/samples/get_distance.c.o[0m
[ 73%] [32mBuilding C object CMakeFiles/angle_convert_test.dir/current/samples/angle_convert_test.c.o[0m
[ 76%] [32m[1mLinking C executable /xavier_ssd/TrekBot/TrekBot2_WS/devel/.private/urg_c/lib/urg_c/reboot_test[0m
[ 79%] [32m[1mLinking C executable /xavier_ssd/TrekBot/TrekBot2_WS/devel/.private/urg_c/lib/urg_c/find_port[0m
[ 82%] [32m[1mLinking C executable /xavier_ssd/TrekBot/TrekBot2_WS/devel/.private/urg_c/lib/urg_c/get_distance[0m
[ 88%] [32m[1mLinking C executable /xavier_ssd/TrekBot/TrekBot2_WS/devel/.private/urg_c/lib/urg_c/calculate_xy[0m
[ 88%] [32m[1mLinking C executable /xavier_ssd/TrekBot/TrekBot2_WS/devel/.private/urg_c/lib/urg_c/angle_convert_test[0m
[ 88%] Built target reboot_test
[35m[1mScanning dependencies of target get_distance_intensity[0m
[ 91%] [32mBuilding C object CMakeFiles/get_distance_intensity.dir/current/samples/get_distance_intensity.c.o[0m
[ 91%] Built target find_port
[ 91%] Built target angle_convert_test
[ 91%] Built target calculate_xy
[ 91%] Built target get_distance
[35m[1mScanning dependencies of target get_multiecho_intensity[0m
[ 94%] [32m[1mLinking C executable /xavier_ssd/TrekBot/TrekBot2_WS/devel/.private/urg_c/lib/urg_c/get_distance_intensity[0m
[ 97%] [32mBuilding C object CMakeFiles/get_multiecho_intensity.dir/current/samples/get_multiecho_intensity.c.o[0m
[ 97%] Built target get_distance_intensity
[100%] [32m[1mLinking C executable /xavier_ssd/TrekBot/TrekBot2_WS/devel/.private/urg_c/lib/urg_c/get_multiecho_intensity[0m
[100%] Built target get_multiecho_intensity
