Determining if the pthread_create exist failed with the following output:
Change Dir: /xavier_ssd/TrekBot/TrekBot2_WS/build/global_planner/CMakeFiles/CMakeTmp

Run Build Command:"/usr/bin/make" "cmTC_91632/fast"
/usr/bin/make -f CMakeFiles/cmTC_91632.dir/build.make CMakeFiles/cmTC_91632.dir/build
make[1]: Entering directory '/xavier_ssd/TrekBot/TrekBot2_WS/build/global_planner/CMakeFiles/CMakeTmp'
Building C object CMakeFiles/cmTC_91632.dir/CheckSymbolExists.c.o
/usr/bin/cc    -o CMakeFiles/cmTC_91632.dir/CheckSymbolExists.c.o   -c /xavier_ssd/TrekBot/TrekBot2_WS/build/global_planner/CMakeFiles/CMakeTmp/CheckSymbolExists.c
Linking C executable cmTC_91632
/usr/bin/cmake -E cmake_link_script CMakeFiles/cmTC_91632.dir/link.txt --verbose=1
/usr/bin/cc      -rdynamic CMakeFiles/cmTC_91632.dir/CheckSymbolExists.c.o  -o cmTC_91632 
CMakeFiles/cmTC_91632.dir/CheckSymbolExists.c.o: In function `main':
CheckSymbolExists.c:(.text+0x14): undefined reference to `pthread_create'
CheckSymbolExists.c:(.text+0x18): undefined reference to `pthread_create'
collect2: error: ld returned 1 exit status
CMakeFiles/cmTC_91632.dir/build.make:97: recipe for target 'cmTC_91632' failed
make[1]: *** [cmTC_91632] Error 1
make[1]: Leaving directory '/xavier_ssd/TrekBot/TrekBot2_WS/build/global_planner/CMakeFiles/CMakeTmp'
Makefile:126: recipe for target 'cmTC_91632/fast' failed
make: *** [cmTC_91632/fast] Error 2

File /xavier_ssd/TrekBot/TrekBot2_WS/build/global_planner/CMakeFiles/CMakeTmp/CheckSymbolExists.c:
/* */
#include <pthread.h>

int main(int argc, char** argv)
{
  (void)argv;
#ifndef pthread_create
  return ((int*)(&pthread_create))[argc];
#else
  (void)argc;
  return 0;
#endif
}

Determining if the function pthread_create exists in the pthreads failed with the following output:
Change Dir: /xavier_ssd/TrekBot/TrekBot2_WS/build/global_planner/CMakeFiles/CMakeTmp

Run Build Command:"/usr/bin/make" "cmTC_f1a1f/fast"
/usr/bin/make -f CMakeFiles/cmTC_f1a1f.dir/build.make CMakeFiles/cmTC_f1a1f.dir/build
make[1]: Entering directory '/xavier_ssd/TrekBot/TrekBot2_WS/build/global_planner/CMakeFiles/CMakeTmp'
Building C object CMakeFiles/cmTC_f1a1f.dir/CheckFunctionExists.c.o
/usr/bin/cc   -DCHECK_FUNCTION_EXISTS=pthread_create   -o CMakeFiles/cmTC_f1a1f.dir/CheckFunctionExists.c.o   -c /usr/share/cmake-3.10/Modules/CheckFunctionExists.c
Linking C executable cmTC_f1a1f
/usr/bin/cmake -E cmake_link_script CMakeFiles/cmTC_f1a1f.dir/link.txt --verbose=1
/usr/bin/cc  -DCHECK_FUNCTION_EXISTS=pthread_create    -rdynamic CMakeFiles/cmTC_f1a1f.dir/CheckFunctionExists.c.o  -o cmTC_f1a1f -lpthreads 
/usr/bin/ld: cannot find -lpthreads
collect2: error: ld returned 1 exit status
CMakeFiles/cmTC_f1a1f.dir/build.make:97: recipe for target 'cmTC_f1a1f' failed
make[1]: *** [cmTC_f1a1f] Error 1
make[1]: Leaving directory '/xavier_ssd/TrekBot/TrekBot2_WS/build/global_planner/CMakeFiles/CMakeTmp'
Makefile:126: recipe for target 'cmTC_f1a1f/fast' failed
make: *** [cmTC_f1a1f/fast] Error 2


