[35m[1mScanning dependencies of target dense_stereo_node[0m
[  4%] [32mBuilding CXX object CMakeFiles/dense_stereo_node.dir/src/nodes/dense_stereo_node.cpp.o[0m
[35m[1mScanning dependencies of target stereo_undistort_node[0m
[  9%] [32mBuilding CXX object CMakeFiles/stereo_undistort_node.dir/src/nodes/stereo_undistort_node.cpp.o[0m
[35m[1mScanning dependencies of target image_undistort_node[0m
[ 14%] [32mBuilding CXX object CMakeFiles/image_undistort_node.dir/src/nodes/image_undistort_node.cpp.o[0m
[35m[1mScanning dependencies of target depth_node[0m
[ 19%] [32mBuilding CXX object CMakeFiles/depth_node.dir/src/nodes/depth_node.cpp.o[0m
[ 23%] [32m[1mLinking CXX executable /xavier_ssd/TrekBot/TrekBot2_WS/devel/.private/image_undistort/lib/image_undistort/stereo_undistort_node[0m
[ 28%] [32m[1mLinking CXX executable /xavier_ssd/TrekBot/TrekBot2_WS/devel/.private/image_undistort/lib/image_undistort/dense_stereo_node[0m
[ 33%] [32m[1mLinking CXX executable /xavier_ssd/TrekBot/TrekBot2_WS/devel/.private/image_undistort/lib/image_undistort/image_undistort_node[0m
[ 38%] [32m[1mLinking CXX executable /xavier_ssd/TrekBot/TrekBot2_WS/devel/.private/image_undistort/lib/image_undistort/depth_node[0m
[ 38%] Built target image_undistort_node
[35m[1mScanning dependencies of target stereo_info_node[0m
[ 38%] Built target dense_stereo_node
[ 38%] Built target stereo_undistort_node
[ 38%] Built target actionlib_msgs_generate_messages_py
[ 42%] [32mBuilding CXX object CMakeFiles/stereo_info_node.dir/src/nodes/stereo_info_node.cpp.o[0m
[ 42%] Built target tf2_msgs_generate_messages_nodejs
[ 42%] Built target tf2_msgs_generate_messages_eus
[ 42%] Built target tf2_msgs_generate_messages_cpp
[ 42%] Built target bond_generate_messages_lisp
[ 42%] Built target std_msgs_generate_messages_nodejs
[ 42%] Built target nodelet_generate_messages_nodejs
[ 42%] Built target pcl_msgs_generate_messages_nodejs
[ 42%] Built target nodelet_generate_messages_eus
[ 42%] Built target depth_node
[ 42%] Built target tf2_msgs_generate_messages_lisp
[ 42%] Built target dynamic_reconfigure_gencfg
[ 42%] Built target dynamic_reconfigure_generate_messages_py
[ 42%] Built target bond_generate_messages_nodejs
[ 42%] Built target std_msgs_generate_messages_cpp
[ 42%] Built target dynamic_reconfigure_generate_messages_lisp
[ 47%] [32m[1mLinking CXX executable /xavier_ssd/TrekBot/TrekBot2_WS/devel/.private/image_undistort/lib/image_undistort/stereo_info_node[0m
[ 47%] Built target stereo_info_node
[ 47%] Built target pcl_msgs_generate_messages_cpp
[ 47%] Built target rosgraph_msgs_generate_messages_cpp
[ 47%] Built target topic_tools_generate_messages_cpp
[ 47%] Built target pcl_ros_gencfg
[ 47%] Built target topic_tools_generate_messages_nodejs
[ 47%] Built target tf2_msgs_generate_messages_py
[ 47%] Built target actionlib_generate_messages_py
[ 47%] Built target dynamic_reconfigure_generate_messages_eus
[ 47%] Built target nodelet_generate_messages_lisp
[ 47%] Built target sensor_msgs_generate_messages_lisp
[ 47%] Built target nodelet_generate_messages_cpp
[ 47%] Built target bond_generate_messages_py
[ 47%] Built target std_srvs_generate_messages_nodejs
[ 47%] Built target roscpp_generate_messages_cpp
[ 47%] Built target sensor_msgs_generate_messages_nodejs
[ 47%] Built target actionlib_generate_messages_cpp
[ 47%] Built target std_srvs_generate_messages_eus
[ 47%] Built target geometry_msgs_generate_messages_nodejs
[ 47%] Built target roscpp_generate_messages_lisp
[ 47%] Built target bond_generate_messages_eus
[ 47%] Built target roscpp_generate_messages_nodejs
[ 47%] Built target std_msgs_generate_messages_lisp
[ 47%] Built target geometry_msgs_generate_messages_eus
[ 47%] Built target bond_generate_messages_cpp
[ 47%] Built target std_msgs_generate_messages_py
[ 47%] Built target roscpp_generate_messages_py
[ 47%] Built target dynamic_reconfigure_generate_messages_nodejs
[ 47%] Built target rosgraph_msgs_generate_messages_eus
[ 47%] Built target rosgraph_msgs_generate_messages_lisp
[ 47%] Built target std_msgs_generate_messages_eus
[ 47%] Built target actionlib_msgs_generate_messages_eus
[ 47%] Built target roscpp_generate_messages_eus
[ 47%] Built target rosgraph_msgs_generate_messages_py
[ 47%] Built target rosgraph_msgs_generate_messages_nodejs
[ 47%] Built target topic_tools_generate_messages_py
[ 47%] Built target actionlib_msgs_generate_messages_nodejs
[ 47%] Built target nodelet_topic_tools_gencfg
[ 47%] Built target std_srvs_generate_messages_lisp
[ 47%] Built target topic_tools_generate_messages_lisp
[ 47%] Built target pcl_msgs_generate_messages_eus
[ 47%] Built target topic_tools_generate_messages_eus
[ 47%] Built target sensor_msgs_generate_messages_cpp
[ 47%] Built target sensor_msgs_generate_messages_eus
[ 47%] Built target nodelet_generate_messages_py
[ 47%] Built target sensor_msgs_generate_messages_py
[ 47%] Built target dynamic_reconfigure_generate_messages_cpp
[ 47%] Built target tf_generate_messages_py
[ 47%] Built target actionlib_generate_messages_lisp
[ 47%] Built target geometry_msgs_generate_messages_cpp
[ 47%] Built target geometry_msgs_generate_messages_lisp
[ 47%] Built target std_srvs_generate_messages_cpp
[ 47%] Built target geometry_msgs_generate_messages_py
[ 47%] Built target actionlib_msgs_generate_messages_cpp
[ 47%] Built target tf_generate_messages_eus
[ 47%] Built target std_srvs_generate_messages_py
[ 47%] Built target tf_generate_messages_lisp
[ 47%] Built target tf_generate_messages_nodejs
[ 47%] Built target pcl_msgs_generate_messages_py
[ 47%] Built target actionlib_generate_messages_eus
[ 47%] Built target pcl_msgs_generate_messages_lisp
[ 47%] Built target tf_generate_messages_cpp
[ 47%] Built target actionlib_generate_messages_nodejs
[ 47%] Built target actionlib_msgs_generate_messages_lisp
[35m[1mScanning dependencies of target image_undistort_nodelet[0m
[ 52%] [32mBuilding CXX object CMakeFiles/image_undistort_nodelet.dir/src/nodelets/image_undistort_nodelet.cpp.o[0m
[ 57%] [32mBuilding CXX object CMakeFiles/image_undistort_nodelet.dir/src/nodelets/stereo_info_nodelet.cpp.o[0m
[ 61%] [32mBuilding CXX object CMakeFiles/image_undistort_nodelet.dir/src/nodelets/stereo_undistort_nodelet.cpp.o[0m
[ 66%] [32mBuilding CXX object CMakeFiles/image_undistort_nodelet.dir/src/nodelets/depth_nodelet.cpp.o[0m
[ 71%] [32mBuilding CXX object CMakeFiles/image_undistort_nodelet.dir/src/stereo_info.cpp.o[0m
[ 76%] [32mBuilding CXX object CMakeFiles/image_undistort_nodelet.dir/src/stereo_undistort.cpp.o[0m
[ 80%] [32mBuilding CXX object CMakeFiles/image_undistort_nodelet.dir/src/depth.cpp.o[0m
[ 85%] [32mBuilding CXX object CMakeFiles/image_undistort_nodelet.dir/src/camera_parameters.cpp.o[0m
[ 90%] [32mBuilding CXX object CMakeFiles/image_undistort_nodelet.dir/src/image_undistort.cpp.o[0m
[ 95%] [32mBuilding CXX object CMakeFiles/image_undistort_nodelet.dir/src/undistorter.cpp.o[0m
[100%] [32m[1mLinking CXX shared library /xavier_ssd/TrekBot/TrekBot2_WS/devel/.private/image_undistort/lib/libimage_undistort_nodelet.so[0m
[100%] Built target image_undistort_nodelet
