[  0%] Built target tf2_msgs_generate_messages_nodejs
[  0%] Built target actionlib_msgs_generate_messages_py
[  9%] Built target stereo_info_node
[ 19%] Built target dense_stereo_node
[ 28%] Built target depth_node
[ 38%] Built target stereo_undistort_node
[ 47%] Built target image_undistort_node
[ 47%] Built target tf2_msgs_generate_messages_cpp
[ 47%] Built target tf2_msgs_generate_messages_eus
[ 47%] Built target std_msgs_generate_messages_nodejs
[ 47%] Built target nodelet_generate_messages_nodejs
[ 47%] Built target bond_generate_messages_lisp
[ 47%] Built target nodelet_generate_messages_eus
[ 47%] Built target pcl_msgs_generate_messages_nodejs
[ 47%] Built target tf2_msgs_generate_messages_lisp
[ 47%] Built target dynamic_reconfigure_gencfg
[ 47%] Built target bond_generate_messages_nodejs
[ 47%] Built target dynamic_reconfigure_generate_messages_lisp
[ 47%] Built target dynamic_reconfigure_generate_messages_py
[ 47%] Built target std_msgs_generate_messages_cpp
[ 47%] Built target pcl_msgs_generate_messages_cpp
[ 47%] Built target rosgraph_msgs_generate_messages_cpp
[ 47%] Built target topic_tools_generate_messages_cpp
[ 47%] Built target tf2_msgs_generate_messages_py
[ 47%] Built target actionlib_generate_messages_py
[ 47%] Built target topic_tools_generate_messages_nodejs
[ 47%] Built target pcl_ros_gencfg
[ 47%] Built target dynamic_reconfigure_generate_messages_eus
[ 47%] Built target nodelet_generate_messages_lisp
[ 47%] Built target sensor_msgs_generate_messages_lisp
[ 47%] Built target nodelet_generate_messages_cpp
[ 47%] Built target bond_generate_messages_py
[ 47%] Built target roscpp_generate_messages_cpp
[ 47%] Built target std_srvs_generate_messages_nodejs
[ 47%] Built target sensor_msgs_generate_messages_nodejs
[ 47%] Built target actionlib_generate_messages_cpp
[ 47%] Built target geometry_msgs_generate_messages_nodejs
[ 47%] Built target roscpp_generate_messages_lisp
[ 47%] Built target std_srvs_generate_messages_eus
[ 47%] Built target bond_generate_messages_eus
[ 47%] Built target std_msgs_generate_messages_lisp
[ 47%] Built target geometry_msgs_generate_messages_eus
[ 47%] Built target bond_generate_messages_cpp
[ 47%] Built target roscpp_generate_messages_nodejs
[ 47%] Built target std_msgs_generate_messages_py
[ 47%] Built target roscpp_generate_messages_py
[ 47%] Built target rosgraph_msgs_generate_messages_eus
[ 47%] Built target dynamic_reconfigure_generate_messages_nodejs
[ 47%] Built target rosgraph_msgs_generate_messages_lisp
[ 47%] Built target std_msgs_generate_messages_eus
[ 47%] Built target actionlib_msgs_generate_messages_eus
[ 47%] Built target roscpp_generate_messages_eus
[ 47%] Built target rosgraph_msgs_generate_messages_py
[ 47%] Built target rosgraph_msgs_generate_messages_nodejs
[ 47%] Built target actionlib_msgs_generate_messages_nodejs
[ 47%] Built target topic_tools_generate_messages_py
[ 47%] Built target nodelet_topic_tools_gencfg
[ 47%] Built target std_srvs_generate_messages_lisp
[ 47%] Built target topic_tools_generate_messages_lisp
[ 47%] Built target pcl_msgs_generate_messages_eus
[ 47%] Built target sensor_msgs_generate_messages_cpp
[ 47%] Built target sensor_msgs_generate_messages_eus
[ 47%] Built target topic_tools_generate_messages_eus
[ 47%] Built target nodelet_generate_messages_py
[ 47%] Built target sensor_msgs_generate_messages_py
[ 47%] Built target dynamic_reconfigure_generate_messages_cpp
[ 47%] Built target tf_generate_messages_py
[ 47%] Built target actionlib_generate_messages_lisp
[ 47%] Built target geometry_msgs_generate_messages_cpp
[ 47%] Built target geometry_msgs_generate_messages_lisp
[ 47%] Built target geometry_msgs_generate_messages_py
[ 47%] Built target std_srvs_generate_messages_cpp
[ 47%] Built target tf_generate_messages_eus
[ 47%] Built target actionlib_msgs_generate_messages_cpp
[ 47%] Built target std_srvs_generate_messages_py
[ 47%] Built target tf_generate_messages_nodejs
[ 47%] Built target tf_generate_messages_lisp
[ 47%] Built target pcl_msgs_generate_messages_py
[ 47%] Built target actionlib_generate_messages_eus
[ 47%] Built target pcl_msgs_generate_messages_lisp
[ 47%] Built target tf_generate_messages_cpp
[ 47%] Built target actionlib_generate_messages_nodejs
[ 47%] Built target actionlib_msgs_generate_messages_lisp
[100%] Built target image_undistort_nodelet
