[36m--[0m Using CATKIN_DEVEL_PREFIX: /xavier_ssd/TrekBot/TrekBot2_WS/devel/.private/image_undistort
[36m--[0m Using CMAKE_PREFIX_PATH: /xavier_ssd/TrekBot/TrekBot2_WS/devel;/opt/ros/melodic
[36m--[0m This workspace overlays: /xavier_ssd/TrekBot/TrekBot2_WS/devel;/opt/ros/melodic
[36m--[0m Found PythonInterp: /usr/bin/python2 (found suitable version "2.7.15", minimum required is "2")
[36m--[0m Using PYTHON_EXECUTABLE: /usr/bin/python2
[36m--[0m Using Debian Python package layout
[36m--[0m Using empy: /usr/bin/empy
[36m--[0m Using CATKIN_ENABLE_TESTING: ON
[36m--[0m Call enable_testing()
[36m--[0m Using CATKIN_TEST_RESULTS_DIR: /xavier_ssd/TrekBot/TrekBot2_WS/build/image_undistort/test_results
[36m--[0m Found gmock sources under '/usr/src/googletest': gmock will be built
[36m--[0m Found PythonInterp: /usr/bin/python2 (found version "2.7.15")
[36m--[0m Found gtest sources under '/usr/src/googletest': gtests will be built
[36m--[0m Using Python nosetests: /usr/bin/nosetests-2.7
[36m--[0m catkin 0.7.14
[36m--[0m Using these message generators: gencpp;geneus;genlisp;gennodejs;genpy
[36m--[0m Could NOT find NLOPT (missing: NLOPT_INCLUDE_DIRS NLOPT_LIBRARIES)
[33m[1mCMake Warning[0m at /xavier_ssd/TrekBot/TrekBot2_WS/src/image_undistort/CMakeLists.txt:63 (MESSAGE):
  nlopt not found, building without point to bearing nodelet


[36m--[0m Configuring done
[36m--[0m Generating done
[36m--[0m Build files have been written to: /xavier_ssd/TrekBot/TrekBot2_WS/build/image_undistort
