[  4%] [32m[1mLinking CXX executable /xavier_ssd/TrekBot/TrekBot2_WS/devel/.private/image_undistort/lib/image_undistort/stereo_undistort_node[0m
[  9%] [32m[1mLinking CXX executable /xavier_ssd/TrekBot/TrekBot2_WS/devel/.private/image_undistort/lib/image_undistort/dense_stereo_node[0m
[ 14%] [32m[1mLinking CXX executable /xavier_ssd/TrekBot/TrekBot2_WS/devel/.private/image_undistort/lib/image_undistort/image_undistort_node[0m
[ 19%] [32m[1mLinking CXX executable /xavier_ssd/TrekBot/TrekBot2_WS/devel/.private/image_undistort/lib/image_undistort/depth_node[0m
[ 23%] Built target dense_stereo_node
[ 28%] Built target stereo_undistort_node
[ 33%] Built target image_undistort_node
[ 38%] [32m[1mLinking CXX executable /xavier_ssd/TrekBot/TrekBot2_WS/devel/.private/image_undistort/lib/image_undistort/stereo_info_node[0m
[ 38%] Built target actionlib_msgs_generate_messages_py
[ 38%] Built target tf2_msgs_generate_messages_nodejs
[ 38%] Built target tf2_msgs_generate_messages_eus
[ 38%] Built target tf2_msgs_generate_messages_cpp
[ 38%] Built target bond_generate_messages_lisp
[ 38%] Built target std_msgs_generate_messages_nodejs
[ 38%] Built target nodelet_generate_messages_nodejs
[ 38%] Built target pcl_msgs_generate_messages_nodejs
[ 42%] Built target depth_node
[ 42%] Built target nodelet_generate_messages_eus
[ 42%] Built target tf2_msgs_generate_messages_lisp
[ 42%] Built target dynamic_reconfigure_gencfg
[ 42%] Built target dynamic_reconfigure_generate_messages_py
[ 42%] Built target bond_generate_messages_nodejs
[ 42%] Built target std_msgs_generate_messages_cpp
[ 42%] Built target dynamic_reconfigure_generate_messages_lisp
[ 42%] Built target rosgraph_msgs_generate_messages_cpp
[ 42%] Built target pcl_msgs_generate_messages_cpp
[ 42%] Built target topic_tools_generate_messages_cpp
[ 42%] Built target pcl_ros_gencfg
[ 42%] Built target topic_tools_generate_messages_nodejs
[ 42%] Built target tf2_msgs_generate_messages_py
[ 42%] Built target actionlib_generate_messages_py
[ 42%] Built target dynamic_reconfigure_generate_messages_eus
[ 42%] Built target sensor_msgs_generate_messages_lisp
[ 42%] Built target nodelet_generate_messages_lisp
[ 42%] Built target nodelet_generate_messages_cpp
[ 42%] Built target bond_generate_messages_py
[ 42%] Built target std_srvs_generate_messages_nodejs
[ 42%] Built target roscpp_generate_messages_cpp
[ 42%] Built target sensor_msgs_generate_messages_nodejs
[ 42%] Built target actionlib_generate_messages_cpp
[ 42%] Built target geometry_msgs_generate_messages_nodejs
[ 42%] Built target roscpp_generate_messages_lisp
[ 42%] Built target std_srvs_generate_messages_eus
[ 42%] Built target bond_generate_messages_eus
[ 42%] Built target roscpp_generate_messages_nodejs
[ 42%] Built target std_msgs_generate_messages_lisp
[ 42%] Built target geometry_msgs_generate_messages_eus
[ 42%] Built target bond_generate_messages_cpp
[ 42%] Built target std_msgs_generate_messages_py
[ 42%] Built target dynamic_reconfigure_generate_messages_nodejs
[ 42%] Built target roscpp_generate_messages_py
[ 42%] Built target rosgraph_msgs_generate_messages_eus
[ 42%] Built target std_msgs_generate_messages_eus
[ 42%] Built target rosgraph_msgs_generate_messages_lisp
[ 42%] Built target actionlib_msgs_generate_messages_eus
[ 42%] Built target roscpp_generate_messages_eus
[ 42%] Built target rosgraph_msgs_generate_messages_py
[ 42%] Built target rosgraph_msgs_generate_messages_nodejs
[ 42%] Built target topic_tools_generate_messages_py
[ 42%] Built target actionlib_msgs_generate_messages_nodejs
[ 42%] Built target nodelet_topic_tools_gencfg
[ 42%] Built target pcl_msgs_generate_messages_eus
[ 42%] Built target std_srvs_generate_messages_lisp
[ 42%] Built target topic_tools_generate_messages_lisp
[ 42%] Built target sensor_msgs_generate_messages_cpp
[ 42%] Built target topic_tools_generate_messages_eus
[ 42%] Built target sensor_msgs_generate_messages_eus
[ 42%] Built target nodelet_generate_messages_py
[ 42%] Built target sensor_msgs_generate_messages_py
[ 42%] Built target dynamic_reconfigure_generate_messages_cpp
[ 47%] Built target stereo_info_node
[ 47%] Built target tf_generate_messages_py
[ 47%] Built target actionlib_generate_messages_lisp
[ 47%] Built target geometry_msgs_generate_messages_cpp
[ 47%] Built target geometry_msgs_generate_messages_lisp
[ 47%] Built target geometry_msgs_generate_messages_py
[ 47%] Built target std_srvs_generate_messages_cpp
[ 47%] Built target tf_generate_messages_eus
[ 47%] Built target std_srvs_generate_messages_py
[ 47%] Built target actionlib_msgs_generate_messages_cpp
[ 47%] Built target tf_generate_messages_lisp
[ 47%] Built target tf_generate_messages_nodejs
[ 47%] Built target pcl_msgs_generate_messages_py
[ 47%] Built target actionlib_generate_messages_eus
[ 47%] Built target pcl_msgs_generate_messages_lisp
[ 47%] Built target tf_generate_messages_cpp
[ 47%] Built target actionlib_generate_messages_nodejs
[ 47%] Built target actionlib_msgs_generate_messages_lisp
[ 52%] [32m[1mLinking CXX shared library /xavier_ssd/TrekBot/TrekBot2_WS/devel/.private/image_undistort/lib/libimage_undistort_nodelet.so[0m
[100%] Built target image_undistort_nodelet
