Determining if the pthread_create exist failed with the following output:
Change Dir: /xavier_ssd/TrekBot/TrekBot2_WS/build/eigen_checks/CMakeFiles/CMakeTmp

Run Build Command:"/usr/bin/make" "cmTC_74eef/fast"
/usr/bin/make -f CMakeFiles/cmTC_74eef.dir/build.make CMakeFiles/cmTC_74eef.dir/build
make[1]: Entering directory '/xavier_ssd/TrekBot/TrekBot2_WS/build/eigen_checks/CMakeFiles/CMakeTmp'
Building C object CMakeFiles/cmTC_74eef.dir/CheckSymbolExists.c.o
/usr/bin/cc    -o CMakeFiles/cmTC_74eef.dir/CheckSymbolExists.c.o   -c /xavier_ssd/TrekBot/TrekBot2_WS/build/eigen_checks/CMakeFiles/CMakeTmp/CheckSymbolExists.c
Linking C executable cmTC_74eef
/usr/bin/cmake -E cmake_link_script CMakeFiles/cmTC_74eef.dir/link.txt --verbose=1
/usr/bin/cc      -rdynamic CMakeFiles/cmTC_74eef.dir/CheckSymbolExists.c.o  -o cmTC_74eef 
CMakeFiles/cmTC_74eef.dir/CheckSymbolExists.c.o: In function `main':
CheckSymbolExists.c:(.text+0x14): undefined reference to `pthread_create'
CheckSymbolExists.c:(.text+0x18): undefined reference to `pthread_create'
collect2: error: ld returned 1 exit status
CMakeFiles/cmTC_74eef.dir/build.make:97: recipe for target 'cmTC_74eef' failed
make[1]: *** [cmTC_74eef] Error 1
make[1]: Leaving directory '/xavier_ssd/TrekBot/TrekBot2_WS/build/eigen_checks/CMakeFiles/CMakeTmp'
Makefile:126: recipe for target 'cmTC_74eef/fast' failed
make: *** [cmTC_74eef/fast] Error 2

File /xavier_ssd/TrekBot/TrekBot2_WS/build/eigen_checks/CMakeFiles/CMakeTmp/CheckSymbolExists.c:
/* */
#include <pthread.h>

int main(int argc, char** argv)
{
  (void)argv;
#ifndef pthread_create
  return ((int*)(&pthread_create))[argc];
#else
  (void)argc;
  return 0;
#endif
}

Determining if the function pthread_create exists in the pthreads failed with the following output:
Change Dir: /xavier_ssd/TrekBot/TrekBot2_WS/build/eigen_checks/CMakeFiles/CMakeTmp

Run Build Command:"/usr/bin/make" "cmTC_c1744/fast"
/usr/bin/make -f CMakeFiles/cmTC_c1744.dir/build.make CMakeFiles/cmTC_c1744.dir/build
make[1]: Entering directory '/xavier_ssd/TrekBot/TrekBot2_WS/build/eigen_checks/CMakeFiles/CMakeTmp'
Building C object CMakeFiles/cmTC_c1744.dir/CheckFunctionExists.c.o
/usr/bin/cc   -DCHECK_FUNCTION_EXISTS=pthread_create   -o CMakeFiles/cmTC_c1744.dir/CheckFunctionExists.c.o   -c /usr/share/cmake-3.10/Modules/CheckFunctionExists.c
Linking C executable cmTC_c1744
/usr/bin/cmake -E cmake_link_script CMakeFiles/cmTC_c1744.dir/link.txt --verbose=1
/usr/bin/cc  -DCHECK_FUNCTION_EXISTS=pthread_create    -rdynamic CMakeFiles/cmTC_c1744.dir/CheckFunctionExists.c.o  -o cmTC_c1744 -lpthreads 
/usr/bin/ld: cannot find -lpthreads
collect2: error: ld returned 1 exit status
CMakeFiles/cmTC_c1744.dir/build.make:97: recipe for target 'cmTC_c1744' failed
make[1]: *** [cmTC_c1744] Error 1
make[1]: Leaving directory '/xavier_ssd/TrekBot/TrekBot2_WS/build/eigen_checks/CMakeFiles/CMakeTmp'
Makefile:126: recipe for target 'cmTC_c1744/fast' failed
make: *** [cmTC_c1744/fast] Error 2


