[35m[1mScanning dependencies of target _driver_base_generate_messages_check_deps_ConfigString[0m
[  0%] Built target _driver_base_generate_messages_check_deps_ConfigString
[35m[1mScanning dependencies of target std_msgs_generate_messages_nodejs[0m
[  0%] Built target std_msgs_generate_messages_nodejs
[35m[1mScanning dependencies of target _driver_base_generate_messages_check_deps_SensorLevels[0m
[  0%] Built target _driver_base_generate_messages_check_deps_SensorLevels
[35m[1mScanning dependencies of target _driver_base_generate_messages_check_deps_ConfigValue[0m
[  0%] Built target _driver_base_generate_messages_check_deps_ConfigValue
[35m[1mScanning dependencies of target std_msgs_generate_messages_cpp[0m
[  0%] Built target std_msgs_generate_messages_cpp
[35m[1mScanning dependencies of target std_msgs_generate_messages_py[0m
[  0%] Built target std_msgs_generate_messages_py
[35m[1mScanning dependencies of target std_msgs_generate_messages_lisp[0m
[  0%] Built target std_msgs_generate_messages_lisp
[35m[1mScanning dependencies of target std_msgs_generate_messages_eus[0m
[  0%] Built target std_msgs_generate_messages_eus
[35m[1mScanning dependencies of target driver_base_generate_messages_nodejs[0m
[  5%] [34m[1mGenerating Javascript code from driver_base/SensorLevels.msg[0m
[ 11%] [34m[1mGenerating Javascript code from driver_base/ConfigValue.msg[0m
[ 17%] [34m[1mGenerating Javascript code from driver_base/ConfigString.msg[0m
[ 17%] Built target driver_base_generate_messages_nodejs
[35m[1mScanning dependencies of target driver_base_generate_messages_cpp[0m
[ 23%] [34m[1mGenerating C++ code from driver_base/SensorLevels.msg[0m
[35m[1mScanning dependencies of target driver_base_generate_messages_py[0m
[35m[1mScanning dependencies of target driver_base_generate_messages_lisp[0m
[ 29%] [34m[1mGenerating Python from MSG driver_base/SensorLevels[0m
[ 35%] [34m[1mGenerating Lisp code from driver_base/SensorLevels.msg[0m
[ 41%] [34m[1mGenerating Lisp code from driver_base/ConfigValue.msg[0m
[ 47%] [34m[1mGenerating Python from MSG driver_base/ConfigValue[0m
[ 52%] [34m[1mGenerating Lisp code from driver_base/ConfigString.msg[0m
[ 58%] [34m[1mGenerating C++ code from driver_base/ConfigValue.msg[0m
[ 64%] [34m[1mGenerating Python from MSG driver_base/ConfigString[0m
[ 64%] Built target driver_base_generate_messages_lisp
[ 70%] [34m[1mGenerating C++ code from driver_base/ConfigString.msg[0m
[35m[1mScanning dependencies of target driver_base_generate_messages_eus[0m
[ 76%] [34m[1mGenerating EusLisp code from driver_base/SensorLevels.msg[0m
[ 82%] [34m[1mGenerating EusLisp code from driver_base/ConfigValue.msg[0m
[ 88%] [34m[1mGenerating EusLisp code from driver_base/ConfigString.msg[0m
[ 94%] [34m[1mGenerating Python msg __init__.py for driver_base[0m
[ 94%] Built target driver_base_generate_messages_cpp
[100%] [34m[1mGenerating EusLisp manifest code for driver_base[0m
[100%] Built target driver_base_generate_messages_py
[100%] Built target driver_base_generate_messages_eus
[35m[1mScanning dependencies of target driver_base_generate_messages[0m
[100%] Built target driver_base_generate_messages
