[35m[1mScanning dependencies of target _grid_map_msgs_generate_messages_check_deps_GetGridMap[0m
[  0%] Built target _grid_map_msgs_generate_messages_check_deps_GetGridMap
[35m[1mScanning dependencies of target std_msgs_generate_messages_py[0m
[  0%] Built target std_msgs_generate_messages_py
[35m[1mScanning dependencies of target _grid_map_msgs_generate_messages_check_deps_GridMapInfo[0m
[  0%] Built target _grid_map_msgs_generate_messages_check_deps_GridMapInfo
[35m[1mScanning dependencies of target _grid_map_msgs_generate_messages_check_deps_GetGridMapInfo[0m
[  0%] Built target _grid_map_msgs_generate_messages_check_deps_GetGridMapInfo
[35m[1mScanning dependencies of target _grid_map_msgs_generate_messages_check_deps_GridMap[0m
[  0%] Built target _grid_map_msgs_generate_messages_check_deps_GridMap
[35m[1mScanning dependencies of target _grid_map_msgs_generate_messages_check_deps_ProcessFile[0m
[35m[1mScanning dependencies of target geometry_msgs_generate_messages_py[0m
[  0%] Built target geometry_msgs_generate_messages_py
[  0%] Built target _grid_map_msgs_generate_messages_check_deps_ProcessFile
[35m[1mScanning dependencies of target std_msgs_generate_messages_lisp[0m
[  0%] Built target std_msgs_generate_messages_lisp
[35m[1mScanning dependencies of target geometry_msgs_generate_messages_lisp[0m
[  0%] Built target geometry_msgs_generate_messages_lisp
[35m[1mScanning dependencies of target geometry_msgs_generate_messages_cpp[0m
[  0%] Built target geometry_msgs_generate_messages_cpp
[35m[1mScanning dependencies of target std_msgs_generate_messages_cpp[0m
[  0%] Built target std_msgs_generate_messages_cpp
[35m[1mScanning dependencies of target geometry_msgs_generate_messages_eus[0m
[  0%] Built target geometry_msgs_generate_messages_eus
[35m[1mScanning dependencies of target std_msgs_generate_messages_eus[0m
[  0%] Built target std_msgs_generate_messages_eus
[35m[1mScanning dependencies of target std_msgs_generate_messages_nodejs[0m
[  0%] Built target std_msgs_generate_messages_nodejs
[35m[1mScanning dependencies of target geometry_msgs_generate_messages_nodejs[0m
[  0%] Built target geometry_msgs_generate_messages_nodejs
[35m[1mScanning dependencies of target grid_map_msgs_generate_messages_py[0m
[  3%] [34m[1mGenerating Python from MSG grid_map_msgs/GridMapInfo[0m
[  7%] [34m[1mGenerating Python from MSG grid_map_msgs/GridMap[0m
[ 10%] [34m[1mGenerating Python code from SRV grid_map_msgs/GetGridMap[0m
[35m[1mScanning dependencies of target grid_map_msgs_generate_messages_lisp[0m
[ 14%] [34m[1mGenerating Lisp code from grid_map_msgs/GridMapInfo.msg[0m
[ 17%] [34m[1mGenerating Python code from SRV grid_map_msgs/ProcessFile[0m
[ 21%] [34m[1mGenerating Lisp code from grid_map_msgs/GridMap.msg[0m
[35m[1mScanning dependencies of target grid_map_msgs_generate_messages_cpp[0m
[ 25%] [34m[1mGenerating C++ code from grid_map_msgs/GridMapInfo.msg[0m
[ 28%] [34m[1mGenerating Lisp code from grid_map_msgs/GetGridMap.srv[0m
[ 32%] [34m[1mGenerating Python code from SRV grid_map_msgs/GetGridMapInfo[0m
[ 35%] [34m[1mGenerating Lisp code from grid_map_msgs/ProcessFile.srv[0m
[ 39%] [34m[1mGenerating Lisp code from grid_map_msgs/GetGridMapInfo.srv[0m
[ 42%] [34m[1mGenerating C++ code from grid_map_msgs/GridMap.msg[0m
[ 46%] [34m[1mGenerating Python msg __init__.py for grid_map_msgs[0m
[ 46%] Built target grid_map_msgs_generate_messages_lisp
[35m[1mScanning dependencies of target grid_map_msgs_generate_messages_eus[0m
[ 50%] [34m[1mGenerating EusLisp code from grid_map_msgs/GridMapInfo.msg[0m
[ 53%] [34m[1mGenerating Python srv __init__.py for grid_map_msgs[0m
[ 57%] [34m[1mGenerating EusLisp code from grid_map_msgs/GridMap.msg[0m
[ 60%] [34m[1mGenerating C++ code from grid_map_msgs/GetGridMap.srv[0m
[ 60%] Built target grid_map_msgs_generate_messages_py
[35m[1mScanning dependencies of target grid_map_msgs_generate_messages_nodejs[0m
[ 64%] [34m[1mGenerating EusLisp code from grid_map_msgs/GetGridMap.srv[0m
[ 67%] [34m[1mGenerating Javascript code from grid_map_msgs/GridMapInfo.msg[0m
[ 71%] [34m[1mGenerating Javascript code from grid_map_msgs/GridMap.msg[0m
[ 75%] [34m[1mGenerating EusLisp code from grid_map_msgs/ProcessFile.srv[0m
[ 78%] [34m[1mGenerating Javascript code from grid_map_msgs/GetGridMap.srv[0m
[ 82%] [34m[1mGenerating EusLisp code from grid_map_msgs/GetGridMapInfo.srv[0m
[ 85%] [34m[1mGenerating Javascript code from grid_map_msgs/ProcessFile.srv[0m
[ 89%] [34m[1mGenerating C++ code from grid_map_msgs/ProcessFile.srv[0m
[ 92%] [34m[1mGenerating Javascript code from grid_map_msgs/GetGridMapInfo.srv[0m
[ 96%] [34m[1mGenerating EusLisp manifest code for grid_map_msgs[0m
[ 96%] Built target grid_map_msgs_generate_messages_nodejs
[100%] [34m[1mGenerating C++ code from grid_map_msgs/GetGridMapInfo.srv[0m
[100%] Built target grid_map_msgs_generate_messages_cpp
[100%] Built target grid_map_msgs_generate_messages_eus
[35m[1mScanning dependencies of target grid_map_msgs_generate_messages[0m
[100%] Built target grid_map_msgs_generate_messages
