[  0%] Built target std_msgs_generate_messages_nodejs
[  0%] Built target _octomap_msgs_generate_messages_check_deps_OctomapWithPose
[  0%] Built target _octomap_msgs_generate_messages_check_deps_GetOctomap
[  0%] Built target _octomap_msgs_generate_messages_check_deps_Octomap
[  0%] Built target geometry_msgs_generate_messages_nodejs
[  0%] Built target std_msgs_generate_messages_py
[  0%] Built target geometry_msgs_generate_messages_py
[  0%] Built target _octomap_msgs_generate_messages_check_deps_BoundingBoxQuery
[  0%] Built target std_msgs_generate_messages_cpp
[  0%] Built target geometry_msgs_generate_messages_cpp
[  0%] Built target std_msgs_generate_messages_eus
[  0%] Built target geometry_msgs_generate_messages_eus
[  0%] Built target std_msgs_generate_messages_lisp
[  0%] Built target geometry_msgs_generate_messages_lisp
[  4%] [34m[1mGenerating Javascript code from octomap_msgs/OctomapWithPose.msg[0m
[  8%] [34m[1mGenerating Javascript code from octomap_msgs/BoundingBoxQuery.srv[0m
[ 13%] [34m[1mGenerating Python from MSG octomap_msgs/OctomapWithPose[0m
[ 21%] Built target octomap_msgs_generate_messages_nodejs
[ 26%] [34m[1mGenerating Python code from SRV octomap_msgs/BoundingBoxQuery[0m
[ 30%] [34m[1mGenerating C++ code from octomap_msgs/OctomapWithPose.msg[0m
[ 34%] [34m[1mGenerating C++ code from octomap_msgs/BoundingBoxQuery.srv[0m
[ 39%] [34m[1mGenerating Python msg __init__.py for octomap_msgs[0m
[ 43%] [34m[1mGenerating Python srv __init__.py for octomap_msgs[0m
[ 56%] Built target octomap_msgs_generate_messages_cpp
[ 60%] Built target octomap_msgs_generate_messages_py
[ 65%] [34m[1mGenerating EusLisp code from octomap_msgs/OctomapWithPose.msg[0m
[ 69%] [34m[1mGenerating EusLisp code from octomap_msgs/BoundingBoxQuery.srv[0m
[ 82%] Built target octomap_msgs_generate_messages_eus
[ 86%] [34m[1mGenerating Lisp code from octomap_msgs/OctomapWithPose.msg[0m
[ 91%] [34m[1mGenerating Lisp code from octomap_msgs/BoundingBoxQuery.srv[0m
[100%] Built target octomap_msgs_generate_messages_lisp
[100%] Built target octomap_msgs_generate_messages
