[  0%] Built target std_msgs_generate_messages_nodejs
[  0%] Built target _octomap_msgs_generate_messages_check_deps_OctomapWithPose
[  0%] Built target _octomap_msgs_generate_messages_check_deps_GetOctomap
[  0%] Built target geometry_msgs_generate_messages_nodejs
[  0%] Built target _octomap_msgs_generate_messages_check_deps_Octomap
[  0%] Built target geometry_msgs_generate_messages_py
[  0%] Built target std_msgs_generate_messages_cpp
[  0%] Built target std_msgs_generate_messages_py
[  0%] Built target _octomap_msgs_generate_messages_check_deps_BoundingBoxQuery
[  0%] Built target geometry_msgs_generate_messages_cpp
[  0%] Built target geometry_msgs_generate_messages_eus
[  0%] Built target std_msgs_generate_messages_eus
[  0%] Built target std_msgs_generate_messages_lisp
[  0%] Built target geometry_msgs_generate_messages_lisp
[ 26%] Built target octomap_msgs_generate_messages_py
[ 43%] Built target octomap_msgs_generate_messages_nodejs
[ 60%] Built target octomap_msgs_generate_messages_cpp
[ 82%] Built target octomap_msgs_generate_messages_eus
[100%] Built target octomap_msgs_generate_messages_lisp
[100%] Built target octomap_msgs_generate_messages
