Determining if the pthread_create exist failed with the following output:
Change Dir: /xavier_ssd/TrekBot/TrekBot_WS/build_isolated/cartographer_ros_msgs/CMakeFiles/CMakeTmp

Run Build Command:"/usr/bin/ninja" "cmTC_d8834"
[1/2] Building C object CMakeFiles/cmTC_d8834.dir/CheckSymbolExists.c.o
[2/2] Linking C executable cmTC_d8834
FAILED: cmTC_d8834 
: && /usr/bin/cc   -rdynamic CMakeFiles/cmTC_d8834.dir/CheckSymbolExists.c.o  -o cmTC_d8834   && :
CMakeFiles/cmTC_d8834.dir/CheckSymbolExists.c.o: In function `main':
CheckSymbolExists.c:(.text+0x14): undefined reference to `pthread_create'
CheckSymbolExists.c:(.text+0x18): undefined reference to `pthread_create'
collect2: error: ld returned 1 exit status
ninja: build stopped: subcommand failed.

File /xavier_ssd/TrekBot/TrekBot_WS/build_isolated/cartographer_ros_msgs/CMakeFiles/CMakeTmp/CheckSymbolExists.c:
/* */
#include <pthread.h>

int main(int argc, char** argv)
{
  (void)argv;
#ifndef pthread_create
  return ((int*)(&pthread_create))[argc];
#else
  (void)argc;
  return 0;
#endif
}

Determining if the function pthread_create exists in the pthreads failed with the following output:
Change Dir: /xavier_ssd/TrekBot/TrekBot_WS/build_isolated/cartographer_ros_msgs/CMakeFiles/CMakeTmp

Run Build Command:"/usr/bin/ninja" "cmTC_a4623"
[1/2] Building C object CMakeFiles/cmTC_a4623.dir/CheckFunctionExists.c.o
[2/2] Linking C executable cmTC_a4623
FAILED: cmTC_a4623 
: && /usr/bin/cc -DCHECK_FUNCTION_EXISTS=pthread_create  -rdynamic CMakeFiles/cmTC_a4623.dir/CheckFunctionExists.c.o  -o cmTC_a4623  -lpthreads && :
/usr/bin/ld: cannot find -lpthreads
collect2: error: ld returned 1 exit status
ninja: build stopped: subcommand failed.


