Determining if the pthread_create exist failed with the following output:
Change Dir: /xavier_ssd/TrekBot/TrekBot2_WS/build/urg_node/CMakeFiles/CMakeTmp

Run Build Command:"/usr/bin/make" "cmTC_ca7ec/fast"
/usr/bin/make -f CMakeFiles/cmTC_ca7ec.dir/build.make CMakeFiles/cmTC_ca7ec.dir/build
make[1]: Entering directory '/xavier_ssd/TrekBot/TrekBot2_WS/build/urg_node/CMakeFiles/CMakeTmp'
Building C object CMakeFiles/cmTC_ca7ec.dir/CheckSymbolExists.c.o
/usr/bin/cc    -o CMakeFiles/cmTC_ca7ec.dir/CheckSymbolExists.c.o   -c /xavier_ssd/TrekBot/TrekBot2_WS/build/urg_node/CMakeFiles/CMakeTmp/CheckSymbolExists.c
Linking C executable cmTC_ca7ec
/usr/bin/cmake -E cmake_link_script CMakeFiles/cmTC_ca7ec.dir/link.txt --verbose=1
/usr/bin/cc      -rdynamic CMakeFiles/cmTC_ca7ec.dir/CheckSymbolExists.c.o  -o cmTC_ca7ec 
CMakeFiles/cmTC_ca7ec.dir/CheckSymbolExists.c.o: In function `main':
CheckSymbolExists.c:(.text+0x14): undefined reference to `pthread_create'
CheckSymbolExists.c:(.text+0x18): undefined reference to `pthread_create'
collect2: error: ld returned 1 exit status
CMakeFiles/cmTC_ca7ec.dir/build.make:97: recipe for target 'cmTC_ca7ec' failed
make[1]: *** [cmTC_ca7ec] Error 1
make[1]: Leaving directory '/xavier_ssd/TrekBot/TrekBot2_WS/build/urg_node/CMakeFiles/CMakeTmp'
Makefile:126: recipe for target 'cmTC_ca7ec/fast' failed
make: *** [cmTC_ca7ec/fast] Error 2

File /xavier_ssd/TrekBot/TrekBot2_WS/build/urg_node/CMakeFiles/CMakeTmp/CheckSymbolExists.c:
/* */
#include <pthread.h>

int main(int argc, char** argv)
{
  (void)argv;
#ifndef pthread_create
  return ((int*)(&pthread_create))[argc];
#else
  (void)argc;
  return 0;
#endif
}

Determining if the function pthread_create exists in the pthreads failed with the following output:
Change Dir: /xavier_ssd/TrekBot/TrekBot2_WS/build/urg_node/CMakeFiles/CMakeTmp

Run Build Command:"/usr/bin/make" "cmTC_a2dcc/fast"
/usr/bin/make -f CMakeFiles/cmTC_a2dcc.dir/build.make CMakeFiles/cmTC_a2dcc.dir/build
make[1]: Entering directory '/xavier_ssd/TrekBot/TrekBot2_WS/build/urg_node/CMakeFiles/CMakeTmp'
Building C object CMakeFiles/cmTC_a2dcc.dir/CheckFunctionExists.c.o
/usr/bin/cc   -DCHECK_FUNCTION_EXISTS=pthread_create   -o CMakeFiles/cmTC_a2dcc.dir/CheckFunctionExists.c.o   -c /usr/share/cmake-3.10/Modules/CheckFunctionExists.c
Linking C executable cmTC_a2dcc
/usr/bin/cmake -E cmake_link_script CMakeFiles/cmTC_a2dcc.dir/link.txt --verbose=1
/usr/bin/cc  -DCHECK_FUNCTION_EXISTS=pthread_create    -rdynamic CMakeFiles/cmTC_a2dcc.dir/CheckFunctionExists.c.o  -o cmTC_a2dcc -lpthreads 
/usr/bin/ld: cannot find -lpthreads
collect2: error: ld returned 1 exit status
CMakeFiles/cmTC_a2dcc.dir/build.make:97: recipe for target 'cmTC_a2dcc' failed
make[1]: *** [cmTC_a2dcc] Error 1
make[1]: Leaving directory '/xavier_ssd/TrekBot/TrekBot2_WS/build/urg_node/CMakeFiles/CMakeTmp'
Makefile:126: recipe for target 'cmTC_a2dcc/fast' failed
make: *** [cmTC_a2dcc/fast] Error 2


