Determining if the pthread_create exist failed with the following output:
Change Dir: /xavier_ssd/TrekBot/TrekBot2_WS/build/zed_nodelet_example/CMakeFiles/CMakeTmp

Run Build Command:"/usr/bin/make" "cmTC_59dfd/fast"
/usr/bin/make -f CMakeFiles/cmTC_59dfd.dir/build.make CMakeFiles/cmTC_59dfd.dir/build
make[1]: Entering directory '/xavier_ssd/TrekBot/TrekBot2_WS/build/zed_nodelet_example/CMakeFiles/CMakeTmp'
Building C object CMakeFiles/cmTC_59dfd.dir/CheckSymbolExists.c.o
/usr/bin/cc    -o CMakeFiles/cmTC_59dfd.dir/CheckSymbolExists.c.o   -c /xavier_ssd/TrekBot/TrekBot2_WS/build/zed_nodelet_example/CMakeFiles/CMakeTmp/CheckSymbolExists.c
Linking C executable cmTC_59dfd
/usr/bin/cmake -E cmake_link_script CMakeFiles/cmTC_59dfd.dir/link.txt --verbose=1
/usr/bin/cc      -rdynamic CMakeFiles/cmTC_59dfd.dir/CheckSymbolExists.c.o  -o cmTC_59dfd 
CMakeFiles/cmTC_59dfd.dir/CheckSymbolExists.c.o: In function `main':
CheckSymbolExists.c:(.text+0x14): undefined reference to `pthread_create'
CheckSymbolExists.c:(.text+0x18): undefined reference to `pthread_create'
collect2: error: ld returned 1 exit status
CMakeFiles/cmTC_59dfd.dir/build.make:97: recipe for target 'cmTC_59dfd' failed
make[1]: *** [cmTC_59dfd] Error 1
make[1]: Leaving directory '/xavier_ssd/TrekBot/TrekBot2_WS/build/zed_nodelet_example/CMakeFiles/CMakeTmp'
Makefile:126: recipe for target 'cmTC_59dfd/fast' failed
make: *** [cmTC_59dfd/fast] Error 2

File /xavier_ssd/TrekBot/TrekBot2_WS/build/zed_nodelet_example/CMakeFiles/CMakeTmp/CheckSymbolExists.c:
/* */
#include <pthread.h>

int main(int argc, char** argv)
{
  (void)argv;
#ifndef pthread_create
  return ((int*)(&pthread_create))[argc];
#else
  (void)argc;
  return 0;
#endif
}

Determining if the function pthread_create exists in the pthreads failed with the following output:
Change Dir: /xavier_ssd/TrekBot/TrekBot2_WS/build/zed_nodelet_example/CMakeFiles/CMakeTmp

Run Build Command:"/usr/bin/make" "cmTC_716e0/fast"
/usr/bin/make -f CMakeFiles/cmTC_716e0.dir/build.make CMakeFiles/cmTC_716e0.dir/build
make[1]: Entering directory '/xavier_ssd/TrekBot/TrekBot2_WS/build/zed_nodelet_example/CMakeFiles/CMakeTmp'
Building C object CMakeFiles/cmTC_716e0.dir/CheckFunctionExists.c.o
/usr/bin/cc   -DCHECK_FUNCTION_EXISTS=pthread_create   -o CMakeFiles/cmTC_716e0.dir/CheckFunctionExists.c.o   -c /usr/share/cmake-3.10/Modules/CheckFunctionExists.c
Linking C executable cmTC_716e0
/usr/bin/cmake -E cmake_link_script CMakeFiles/cmTC_716e0.dir/link.txt --verbose=1
/usr/bin/cc  -DCHECK_FUNCTION_EXISTS=pthread_create    -rdynamic CMakeFiles/cmTC_716e0.dir/CheckFunctionExists.c.o  -o cmTC_716e0 -lpthreads 
/usr/bin/ld: cannot find -lpthreads
collect2: error: ld returned 1 exit status
CMakeFiles/cmTC_716e0.dir/build.make:97: recipe for target 'cmTC_716e0' failed
make[1]: *** [cmTC_716e0] Error 1
make[1]: Leaving directory '/xavier_ssd/TrekBot/TrekBot2_WS/build/zed_nodelet_example/CMakeFiles/CMakeTmp'
Makefile:126: recipe for target 'cmTC_716e0/fast' failed
make: *** [cmTC_716e0/fast] Error 2


